[1] "A11_pt4564"
[1] "pt4564"
[1] "A11_pt7675"
[1] "pt7675"
[1] "A12_pt4564"
[1] "pt4564"
[1] "A12_pt7675"
[1] "pt7675"
[1] "A2_pt8711"
[1] "pt8711"
[1] "A3_pt8711"
[1] "pt8711"
[1] "A5_pt8173"
[1] "pt8173"
[1] "A6_pt8173"
[1] "pt8173"
[1] "A8_pt8148"
[1] "pt8148"
[1] "A9_pt8148"
[1] "pt8148"
[1] "B11_pt7267"
[1] "pt7267"
[1] "B12_pt7267"
[1] "pt7267"
[1] "B2_pt14643"
[1] "pt14643"
[1] "B3_pt14643"
[1] "pt14643"
[1] "B8_pt9175"
[1] "pt9175"
[1] "B9_pt9175"
[1] "pt9175"
[1] "C11_pt1179"
[1] "pt1179"
[1] "C12_pt1179"
[1] "pt1179"
[1] "C2_pt5716"
[1] "pt5716"
[1] "C3_pt5716"
[1] "pt5716"
[1] "C5_pt5676"
[1] "pt5676"
[1] "C6_pt5676"
[1] "pt5676"
[1] "C8_pt3976"
[1] "pt3976"
[1] "C9_pt3976"
[1] "pt3976"
[1] "D11_pt633"
[1] "pt633"
[1] "D12_pt633"
[1] "pt633"
[1] "D2_pt2322"
[1] "pt2322"
[1] "D3_pt2322"
[1] "pt2322"
[1] "D5_pt2229"
[1] "pt2229"
[1] "D6_pt2229"
[1] "pt2229"
[1] "D8_pt913"
[1] "pt913"
[1] "D9_pt913"
[1] "pt913"
[1] "E11_pt335"
[1] "pt335"
[1] "E12_pt335"
[1] "pt335"
[1] "E2_pt540"
[1] "pt540"
[1] "E3_pt540"
[1] "pt540"
[1] "E5_pt530"
[1] "pt530"
[1] "E6_pt530"
[1] "pt530"
[1] "E8_pt419"
[1] "pt419"
[1] "E9_pt419"
[1] "pt419"
[1] "F11_pt2789"
[1] "pt2789"
[1] "F12_pt2789"
[1] "pt2789"
[1] "F2_pt258"
[1] "pt258"
[1] "F3_pt258"
[1] "pt258"
[1] "F5_ptvu10138"
[1] "ptvu10138"
[1] "F6_ptvu10138"
[1] "ptvu10138"
[1] "G11_pt1946"
[1] "pt1946"
[1] "G12_pt1946"
[1] "pt1946"
[1] "G2_pt2723"
[1] "pt2723"
[1] "G3_pt2723"
[1] "pt2723"
[1] "G5_pt1950"
[1] "pt1950"
[1] "G6_pt1950"
[1] "pt1950"
[1] "G8_pt1949"
[1] "pt1949"
[1] "G9_pt1949"
[1] "pt1949"
[1] "H2_pt1524"
[1] "pt1524"
[1] "H3_pt1524"
[1] "pt1524"
[1] "H5_pt5438"
[1] "pt5438"
[1] "H6_pt5438"
[1] "pt5438"
pdf 
  2 
[1] "CD25"
[1] "CD56"
[1] "CD4"
[1] "TCRa_b"
[1] "CD1a"
[1] "CD19"
[1] "CD14"
[1] "CD8a"
[1] "CD7"
[1] "CD123"
[1] "CD44"
[1] "CD3"
[1] "CD11c"
[1] "CD5"
[1] "CD117"
[1] "TCRg_d"
