CellPhy v0.9.2 - 08.07.2021 - https://github.com/amkozlov/cellphy
Created by: Alexey Kozlov, Joao M Alves, Alexandros Stamatakis & David Posada
Support: https://groups.google.com/forum/#!forum/raxml\n

ERROR: Cannot open the log file for writing: /hpc/pmc_vanboxtel/projects/TallFlow/3_Output/HaplotypeCaller/pt344_pt3291/VCFS/VCF/pt344_pt3291.vcf.filtered_variants_dbnsfp_CosmicCodingMuts_gonl.snps_indels.r5.liftover.hg38.sorted.Tree.raxml.log
Please make sure directory exists and you have write permissions for it!

CellPhy v0.9.2 - 08.07.2021 - https://github.com/amkozlov/cellphy
Created by: Alexey Kozlov, Joao M Alves, Alexandros Stamatakis & David Posada
Support: https://groups.google.com/forum/#!forum/raxml\n

ERROR: Cannot open the log file for writing: /hpc/pmc_vanboxtel/projects/TallFlow/3_Output/HaplotypeCaller/pt344_pt3291/VCFS/VCF/pt344_pt3291.vcf.filtered_variants_dbnsfp_CosmicCodingMuts_gonl.snps_indels.r5.liftover.hg38.sorted.Boot.raxml.log
Please make sure directory exists and you have write permissions for it!

CellPhy v0.9.2 - 08.07.2021 - https://github.com/amkozlov/cellphy
Created by: Alexey Kozlov, Joao M Alves, Alexandros Stamatakis & David Posada
Support: https://groups.google.com/forum/#!forum/raxml\n
ERROR: Invalid number of num_bootstraps: /hpc/pmc_vanboxtel/projects/TallFlow/3_Output/HaplotypeCaller/pt344_pt3291/VCFS/VCF/pt344_pt3291.vcf.filtered_variants_dbnsfp_CosmicCodingMuts_gonl.snps_indels.r5.liftover.hg38.sorted.Boot.raxml.bootstraps, please provide a positive integer number!
During startup - Warning message:
Setting LC_CTYPE failed, using "C" 
Error in file(file, "r") : cannot open the connection
Calls: read.tree -> scan -> file
In addition: Warning message:
In file(file, "r") :
  cannot open file '/hpc/pmc_vanboxtel/projects/TallFlow/3_Output/HaplotypeCaller/pt344_pt3291/VCFS/VCF/pt344_pt3291.vcf.filtered_variants_dbnsfp_CosmicCodingMuts_gonl.snps_indels.r5.liftover.hg38.sorted.Support.raxml.support': No such file or directory
Execution halted
