[1] "A10_ptThy075_thawed"
[1] "ptThy075"
[1] "A12_ptThy076_thawed"
[1] "ptThy076"
[1] "A2_ptThy072_undepleted"
[1] "ptThy072"
[1] "A2_ptThy073_undepleted"
[1] "ptThy073"
[1] "A2_ptThy075_undepleted"
[1] "ptThy075"
[1] "A2_ptThy076_undepleted"
[1] "ptThy076"
[1] "A2_ptThy079_undepleted"
[1] "ptThy079"
[1] "A2_ptThy083_undepleted"
[1] "ptThy083"
[1] "A2_ptThy085_Undepleted"
[1] "ptThy085"
[1] "A2_ptThy71_undepleted"
[1] "ptThy71"
[1] "A4_ptThy073_70Mdepleted"
[1] "ptThy073"
[1] "A4_ptThy075_70Mdepleted"
[1] "ptThy075"
[1] "A4_ptThy076_70Mdepleted"
[1] "ptThy076"
[1] "A4_ptThy079_depleted"
[1] "ptThy079"
[1] "A4_ptThy083_depleted"
[1] "ptThy083"
[1] "A4_ptThy085_Depleted"
[1] "ptThy085"
[1] "A4_ptThy71_depleted"
[1] "ptThy71"
[1] "A6_ptThy070_undepleted"
[1] "ptThy070"
[1] "A6_ptThy071_thawed"
[1] "ptThy071"
[1] "A6_ptThy072_70Mdepleted"
[1] "ptThy072"
[1] "A6_ptThy073_10Mdepleted"
[1] "ptThy073"
[1] "A6_ptThy075_10Mdepleted"
[1] "ptThy075"
[1] "A8_ptThy070_depleted"
[1] "ptThy070"
pdf 
  2 
[1] "CD25"
[1] "CD56"
[1] "CD4"
[1] "TCRa_b"
[1] "CD1a"
[1] "CD19"
[1] "CD14"
[1] "CD8a"
[1] "CD7"
[1] "CD123"
[1] "CD44"
[1] "CD3"
[1] "CD11c"
[1] "CD5"
[1] "CD117"
[1] "TCRg_d"
