As part of improvements to flowWorkspace, some behavior of
GatingSet objects has changed. For details, please read the section
titled "The cytoframe and cytoset classes" in the package vignette:

  vignette("flowWorkspace-Introduction", "flowWorkspace")

Attaching package: ‘dplyr’

The following object is masked from ‘package:flowCore’:

    filter

The following objects are masked from ‘package:stats’:

    filter, lag

The following objects are masked from ‘package:base’:

    intersect, setdiff, setequal, union


Attaching package: ‘tidyr’

The following object is masked from ‘package:reshape2’:

    smiths


Attaching package: ‘data.table’

The following objects are masked from ‘package:dplyr’:

    between, first, last

The following objects are masked from ‘package:reshape2’:

    dcast, melt

The following object is masked from ‘package:DescTools’:

    %like%


---------------------
Welcome to dendextend version 1.16.0
Type citation('dendextend') for how to cite the package.

Type browseVignettes(package = 'dendextend') for the package vignette.
The github page is: https://github.com/talgalili/dendextend/

Suggestions and bug-reports can be submitted at: https://github.com/talgalili/dendextend/issues
You may ask questions at stackoverflow, use the r and dendextend tags: 
	 https://stackoverflow.com/questions/tagged/dendextend

	To suppress this message use:  suppressPackageStartupMessages(library(dendextend))
---------------------


Attaching package: ‘dendextend’

The following object is masked from ‘package:data.table’:

    set

The following object is masked from ‘package:stats’:

    cutree

Loading required package: Matrix

Attaching package: ‘Matrix’

The following objects are masked from ‘package:tidyr’:

    expand, pack, unpack

The following object is masked from ‘package:flowCore’:

    %&%


Attaching package: ‘magrittr’

The following object is masked from ‘package:tidyr’:

    extract

The following object is masked from ‘package:flowWorkspace’:

    add


Attaching package: ‘igraph’

The following object is masked from ‘package:FNN’:

    knn

The following object is masked from ‘package:tidyr’:

    crossing

The following objects are masked from ‘package:dplyr’:

    as_data_frame, groups, union

The following object is masked from ‘package:DescTools’:

    %c%

The following object is masked from ‘package:flowCore’:

    normalize

The following objects are masked from ‘package:stats’:

    decompose, spectrum

The following object is masked from ‘package:base’:

    union

Thanks for using FlowSOM. From version 2.1.4 on, the scale 
parameter in the FlowSOM function defaults to FALSE
Error in gzfile(file, "rb") : cannot open the connection
Calls: readRDS -> gzfile
In addition: Warning message:
In gzfile(file, "rb") :
  cannot open compressed file './Thymus/CombinedThymi.rds', probable reason 'No such file or directory'
Execution halted
As part of improvements to flowWorkspace, some behavior of
GatingSet objects has changed. For details, please read the section
titled "The cytoframe and cytoset classes" in the package vignette:

  vignette("flowWorkspace-Introduction", "flowWorkspace")

Attaching package: ‘dplyr’

The following object is masked from ‘package:flowCore’:

    filter

The following objects are masked from ‘package:stats’:

    filter, lag

The following objects are masked from ‘package:base’:

    intersect, setdiff, setequal, union


Attaching package: ‘tidyr’

The following object is masked from ‘package:reshape2’:

    smiths


Attaching package: ‘data.table’

The following objects are masked from ‘package:dplyr’:

    between, first, last

The following objects are masked from ‘package:reshape2’:

    dcast, melt

The following object is masked from ‘package:DescTools’:

    %like%


---------------------
Welcome to dendextend version 1.16.0
Type citation('dendextend') for how to cite the package.

Type browseVignettes(package = 'dendextend') for the package vignette.
The github page is: https://github.com/talgalili/dendextend/

Suggestions and bug-reports can be submitted at: https://github.com/talgalili/dendextend/issues
You may ask questions at stackoverflow, use the r and dendextend tags: 
	 https://stackoverflow.com/questions/tagged/dendextend

	To suppress this message use:  suppressPackageStartupMessages(library(dendextend))
---------------------


Attaching package: ‘dendextend’

The following object is masked from ‘package:data.table’:

    set

The following object is masked from ‘package:stats’:

    cutree

Loading required package: Matrix

Attaching package: ‘Matrix’

The following objects are masked from ‘package:tidyr’:

    expand, pack, unpack

The following object is masked from ‘package:flowCore’:

    %&%


Attaching package: ‘magrittr’

The following object is masked from ‘package:tidyr’:

    extract

The following object is masked from ‘package:flowWorkspace’:

    add


Attaching package: ‘igraph’

The following object is masked from ‘package:FNN’:

    knn

The following object is masked from ‘package:tidyr’:

    crossing

The following objects are masked from ‘package:dplyr’:

    as_data_frame, groups, union

The following object is masked from ‘package:DescTools’:

    %c%

The following object is masked from ‘package:flowCore’:

    normalize

The following objects are masked from ‘package:stats’:

    decompose, spectrum

The following object is masked from ‘package:base’:

    union

Thanks for using FlowSOM. From version 2.1.4 on, the scale 
parameter in the FlowSOM function defaults to FALSE
Saving 7 x 7 in image
Saving 7 x 7 in image
Adding missing grouping variables: `umap.louvain`
Error in pdf("./Umaps/hymusPatients/ThyPtsCombinedUmap_louvainclusters.pdf") : 
  cannot open file './Umaps/hymusPatients/ThyPtsCombinedUmap_louvainclusters.pdf'
Execution halted
As part of improvements to flowWorkspace, some behavior of
GatingSet objects has changed. For details, please read the section
titled "The cytoframe and cytoset classes" in the package vignette:

  vignette("flowWorkspace-Introduction", "flowWorkspace")

Attaching package: ‘dplyr’

The following object is masked from ‘package:flowCore’:

    filter

The following objects are masked from ‘package:stats’:

    filter, lag

The following objects are masked from ‘package:base’:

    intersect, setdiff, setequal, union


Attaching package: ‘tidyr’

The following object is masked from ‘package:reshape2’:

    smiths


Attaching package: ‘data.table’

The following objects are masked from ‘package:dplyr’:

    between, first, last

The following objects are masked from ‘package:reshape2’:

    dcast, melt

The following object is masked from ‘package:DescTools’:

    %like%


---------------------
Welcome to dendextend version 1.16.0
Type citation('dendextend') for how to cite the package.

Type browseVignettes(package = 'dendextend') for the package vignette.
The github page is: https://github.com/talgalili/dendextend/

Suggestions and bug-reports can be submitted at: https://github.com/talgalili/dendextend/issues
You may ask questions at stackoverflow, use the r and dendextend tags: 
	 https://stackoverflow.com/questions/tagged/dendextend

	To suppress this message use:  suppressPackageStartupMessages(library(dendextend))
---------------------


Attaching package: ‘dendextend’

The following object is masked from ‘package:data.table’:

    set

The following object is masked from ‘package:stats’:

    cutree

Loading required package: Matrix

Attaching package: ‘Matrix’

The following objects are masked from ‘package:tidyr’:

    expand, pack, unpack

The following object is masked from ‘package:flowCore’:

    %&%


Attaching package: ‘magrittr’

The following object is masked from ‘package:tidyr’:

    extract

The following object is masked from ‘package:flowWorkspace’:

    add


Attaching package: ‘igraph’

The following object is masked from ‘package:FNN’:

    knn

The following object is masked from ‘package:tidyr’:

    crossing

The following objects are masked from ‘package:dplyr’:

    as_data_frame, groups, union

The following object is masked from ‘package:DescTools’:

    %c%

The following object is masked from ‘package:flowCore’:

    normalize

The following objects are masked from ‘package:stats’:

    decompose, spectrum

The following object is masked from ‘package:base’:

    union

Thanks for using FlowSOM. From version 2.1.4 on, the scale 
parameter in the FlowSOM function defaults to FALSE
Saving 7 x 7 in image
Saving 7 x 7 in image
Adding missing grouping variables: `umap.louvain`
