--input /hpc/pmc_vanboxtel/projects/TallFlow/3_Output/PTATO_Dev/pt3291/intermediate/short_variants/SMuRF/pt3291/231016_HMFreg2090_pt3291.vcf.filtered_variants_dbnsfp_CosmicCodingMuts_gonl.snps_indels.r5.liftover.hg38.sorted.SMuRF.filtered.vcf --outputdir /hpc/pmc_vanboxtel/projects/TallFlow/3_Output/TreeBuilding/CellPhyWrapper/pt3291/ --outgr pt344-DX1PB-MONOBULK --prefix pt3291
CellPhy v0.9.2 - 08.07.2021 - https://github.com/amkozlov/cellphy
Created by: Alexey Kozlov, Joao M Alves, Alexandros Stamatakis & David Posada
Support: https://groups.google.com/forum/#!forum/raxml\n

RAxML-NG v. 0.9.0git (CellPHY branch) released on 08.07.2021 by The Exelixis Lab.
Developed by: Alexey M. Kozlov and Alexandros Stamatakis.
Contributors: Diego Darriba, Tomas Flouri, Benoit Morel, Sarah Lutteropp, Ben Bettisworth.
Latest version: https://github.com/amkozlov/raxml-ng
Questions/problems/suggestions? Please visit: https://groups.google.com/forum/#!forum/raxml

RAxML-NG was called at 08-Nov-2023 13:20:55 as follows:

/hpc/pmc_vanboxtel/tools/external/cellphy/bin/raxml-ng-cellphy-linux --msa /hpc/pmc_vanboxtel/projects/TallFlow/3_Output/PTATO_Dev/pt3291/intermediate/short_variants/SMuRF/pt3291/231016_HMFreg2090_pt3291.vcf.filtered_variants_dbnsfp_CosmicCodingMuts_gonl.snps_indels.r5.liftover.hg38.sorted.SMuRF.filtered.vcf --msa-format VCF --model GT16+FO+E --seed 2 --threads 8 --prefix pt3291.Tree

Analysis options:
  run mode: ML tree search
  start tree(s): random (10) + parsimony (10)
  random seed: 2
  tip-inner: OFF
  pattern compression: ON
  per-rate scalers: OFF
  site repeats: ON
  fast spr radius: AUTO
  spr subtree cutoff: 1.000000
  branch lengths: proportional (ML estimate, algorithm: NR-FAST)
  SIMD kernels: AVX2
  parallelization: PTHREADS (8 threads), thread pinning: OFF

[00:00:00] Reading alignment from file: /hpc/pmc_vanboxtel/projects/TallFlow/3_Output/PTATO_Dev/pt3291/intermediate/short_variants/SMuRF/pt3291/231016_HMFreg2090_pt3291.vcf.filtered_variants_dbnsfp_CosmicCodingMuts_gonl.snps_indels.r5.liftover.hg38.sorted.SMuRF.filtered.vcf

ERROR: Error loading MSA: [chr 1, pos 1937632] Unsupported allele name: GC

CellPhy v0.9.2 - 08.07.2021 - https://github.com/amkozlov/cellphy
Created by: Alexey Kozlov, Joao M Alves, Alexandros Stamatakis & David Posada
Support: https://groups.google.com/forum/#!forum/raxml\n

RAxML-NG v. 0.9.0git (CellPHY branch) released on 08.07.2021 by The Exelixis Lab.
Developed by: Alexey M. Kozlov and Alexandros Stamatakis.
Contributors: Diego Darriba, Tomas Flouri, Benoit Morel, Sarah Lutteropp, Ben Bettisworth.
Latest version: https://github.com/amkozlov/raxml-ng
Questions/problems/suggestions? Please visit: https://groups.google.com/forum/#!forum/raxml

RAxML-NG was called at 08-Nov-2023 13:20:59 as follows:

/hpc/pmc_vanboxtel/tools/external/cellphy/bin/raxml-ng-cellphy-linux --bootstrap --msa /hpc/pmc_vanboxtel/projects/TallFlow/3_Output/PTATO_Dev/pt3291/intermediate/short_variants/SMuRF/pt3291/231016_HMFreg2090_pt3291.vcf.filtered_variants_dbnsfp_CosmicCodingMuts_gonl.snps_indels.r5.liftover.hg38.sorted.SMuRF.filtered.vcf --model GT16+FO+E --seed 2 --threads 8 --bs-trees 100 --prefix pt3291.Boot

Analysis options:
  run mode: Bootstrapping
  start tree(s): 
  bootstrap replicates: 100
  random seed: 2
  tip-inner: OFF
  pattern compression: ON
  per-rate scalers: OFF
  site repeats: ON
  branch lengths: proportional (ML estimate, algorithm: NR-FAST)
  SIMD kernels: AVX2
  parallelization: PTHREADS (8 threads), thread pinning: OFF

[00:00:00] Reading alignment from file: /hpc/pmc_vanboxtel/projects/TallFlow/3_Output/PTATO_Dev/pt3291/intermediate/short_variants/SMuRF/pt3291/231016_HMFreg2090_pt3291.vcf.filtered_variants_dbnsfp_CosmicCodingMuts_gonl.snps_indels.r5.liftover.hg38.sorted.SMuRF.filtered.vcf

ERROR: Error loading MSA: cannot parse any format supported by RAxML-NG!
Please re-run with --msa-format <FORMAT> and/or --log debug to get more information.

CellPhy v0.9.2 - 08.07.2021 - https://github.com/amkozlov/cellphy
Created by: Alexey Kozlov, Joao M Alves, Alexandros Stamatakis & David Posada
Support: https://groups.google.com/forum/#!forum/raxml\n
ERROR: Invalid number of num_bootstraps: pt3291.Boot.raxml.bootstraps, please provide a positive integer number!
CellPhy v0.9.2 - 08.07.2021 - https://github.com/amkozlov/cellphy
Created by: Alexey Kozlov, Joao M Alves, Alexandros Stamatakis & David Posada
Support: https://groups.google.com/forum/#!forum/raxml\n

RAxML-NG v. 0.9.0git (CellPHY branch) released on 08.07.2021 by The Exelixis Lab.
Developed by: Alexey M. Kozlov and Alexandros Stamatakis.
Contributors: Diego Darriba, Tomas Flouri, Benoit Morel, Sarah Lutteropp, Ben Bettisworth.
Latest version: https://github.com/amkozlov/raxml-ng
Questions/problems/suggestions? Please visit: https://groups.google.com/forum/#!forum/raxml

RAxML-NG was called at 08-Nov-2023 13:21:02 as follows:

/hpc/pmc_vanboxtel/tools/external/cellphy/bin/raxml-ng-cellphy-linux --mutmap --msa /hpc/pmc_vanboxtel/projects/TallFlow/3_Output/PTATO_Dev/pt3291/intermediate/short_variants/SMuRF/pt3291/231016_HMFreg2090_pt3291.vcf.filtered_variants_dbnsfp_CosmicCodingMuts_gonl.snps_indels.r5.liftover.hg38.sorted.SMuRF.filtered.vcf --msa-format VCF -model pt3291.Tree.raxml.bestModel -tree pt3291.Tree.raxml.bestTree --prefix pt3291.Support --threads 8 --opt-branches off

Analysis options:
  run mode: Mutation mapping
  start tree(s): user
  random seed: 1699446062
  SIMD kernels: AVX2
  parallelization: PTHREADS (8 threads), thread pinning: OFF


ERROR: ERROR model initialization |pt3291.Tree.raxml.bestModel| (LIBPLL-5001): DNA model not found: pt3291.Tree.raxml.bestModel

Error in file(file, "r") : cannot open the connection
Calls: read.tree -> scan -> file
In addition: Warning message:
In file(file, "r") :
  cannot open file 'pt3291.Support.raxml.support': No such file or directory
Execution halted
/var/spool/slurmd/job7595102
