INFO	2023-05-03 17:39:55	SamToFastq	

********** NOTE: Picard's command line syntax is changing.
**********
********** For more information, please see:
********** https://github.com/broadinstitute/picard/wiki/Command-Line-Syntax-Transition-For-Users-(Pre-Transition)
**********
********** The command line looks like this in the new syntax:
**********
**********    SamToFastq -INPUT /hpc/pmc_vanboxtel/projects/TallFlow/3_Output/MIXCR4.3.2/input/bam/pt2229-DX1BM-ALLBULK-DP_dedup.bam -OUTPUT_DIR /hpc/pmc_vanboxtel/projects/TallFlow/3_Output/MIXCR4.3.2/input/fastq -RG_TAG ID -OUTPUT_PER_RG true
**********


17:39:55.657 INFO  NativeLibraryLoader - Loading libgkl_compression.so from jar:file:/hpc/local/CentOS7/pmc_vanboxtel/bin/picard-2.24.1/picard.jar!/com/intel/gkl/native/libgkl_compression.so
[Wed May 03 17:39:55 CEST 2023] SamToFastq INPUT=/hpc/pmc_vanboxtel/projects/TallFlow/3_Output/MIXCR4.3.2/input/bam/pt2229-DX1BM-ALLBULK-DP_dedup.bam OUTPUT_PER_RG=true RG_TAG=ID OUTPUT_DIR=/hpc/pmc_vanboxtel/projects/TallFlow/3_Output/MIXCR4.3.2/input/fastq    COMPRESS_OUTPUTS_PER_RG=false RE_REVERSE=true INTERLEAVE=false INCLUDE_NON_PF_READS=false CLIPPING_MIN_LENGTH=0 READ1_TRIM=0 READ2_TRIM=0 INCLUDE_NON_PRIMARY_ALIGNMENTS=false VERBOSITY=INFO QUIET=false VALIDATION_STRINGENCY=STRICT COMPRESSION_LEVEL=5 MAX_RECORDS_IN_RAM=500000 CREATE_INDEX=false CREATE_MD5_FILE=false GA4GH_CLIENT_SECRETS=client_secrets.json USE_JDK_DEFLATER=false USE_JDK_INFLATER=false
[Wed May 03 17:39:55 CEST 2023] Executing as rhagelaar@n0123.compute.hpc on Linux 3.10.0-1160.81.1.el7.x86_64 amd64; Java HotSpot(TM) 64-Bit Server VM 1.8.0_60-b27; Deflater: Intel; Inflater: Intel; Provider GCS is not available; Picard version: 2.24.1
INFO	2023-05-03 17:40:04	SamToFastq	Processed     1,000,000 records.  Elapsed time: 00:00:08s.  Time for last 1,000,000:    8s.  Last read position: 7:142,019,693
INFO	2023-05-03 17:40:12	SamToFastq	Processed     2,000,000 records.  Elapsed time: 00:00:16s.  Time for last 1,000,000:    7s.  Last read position: 14:105,509,764
[Wed May 03 17:40:18 CEST 2023] picard.sam.SamToFastq done. Elapsed time: 0.39 minutes.
Runtime.totalMemory()=5845811200
To get help, see http://broadinstitute.github.io/picard/index.html#GettingHelp
Exception in thread "main" htsjdk.samtools.SAMFormatException: SAM validation error: ERROR::MATE_NOT_FOUND:Found 53332 unpaired mates
	at htsjdk.samtools.SAMUtils.processValidationError(SAMUtils.java:469)
	at picard.sam.SamToFastq.doWork(SamToFastq.java:225)
	at picard.cmdline.CommandLineProgram.instanceMain(CommandLineProgram.java:304)
	at picard.cmdline.PicardCommandLine.instanceMain(PicardCommandLine.java:103)
	at picard.cmdline.PicardCommandLine.main(PicardCommandLine.java:113)
/hpc/pmc_vanboxtel/projects/TallFlow/2_Code/MIXCR/
IMPORTANT: MiXCR will use at most 5405MB of RAM,
           use -Xmx to change automatically set heap size (i.e. -Xmx50g to set heap size to 50 Gb)
====================
Running:
mixcr align --report /hpc/pmc_vanboxtel/projects/TallFlow/3_Output/MIXCR4.3.2/Output/pt2229-DX1BM-ALLBULK-DP/pt2229-DX1BM-ALLBULK-DP_Receptor.align.report.txt --json-report /hpc/pmc_vanboxtel/projects/TallFlow/3_Output/MIXCR4.3.2/Output/pt2229-DX1BM-ALLBULK-DP/pt2229-DX1BM-ALLBULK-DP_Receptor.align.report.json --preset rnaseq-full-length --dna --species hsa /hpc/pmc_vanboxtel/projects/TallFlow/3_Output/MIXCR4.3.2/input/fastq/Merged/pt2229-DX1BM-ALLBULK-DP_R1.fastq /hpc/pmc_vanboxtel/projects/TallFlow/3_Output/MIXCR4.3.2/input/fastq/Merged/pt2229-DX1BM-ALLBULK-DP_R2.fastq /hpc/pmc_vanboxtel/projects/TallFlow/3_Output/MIXCR4.3.2/Output/pt2229-DX1BM-ALLBULK-DP/pt2229-DX1BM-ALLBULK-DP_Receptor.vdjca
Alignment: 0%
Alignment: 10.7%  ETA: 00:06:25
Alignment: 21.4%  ETA: 00:06:08
Alignment: 32%  ETA: 00:05:05
Alignment: 42.7%  ETA: 00:04:07
Alignment: 53.4%  ETA: 00:03:38
Alignment: 64.1%  ETA: 00:02:35
Alignment: 74.8%  ETA: 00:01:53
Alignment: 85.4%  ETA: 00:01:02
Alignment: 96.1%  ETA: 00:00:17
============== Align Report ==============
Analysis time: 7.58m
Total sequencing reads: 1352510
Successfully aligned reads: 15720 (1.16%)
Alignment failed: no hits (not TCR/IG?): 1099085 (81.26%)
Alignment failed: no CDR3 parts: 133463 (9.87%)
Alignment failed: low total score: 104242 (7.71%)
Overlapped: 154066 (11.39%)
Overlapped and aligned: 481 (0.04%)
Overlapped and not aligned: 153585 (11.36%)
Alignment-aided overlaps, percent of overlapped and aligned: 13 (2.7%)
No CDR3 parts alignments, percent of successfully aligned: 2091 (13.3%)
Partial aligned reads, percent of successfully aligned: 13539 (86.13%)
V gene chimeras: 240 (0.02%)
J gene chimeras: 126 (0.01%)
Paired-end alignment conflicts eliminated: 57 (0%)
Realigned with forced non-floating bound: 2396914 (177.22%)
Realigned with forced non-floating right bound in left read: 6003 (0.44%)
Realigned with forced non-floating left bound in right read: 6003 (0.44%)
TRA chains: 1618 (10.29%)
TRA non-functional: 14 (0.87%)
TRB chains: 2735 (17.4%)
TRB non-functional: 0 (0%)
TRD chains: 74 (0.47%)
TRD non-functional: 15 (20.27%)
TRG chains: 116 (0.74%)
TRG non-functional: 28 (24.14%)
TRAD chains: 1270 (8.08%)
TRAD non-functional: 0 (0%)
IGH chains: 4178 (26.58%)
IGH non-functional: 0 (0%)
IGK chains: 2814 (17.9%)
IGK non-functional: 0 (0%)
IGL chains: 2915 (18.54%)
IGL non-functional: 0 (0%)
Trimming report:
  R1 reads trimmed left: 1927 (0.14%)
  R1 reads trimmed right: 175 (0.01%)
  Average R1 nucleotides trimmed left: 0.002963379198675056
  Average R1 nucleotides trimmed right: 3.3715092679536564E-4
  R2 reads trimmed left: 150 (0.01%)
  R2 reads trimmed right: 138 (0.01%)
  Average R2 nucleotides trimmed left: 2.3290031127311443E-4
  Average R2 nucleotides trimmed right: 4.340078816422799E-4
====================
Running:
mixcr assemblePartial --report /hpc/pmc_vanboxtel/projects/TallFlow/3_Output/MIXCR4.3.2/Output/pt2229-DX1BM-ALLBULK-DP/pt2229-DX1BM-ALLBULK-DP_Receptor.assemblePartial.report.txt --json-report /hpc/pmc_vanboxtel/projects/TallFlow/3_Output/MIXCR4.3.2/Output/pt2229-DX1BM-ALLBULK-DP/pt2229-DX1BM-ALLBULK-DP_Receptor.assemblePartial.report.json /hpc/pmc_vanboxtel/projects/TallFlow/3_Output/MIXCR4.3.2/Output/pt2229-DX1BM-ALLBULK-DP/pt2229-DX1BM-ALLBULK-DP_Receptor.vdjca /hpc/pmc_vanboxtel/projects/TallFlow/3_Output/MIXCR4.3.2/Output/pt2229-DX1BM-ALLBULK-DP/pt2229-DX1BM-ALLBULK-DP_Receptor.passembled.1.vdjca
Building index: 0%
Searching for overlaps: 0%
Searching for overlaps: 75.6%  ETA: 00:00:00
============== AssemblePartial Report ==============
Analysis time: 1.94s
Total alignments analysed: 15715
Number of output alignments: 15710 (99.97%)
Alignments already with CDR3 (no overlapping is performed): 104 (0.66%)
Successfully overlapped alignments: 5 (0.03%)
Left parts with too small N-region (failed to extract k-mer): 1863 (11.85%)
Extracted k-mer diversity: 50384
Dropped due to wildcard in k-mer: 0 (0%)
Dropped due to too short NRegion parts in overlap: 18 (0.11%)
Dropped overlaps with empty N region due to no complete NDN coverage: 0 (0%)
Number of left-side alignments: 9951 (63.32%)
Number of right-side alignments: 3085 (19.63%)
Complex overlaps: 0 (0%)
Over-overlaps: 37 (0.24%)
Partial alignments written to output: 15601 (99.27%)
====================
Running:
mixcr assemblePartial --report /hpc/pmc_vanboxtel/projects/TallFlow/3_Output/MIXCR4.3.2/Output/pt2229-DX1BM-ALLBULK-DP/pt2229-DX1BM-ALLBULK-DP_Receptor.assemblePartial.report.txt --json-report /hpc/pmc_vanboxtel/projects/TallFlow/3_Output/MIXCR4.3.2/Output/pt2229-DX1BM-ALLBULK-DP/pt2229-DX1BM-ALLBULK-DP_Receptor.assemblePartial.report.json /hpc/pmc_vanboxtel/projects/TallFlow/3_Output/MIXCR4.3.2/Output/pt2229-DX1BM-ALLBULK-DP/pt2229-DX1BM-ALLBULK-DP_Receptor.passembled.1.vdjca /hpc/pmc_vanboxtel/projects/TallFlow/3_Output/MIXCR4.3.2/Output/pt2229-DX1BM-ALLBULK-DP/pt2229-DX1BM-ALLBULK-DP_Receptor.passembled.2.vdjca
Building index: 0%
Searching for overlaps: 0%
============== AssemblePartial Report ==============
Analysis time: 993ms
Total alignments analysed: 15710
Number of output alignments: 15710 (100%)
Alignments already with CDR3 (no overlapping is performed): 109 (0.69%)
Successfully overlapped alignments: 0 (0%)
Left parts with too small N-region (failed to extract k-mer): 1863 (11.86%)
Extracted k-mer diversity: 50362
Dropped due to wildcard in k-mer: 0 (0%)
Dropped due to too short NRegion parts in overlap: 5 (0.03%)
Dropped overlaps with empty N region due to no complete NDN coverage: 0 (0%)
Number of left-side alignments: 9946 (63.31%)
Number of right-side alignments: 3076 (19.58%)
Complex overlaps: 0 (0%)
Over-overlaps: 37 (0.24%)
Partial alignments written to output: 15601 (99.31%)
====================
Running:
mixcr extend --report /hpc/pmc_vanboxtel/projects/TallFlow/3_Output/MIXCR4.3.2/Output/pt2229-DX1BM-ALLBULK-DP/pt2229-DX1BM-ALLBULK-DP_Receptor.extend.report.txt --json-report /hpc/pmc_vanboxtel/projects/TallFlow/3_Output/MIXCR4.3.2/Output/pt2229-DX1BM-ALLBULK-DP/pt2229-DX1BM-ALLBULK-DP_Receptor.extend.report.json /hpc/pmc_vanboxtel/projects/TallFlow/3_Output/MIXCR4.3.2/Output/pt2229-DX1BM-ALLBULK-DP/pt2229-DX1BM-ALLBULK-DP_Receptor.passembled.2.vdjca /hpc/pmc_vanboxtel/projects/TallFlow/3_Output/MIXCR4.3.2/Output/pt2229-DX1BM-ALLBULK-DP/pt2229-DX1BM-ALLBULK-DP_Receptor.extended.vdjca
Extending alignments: 0%
============== Extend Report ==============
Analysis time: 337ms
Extended alignments count: 14 (0.09%)
V extensions total: 0 (0%)
V extensions with merged targets: 0 (0%)
J extensions total: 14 (0.09%)
J extensions with merged targets: 0 (0%)
V+J extensions: 0 (0%)
Mean V extension length: NaN
Mean J extension length: 5.571428571428571
====================
Running:
mixcr assemble --report /hpc/pmc_vanboxtel/projects/TallFlow/3_Output/MIXCR4.3.2/Output/pt2229-DX1BM-ALLBULK-DP/pt2229-DX1BM-ALLBULK-DP_Receptor.assemble.report.txt --json-report /hpc/pmc_vanboxtel/projects/TallFlow/3_Output/MIXCR4.3.2/Output/pt2229-DX1BM-ALLBULK-DP/pt2229-DX1BM-ALLBULK-DP_Receptor.assemble.report.json /hpc/pmc_vanboxtel/projects/TallFlow/3_Output/MIXCR4.3.2/Output/pt2229-DX1BM-ALLBULK-DP/pt2229-DX1BM-ALLBULK-DP_Receptor.extended.vdjca /hpc/pmc_vanboxtel/projects/TallFlow/3_Output/MIXCR4.3.2/Output/pt2229-DX1BM-ALLBULK-DP/pt2229-DX1BM-ALLBULK-DP_Receptor.clna
Initialization: progress unknown
Initialization: progress unknown
============== Assemble Report ==============
Analysis time: 492ms
Final clonotype count: 19
Reads used in clonotypes, percent of total: 96 (0.01%)
Average number of reads per clonotype: 5.05
Reads dropped due to the lack of a clone sequence, percent of total: 15601 (1.15%)
Reads dropped due to a too short clonal sequence, percent of total: 0 (0%)
Reads dropped due to low quality, percent of total: 0 (0%)
Reads dropped due to failed mapping, percent of total: 18 (0%)
Reads dropped with low quality clones, percent of total: 0 (0%)
Reads used in clonotypes before clustering, percent of total: 96 (0.01%)
Number of reads used as a core, percent of used: 92 (95.83%)
Mapped low quality reads, percent of used: 4 (4.17%)
Reads clustered in PCR error correction, percent of used: 0 (0%)
Reads pre-clustered due to the similar VJC-lists, percent of used: 0 (0%)
Clonotypes dropped as low quality: 0
Clonotypes eliminated by PCR error correction: 0
Clonotypes pre-clustered due to the similar VJC-lists: 0
Clones dropped in post filtering: 0 (0%)
Reads dropped in post filtering: 0.0 (0%)
Alignments filtered by tag prefix: 0 (0%)
TRA chains: 14 (73.68%)
TRA non-functional: 8 (57.14%)
TRB chains: 2 (10.53%)
TRB non-functional: 0 (0%)
TRD chains: 1 (5.26%)
TRD non-functional: 1 (100%)
TRG chains: 2 (10.53%)
TRG non-functional: 2 (100%)
====================
Running:
mixcr assembleContigs --report /hpc/pmc_vanboxtel/projects/TallFlow/3_Output/MIXCR4.3.2/Output/pt2229-DX1BM-ALLBULK-DP/pt2229-DX1BM-ALLBULK-DP_Receptor.assembleContigs.report.txt --json-report /hpc/pmc_vanboxtel/projects/TallFlow/3_Output/MIXCR4.3.2/Output/pt2229-DX1BM-ALLBULK-DP/pt2229-DX1BM-ALLBULK-DP_Receptor.assembleContigs.report.json /hpc/pmc_vanboxtel/projects/TallFlow/3_Output/MIXCR4.3.2/Output/pt2229-DX1BM-ALLBULK-DP/pt2229-DX1BM-ALLBULK-DP_Receptor.clna /hpc/pmc_vanboxtel/projects/TallFlow/3_Output/MIXCR4.3.2/Output/pt2229-DX1BM-ALLBULK-DP/pt2229-DX1BM-ALLBULK-DP_Receptor.contigs.clns
Assembling contigs: 0%
============== AssembleContigs Report ==============
Analysis time: 339ms
Initial clonotype count: 19
Final clonotype count: 19 (100%)
Canceled assemblies: 0 (0%)
Number of premature termination assembly events, percent of number of initial clonotypes: 0.0 (0%)
Longest contig length: 919
Clustered variants: 0 (0%)
Reads in clustered variants: 0.0 (0%)
Reads in divided (newly created) clones: 0.0 (0%)
Clones with ambiguous letters in splitting region: 0 (0%)
Reads in clones with ambiguous letters in splitting region: 0.0 (0%)
Average number of ambiguous letters per clone with ambiguous letters in splitting region: NaN
====================
Running:
mixcr exportClones /hpc/pmc_vanboxtel/projects/TallFlow/3_Output/MIXCR4.3.2/Output/pt2229-DX1BM-ALLBULK-DP/pt2229-DX1BM-ALLBULK-DP_Receptor.contigs.clns /hpc/pmc_vanboxtel/projects/TallFlow/3_Output/MIXCR4.3.2/Output/pt2229-DX1BM-ALLBULK-DP/pt2229-DX1BM-ALLBULK-DP_Receptor.clones.tsv
Exporting TRB
Exporting clones: 0%
WARNING: Filtered 2 of 19 clones (89.47%).
WARNING: Filtered 29.0 of 96.0 reads (69.79%).
Exporting TRAD
Exporting clones: 0%
WARNING: Filtered 15 of 19 clones (21.05%).
WARNING: Filtered 32.0 of 96.0 reads (66.67%).
Exporting TRG
Exporting clones: 0%
WARNING: Filtered 2 of 19 clones (89.47%).
WARNING: Filtered 35.0 of 96.0 reads (63.54%).
Analysis finished successfully.
IMPORTANT: MiXCR will use at most 5031MB of RAM,
           use -Xmx to change automatically set heap size (i.e. -Xmx50g to set heap size to 50 Gb)
IMPORTANT: MiXCR will use at most 4956MB of RAM,
           use -Xmx to change automatically set heap size (i.e. -Xmx50g to set heap size to 50 Gb)
IMPORTANT: MiXCR will use at most 4848MB of RAM,
           use -Xmx to change automatically set heap size (i.e. -Xmx50g to set heap size to 50 Gb)
