INFO	2023-05-03 17:06:09	SamToFastq	

********** NOTE: Picard's command line syntax is changing.
**********
********** For more information, please see:
********** https://github.com/broadinstitute/picard/wiki/Command-Line-Syntax-Transition-For-Users-(Pre-Transition)
**********
********** The command line looks like this in the new syntax:
**********
**********    SamToFastq -INPUT /hpc/pmc_vanboxtel/projects/TallFlow/3_Output/MIXCR4.3.2/input/bam/pt2283D-DX1BM-TALL12_dedup.bam -OUTPUT_DIR /hpc/pmc_vanboxtel/projects/TallFlow/3_Output/MIXCR4.3.2/input/fastq -RG_TAG ID -OUTPUT_PER_RG true
**********


17:06:09.464 INFO  NativeLibraryLoader - Loading libgkl_compression.so from jar:file:/hpc/local/CentOS7/pmc_vanboxtel/bin/picard-2.24.1/picard.jar!/com/intel/gkl/native/libgkl_compression.so
[Wed May 03 17:06:09 CEST 2023] SamToFastq INPUT=/hpc/pmc_vanboxtel/projects/TallFlow/3_Output/MIXCR4.3.2/input/bam/pt2283D-DX1BM-TALL12_dedup.bam OUTPUT_PER_RG=true RG_TAG=ID OUTPUT_DIR=/hpc/pmc_vanboxtel/projects/TallFlow/3_Output/MIXCR4.3.2/input/fastq    COMPRESS_OUTPUTS_PER_RG=false RE_REVERSE=true INTERLEAVE=false INCLUDE_NON_PF_READS=false CLIPPING_MIN_LENGTH=0 READ1_TRIM=0 READ2_TRIM=0 INCLUDE_NON_PRIMARY_ALIGNMENTS=false VERBOSITY=INFO QUIET=false VALIDATION_STRINGENCY=STRICT COMPRESSION_LEVEL=5 MAX_RECORDS_IN_RAM=500000 CREATE_INDEX=false CREATE_MD5_FILE=false GA4GH_CLIENT_SECRETS=client_secrets.json USE_JDK_DEFLATER=false USE_JDK_INFLATER=false
[Wed May 03 17:06:09 CEST 2023] Executing as rhagelaar@n0082.compute.hpc on Linux 3.10.0-1160.83.1.el7.x86_64 amd64; Java HotSpot(TM) 64-Bit Server VM 1.8.0_60-b27; Deflater: Intel; Inflater: Intel; Provider GCS is not available; Picard version: 2.24.1
INFO	2023-05-03 17:06:21	SamToFastq	Processed     1,000,000 records.  Elapsed time: 00:00:11s.  Time for last 1,000,000:   11s.  Last read position: 7:38,504,702
INFO	2023-05-03 17:06:30	SamToFastq	Processed     2,000,000 records.  Elapsed time: 00:00:21s.  Time for last 1,000,000:    9s.  Last read position: 14:105,689,150
[Wed May 03 17:06:40 CEST 2023] picard.sam.SamToFastq done. Elapsed time: 0.51 minutes.
Runtime.totalMemory()=5824315392
To get help, see http://broadinstitute.github.io/picard/index.html#GettingHelp
Exception in thread "main" htsjdk.samtools.SAMFormatException: SAM validation error: ERROR::MATE_NOT_FOUND:Found 55065 unpaired mates
	at htsjdk.samtools.SAMUtils.processValidationError(SAMUtils.java:469)
	at picard.sam.SamToFastq.doWork(SamToFastq.java:225)
	at picard.cmdline.CommandLineProgram.instanceMain(CommandLineProgram.java:304)
	at picard.cmdline.PicardCommandLine.instanceMain(PicardCommandLine.java:103)
	at picard.cmdline.PicardCommandLine.main(PicardCommandLine.java:113)
/hpc/pmc_vanboxtel/projects/TallFlow/2_Code/MIXCR/
IMPORTANT: MiXCR will use at most 4754MB of RAM,
           use -Xmx to change automatically set heap size (i.e. -Xmx50g to set heap size to 50 Gb)
====================
Running:
mixcr align --report /hpc/pmc_vanboxtel/projects/TallFlow/3_Output/MIXCR4.3.2/Output/pt2283D-DX1BM-TALL12/pt2283D-DX1BM-TALL12_Receptor.align.report.txt --json-report /hpc/pmc_vanboxtel/projects/TallFlow/3_Output/MIXCR4.3.2/Output/pt2283D-DX1BM-TALL12/pt2283D-DX1BM-TALL12_Receptor.align.report.json --preset rnaseq-full-length --dna --species hsa /hpc/pmc_vanboxtel/projects/TallFlow/3_Output/MIXCR4.3.2/input/fastq/Merged/pt2283D-DX1BM-TALL12_R1.fastq /hpc/pmc_vanboxtel/projects/TallFlow/3_Output/MIXCR4.3.2/input/fastq/Merged/pt2283D-DX1BM-TALL12_R2.fastq /hpc/pmc_vanboxtel/projects/TallFlow/3_Output/MIXCR4.3.2/Output/pt2283D-DX1BM-TALL12/pt2283D-DX1BM-TALL12_Receptor.vdjca
Alignment: 0%
Alignment: 10.8%  ETA: 00:06:47
Alignment: 21.6%  ETA: 00:06:05
Alignment: 32.4%  ETA: 00:05:02
Alignment: 43.2%  ETA: 00:04:18
Alignment: 54%  ETA: 00:03:21
Alignment: 64.7%  ETA: 00:02:37
Alignment: 75.5%  ETA: 00:01:54
Alignment: 86.3%  ETA: 00:01:00
Alignment: 97.1%  ETA: 00:00:12
============== Align Report ==============
Analysis time: 7.65m
Total sequencing reads: 1338540
Successfully aligned reads: 18240 (1.36%)
Alignment failed: no hits (not TCR/IG?): 1108462 (82.81%)
Alignment failed: no CDR3 parts: 119572 (8.93%)
Alignment failed: low total score: 92266 (6.89%)
Overlapped: 195494 (14.61%)
Overlapped and aligned: 742 (0.06%)
Overlapped and not aligned: 194752 (14.55%)
Alignment-aided overlaps, percent of overlapped and aligned: 10 (1.35%)
No CDR3 parts alignments, percent of successfully aligned: 2729 (14.96%)
Partial aligned reads, percent of successfully aligned: 15463 (84.78%)
V gene chimeras: 282 (0.02%)
J gene chimeras: 54 (0%)
Paired-end alignment conflicts eliminated: 65 (0%)
Realigned with forced non-floating bound: 2286112 (170.79%)
Realigned with forced non-floating right bound in left read: 4368 (0.33%)
Realigned with forced non-floating left bound in right read: 4368 (0.33%)
TRA chains: 2581 (14.15%)
TRA non-functional: 0 (0%)
TRB chains: 1557 (8.54%)
TRB non-functional: 0 (0%)
TRD chains: 51 (0.28%)
TRD non-functional: 0 (0%)
TRG chains: 221 (1.21%)
TRG non-functional: 11 (4.98%)
TRAD chains: 1142 (6.26%)
TRAD non-functional: 0 (0%)
IGH chains: 4515 (24.75%)
IGH non-functional: 0 (0%)
IGK chains: 4166 (22.84%)
IGK non-functional: 0 (0%)
IGL chains: 4007 (21.97%)
IGL non-functional: 0 (0%)
Trimming report:
  R1 reads trimmed left: 1418 (0.11%)
  R1 reads trimmed right: 21 (0%)
  Average R1 nucleotides trimmed left: 0.0021568275882678143
  Average R1 nucleotides trimmed right: 4.094012879704753E-4
  R2 reads trimmed left: 982 (0.07%)
  R2 reads trimmed right: 5 (0%)
  Average R2 nucleotides trimmed left: 9.540245341939725E-4
  Average R2 nucleotides trimmed right: 2.838914040671179E-5
====================
Running:
mixcr assemblePartial --report /hpc/pmc_vanboxtel/projects/TallFlow/3_Output/MIXCR4.3.2/Output/pt2283D-DX1BM-TALL12/pt2283D-DX1BM-TALL12_Receptor.assemblePartial.report.txt --json-report /hpc/pmc_vanboxtel/projects/TallFlow/3_Output/MIXCR4.3.2/Output/pt2283D-DX1BM-TALL12/pt2283D-DX1BM-TALL12_Receptor.assemblePartial.report.json /hpc/pmc_vanboxtel/projects/TallFlow/3_Output/MIXCR4.3.2/Output/pt2283D-DX1BM-TALL12/pt2283D-DX1BM-TALL12_Receptor.vdjca /hpc/pmc_vanboxtel/projects/TallFlow/3_Output/MIXCR4.3.2/Output/pt2283D-DX1BM-TALL12/pt2283D-DX1BM-TALL12_Receptor.passembled.1.vdjca
Building index: 0%
Searching for overlaps: 0%
Searching for overlaps: 58.5%  ETA: 00:00:00
============== AssemblePartial Report ==============
Analysis time: 2.18s
Total alignments analysed: 18237
Number of output alignments: 18231 (99.97%)
Alignments already with CDR3 (no overlapping is performed): 54 (0.3%)
Successfully overlapped alignments: 6 (0.03%)
Left parts with too small N-region (failed to extract k-mer): 2054 (11.26%)
Extracted k-mer diversity: 53897
Dropped due to wildcard in k-mer: 0 (0%)
Dropped due to too short NRegion parts in overlap: 1 (0.01%)
Dropped overlaps with empty N region due to no complete NDN coverage: 0 (0%)
Number of left-side alignments: 11099 (60.86%)
Number of right-side alignments: 3954 (21.68%)
Complex overlaps: 0 (0%)
Over-overlaps: 30 (0.16%)
Partial alignments written to output: 18171 (99.64%)
====================
Running:
mixcr assemblePartial --report /hpc/pmc_vanboxtel/projects/TallFlow/3_Output/MIXCR4.3.2/Output/pt2283D-DX1BM-TALL12/pt2283D-DX1BM-TALL12_Receptor.assemblePartial.report.txt --json-report /hpc/pmc_vanboxtel/projects/TallFlow/3_Output/MIXCR4.3.2/Output/pt2283D-DX1BM-TALL12/pt2283D-DX1BM-TALL12_Receptor.assemblePartial.report.json /hpc/pmc_vanboxtel/projects/TallFlow/3_Output/MIXCR4.3.2/Output/pt2283D-DX1BM-TALL12/pt2283D-DX1BM-TALL12_Receptor.passembled.1.vdjca /hpc/pmc_vanboxtel/projects/TallFlow/3_Output/MIXCR4.3.2/Output/pt2283D-DX1BM-TALL12/pt2283D-DX1BM-TALL12_Receptor.passembled.2.vdjca
Building index: 0%
Searching for overlaps: 0%
Searching for overlaps: 37.1%  ETA: 00:00:01
============== AssemblePartial Report ==============
Analysis time: 1.33s
Total alignments analysed: 18231
Number of output alignments: 18231 (100%)
Alignments already with CDR3 (no overlapping is performed): 60 (0.33%)
Successfully overlapped alignments: 0 (0%)
Left parts with too small N-region (failed to extract k-mer): 2054 (11.27%)
Extracted k-mer diversity: 53875
Dropped due to wildcard in k-mer: 0 (0%)
Dropped due to too short NRegion parts in overlap: 0 (0%)
Dropped overlaps with empty N region due to no complete NDN coverage: 0 (0%)
Number of left-side alignments: 11093 (60.85%)
Number of right-side alignments: 3948 (21.66%)
Complex overlaps: 0 (0%)
Over-overlaps: 30 (0.16%)
Partial alignments written to output: 18171 (99.67%)
====================
Running:
mixcr extend --report /hpc/pmc_vanboxtel/projects/TallFlow/3_Output/MIXCR4.3.2/Output/pt2283D-DX1BM-TALL12/pt2283D-DX1BM-TALL12_Receptor.extend.report.txt --json-report /hpc/pmc_vanboxtel/projects/TallFlow/3_Output/MIXCR4.3.2/Output/pt2283D-DX1BM-TALL12/pt2283D-DX1BM-TALL12_Receptor.extend.report.json /hpc/pmc_vanboxtel/projects/TallFlow/3_Output/MIXCR4.3.2/Output/pt2283D-DX1BM-TALL12/pt2283D-DX1BM-TALL12_Receptor.passembled.2.vdjca /hpc/pmc_vanboxtel/projects/TallFlow/3_Output/MIXCR4.3.2/Output/pt2283D-DX1BM-TALL12/pt2283D-DX1BM-TALL12_Receptor.extended.vdjca
Extending alignments: 0%
============== Extend Report ==============
Analysis time: 357ms
Extended alignments count: 6 (0.03%)
V extensions total: 0 (0%)
V extensions with merged targets: 0 (0%)
J extensions total: 6 (0.03%)
J extensions with merged targets: 0 (0%)
V+J extensions: 0 (0%)
Mean V extension length: NaN
Mean J extension length: 6.0
====================
Running:
mixcr assemble --report /hpc/pmc_vanboxtel/projects/TallFlow/3_Output/MIXCR4.3.2/Output/pt2283D-DX1BM-TALL12/pt2283D-DX1BM-TALL12_Receptor.assemble.report.txt --json-report /hpc/pmc_vanboxtel/projects/TallFlow/3_Output/MIXCR4.3.2/Output/pt2283D-DX1BM-TALL12/pt2283D-DX1BM-TALL12_Receptor.assemble.report.json /hpc/pmc_vanboxtel/projects/TallFlow/3_Output/MIXCR4.3.2/Output/pt2283D-DX1BM-TALL12/pt2283D-DX1BM-TALL12_Receptor.extended.vdjca /hpc/pmc_vanboxtel/projects/TallFlow/3_Output/MIXCR4.3.2/Output/pt2283D-DX1BM-TALL12/pt2283D-DX1BM-TALL12_Receptor.clna
Initialization: progress unknown
Initialization: progress unknown
============== Assemble Report ==============
Analysis time: 460ms
Final clonotype count: 5
Reads used in clonotypes, percent of total: 66 (0%)
Average number of reads per clonotype: 13.2
Reads dropped due to the lack of a clone sequence, percent of total: 18171 (1.36%)
Reads dropped due to a too short clonal sequence, percent of total: 0 (0%)
Reads dropped due to low quality, percent of total: 0 (0%)
Reads dropped due to failed mapping, percent of total: 0 (0%)
Reads dropped with low quality clones, percent of total: 0 (0%)
Reads used in clonotypes before clustering, percent of total: 66 (0%)
Number of reads used as a core, percent of used: 65 (98.48%)
Mapped low quality reads, percent of used: 1 (1.52%)
Reads clustered in PCR error correction, percent of used: 0 (0%)
Reads pre-clustered due to the similar VJC-lists, percent of used: 0 (0%)
Clonotypes dropped as low quality: 0
Clonotypes eliminated by PCR error correction: 0
Clonotypes pre-clustered due to the similar VJC-lists: 0
Clones dropped in post filtering: 0 (0%)
Reads dropped in post filtering: 0.0 (0%)
Alignments filtered by tag prefix: 0 (0%)
TRA chains: 2 (40%)
TRA non-functional: 0 (0%)
TRB chains: 1 (20%)
TRB non-functional: 0 (0%)
TRG chains: 2 (40%)
TRG non-functional: 1 (50%)
====================
Running:
mixcr assembleContigs --report /hpc/pmc_vanboxtel/projects/TallFlow/3_Output/MIXCR4.3.2/Output/pt2283D-DX1BM-TALL12/pt2283D-DX1BM-TALL12_Receptor.assembleContigs.report.txt --json-report /hpc/pmc_vanboxtel/projects/TallFlow/3_Output/MIXCR4.3.2/Output/pt2283D-DX1BM-TALL12/pt2283D-DX1BM-TALL12_Receptor.assembleContigs.report.json /hpc/pmc_vanboxtel/projects/TallFlow/3_Output/MIXCR4.3.2/Output/pt2283D-DX1BM-TALL12/pt2283D-DX1BM-TALL12_Receptor.clna /hpc/pmc_vanboxtel/projects/TallFlow/3_Output/MIXCR4.3.2/Output/pt2283D-DX1BM-TALL12/pt2283D-DX1BM-TALL12_Receptor.contigs.clns
Assembling contigs: 0%
============== AssembleContigs Report ==============
Analysis time: 231ms
Initial clonotype count: 5
Final clonotype count: 5 (100%)
Canceled assemblies: 0 (0%)
Number of premature termination assembly events, percent of number of initial clonotypes: 0.0 (0%)
Longest contig length: 780
Clustered variants: 0 (0%)
Reads in clustered variants: 0.0 (0%)
Reads in divided (newly created) clones: 0.0 (0%)
Clones with ambiguous letters in splitting region: 0 (0%)
Reads in clones with ambiguous letters in splitting region: 0.0 (0%)
Average number of ambiguous letters per clone with ambiguous letters in splitting region: NaN
====================
Running:
mixcr exportClones /hpc/pmc_vanboxtel/projects/TallFlow/3_Output/MIXCR4.3.2/Output/pt2283D-DX1BM-TALL12/pt2283D-DX1BM-TALL12_Receptor.contigs.clns /hpc/pmc_vanboxtel/projects/TallFlow/3_Output/MIXCR4.3.2/Output/pt2283D-DX1BM-TALL12/pt2283D-DX1BM-TALL12_Receptor.clones.tsv
Exporting TRB
Exporting clones: 0%
WARNING: Filtered 1 of 5 clones (80%).
WARNING: Filtered 19.0 of 66.0 reads (71.21%).
Exporting TRAD
Exporting clones: 0%
WARNING: Filtered 2 of 5 clones (60%).
WARNING: Filtered 21.0 of 66.0 reads (68.18%).
Exporting TRG
Exporting clones: 0%
WARNING: Filtered 2 of 5 clones (60%).
WARNING: Filtered 26.0 of 66.0 reads (60.61%).
Analysis finished successfully.
IMPORTANT: MiXCR will use at most 11684MB of RAM,
           use -Xmx to change automatically set heap size (i.e. -Xmx50g to set heap size to 50 Gb)
IMPORTANT: MiXCR will use at most 12000MB of RAM,
           use -Xmx to change automatically set heap size (i.e. -Xmx50g to set heap size to 50 Gb)
IMPORTANT: MiXCR will use at most 12000MB of RAM,
           use -Xmx to change automatically set heap size (i.e. -Xmx50g to set heap size to 50 Gb)
