INFO	2023-05-03 17:19:29	SamToFastq	

********** NOTE: Picard's command line syntax is changing.
**********
********** For more information, please see:
********** https://github.com/broadinstitute/picard/wiki/Command-Line-Syntax-Transition-For-Users-(Pre-Transition)
**********
********** The command line looks like this in the new syntax:
**********
**********    SamToFastq -INPUT /hpc/pmc_vanboxtel/projects/TallFlow/3_Output/MIXCR4.3.2/input/bam/pt2229-DX1BM-TALL2_dedup.bam -OUTPUT_DIR /hpc/pmc_vanboxtel/projects/TallFlow/3_Output/MIXCR4.3.2/input/fastq -RG_TAG ID -OUTPUT_PER_RG true
**********


17:19:29.612 INFO  NativeLibraryLoader - Loading libgkl_compression.so from jar:file:/hpc/local/CentOS7/pmc_vanboxtel/bin/picard-2.24.1/picard.jar!/com/intel/gkl/native/libgkl_compression.so
[Wed May 03 17:19:29 CEST 2023] SamToFastq INPUT=/hpc/pmc_vanboxtel/projects/TallFlow/3_Output/MIXCR4.3.2/input/bam/pt2229-DX1BM-TALL2_dedup.bam OUTPUT_PER_RG=true RG_TAG=ID OUTPUT_DIR=/hpc/pmc_vanboxtel/projects/TallFlow/3_Output/MIXCR4.3.2/input/fastq    COMPRESS_OUTPUTS_PER_RG=false RE_REVERSE=true INTERLEAVE=false INCLUDE_NON_PF_READS=false CLIPPING_MIN_LENGTH=0 READ1_TRIM=0 READ2_TRIM=0 INCLUDE_NON_PRIMARY_ALIGNMENTS=false VERBOSITY=INFO QUIET=false VALIDATION_STRINGENCY=STRICT COMPRESSION_LEVEL=5 MAX_RECORDS_IN_RAM=500000 CREATE_INDEX=false CREATE_MD5_FILE=false GA4GH_CLIENT_SECRETS=client_secrets.json USE_JDK_DEFLATER=false USE_JDK_INFLATER=false
[Wed May 03 17:19:29 CEST 2023] Executing as rhagelaar@n0114.compute.hpc on Linux 3.10.0-1160.81.1.el7.x86_64 amd64; Java HotSpot(TM) 64-Bit Server VM 1.8.0_60-b27; Deflater: Intel; Inflater: Intel; Provider GCS is not available; Picard version: 2.24.1
INFO	2023-05-03 17:19:37	SamToFastq	Processed     1,000,000 records.  Elapsed time: 00:00:07s.  Time for last 1,000,000:    7s.  Last read position: 14:105,454,225
[Wed May 03 17:19:43 CEST 2023] picard.sam.SamToFastq done. Elapsed time: 0.23 minutes.
Runtime.totalMemory()=5779750912
To get help, see http://broadinstitute.github.io/picard/index.html#GettingHelp
Exception in thread "main" htsjdk.samtools.SAMFormatException: SAM validation error: ERROR::MATE_NOT_FOUND:Found 27091 unpaired mates
	at htsjdk.samtools.SAMUtils.processValidationError(SAMUtils.java:469)
	at picard.sam.SamToFastq.doWork(SamToFastq.java:225)
	at picard.cmdline.CommandLineProgram.instanceMain(CommandLineProgram.java:304)
	at picard.cmdline.PicardCommandLine.instanceMain(PicardCommandLine.java:103)
	at picard.cmdline.PicardCommandLine.main(PicardCommandLine.java:113)
/hpc/pmc_vanboxtel/projects/TallFlow/2_Code/MIXCR/
IMPORTANT: MiXCR will use at most 2821MB of RAM,
           use -Xmx to change automatically set heap size (i.e. -Xmx50g to set heap size to 50 Gb)
====================
Running:
mixcr align --report /hpc/pmc_vanboxtel/projects/TallFlow/3_Output/MIXCR4.3.2/Output/pt2229-DX1BM-TALL2/pt2229-DX1BM-TALL2_Receptor.align.report.txt --json-report /hpc/pmc_vanboxtel/projects/TallFlow/3_Output/MIXCR4.3.2/Output/pt2229-DX1BM-TALL2/pt2229-DX1BM-TALL2_Receptor.align.report.json --preset rnaseq-full-length --dna --species hsa /hpc/pmc_vanboxtel/projects/TallFlow/3_Output/MIXCR4.3.2/input/fastq/Merged/pt2229-DX1BM-TALL2_R1.fastq /hpc/pmc_vanboxtel/projects/TallFlow/3_Output/MIXCR4.3.2/input/fastq/Merged/pt2229-DX1BM-TALL2_R2.fastq /hpc/pmc_vanboxtel/projects/TallFlow/3_Output/MIXCR4.3.2/Output/pt2229-DX1BM-TALL2/pt2229-DX1BM-TALL2_Receptor.vdjca
Alignment: 0%
Alignment: 11.3%  ETA: 00:03:49
Alignment: 22.5%  ETA: 00:03:29
Alignment: 33.8%  ETA: 00:03:08
Alignment: 45%  ETA: 00:02:36
Alignment: 56.3%  ETA: 00:02:04
Alignment: 67.5%  ETA: 00:01:32
Alignment: 78.8%  ETA: 00:01:02
Alignment: 90%  ETA: 00:00:28
============== Align Report ==============
Analysis time: 4.84m
Total sequencing reads: 855710
Successfully aligned reads: 14343 (1.68%)
Alignment failed: no hits (not TCR/IG?): 693421 (81.03%)
Alignment failed: no CDR3 parts: 85749 (10.02%)
Alignment failed: low total score: 62197 (7.27%)
Overlapped: 50049 (5.85%)
Overlapped and aligned: 255 (0.03%)
Overlapped and not aligned: 49794 (5.82%)
Alignment-aided overlaps, percent of overlapped and aligned: 2 (0.78%)
No CDR3 parts alignments, percent of successfully aligned: 2765 (19.28%)
Partial aligned reads, percent of successfully aligned: 11545 (80.49%)
V gene chimeras: 293 (0.03%)
J gene chimeras: 55 (0.01%)
Paired-end alignment conflicts eliminated: 23 (0%)
Realigned with forced non-floating bound: 1611326 (188.3%)
Realigned with forced non-floating right bound in left read: 2258 (0.26%)
Realigned with forced non-floating left bound in right read: 2258 (0.26%)
TRA chains: 637 (4.44%)
TRA non-functional: 6 (0.94%)
TRB chains: 1867 (13.02%)
TRB non-functional: 0 (0%)
TRD chains: 58 (0.4%)
TRD non-functional: 4 (6.9%)
TRG chains: 61 (0.43%)
TRG non-functional: 12 (19.67%)
TRAD chains: 1068 (7.45%)
TRAD non-functional: 0 (0%)
IGH chains: 6153 (42.9%)
IGH non-functional: 0 (0%)
IGK chains: 1312 (9.15%)
IGK non-functional: 0 (0%)
IGL chains: 3187 (22.22%)
IGL non-functional: 0 (0%)
Trimming report:
  R1 reads trimmed left: 1026 (0.12%)
  R1 reads trimmed right: 7 (0%)
  Average R1 nucleotides trimmed left: 0.0023617814446483037
  Average R1 nucleotides trimmed right: 4.440756798448072E-5
  R2 reads trimmed left: 313 (0.04%)
  R2 reads trimmed right: 7 (0%)
  Average R2 nucleotides trimmed left: 5.352280562340045E-4
  Average R2 nucleotides trimmed right: 2.3606128244381858E-4
====================
Running:
mixcr assemblePartial --report /hpc/pmc_vanboxtel/projects/TallFlow/3_Output/MIXCR4.3.2/Output/pt2229-DX1BM-TALL2/pt2229-DX1BM-TALL2_Receptor.assemblePartial.report.txt --json-report /hpc/pmc_vanboxtel/projects/TallFlow/3_Output/MIXCR4.3.2/Output/pt2229-DX1BM-TALL2/pt2229-DX1BM-TALL2_Receptor.assemblePartial.report.json /hpc/pmc_vanboxtel/projects/TallFlow/3_Output/MIXCR4.3.2/Output/pt2229-DX1BM-TALL2/pt2229-DX1BM-TALL2_Receptor.vdjca /hpc/pmc_vanboxtel/projects/TallFlow/3_Output/MIXCR4.3.2/Output/pt2229-DX1BM-TALL2/pt2229-DX1BM-TALL2_Receptor.passembled.1.vdjca
Building index: 0%
Searching for overlaps: 0%
============== AssemblePartial Report ==============
Analysis time: 1.24s
Total alignments analysed: 14341
Number of output alignments: 14340 (99.99%)
Alignments already with CDR3 (no overlapping is performed): 36 (0.25%)
Successfully overlapped alignments: 1 (0.01%)
Left parts with too small N-region (failed to extract k-mer): 1693 (11.81%)
Extracted k-mer diversity: 49843
Dropped due to wildcard in k-mer: 0 (0%)
Dropped due to too short NRegion parts in overlap: 2 (0.01%)
Dropped overlaps with empty N region due to no complete NDN coverage: 0 (0%)
Number of left-side alignments: 9322 (65%)
Number of right-side alignments: 1970 (13.74%)
Complex overlaps: 0 (0%)
Over-overlaps: 8 (0.06%)
Partial alignments written to output: 14303 (99.74%)
====================
Running:
mixcr assemblePartial --report /hpc/pmc_vanboxtel/projects/TallFlow/3_Output/MIXCR4.3.2/Output/pt2229-DX1BM-TALL2/pt2229-DX1BM-TALL2_Receptor.assemblePartial.report.txt --json-report /hpc/pmc_vanboxtel/projects/TallFlow/3_Output/MIXCR4.3.2/Output/pt2229-DX1BM-TALL2/pt2229-DX1BM-TALL2_Receptor.assemblePartial.report.json /hpc/pmc_vanboxtel/projects/TallFlow/3_Output/MIXCR4.3.2/Output/pt2229-DX1BM-TALL2/pt2229-DX1BM-TALL2_Receptor.passembled.1.vdjca /hpc/pmc_vanboxtel/projects/TallFlow/3_Output/MIXCR4.3.2/Output/pt2229-DX1BM-TALL2/pt2229-DX1BM-TALL2_Receptor.passembled.2.vdjca
Building index: 0%
Searching for overlaps: 0%
============== AssemblePartial Report ==============
Analysis time: 944ms
Total alignments analysed: 14340
Number of output alignments: 14340 (100%)
Alignments already with CDR3 (no overlapping is performed): 37 (0.26%)
Successfully overlapped alignments: 0 (0%)
Left parts with too small N-region (failed to extract k-mer): 1693 (11.81%)
Extracted k-mer diversity: 49811
Dropped due to wildcard in k-mer: 0 (0%)
Dropped due to too short NRegion parts in overlap: 2 (0.01%)
Dropped overlaps with empty N region due to no complete NDN coverage: 0 (0%)
Number of left-side alignments: 9321 (65%)
Number of right-side alignments: 1969 (13.73%)
Complex overlaps: 0 (0%)
Over-overlaps: 8 (0.06%)
Partial alignments written to output: 14303 (99.74%)
====================
Running:
mixcr extend --report /hpc/pmc_vanboxtel/projects/TallFlow/3_Output/MIXCR4.3.2/Output/pt2229-DX1BM-TALL2/pt2229-DX1BM-TALL2_Receptor.extend.report.txt --json-report /hpc/pmc_vanboxtel/projects/TallFlow/3_Output/MIXCR4.3.2/Output/pt2229-DX1BM-TALL2/pt2229-DX1BM-TALL2_Receptor.extend.report.json /hpc/pmc_vanboxtel/projects/TallFlow/3_Output/MIXCR4.3.2/Output/pt2229-DX1BM-TALL2/pt2229-DX1BM-TALL2_Receptor.passembled.2.vdjca /hpc/pmc_vanboxtel/projects/TallFlow/3_Output/MIXCR4.3.2/Output/pt2229-DX1BM-TALL2/pt2229-DX1BM-TALL2_Receptor.extended.vdjca
Extending alignments: 0%
============== Extend Report ==============
Analysis time: 283ms
Extended alignments count: 3 (0.02%)
V extensions total: 0 (0%)
V extensions with merged targets: 0 (0%)
J extensions total: 3 (0.02%)
J extensions with merged targets: 0 (0%)
V+J extensions: 0 (0%)
Mean V extension length: NaN
Mean J extension length: 8.666666666666666
====================
Running:
mixcr assemble --report /hpc/pmc_vanboxtel/projects/TallFlow/3_Output/MIXCR4.3.2/Output/pt2229-DX1BM-TALL2/pt2229-DX1BM-TALL2_Receptor.assemble.report.txt --json-report /hpc/pmc_vanboxtel/projects/TallFlow/3_Output/MIXCR4.3.2/Output/pt2229-DX1BM-TALL2/pt2229-DX1BM-TALL2_Receptor.assemble.report.json /hpc/pmc_vanboxtel/projects/TallFlow/3_Output/MIXCR4.3.2/Output/pt2229-DX1BM-TALL2/pt2229-DX1BM-TALL2_Receptor.extended.vdjca /hpc/pmc_vanboxtel/projects/TallFlow/3_Output/MIXCR4.3.2/Output/pt2229-DX1BM-TALL2/pt2229-DX1BM-TALL2_Receptor.clna
Initialization: progress unknown
Initialization: progress unknown
============== Assemble Report ==============
Analysis time: 342ms
Final clonotype count: 6
Reads used in clonotypes, percent of total: 38 (0%)
Average number of reads per clonotype: 6.33
Reads dropped due to the lack of a clone sequence, percent of total: 14303 (1.67%)
Reads dropped due to a too short clonal sequence, percent of total: 0 (0%)
Reads dropped due to low quality, percent of total: 0 (0%)
Reads dropped due to failed mapping, percent of total: 0 (0%)
Reads dropped with low quality clones, percent of total: 0 (0%)
Reads used in clonotypes before clustering, percent of total: 38 (0%)
Number of reads used as a core, percent of used: 33 (86.84%)
Mapped low quality reads, percent of used: 5 (13.16%)
Reads clustered in PCR error correction, percent of used: 0 (0%)
Reads pre-clustered due to the similar VJC-lists, percent of used: 0 (0%)
Clonotypes dropped as low quality: 0
Clonotypes eliminated by PCR error correction: 0
Clonotypes pre-clustered due to the similar VJC-lists: 0
Clones dropped in post filtering: 0 (0%)
Reads dropped in post filtering: 0.0 (0%)
Alignments filtered by tag prefix: 0 (0%)
TRA chains: 1 (16.67%)
TRA non-functional: 1 (100%)
TRB chains: 2 (33.33%)
TRB non-functional: 0 (0%)
TRD chains: 1 (16.67%)
TRD non-functional: 1 (100%)
TRG chains: 2 (33.33%)
TRG non-functional: 2 (100%)
====================
Running:
mixcr assembleContigs --report /hpc/pmc_vanboxtel/projects/TallFlow/3_Output/MIXCR4.3.2/Output/pt2229-DX1BM-TALL2/pt2229-DX1BM-TALL2_Receptor.assembleContigs.report.txt --json-report /hpc/pmc_vanboxtel/projects/TallFlow/3_Output/MIXCR4.3.2/Output/pt2229-DX1BM-TALL2/pt2229-DX1BM-TALL2_Receptor.assembleContigs.report.json /hpc/pmc_vanboxtel/projects/TallFlow/3_Output/MIXCR4.3.2/Output/pt2229-DX1BM-TALL2/pt2229-DX1BM-TALL2_Receptor.clna /hpc/pmc_vanboxtel/projects/TallFlow/3_Output/MIXCR4.3.2/Output/pt2229-DX1BM-TALL2/pt2229-DX1BM-TALL2_Receptor.contigs.clns
Assembling contigs: 0%
============== AssembleContigs Report ==============
Analysis time: 264ms
Initial clonotype count: 6
Final clonotype count: 6 (100%)
Canceled assemblies: 0 (0%)
Number of premature termination assembly events, percent of number of initial clonotypes: 0.0 (0%)
Longest contig length: 663
Clustered variants: 0 (0%)
Reads in clustered variants: 0.0 (0%)
Reads in divided (newly created) clones: 0.0 (0%)
Clones with ambiguous letters in splitting region: 0 (0%)
Reads in clones with ambiguous letters in splitting region: 0.0 (0%)
Average number of ambiguous letters per clone with ambiguous letters in splitting region: NaN
====================
Running:
mixcr exportClones /hpc/pmc_vanboxtel/projects/TallFlow/3_Output/MIXCR4.3.2/Output/pt2229-DX1BM-TALL2/pt2229-DX1BM-TALL2_Receptor.contigs.clns /hpc/pmc_vanboxtel/projects/TallFlow/3_Output/MIXCR4.3.2/Output/pt2229-DX1BM-TALL2/pt2229-DX1BM-TALL2_Receptor.clones.tsv
Exporting TRB
Exporting clones: 0%
WARNING: Filtered 2 of 6 clones (66.67%).
WARNING: Filtered 11.0 of 38.0 reads (71.05%).
Exporting TRAD
Exporting clones: 0%
WARNING: Filtered 2 of 6 clones (66.67%).
WARNING: Filtered 13.0 of 38.0 reads (65.79%).
Exporting TRG
Exporting clones: 0%
WARNING: Filtered 2 of 6 clones (66.67%).
WARNING: Filtered 14.0 of 38.0 reads (63.16%).
Analysis finished successfully.
IMPORTANT: MiXCR will use at most 6749MB of RAM,
           use -Xmx to change automatically set heap size (i.e. -Xmx50g to set heap size to 50 Gb)
IMPORTANT: MiXCR will use at most 5394MB of RAM,
           use -Xmx to change automatically set heap size (i.e. -Xmx50g to set heap size to 50 Gb)
IMPORTANT: MiXCR will use at most 3953MB of RAM,
           use -Xmx to change automatically set heap size (i.e. -Xmx50g to set heap size to 50 Gb)
