INFO	2023-05-03 17:26:41	SamToFastq	

********** NOTE: Picard's command line syntax is changing.
**********
********** For more information, please see:
********** https://github.com/broadinstitute/picard/wiki/Command-Line-Syntax-Transition-For-Users-(Pre-Transition)
**********
********** The command line looks like this in the new syntax:
**********
**********    SamToFastq -INPUT /hpc/pmc_vanboxtel/projects/TallFlow/3_Output/MIXCR4.3.2/input/bam/pt2229-DX1BM-TALL7_dedup.bam -OUTPUT_DIR /hpc/pmc_vanboxtel/projects/TallFlow/3_Output/MIXCR4.3.2/input/fastq -RG_TAG ID -OUTPUT_PER_RG true
**********


17:26:41.864 INFO  NativeLibraryLoader - Loading libgkl_compression.so from jar:file:/hpc/local/CentOS7/pmc_vanboxtel/bin/picard-2.24.1/picard.jar!/com/intel/gkl/native/libgkl_compression.so
[Wed May 03 17:26:41 CEST 2023] SamToFastq INPUT=/hpc/pmc_vanboxtel/projects/TallFlow/3_Output/MIXCR4.3.2/input/bam/pt2229-DX1BM-TALL7_dedup.bam OUTPUT_PER_RG=true RG_TAG=ID OUTPUT_DIR=/hpc/pmc_vanboxtel/projects/TallFlow/3_Output/MIXCR4.3.2/input/fastq    COMPRESS_OUTPUTS_PER_RG=false RE_REVERSE=true INTERLEAVE=false INCLUDE_NON_PF_READS=false CLIPPING_MIN_LENGTH=0 READ1_TRIM=0 READ2_TRIM=0 INCLUDE_NON_PRIMARY_ALIGNMENTS=false VERBOSITY=INFO QUIET=false VALIDATION_STRINGENCY=STRICT COMPRESSION_LEVEL=5 MAX_RECORDS_IN_RAM=500000 CREATE_INDEX=false CREATE_MD5_FILE=false GA4GH_CLIENT_SECRETS=client_secrets.json USE_JDK_DEFLATER=false USE_JDK_INFLATER=false
[Wed May 03 17:26:41 CEST 2023] Executing as rhagelaar@n0106.compute.hpc on Linux 3.10.0-1160.81.1.el7.x86_64 amd64; Java HotSpot(TM) 64-Bit Server VM 1.8.0_60-b27; Deflater: Intel; Inflater: Intel; Provider GCS is not available; Picard version: 2.24.1
INFO	2023-05-03 17:26:51	SamToFastq	Processed     1,000,000 records.  Elapsed time: 00:00:09s.  Time for last 1,000,000:    9s.  Last read position: 14:105,956,134
[Wed May 03 17:26:54 CEST 2023] picard.sam.SamToFastq done. Elapsed time: 0.21 minutes.
Runtime.totalMemory()=5775556608
To get help, see http://broadinstitute.github.io/picard/index.html#GettingHelp
Exception in thread "main" htsjdk.samtools.SAMFormatException: SAM validation error: ERROR::MATE_NOT_FOUND:Found 21610 unpaired mates
	at htsjdk.samtools.SAMUtils.processValidationError(SAMUtils.java:469)
	at picard.sam.SamToFastq.doWork(SamToFastq.java:225)
	at picard.cmdline.CommandLineProgram.instanceMain(CommandLineProgram.java:304)
	at picard.cmdline.PicardCommandLine.instanceMain(PicardCommandLine.java:103)
	at picard.cmdline.PicardCommandLine.main(PicardCommandLine.java:113)
/hpc/pmc_vanboxtel/projects/TallFlow/2_Code/MIXCR/
IMPORTANT: MiXCR will use at most 6234MB of RAM,
           use -Xmx to change automatically set heap size (i.e. -Xmx50g to set heap size to 50 Gb)
====================
Running:
mixcr align --report /hpc/pmc_vanboxtel/projects/TallFlow/3_Output/MIXCR4.3.2/Output/pt2229-DX1BM-TALL7/pt2229-DX1BM-TALL7_Receptor.align.report.txt --json-report /hpc/pmc_vanboxtel/projects/TallFlow/3_Output/MIXCR4.3.2/Output/pt2229-DX1BM-TALL7/pt2229-DX1BM-TALL7_Receptor.align.report.json --preset rnaseq-full-length --dna --species hsa /hpc/pmc_vanboxtel/projects/TallFlow/3_Output/MIXCR4.3.2/input/fastq/Merged/pt2229-DX1BM-TALL7_R1.fastq /hpc/pmc_vanboxtel/projects/TallFlow/3_Output/MIXCR4.3.2/input/fastq/Merged/pt2229-DX1BM-TALL7_R2.fastq /hpc/pmc_vanboxtel/projects/TallFlow/3_Output/MIXCR4.3.2/Output/pt2229-DX1BM-TALL7/pt2229-DX1BM-TALL7_Receptor.vdjca
Alignment: 0%
Alignment: 11.1%  ETA: 00:03:22
Alignment: 22.1%  ETA: 00:02:58
Alignment: 33.2%  ETA: 00:02:30
Alignment: 44.3%  ETA: 00:02:05
Alignment: 55.3%  ETA: 00:01:42
Alignment: 66.4%  ETA: 00:01:14
Alignment: 77.5%  ETA: 00:00:46
Alignment: 88.5%  ETA: 00:00:23
Alignment: 99.6%  ETA: 00:00:00
============== Align Report ==============
Analysis time: 3.81m
Total sequencing reads: 652647
Successfully aligned reads: 10290 (1.58%)
Alignment failed: no hits (not TCR/IG?): 523137 (80.16%)
Alignment failed: no CDR3 parts: 68000 (10.42%)
Alignment failed: low total score: 51220 (7.85%)
Overlapped: 48593 (7.45%)
Overlapped and aligned: 270 (0.04%)
Overlapped and not aligned: 48323 (7.4%)
Alignment-aided overlaps, percent of overlapped and aligned: 2 (0.74%)
No CDR3 parts alignments, percent of successfully aligned: 1564 (15.2%)
Partial aligned reads, percent of successfully aligned: 8715 (84.69%)
V gene chimeras: 159 (0.02%)
J gene chimeras: 61 (0.01%)
Paired-end alignment conflicts eliminated: 27 (0%)
Realigned with forced non-floating bound: 1208112 (185.11%)
Realigned with forced non-floating right bound in left read: 2535 (0.39%)
Realigned with forced non-floating left bound in right read: 2535 (0.39%)
TRA chains: 1594 (15.49%)
TRA non-functional: 2 (0.13%)
TRB chains: 718 (6.98%)
TRB non-functional: 0 (0%)
TRD chains: 46 (0.45%)
TRD non-functional: 7 (15.22%)
TRG chains: 2 (0.02%)
TRG non-functional: 0 (0%)
TRAD chains: 1046 (10.17%)
TRAD non-functional: 0 (0%)
IGH chains: 3538 (34.38%)
IGH non-functional: 0 (0%)
IGK chains: 2011 (19.54%)
IGK non-functional: 0 (0%)
IGL chains: 1335 (12.97%)
IGL non-functional: 0 (0%)
Trimming report:
  R1 reads trimmed left: 776 (0.12%)
  R1 reads trimmed right: 11 (0%)
  Average R1 nucleotides trimmed left: 0.0024331683130390546
  Average R1 nucleotides trimmed right: 4.2442545510819785E-4
  R2 reads trimmed left: 274 (0.04%)
  R2 reads trimmed right: 12 (0%)
  Average R2 nucleotides trimmed left: 6.297431842941131E-4
  Average R2 nucleotides trimmed right: 0.0011461019509780939
====================
Running:
mixcr assemblePartial --report /hpc/pmc_vanboxtel/projects/TallFlow/3_Output/MIXCR4.3.2/Output/pt2229-DX1BM-TALL7/pt2229-DX1BM-TALL7_Receptor.assemblePartial.report.txt --json-report /hpc/pmc_vanboxtel/projects/TallFlow/3_Output/MIXCR4.3.2/Output/pt2229-DX1BM-TALL7/pt2229-DX1BM-TALL7_Receptor.assemblePartial.report.json /hpc/pmc_vanboxtel/projects/TallFlow/3_Output/MIXCR4.3.2/Output/pt2229-DX1BM-TALL7/pt2229-DX1BM-TALL7_Receptor.vdjca /hpc/pmc_vanboxtel/projects/TallFlow/3_Output/MIXCR4.3.2/Output/pt2229-DX1BM-TALL7/pt2229-DX1BM-TALL7_Receptor.passembled.1.vdjca
Building index: 0%
Searching for overlaps: 0%
============== AssemblePartial Report ==============
Analysis time: 792ms
Total alignments analysed: 10289
Number of output alignments: 10285 (99.96%)
Alignments already with CDR3 (no overlapping is performed): 11 (0.11%)
Successfully overlapped alignments: 4 (0.04%)
Left parts with too small N-region (failed to extract k-mer): 1040 (10.11%)
Extracted k-mer diversity: 39165
Dropped due to wildcard in k-mer: 0 (0%)
Dropped due to too short NRegion parts in overlap: 2 (0.02%)
Dropped overlaps with empty N region due to no complete NDN coverage: 0 (0%)
Number of left-side alignments: 6174 (60.01%)
Number of right-side alignments: 2384 (23.17%)
Complex overlaps: 0 (0%)
Over-overlaps: 10 (0.1%)
Partial alignments written to output: 10270 (99.82%)
====================
Running:
mixcr assemblePartial --report /hpc/pmc_vanboxtel/projects/TallFlow/3_Output/MIXCR4.3.2/Output/pt2229-DX1BM-TALL7/pt2229-DX1BM-TALL7_Receptor.assemblePartial.report.txt --json-report /hpc/pmc_vanboxtel/projects/TallFlow/3_Output/MIXCR4.3.2/Output/pt2229-DX1BM-TALL7/pt2229-DX1BM-TALL7_Receptor.assemblePartial.report.json /hpc/pmc_vanboxtel/projects/TallFlow/3_Output/MIXCR4.3.2/Output/pt2229-DX1BM-TALL7/pt2229-DX1BM-TALL7_Receptor.passembled.1.vdjca /hpc/pmc_vanboxtel/projects/TallFlow/3_Output/MIXCR4.3.2/Output/pt2229-DX1BM-TALL7/pt2229-DX1BM-TALL7_Receptor.passembled.2.vdjca
Building index: 0%
Searching for overlaps: 0%
============== AssemblePartial Report ==============
Analysis time: 824ms
Total alignments analysed: 10285
Number of output alignments: 10285 (100%)
Alignments already with CDR3 (no overlapping is performed): 14 (0.14%)
Successfully overlapped alignments: 0 (0%)
Left parts with too small N-region (failed to extract k-mer): 1039 (10.1%)
Extracted k-mer diversity: 39161
Dropped due to wildcard in k-mer: 0 (0%)
Dropped due to too short NRegion parts in overlap: 2 (0.02%)
Dropped overlaps with empty N region due to no complete NDN coverage: 0 (0%)
Number of left-side alignments: 6171 (60%)
Number of right-side alignments: 2380 (23.14%)
Complex overlaps: 0 (0%)
Over-overlaps: 10 (0.1%)
Partial alignments written to output: 10271 (99.86%)
====================
Running:
mixcr extend --report /hpc/pmc_vanboxtel/projects/TallFlow/3_Output/MIXCR4.3.2/Output/pt2229-DX1BM-TALL7/pt2229-DX1BM-TALL7_Receptor.extend.report.txt --json-report /hpc/pmc_vanboxtel/projects/TallFlow/3_Output/MIXCR4.3.2/Output/pt2229-DX1BM-TALL7/pt2229-DX1BM-TALL7_Receptor.extend.report.json /hpc/pmc_vanboxtel/projects/TallFlow/3_Output/MIXCR4.3.2/Output/pt2229-DX1BM-TALL7/pt2229-DX1BM-TALL7_Receptor.passembled.2.vdjca /hpc/pmc_vanboxtel/projects/TallFlow/3_Output/MIXCR4.3.2/Output/pt2229-DX1BM-TALL7/pt2229-DX1BM-TALL7_Receptor.extended.vdjca
Extending alignments: 0%
============== Extend Report ==============
Analysis time: 228ms
Extended alignments count: 1 (0.01%)
V extensions total: 0 (0%)
V extensions with merged targets: 0 (0%)
J extensions total: 1 (0.01%)
J extensions with merged targets: 0 (0%)
V+J extensions: 0 (0%)
Mean V extension length: NaN
Mean J extension length: 4.0
====================
Running:
mixcr assemble --report /hpc/pmc_vanboxtel/projects/TallFlow/3_Output/MIXCR4.3.2/Output/pt2229-DX1BM-TALL7/pt2229-DX1BM-TALL7_Receptor.assemble.report.txt --json-report /hpc/pmc_vanboxtel/projects/TallFlow/3_Output/MIXCR4.3.2/Output/pt2229-DX1BM-TALL7/pt2229-DX1BM-TALL7_Receptor.assemble.report.json /hpc/pmc_vanboxtel/projects/TallFlow/3_Output/MIXCR4.3.2/Output/pt2229-DX1BM-TALL7/pt2229-DX1BM-TALL7_Receptor.extended.vdjca /hpc/pmc_vanboxtel/projects/TallFlow/3_Output/MIXCR4.3.2/Output/pt2229-DX1BM-TALL7/pt2229-DX1BM-TALL7_Receptor.clna
Initialization: progress unknown
Initialization: progress unknown
============== Assemble Report ==============
Analysis time: 445ms
Final clonotype count: 3
Reads used in clonotypes, percent of total: 16 (0%)
Average number of reads per clonotype: 5.33
Reads dropped due to the lack of a clone sequence, percent of total: 10271 (1.57%)
Reads dropped due to a too short clonal sequence, percent of total: 0 (0%)
Reads dropped due to low quality, percent of total: 0 (0%)
Reads dropped due to failed mapping, percent of total: 1 (0%)
Reads dropped with low quality clones, percent of total: 0 (0%)
Reads used in clonotypes before clustering, percent of total: 16 (0%)
Number of reads used as a core, percent of used: 16 (100%)
Mapped low quality reads, percent of used: 0 (0%)
Reads clustered in PCR error correction, percent of used: 0 (0%)
Reads pre-clustered due to the similar VJC-lists, percent of used: 0 (0%)
Clonotypes dropped as low quality: 0
Clonotypes eliminated by PCR error correction: 0
Clonotypes pre-clustered due to the similar VJC-lists: 0
Clones dropped in post filtering: 0 (0%)
Reads dropped in post filtering: 0.0 (0%)
Alignments filtered by tag prefix: 0 (0%)
TRA chains: 2 (66.67%)
TRA non-functional: 2 (100%)
TRD chains: 1 (33.33%)
TRD non-functional: 1 (100%)
====================
Running:
mixcr assembleContigs --report /hpc/pmc_vanboxtel/projects/TallFlow/3_Output/MIXCR4.3.2/Output/pt2229-DX1BM-TALL7/pt2229-DX1BM-TALL7_Receptor.assembleContigs.report.txt --json-report /hpc/pmc_vanboxtel/projects/TallFlow/3_Output/MIXCR4.3.2/Output/pt2229-DX1BM-TALL7/pt2229-DX1BM-TALL7_Receptor.assembleContigs.report.json /hpc/pmc_vanboxtel/projects/TallFlow/3_Output/MIXCR4.3.2/Output/pt2229-DX1BM-TALL7/pt2229-DX1BM-TALL7_Receptor.clna /hpc/pmc_vanboxtel/projects/TallFlow/3_Output/MIXCR4.3.2/Output/pt2229-DX1BM-TALL7/pt2229-DX1BM-TALL7_Receptor.contigs.clns
Assembling contigs: 0%
============== AssembleContigs Report ==============
Analysis time: 203ms
Initial clonotype count: 3
Final clonotype count: 3 (100%)
Canceled assemblies: 0 (0%)
Number of premature termination assembly events, percent of number of initial clonotypes: 0.0 (0%)
Longest contig length: 603
Clustered variants: 0 (0%)
Reads in clustered variants: 0.0 (0%)
Reads in divided (newly created) clones: 0.0 (0%)
Clones with ambiguous letters in splitting region: 0 (0%)
Reads in clones with ambiguous letters in splitting region: 0.0 (0%)
Average number of ambiguous letters per clone with ambiguous letters in splitting region: NaN
====================
Running:
mixcr exportClones /hpc/pmc_vanboxtel/projects/TallFlow/3_Output/MIXCR4.3.2/Output/pt2229-DX1BM-TALL7/pt2229-DX1BM-TALL7_Receptor.contigs.clns /hpc/pmc_vanboxtel/projects/TallFlow/3_Output/MIXCR4.3.2/Output/pt2229-DX1BM-TALL7/pt2229-DX1BM-TALL7_Receptor.clones.tsv
Exporting TRAD
Exporting clones: 0%
Analysis finished successfully.
IMPORTANT: MiXCR will use at most 9302MB of RAM,
           use -Xmx to change automatically set heap size (i.e. -Xmx50g to set heap size to 50 Gb)
IMPORTANT: MiXCR will use at most 10352MB of RAM,
           use -Xmx to change automatically set heap size (i.e. -Xmx50g to set heap size to 50 Gb)
IMPORTANT: MiXCR will use at most 12000MB of RAM,
           use -Xmx to change automatically set heap size (i.e. -Xmx50g to set heap size to 50 Gb)
