INFO	2023-05-03 17:16:53	SamToFastq	

********** NOTE: Picard's command line syntax is changing.
**********
********** For more information, please see:
********** https://github.com/broadinstitute/picard/wiki/Command-Line-Syntax-Transition-For-Users-(Pre-Transition)
**********
********** The command line looks like this in the new syntax:
**********
**********    SamToFastq -INPUT /hpc/pmc_vanboxtel/projects/TallFlow/3_Output/MIXCR4.3.2/input/bam/pt2283D-DX1BM-ALLBULK-iSPCD4_dedup.bam -OUTPUT_DIR /hpc/pmc_vanboxtel/projects/TallFlow/3_Output/MIXCR4.3.2/input/fastq -RG_TAG ID -OUTPUT_PER_RG true
**********


17:16:53.651 INFO  NativeLibraryLoader - Loading libgkl_compression.so from jar:file:/hpc/local/CentOS7/pmc_vanboxtel/bin/picard-2.24.1/picard.jar!/com/intel/gkl/native/libgkl_compression.so
[Wed May 03 17:16:53 CEST 2023] SamToFastq INPUT=/hpc/pmc_vanboxtel/projects/TallFlow/3_Output/MIXCR4.3.2/input/bam/pt2283D-DX1BM-ALLBULK-iSPCD4_dedup.bam OUTPUT_PER_RG=true RG_TAG=ID OUTPUT_DIR=/hpc/pmc_vanboxtel/projects/TallFlow/3_Output/MIXCR4.3.2/input/fastq    COMPRESS_OUTPUTS_PER_RG=false RE_REVERSE=true INTERLEAVE=false INCLUDE_NON_PF_READS=false CLIPPING_MIN_LENGTH=0 READ1_TRIM=0 READ2_TRIM=0 INCLUDE_NON_PRIMARY_ALIGNMENTS=false VERBOSITY=INFO QUIET=false VALIDATION_STRINGENCY=STRICT COMPRESSION_LEVEL=5 MAX_RECORDS_IN_RAM=500000 CREATE_INDEX=false CREATE_MD5_FILE=false GA4GH_CLIENT_SECRETS=client_secrets.json USE_JDK_DEFLATER=false USE_JDK_INFLATER=false
[Wed May 03 17:16:53 CEST 2023] Executing as rhagelaar@n0106.compute.hpc on Linux 3.10.0-1160.81.1.el7.x86_64 amd64; Java HotSpot(TM) 64-Bit Server VM 1.8.0_60-b27; Deflater: Intel; Inflater: Intel; Provider GCS is not available; Picard version: 2.24.1
INFO	2023-05-03 17:17:02	SamToFastq	Processed     1,000,000 records.  Elapsed time: 00:00:08s.  Time for last 1,000,000:    8s.  Last read position: 7:38,063,721
INFO	2023-05-03 17:17:10	SamToFastq	Processed     2,000,000 records.  Elapsed time: 00:00:16s.  Time for last 1,000,000:    7s.  Last read position: 14:21,990,396
INFO	2023-05-03 17:17:17	SamToFastq	Processed     3,000,000 records.  Elapsed time: 00:00:23s.  Time for last 1,000,000:    7s.  Last read position: 22:22,305,555
[Wed May 03 17:17:21 CEST 2023] picard.sam.SamToFastq done. Elapsed time: 0.47 minutes.
Runtime.totalMemory()=10138157056
To get help, see http://broadinstitute.github.io/picard/index.html#GettingHelp
Exception in thread "main" htsjdk.samtools.SAMFormatException: SAM validation error: ERROR::MATE_NOT_FOUND:Found 75261 unpaired mates
	at htsjdk.samtools.SAMUtils.processValidationError(SAMUtils.java:469)
	at picard.sam.SamToFastq.doWork(SamToFastq.java:225)
	at picard.cmdline.CommandLineProgram.instanceMain(CommandLineProgram.java:304)
	at picard.cmdline.PicardCommandLine.instanceMain(PicardCommandLine.java:103)
	at picard.cmdline.PicardCommandLine.main(PicardCommandLine.java:113)
/hpc/pmc_vanboxtel/projects/TallFlow/2_Code/MIXCR/
IMPORTANT: MiXCR will use at most 12000MB of RAM,
           use -Xmx to change automatically set heap size (i.e. -Xmx50g to set heap size to 50 Gb)
====================
Running:
mixcr align --report /hpc/pmc_vanboxtel/projects/TallFlow/3_Output/MIXCR4.3.2/Output/pt2283D-DX1BM-ALLBULK-iSPCD4/pt2283D-DX1BM-ALLBULK-iSPCD4_Receptor.align.report.txt --json-report /hpc/pmc_vanboxtel/projects/TallFlow/3_Output/MIXCR4.3.2/Output/pt2283D-DX1BM-ALLBULK-iSPCD4/pt2283D-DX1BM-ALLBULK-iSPCD4_Receptor.align.report.json --preset rnaseq-full-length --dna --species hsa /hpc/pmc_vanboxtel/projects/TallFlow/3_Output/MIXCR4.3.2/input/fastq/Merged/pt2283D-DX1BM-ALLBULK-iSPCD4_R1.fastq /hpc/pmc_vanboxtel/projects/TallFlow/3_Output/MIXCR4.3.2/input/fastq/Merged/pt2283D-DX1BM-ALLBULK-iSPCD4_R2.fastq /hpc/pmc_vanboxtel/projects/TallFlow/3_Output/MIXCR4.3.2/Output/pt2283D-DX1BM-ALLBULK-iSPCD4/pt2283D-DX1BM-ALLBULK-iSPCD4_Receptor.vdjca
Alignment: 0%
Alignment: 10.3%  ETA: 00:07:43
Alignment: 20.6%  ETA: 00:06:55
Alignment: 30.9%  ETA: 00:05:55
Alignment: 41.2%  ETA: 00:04:39
Alignment: 51.6%  ETA: 00:04:23
Alignment: 61.9%  ETA: 00:03:02
Alignment: 72.2%  ETA: 00:02:23
Alignment: 82.5%  ETA: 00:01:30
Alignment: 92.8%  ETA: 00:00:34
============== Align Report ==============
Analysis time: 8.6m
Total sequencing reads: 1634064
Successfully aligned reads: 19333 (1.18%)
Alignment failed: no hits (not TCR/IG?): 1323380 (80.99%)
Alignment failed: no CDR3 parts: 164273 (10.05%)
Alignment failed: low total score: 127078 (7.78%)
Overlapped: 166775 (10.21%)
Overlapped and aligned: 319 (0.02%)
Overlapped and not aligned: 166456 (10.19%)
Alignment-aided overlaps, percent of overlapped and aligned: 6 (1.88%)
No CDR3 parts alignments, percent of successfully aligned: 2631 (13.61%)
Partial aligned reads, percent of successfully aligned: 16631 (86.02%)
V gene chimeras: 319 (0.02%)
J gene chimeras: 170 (0.01%)
Paired-end alignment conflicts eliminated: 37 (0%)
Realigned with forced non-floating bound: 2934590 (179.59%)
Realigned with forced non-floating right bound in left read: 6692 (0.41%)
Realigned with forced non-floating left bound in right read: 6692 (0.41%)
TRA chains: 2311 (11.95%)
TRA non-functional: 9 (0.39%)
TRB chains: 2203 (11.4%)
TRB non-functional: 1 (0.05%)
TRD chains: 90 (0.47%)
TRD non-functional: 7 (7.78%)
TRG chains: 389 (2.01%)
TRG non-functional: 26 (6.68%)
TRAD chains: 2162 (11.18%)
TRAD non-functional: 0 (0%)
IGH chains: 5221 (27.01%)
IGH non-functional: 0 (0%)
IGK chains: 3360 (17.38%)
IGK non-functional: 0 (0%)
IGL chains: 3597 (18.61%)
IGL non-functional: 0 (0%)
Trimming report:
  R1 reads trimmed left: 692 (0.04%)
  R1 reads trimmed right: 23 (0%)
  Average R1 nucleotides trimmed left: 9.142848750110155E-4
  Average R1 nucleotides trimmed right: 3.182249899636734E-5
  R2 reads trimmed left: 190 (0.01%)
  R2 reads trimmed right: 25 (0%)
  Average R2 nucleotides trimmed left: 2.3132508885820874E-4
  Average R2 nucleotides trimmed right: 5.036522437309677E-4
====================
Running:
mixcr assemblePartial --report /hpc/pmc_vanboxtel/projects/TallFlow/3_Output/MIXCR4.3.2/Output/pt2283D-DX1BM-ALLBULK-iSPCD4/pt2283D-DX1BM-ALLBULK-iSPCD4_Receptor.assemblePartial.report.txt --json-report /hpc/pmc_vanboxtel/projects/TallFlow/3_Output/MIXCR4.3.2/Output/pt2283D-DX1BM-ALLBULK-iSPCD4/pt2283D-DX1BM-ALLBULK-iSPCD4_Receptor.assemblePartial.report.json /hpc/pmc_vanboxtel/projects/TallFlow/3_Output/MIXCR4.3.2/Output/pt2283D-DX1BM-ALLBULK-iSPCD4/pt2283D-DX1BM-ALLBULK-iSPCD4_Receptor.vdjca /hpc/pmc_vanboxtel/projects/TallFlow/3_Output/MIXCR4.3.2/Output/pt2283D-DX1BM-ALLBULK-iSPCD4/pt2283D-DX1BM-ALLBULK-iSPCD4_Receptor.passembled.1.vdjca
Building index: 0%
Searching for overlaps: 0%
Searching for overlaps: 100%  ETA: 00:00:00
============== AssemblePartial Report ==============
Analysis time: 1.6s
Total alignments analysed: 19332
Number of output alignments: 19330 (99.99%)
Alignments already with CDR3 (no overlapping is performed): 74 (0.38%)
Successfully overlapped alignments: 2 (0.01%)
Left parts with too small N-region (failed to extract k-mer): 2259 (11.69%)
Extracted k-mer diversity: 44752
Dropped due to wildcard in k-mer: 0 (0%)
Dropped due to too short NRegion parts in overlap: 3 (0.02%)
Dropped overlaps with empty N region due to no complete NDN coverage: 0 (0%)
Number of left-side alignments: 12017 (62.16%)
Number of right-side alignments: 4083 (21.12%)
Complex overlaps: 0 (0%)
Over-overlaps: 12 (0.06%)
Partial alignments written to output: 19254 (99.6%)
====================
Running:
mixcr assemblePartial --report /hpc/pmc_vanboxtel/projects/TallFlow/3_Output/MIXCR4.3.2/Output/pt2283D-DX1BM-ALLBULK-iSPCD4/pt2283D-DX1BM-ALLBULK-iSPCD4_Receptor.assemblePartial.report.txt --json-report /hpc/pmc_vanboxtel/projects/TallFlow/3_Output/MIXCR4.3.2/Output/pt2283D-DX1BM-ALLBULK-iSPCD4/pt2283D-DX1BM-ALLBULK-iSPCD4_Receptor.assemblePartial.report.json /hpc/pmc_vanboxtel/projects/TallFlow/3_Output/MIXCR4.3.2/Output/pt2283D-DX1BM-ALLBULK-iSPCD4/pt2283D-DX1BM-ALLBULK-iSPCD4_Receptor.passembled.1.vdjca /hpc/pmc_vanboxtel/projects/TallFlow/3_Output/MIXCR4.3.2/Output/pt2283D-DX1BM-ALLBULK-iSPCD4/pt2283D-DX1BM-ALLBULK-iSPCD4_Receptor.passembled.2.vdjca
Building index: 0%
Searching for overlaps: 0%
============== AssemblePartial Report ==============
Analysis time: 1.23s
Total alignments analysed: 19330
Number of output alignments: 19330 (100%)
Alignments already with CDR3 (no overlapping is performed): 76 (0.39%)
Successfully overlapped alignments: 0 (0%)
Left parts with too small N-region (failed to extract k-mer): 2259 (11.69%)
Extracted k-mer diversity: 44720
Dropped due to wildcard in k-mer: 0 (0%)
Dropped due to too short NRegion parts in overlap: 3 (0.02%)
Dropped overlaps with empty N region due to no complete NDN coverage: 0 (0%)
Number of left-side alignments: 12015 (62.16%)
Number of right-side alignments: 4081 (21.11%)
Complex overlaps: 0 (0%)
Over-overlaps: 12 (0.06%)
Partial alignments written to output: 19254 (99.61%)
====================
Running:
mixcr extend --report /hpc/pmc_vanboxtel/projects/TallFlow/3_Output/MIXCR4.3.2/Output/pt2283D-DX1BM-ALLBULK-iSPCD4/pt2283D-DX1BM-ALLBULK-iSPCD4_Receptor.extend.report.txt --json-report /hpc/pmc_vanboxtel/projects/TallFlow/3_Output/MIXCR4.3.2/Output/pt2283D-DX1BM-ALLBULK-iSPCD4/pt2283D-DX1BM-ALLBULK-iSPCD4_Receptor.extend.report.json /hpc/pmc_vanboxtel/projects/TallFlow/3_Output/MIXCR4.3.2/Output/pt2283D-DX1BM-ALLBULK-iSPCD4/pt2283D-DX1BM-ALLBULK-iSPCD4_Receptor.passembled.2.vdjca /hpc/pmc_vanboxtel/projects/TallFlow/3_Output/MIXCR4.3.2/Output/pt2283D-DX1BM-ALLBULK-iSPCD4/pt2283D-DX1BM-ALLBULK-iSPCD4_Receptor.extended.vdjca
Extending alignments: 0%
============== Extend Report ==============
Analysis time: 374ms
Extended alignments count: 3 (0.02%)
V extensions total: 2 (0.01%)
V extensions with merged targets: 0 (0%)
J extensions total: 1 (0.01%)
J extensions with merged targets: 0 (0%)
V+J extensions: 0 (0%)
Mean V extension length: 1.0
Mean J extension length: 12.0
====================
Running:
mixcr assemble --report /hpc/pmc_vanboxtel/projects/TallFlow/3_Output/MIXCR4.3.2/Output/pt2283D-DX1BM-ALLBULK-iSPCD4/pt2283D-DX1BM-ALLBULK-iSPCD4_Receptor.assemble.report.txt --json-report /hpc/pmc_vanboxtel/projects/TallFlow/3_Output/MIXCR4.3.2/Output/pt2283D-DX1BM-ALLBULK-iSPCD4/pt2283D-DX1BM-ALLBULK-iSPCD4_Receptor.assemble.report.json /hpc/pmc_vanboxtel/projects/TallFlow/3_Output/MIXCR4.3.2/Output/pt2283D-DX1BM-ALLBULK-iSPCD4/pt2283D-DX1BM-ALLBULK-iSPCD4_Receptor.extended.vdjca /hpc/pmc_vanboxtel/projects/TallFlow/3_Output/MIXCR4.3.2/Output/pt2283D-DX1BM-ALLBULK-iSPCD4/pt2283D-DX1BM-ALLBULK-iSPCD4_Receptor.clna
Initialization: progress unknown
Initialization: progress unknown
============== Assemble Report ==============
Analysis time: 574ms
Final clonotype count: 11
Reads used in clonotypes, percent of total: 73 (0%)
Average number of reads per clonotype: 6.64
Reads dropped due to the lack of a clone sequence, percent of total: 19254 (1.18%)
Reads dropped due to a too short clonal sequence, percent of total: 0 (0%)
Reads dropped due to low quality, percent of total: 0 (0%)
Reads dropped due to failed mapping, percent of total: 5 (0%)
Reads dropped with low quality clones, percent of total: 0 (0%)
Reads used in clonotypes before clustering, percent of total: 73 (0%)
Number of reads used as a core, percent of used: 72 (98.63%)
Mapped low quality reads, percent of used: 1 (1.37%)
Reads clustered in PCR error correction, percent of used: 0 (0%)
Reads pre-clustered due to the similar VJC-lists, percent of used: 0 (0%)
Clonotypes dropped as low quality: 0
Clonotypes eliminated by PCR error correction: 0
Clonotypes pre-clustered due to the similar VJC-lists: 0
Clones dropped in post filtering: 0 (0%)
Reads dropped in post filtering: 0.0 (0%)
Alignments filtered by tag prefix: 0 (0%)
TRA chains: 5 (45.45%)
TRA non-functional: 2 (40%)
TRB chains: 3 (27.27%)
TRB non-functional: 1 (33.33%)
TRD chains: 1 (9.09%)
TRD non-functional: 1 (100%)
TRG chains: 2 (18.18%)
TRG non-functional: 1 (50%)
====================
Running:
mixcr assembleContigs --report /hpc/pmc_vanboxtel/projects/TallFlow/3_Output/MIXCR4.3.2/Output/pt2283D-DX1BM-ALLBULK-iSPCD4/pt2283D-DX1BM-ALLBULK-iSPCD4_Receptor.assembleContigs.report.txt --json-report /hpc/pmc_vanboxtel/projects/TallFlow/3_Output/MIXCR4.3.2/Output/pt2283D-DX1BM-ALLBULK-iSPCD4/pt2283D-DX1BM-ALLBULK-iSPCD4_Receptor.assembleContigs.report.json /hpc/pmc_vanboxtel/projects/TallFlow/3_Output/MIXCR4.3.2/Output/pt2283D-DX1BM-ALLBULK-iSPCD4/pt2283D-DX1BM-ALLBULK-iSPCD4_Receptor.clna /hpc/pmc_vanboxtel/projects/TallFlow/3_Output/MIXCR4.3.2/Output/pt2283D-DX1BM-ALLBULK-iSPCD4/pt2283D-DX1BM-ALLBULK-iSPCD4_Receptor.contigs.clns
Assembling contigs: 0%
============== AssembleContigs Report ==============
Analysis time: 278ms
Initial clonotype count: 11
Final clonotype count: 11 (100%)
Canceled assemblies: 0 (0%)
Number of premature termination assembly events, percent of number of initial clonotypes: 0.0 (0%)
Longest contig length: 918
Clustered variants: 0 (0%)
Reads in clustered variants: 0.0 (0%)
Reads in divided (newly created) clones: 0.0 (0%)
Clones with ambiguous letters in splitting region: 0 (0%)
Reads in clones with ambiguous letters in splitting region: 0.0 (0%)
Average number of ambiguous letters per clone with ambiguous letters in splitting region: NaN
====================
Running:
mixcr exportClones /hpc/pmc_vanboxtel/projects/TallFlow/3_Output/MIXCR4.3.2/Output/pt2283D-DX1BM-ALLBULK-iSPCD4/pt2283D-DX1BM-ALLBULK-iSPCD4_Receptor.contigs.clns /hpc/pmc_vanboxtel/projects/TallFlow/3_Output/MIXCR4.3.2/Output/pt2283D-DX1BM-ALLBULK-iSPCD4/pt2283D-DX1BM-ALLBULK-iSPCD4_Receptor.clones.tsv
Exporting TRB
Exporting clones: 0%
WARNING: Filtered 3 of 11 clones (72.73%).
WARNING: Filtered 17.0 of 73.0 reads (76.71%).
Exporting TRAD
Exporting clones: 0%
WARNING: Filtered 6 of 11 clones (45.45%).
WARNING: Filtered 18.0 of 73.0 reads (75.34%).
Exporting TRG
Exporting clones: 0%
WARNING: Filtered 2 of 11 clones (81.82%).
WARNING: Filtered 38.0 of 73.0 reads (47.95%).
Analysis finished successfully.
IMPORTANT: MiXCR will use at most 11638MB of RAM,
           use -Xmx to change automatically set heap size (i.e. -Xmx50g to set heap size to 50 Gb)
IMPORTANT: MiXCR will use at most 9609MB of RAM,
           use -Xmx to change automatically set heap size (i.e. -Xmx50g to set heap size to 50 Gb)
IMPORTANT: MiXCR will use at most 9237MB of RAM,
           use -Xmx to change automatically set heap size (i.e. -Xmx50g to set heap size to 50 Gb)
