INFO	2023-05-03 17:05:17	SamToFastq	

********** NOTE: Picard's command line syntax is changing.
**********
********** For more information, please see:
********** https://github.com/broadinstitute/picard/wiki/Command-Line-Syntax-Transition-For-Users-(Pre-Transition)
**********
********** The command line looks like this in the new syntax:
**********
**********    SamToFastq -INPUT /hpc/pmc_vanboxtel/projects/TallFlow/3_Output/MIXCR4.3.2/input/bam/pt2283D-DX1BM-TALL9_dedup.bam -OUTPUT_DIR /hpc/pmc_vanboxtel/projects/TallFlow/3_Output/MIXCR4.3.2/input/fastq -RG_TAG ID -OUTPUT_PER_RG true
**********


17:05:17.849 INFO  NativeLibraryLoader - Loading libgkl_compression.so from jar:file:/hpc/local/CentOS7/pmc_vanboxtel/bin/picard-2.24.1/picard.jar!/com/intel/gkl/native/libgkl_compression.so
[Wed May 03 17:05:17 CEST 2023] SamToFastq INPUT=/hpc/pmc_vanboxtel/projects/TallFlow/3_Output/MIXCR4.3.2/input/bam/pt2283D-DX1BM-TALL9_dedup.bam OUTPUT_PER_RG=true RG_TAG=ID OUTPUT_DIR=/hpc/pmc_vanboxtel/projects/TallFlow/3_Output/MIXCR4.3.2/input/fastq    COMPRESS_OUTPUTS_PER_RG=false RE_REVERSE=true INTERLEAVE=false INCLUDE_NON_PF_READS=false CLIPPING_MIN_LENGTH=0 READ1_TRIM=0 READ2_TRIM=0 INCLUDE_NON_PRIMARY_ALIGNMENTS=false VERBOSITY=INFO QUIET=false VALIDATION_STRINGENCY=STRICT COMPRESSION_LEVEL=5 MAX_RECORDS_IN_RAM=500000 CREATE_INDEX=false CREATE_MD5_FILE=false GA4GH_CLIENT_SECRETS=client_secrets.json USE_JDK_DEFLATER=false USE_JDK_INFLATER=false
[Wed May 03 17:05:17 CEST 2023] Executing as rhagelaar@n0085.compute.hpc on Linux 3.10.0-1160.83.1.el7.x86_64 amd64; Java HotSpot(TM) 64-Bit Server VM 1.8.0_60-b27; Deflater: Intel; Inflater: Intel; Provider GCS is not available; Picard version: 2.24.1
INFO	2023-05-03 17:05:30	SamToFastq	Processed     1,000,000 records.  Elapsed time: 00:00:12s.  Time for last 1,000,000:   12s.  Last read position: 14:105,688,041
[Wed May 03 17:05:35 CEST 2023] picard.sam.SamToFastq done. Elapsed time: 0.29 minutes.
Runtime.totalMemory()=5777653760
To get help, see http://broadinstitute.github.io/picard/index.html#GettingHelp
Exception in thread "main" htsjdk.samtools.SAMFormatException: SAM validation error: ERROR::MATE_NOT_FOUND:Found 25238 unpaired mates
	at htsjdk.samtools.SAMUtils.processValidationError(SAMUtils.java:469)
	at picard.sam.SamToFastq.doWork(SamToFastq.java:225)
	at picard.cmdline.CommandLineProgram.instanceMain(CommandLineProgram.java:304)
	at picard.cmdline.PicardCommandLine.instanceMain(PicardCommandLine.java:103)
	at picard.cmdline.PicardCommandLine.main(PicardCommandLine.java:113)
/hpc/pmc_vanboxtel/projects/TallFlow/2_Code/MIXCR/
IMPORTANT: MiXCR will use at most 12000MB of RAM,
           use -Xmx to change automatically set heap size (i.e. -Xmx50g to set heap size to 50 Gb)
====================
Running:
mixcr align --report /hpc/pmc_vanboxtel/projects/TallFlow/3_Output/MIXCR4.3.2/Output/pt2283D-DX1BM-TALL9/pt2283D-DX1BM-TALL9_Receptor.align.report.txt --json-report /hpc/pmc_vanboxtel/projects/TallFlow/3_Output/MIXCR4.3.2/Output/pt2283D-DX1BM-TALL9/pt2283D-DX1BM-TALL9_Receptor.align.report.json --preset rnaseq-full-length --dna --species hsa /hpc/pmc_vanboxtel/projects/TallFlow/3_Output/MIXCR4.3.2/input/fastq/Merged/pt2283D-DX1BM-TALL9_R1.fastq /hpc/pmc_vanboxtel/projects/TallFlow/3_Output/MIXCR4.3.2/input/fastq/Merged/pt2283D-DX1BM-TALL9_R2.fastq /hpc/pmc_vanboxtel/projects/TallFlow/3_Output/MIXCR4.3.2/Output/pt2283D-DX1BM-TALL9/pt2283D-DX1BM-TALL9_Receptor.vdjca
Alignment: 0%
Alignment: 10.4%  ETA: 00:04:30
Alignment: 20.9%  ETA: 00:03:51
Alignment: 31.3%  ETA: 00:03:06
Alignment: 41.8%  ETA: 00:02:36
Alignment: 52.2%  ETA: 00:02:13
Alignment: 62.6%  ETA: 00:01:40
Alignment: 73.1%  ETA: 00:01:12
Alignment: 83.5%  ETA: 00:00:43
Alignment: 94%  ETA: 00:00:16
============== Align Report ==============
Analysis time: 4.76m
Total sequencing reads: 691659
Successfully aligned reads: 11364 (1.64%)
Alignment failed: no hits (not TCR/IG?): 560669 (81.06%)
Alignment failed: no CDR3 parts: 68906 (9.96%)
Alignment failed: low total score: 50720 (7.33%)
Overlapped: 43394 (6.27%)
Overlapped and aligned: 296 (0.04%)
Overlapped and not aligned: 43098 (6.23%)
Alignment-aided overlaps, percent of overlapped and aligned: 9 (3.04%)
No CDR3 parts alignments, percent of successfully aligned: 1691 (14.88%)
Partial aligned reads, percent of successfully aligned: 9638 (84.81%)
V gene chimeras: 242 (0.03%)
J gene chimeras: 38 (0.01%)
Paired-end alignment conflicts eliminated: 34 (0%)
Realigned with forced non-floating bound: 1296548 (187.45%)
Realigned with forced non-floating right bound in left read: 2163 (0.31%)
Realigned with forced non-floating left bound in right read: 2163 (0.31%)
TRA chains: 1078 (9.49%)
TRA non-functional: 0 (0%)
TRB chains: 1685 (14.83%)
TRB non-functional: 0 (0%)
TRD chains: 57 (0.5%)
TRD non-functional: 13 (22.81%)
TRG chains: 187 (1.65%)
TRG non-functional: 5 (2.67%)
TRAD chains: 1595 (14.04%)
TRAD non-functional: 0 (0%)
IGH chains: 5203 (45.78%)
IGH non-functional: 1 (0.02%)
IGK chains: 841 (7.4%)
IGK non-functional: 0 (0%)
IGL chains: 718 (6.32%)
IGL non-functional: 0 (0%)
Trimming report:
  R1 reads trimmed left: 1310 (0.19%)
  R1 reads trimmed right: 16 (0%)
  Average R1 nucleotides trimmed left: 0.003717149635875482
  Average R1 nucleotides trimmed right: 2.3132786532091683E-5
  R2 reads trimmed left: 462 (0.07%)
  R2 reads trimmed right: 7 (0%)
  Average R2 nucleotides trimmed left: 7.44586566501701E-4
  Average R2 nucleotides trimmed right: 1.012059410779011E-5
====================
Running:
mixcr assemblePartial --report /hpc/pmc_vanboxtel/projects/TallFlow/3_Output/MIXCR4.3.2/Output/pt2283D-DX1BM-TALL9/pt2283D-DX1BM-TALL9_Receptor.assemblePartial.report.txt --json-report /hpc/pmc_vanboxtel/projects/TallFlow/3_Output/MIXCR4.3.2/Output/pt2283D-DX1BM-TALL9/pt2283D-DX1BM-TALL9_Receptor.assemblePartial.report.json /hpc/pmc_vanboxtel/projects/TallFlow/3_Output/MIXCR4.3.2/Output/pt2283D-DX1BM-TALL9/pt2283D-DX1BM-TALL9_Receptor.vdjca /hpc/pmc_vanboxtel/projects/TallFlow/3_Output/MIXCR4.3.2/Output/pt2283D-DX1BM-TALL9/pt2283D-DX1BM-TALL9_Receptor.passembled.1.vdjca
Building index: 0%
Searching for overlaps: 0%
============== AssemblePartial Report ==============
Analysis time: 1.3s
Total alignments analysed: 11361
Number of output alignments: 11359 (99.98%)
Alignments already with CDR3 (no overlapping is performed): 37 (0.33%)
Successfully overlapped alignments: 2 (0.02%)
Left parts with too small N-region (failed to extract k-mer): 1130 (9.95%)
Extracted k-mer diversity: 45292
Dropped due to wildcard in k-mer: 0 (0%)
Dropped due to too short NRegion parts in overlap: 7 (0.06%)
Dropped overlaps with empty N region due to no complete NDN coverage: 0 (0%)
Number of left-side alignments: 7461 (65.67%)
Number of right-side alignments: 1972 (17.36%)
Complex overlaps: 0 (0%)
Over-overlaps: 16 (0.14%)
Partial alignments written to output: 11320 (99.64%)
====================
Running:
mixcr assemblePartial --report /hpc/pmc_vanboxtel/projects/TallFlow/3_Output/MIXCR4.3.2/Output/pt2283D-DX1BM-TALL9/pt2283D-DX1BM-TALL9_Receptor.assemblePartial.report.txt --json-report /hpc/pmc_vanboxtel/projects/TallFlow/3_Output/MIXCR4.3.2/Output/pt2283D-DX1BM-TALL9/pt2283D-DX1BM-TALL9_Receptor.assemblePartial.report.json /hpc/pmc_vanboxtel/projects/TallFlow/3_Output/MIXCR4.3.2/Output/pt2283D-DX1BM-TALL9/pt2283D-DX1BM-TALL9_Receptor.passembled.1.vdjca /hpc/pmc_vanboxtel/projects/TallFlow/3_Output/MIXCR4.3.2/Output/pt2283D-DX1BM-TALL9/pt2283D-DX1BM-TALL9_Receptor.passembled.2.vdjca
Building index: 0%
Searching for overlaps: 0%
============== AssemblePartial Report ==============
Analysis time: 958ms
Total alignments analysed: 11359
Number of output alignments: 11359 (100%)
Alignments already with CDR3 (no overlapping is performed): 39 (0.34%)
Successfully overlapped alignments: 0 (0%)
Left parts with too small N-region (failed to extract k-mer): 1130 (9.95%)
Extracted k-mer diversity: 45276
Dropped due to wildcard in k-mer: 0 (0%)
Dropped due to too short NRegion parts in overlap: 7 (0.06%)
Dropped overlaps with empty N region due to no complete NDN coverage: 0 (0%)
Number of left-side alignments: 7459 (65.67%)
Number of right-side alignments: 1970 (17.34%)
Complex overlaps: 0 (0%)
Over-overlaps: 16 (0.14%)
Partial alignments written to output: 11320 (99.66%)
====================
Running:
mixcr extend --report /hpc/pmc_vanboxtel/projects/TallFlow/3_Output/MIXCR4.3.2/Output/pt2283D-DX1BM-TALL9/pt2283D-DX1BM-TALL9_Receptor.extend.report.txt --json-report /hpc/pmc_vanboxtel/projects/TallFlow/3_Output/MIXCR4.3.2/Output/pt2283D-DX1BM-TALL9/pt2283D-DX1BM-TALL9_Receptor.extend.report.json /hpc/pmc_vanboxtel/projects/TallFlow/3_Output/MIXCR4.3.2/Output/pt2283D-DX1BM-TALL9/pt2283D-DX1BM-TALL9_Receptor.passembled.2.vdjca /hpc/pmc_vanboxtel/projects/TallFlow/3_Output/MIXCR4.3.2/Output/pt2283D-DX1BM-TALL9/pt2283D-DX1BM-TALL9_Receptor.extended.vdjca
Extending alignments: 0%
============== Extend Report ==============
Analysis time: 271ms
Extended alignments count: 3 (0.03%)
V extensions total: 1 (0.01%)
V extensions with merged targets: 0 (0%)
J extensions total: 2 (0.02%)
J extensions with merged targets: 0 (0%)
V+J extensions: 0 (0%)
Mean V extension length: 6.0
Mean J extension length: 12.5
====================
Running:
mixcr assemble --report /hpc/pmc_vanboxtel/projects/TallFlow/3_Output/MIXCR4.3.2/Output/pt2283D-DX1BM-TALL9/pt2283D-DX1BM-TALL9_Receptor.assemble.report.txt --json-report /hpc/pmc_vanboxtel/projects/TallFlow/3_Output/MIXCR4.3.2/Output/pt2283D-DX1BM-TALL9/pt2283D-DX1BM-TALL9_Receptor.assemble.report.json /hpc/pmc_vanboxtel/projects/TallFlow/3_Output/MIXCR4.3.2/Output/pt2283D-DX1BM-TALL9/pt2283D-DX1BM-TALL9_Receptor.extended.vdjca /hpc/pmc_vanboxtel/projects/TallFlow/3_Output/MIXCR4.3.2/Output/pt2283D-DX1BM-TALL9/pt2283D-DX1BM-TALL9_Receptor.clna
Initialization: progress unknown
Initialization: progress unknown
============== Assemble Report ==============
Analysis time: 558ms
Final clonotype count: 4
Reads used in clonotypes, percent of total: 31 (0%)
Average number of reads per clonotype: 7.75
Reads dropped due to the lack of a clone sequence, percent of total: 11320 (1.64%)
Reads dropped due to a too short clonal sequence, percent of total: 0 (0%)
Reads dropped due to low quality, percent of total: 0 (0%)
Reads dropped due to failed mapping, percent of total: 10 (0%)
Reads dropped with low quality clones, percent of total: 0 (0%)
Reads used in clonotypes before clustering, percent of total: 31 (0%)
Number of reads used as a core, percent of used: 31 (100%)
Mapped low quality reads, percent of used: 0 (0%)
Reads clustered in PCR error correction, percent of used: 0 (0%)
Reads pre-clustered due to the similar VJC-lists, percent of used: 0 (0%)
Clonotypes dropped as low quality: 0
Clonotypes eliminated by PCR error correction: 0
Clonotypes pre-clustered due to the similar VJC-lists: 0
Clones dropped in post filtering: 0 (0%)
Reads dropped in post filtering: 0.0 (0%)
Alignments filtered by tag prefix: 0 (0%)
TRB chains: 1 (25%)
TRB non-functional: 0 (0%)
TRD chains: 1 (25%)
TRD non-functional: 1 (100%)
TRG chains: 2 (50%)
TRG non-functional: 1 (50%)
====================
Running:
mixcr assembleContigs --report /hpc/pmc_vanboxtel/projects/TallFlow/3_Output/MIXCR4.3.2/Output/pt2283D-DX1BM-TALL9/pt2283D-DX1BM-TALL9_Receptor.assembleContigs.report.txt --json-report /hpc/pmc_vanboxtel/projects/TallFlow/3_Output/MIXCR4.3.2/Output/pt2283D-DX1BM-TALL9/pt2283D-DX1BM-TALL9_Receptor.assembleContigs.report.json /hpc/pmc_vanboxtel/projects/TallFlow/3_Output/MIXCR4.3.2/Output/pt2283D-DX1BM-TALL9/pt2283D-DX1BM-TALL9_Receptor.clna /hpc/pmc_vanboxtel/projects/TallFlow/3_Output/MIXCR4.3.2/Output/pt2283D-DX1BM-TALL9/pt2283D-DX1BM-TALL9_Receptor.contigs.clns
Assembling contigs: 0%
============== AssembleContigs Report ==============
Analysis time: 238ms
Initial clonotype count: 4
Final clonotype count: 4 (100%)
Canceled assemblies: 0 (0%)
Number of premature termination assembly events, percent of number of initial clonotypes: 0.0 (0%)
Longest contig length: 708
Clustered variants: 0 (0%)
Reads in clustered variants: 0.0 (0%)
Reads in divided (newly created) clones: 0.0 (0%)
Clones with ambiguous letters in splitting region: 0 (0%)
Reads in clones with ambiguous letters in splitting region: 0.0 (0%)
Average number of ambiguous letters per clone with ambiguous letters in splitting region: NaN
====================
Running:
mixcr exportClones /hpc/pmc_vanboxtel/projects/TallFlow/3_Output/MIXCR4.3.2/Output/pt2283D-DX1BM-TALL9/pt2283D-DX1BM-TALL9_Receptor.contigs.clns /hpc/pmc_vanboxtel/projects/TallFlow/3_Output/MIXCR4.3.2/Output/pt2283D-DX1BM-TALL9/pt2283D-DX1BM-TALL9_Receptor.clones.tsv
Exporting TRB
Exporting clones: 0%
WARNING: Filtered 1 of 4 clones (75%).
WARNING: Filtered 5.0 of 31.0 reads (83.87%).
Exporting TRAD
Exporting clones: 0%
WARNING: Filtered 1 of 4 clones (75%).
WARNING: Filtered 17.0 of 31.0 reads (45.16%).
Exporting TRG
Exporting clones: 0%
WARNING: Filtered 2 of 4 clones (50%).
WARNING: Filtered 9.0 of 31.0 reads (70.97%).
Analysis finished successfully.
IMPORTANT: MiXCR will use at most 12000MB of RAM,
           use -Xmx to change automatically set heap size (i.e. -Xmx50g to set heap size to 50 Gb)
IMPORTANT: MiXCR will use at most 12000MB of RAM,
           use -Xmx to change automatically set heap size (i.e. -Xmx50g to set heap size to 50 Gb)
IMPORTANT: MiXCR will use at most 12000MB of RAM,
           use -Xmx to change automatically set heap size (i.e. -Xmx50g to set heap size to 50 Gb)
