INFO	2023-05-03 16:59:53	SamToFastq	

********** NOTE: Picard's command line syntax is changing.
**********
********** For more information, please see:
********** https://github.com/broadinstitute/picard/wiki/Command-Line-Syntax-Transition-For-Users-(Pre-Transition)
**********
********** The command line looks like this in the new syntax:
**********
**********    SamToFastq -INPUT /hpc/pmc_vanboxtel/projects/TallFlow/3_Output/MIXCR4.3.2/input/bam/pt2283D-DX1BM-TALL1_dedup.bam -OUTPUT_DIR /hpc/pmc_vanboxtel/projects/TallFlow/3_Output/MIXCR4.3.2/input/fastq -RG_TAG ID -OUTPUT_PER_RG true
**********


16:59:53.688 INFO  NativeLibraryLoader - Loading libgkl_compression.so from jar:file:/hpc/local/CentOS7/pmc_vanboxtel/bin/picard-2.24.1/picard.jar!/com/intel/gkl/native/libgkl_compression.so
[Wed May 03 16:59:53 CEST 2023] SamToFastq INPUT=/hpc/pmc_vanboxtel/projects/TallFlow/3_Output/MIXCR4.3.2/input/bam/pt2283D-DX1BM-TALL1_dedup.bam OUTPUT_PER_RG=true RG_TAG=ID OUTPUT_DIR=/hpc/pmc_vanboxtel/projects/TallFlow/3_Output/MIXCR4.3.2/input/fastq    COMPRESS_OUTPUTS_PER_RG=false RE_REVERSE=true INTERLEAVE=false INCLUDE_NON_PF_READS=false CLIPPING_MIN_LENGTH=0 READ1_TRIM=0 READ2_TRIM=0 INCLUDE_NON_PRIMARY_ALIGNMENTS=false VERBOSITY=INFO QUIET=false VALIDATION_STRINGENCY=STRICT COMPRESSION_LEVEL=5 MAX_RECORDS_IN_RAM=500000 CREATE_INDEX=false CREATE_MD5_FILE=false GA4GH_CLIENT_SECRETS=client_secrets.json USE_JDK_DEFLATER=false USE_JDK_INFLATER=false
[Wed May 03 16:59:53 CEST 2023] Executing as rhagelaar@n0109.compute.hpc on Linux 3.10.0-1160.81.1.el7.x86_64 amd64; Java HotSpot(TM) 64-Bit Server VM 1.8.0_60-b27; Deflater: Intel; Inflater: Intel; Provider GCS is not available; Picard version: 2.24.1
INFO	2023-05-03 17:00:02	SamToFastq	Processed     1,000,000 records.  Elapsed time: 00:00:08s.  Time for last 1,000,000:    8s.  Last read position: 14:21,830,322
[Wed May 03 17:00:08 CEST 2023] picard.sam.SamToFastq done. Elapsed time: 0.25 minutes.
Runtime.totalMemory()=5773459456
To get help, see http://broadinstitute.github.io/picard/index.html#GettingHelp
Exception in thread "main" htsjdk.samtools.SAMFormatException: SAM validation error: ERROR::MATE_NOT_FOUND:Found 26983 unpaired mates
	at htsjdk.samtools.SAMUtils.processValidationError(SAMUtils.java:469)
	at picard.sam.SamToFastq.doWork(SamToFastq.java:225)
	at picard.cmdline.CommandLineProgram.instanceMain(CommandLineProgram.java:304)
	at picard.cmdline.PicardCommandLine.instanceMain(PicardCommandLine.java:103)
	at picard.cmdline.PicardCommandLine.main(PicardCommandLine.java:113)
/hpc/pmc_vanboxtel/projects/TallFlow/2_Code/MIXCR/
IMPORTANT: MiXCR will use at most 3640MB of RAM,
           use -Xmx to change automatically set heap size (i.e. -Xmx50g to set heap size to 50 Gb)
====================
Running:
mixcr align --report /hpc/pmc_vanboxtel/projects/TallFlow/3_Output/MIXCR4.3.2/Output/pt2283D-DX1BM-TALL1/pt2283D-DX1BM-TALL1_Receptor.align.report.txt --json-report /hpc/pmc_vanboxtel/projects/TallFlow/3_Output/MIXCR4.3.2/Output/pt2283D-DX1BM-TALL1/pt2283D-DX1BM-TALL1_Receptor.align.report.json --preset rnaseq-full-length --dna --species hsa /hpc/pmc_vanboxtel/projects/TallFlow/3_Output/MIXCR4.3.2/input/fastq/Merged/pt2283D-DX1BM-TALL1_R1.fastq /hpc/pmc_vanboxtel/projects/TallFlow/3_Output/MIXCR4.3.2/input/fastq/Merged/pt2283D-DX1BM-TALL1_R2.fastq /hpc/pmc_vanboxtel/projects/TallFlow/3_Output/MIXCR4.3.2/Output/pt2283D-DX1BM-TALL1/pt2283D-DX1BM-TALL1_Receptor.vdjca
Alignment: 0%
Alignment: 10.1%  ETA: 00:03:46
Alignment: 20.2%  ETA: 00:03:34
Alignment: 30.3%  ETA: 00:03:06
Alignment: 40.4%  ETA: 00:02:39
Alignment: 50.6%  ETA: 00:02:13
Alignment: 60.7%  ETA: 00:01:45
Alignment: 70.8%  ETA: 00:01:18
Alignment: 80.9%  ETA: 00:00:51
Alignment: 91%  ETA: 00:00:24
============== Align Report ==============
Analysis time: 4.57m
Total sequencing reads: 833200
Successfully aligned reads: 12193 (1.46%)
Alignment failed: no hits (not TCR/IG?): 674309 (80.93%)
Alignment failed: no CDR3 parts: 82637 (9.92%)
Alignment failed: low total score: 64061 (7.69%)
Overlapped: 65866 (7.91%)
Overlapped and aligned: 309 (0.04%)
Overlapped and not aligned: 65557 (7.87%)
Alignment-aided overlaps, percent of overlapped and aligned: 5 (1.62%)
No CDR3 parts alignments, percent of successfully aligned: 1880 (15.42%)
Partial aligned reads, percent of successfully aligned: 10279 (84.3%)
V gene chimeras: 192 (0.02%)
J gene chimeras: 51 (0.01%)
Paired-end alignment conflicts eliminated: 44 (0.01%)
Realigned with forced non-floating bound: 1534678 (184.19%)
Realigned with forced non-floating right bound in left read: 2769 (0.33%)
Realigned with forced non-floating left bound in right read: 2769 (0.33%)
TRA chains: 1674 (13.73%)
TRA non-functional: 2 (0.12%)
TRB chains: 2029 (16.64%)
TRB non-functional: 0 (0%)
TRD chains: 59 (0.48%)
TRD non-functional: 0 (0%)
TRG chains: 181 (1.48%)
TRG non-functional: 14 (7.73%)
TRAD chains: 1458 (11.96%)
TRAD non-functional: 0 (0%)
IGH chains: 3026 (24.82%)
IGH non-functional: 0 (0%)
IGK chains: 1930 (15.83%)
IGK non-functional: 1 (0.05%)
IGL chains: 1836 (15.06%)
IGL non-functional: 0 (0%)
Trimming report:
  R1 reads trimmed left: 1652 (0.2%)
  R1 reads trimmed right: 4 (0%)
  Average R1 nucleotides trimmed left: 0.003897023523763802
  Average R1 nucleotides trimmed right: 4.800768122899664E-6
  R2 reads trimmed left: 591 (0.07%)
  R2 reads trimmed right: 1 (0%)
  Average R2 nucleotides trimmed left: 7.825252040326452E-4
  Average R2 nucleotides trimmed right: 1.200192030724916E-6
====================
Running:
mixcr assemblePartial --report /hpc/pmc_vanboxtel/projects/TallFlow/3_Output/MIXCR4.3.2/Output/pt2283D-DX1BM-TALL1/pt2283D-DX1BM-TALL1_Receptor.assemblePartial.report.txt --json-report /hpc/pmc_vanboxtel/projects/TallFlow/3_Output/MIXCR4.3.2/Output/pt2283D-DX1BM-TALL1/pt2283D-DX1BM-TALL1_Receptor.assemblePartial.report.json /hpc/pmc_vanboxtel/projects/TallFlow/3_Output/MIXCR4.3.2/Output/pt2283D-DX1BM-TALL1/pt2283D-DX1BM-TALL1_Receptor.vdjca /hpc/pmc_vanboxtel/projects/TallFlow/3_Output/MIXCR4.3.2/Output/pt2283D-DX1BM-TALL1/pt2283D-DX1BM-TALL1_Receptor.passembled.1.vdjca
Building index: 0%
Searching for overlaps: 0%
Searching for overlaps: 96.5%  ETA: 00:00:00
============== AssemblePartial Report ==============
Analysis time: 1.36s
Total alignments analysed: 12192
Number of output alignments: 12191 (99.99%)
Alignments already with CDR3 (no overlapping is performed): 38 (0.31%)
Successfully overlapped alignments: 1 (0.01%)
Left parts with too small N-region (failed to extract k-mer): 1258 (10.32%)
Extracted k-mer diversity: 47652
Dropped due to wildcard in k-mer: 0 (0%)
Dropped due to too short NRegion parts in overlap: 1 (0.01%)
Dropped overlaps with empty N region due to no complete NDN coverage: 0 (0%)
Number of left-side alignments: 7420 (60.86%)
Number of right-side alignments: 2600 (21.33%)
Complex overlaps: 0 (0%)
Over-overlaps: 29 (0.24%)
Partial alignments written to output: 12152 (99.67%)
====================
Running:
mixcr assemblePartial --report /hpc/pmc_vanboxtel/projects/TallFlow/3_Output/MIXCR4.3.2/Output/pt2283D-DX1BM-TALL1/pt2283D-DX1BM-TALL1_Receptor.assemblePartial.report.txt --json-report /hpc/pmc_vanboxtel/projects/TallFlow/3_Output/MIXCR4.3.2/Output/pt2283D-DX1BM-TALL1/pt2283D-DX1BM-TALL1_Receptor.assemblePartial.report.json /hpc/pmc_vanboxtel/projects/TallFlow/3_Output/MIXCR4.3.2/Output/pt2283D-DX1BM-TALL1/pt2283D-DX1BM-TALL1_Receptor.passembled.1.vdjca /hpc/pmc_vanboxtel/projects/TallFlow/3_Output/MIXCR4.3.2/Output/pt2283D-DX1BM-TALL1/pt2283D-DX1BM-TALL1_Receptor.passembled.2.vdjca
Building index: 0%
Searching for overlaps: 0%
============== AssemblePartial Report ==============
Analysis time: 887ms
Total alignments analysed: 12191
Number of output alignments: 12191 (100%)
Alignments already with CDR3 (no overlapping is performed): 39 (0.32%)
Successfully overlapped alignments: 0 (0%)
Left parts with too small N-region (failed to extract k-mer): 1258 (10.32%)
Extracted k-mer diversity: 47648
Dropped due to wildcard in k-mer: 0 (0%)
Dropped due to too short NRegion parts in overlap: 1 (0.01%)
Dropped overlaps with empty N region due to no complete NDN coverage: 0 (0%)
Number of left-side alignments: 7419 (60.86%)
Number of right-side alignments: 2599 (21.32%)
Complex overlaps: 0 (0%)
Over-overlaps: 29 (0.24%)
Partial alignments written to output: 12152 (99.68%)
====================
Running:
mixcr extend --report /hpc/pmc_vanboxtel/projects/TallFlow/3_Output/MIXCR4.3.2/Output/pt2283D-DX1BM-TALL1/pt2283D-DX1BM-TALL1_Receptor.extend.report.txt --json-report /hpc/pmc_vanboxtel/projects/TallFlow/3_Output/MIXCR4.3.2/Output/pt2283D-DX1BM-TALL1/pt2283D-DX1BM-TALL1_Receptor.extend.report.json /hpc/pmc_vanboxtel/projects/TallFlow/3_Output/MIXCR4.3.2/Output/pt2283D-DX1BM-TALL1/pt2283D-DX1BM-TALL1_Receptor.passembled.2.vdjca /hpc/pmc_vanboxtel/projects/TallFlow/3_Output/MIXCR4.3.2/Output/pt2283D-DX1BM-TALL1/pt2283D-DX1BM-TALL1_Receptor.extended.vdjca
Extending alignments: 0%
============== Extend Report ==============
Analysis time: 232ms
Extended alignments count: 4 (0.03%)
V extensions total: 3 (0.02%)
V extensions with merged targets: 0 (0%)
J extensions total: 1 (0.01%)
J extensions with merged targets: 0 (0%)
V+J extensions: 0 (0%)
Mean V extension length: 2.6666666666666665
Mean J extension length: 11.0
====================
Running:
mixcr assemble --report /hpc/pmc_vanboxtel/projects/TallFlow/3_Output/MIXCR4.3.2/Output/pt2283D-DX1BM-TALL1/pt2283D-DX1BM-TALL1_Receptor.assemble.report.txt --json-report /hpc/pmc_vanboxtel/projects/TallFlow/3_Output/MIXCR4.3.2/Output/pt2283D-DX1BM-TALL1/pt2283D-DX1BM-TALL1_Receptor.assemble.report.json /hpc/pmc_vanboxtel/projects/TallFlow/3_Output/MIXCR4.3.2/Output/pt2283D-DX1BM-TALL1/pt2283D-DX1BM-TALL1_Receptor.extended.vdjca /hpc/pmc_vanboxtel/projects/TallFlow/3_Output/MIXCR4.3.2/Output/pt2283D-DX1BM-TALL1/pt2283D-DX1BM-TALL1_Receptor.clna
Initialization: progress unknown
Initialization: progress unknown
============== Assemble Report ==============
Analysis time: 513ms
Final clonotype count: 4
Reads used in clonotypes, percent of total: 32 (0%)
Average number of reads per clonotype: 8
Reads dropped due to the lack of a clone sequence, percent of total: 12152 (1.46%)
Reads dropped due to a too short clonal sequence, percent of total: 0 (0%)
Reads dropped due to low quality, percent of total: 0 (0%)
Reads dropped due to failed mapping, percent of total: 8 (0%)
Reads dropped with low quality clones, percent of total: 0 (0%)
Reads used in clonotypes before clustering, percent of total: 32 (0%)
Number of reads used as a core, percent of used: 32 (100%)
Mapped low quality reads, percent of used: 0 (0%)
Reads clustered in PCR error correction, percent of used: 0 (0%)
Reads pre-clustered due to the similar VJC-lists, percent of used: 0 (0%)
Clonotypes dropped as low quality: 0
Clonotypes eliminated by PCR error correction: 0
Clonotypes pre-clustered due to the similar VJC-lists: 0
Clones dropped in post filtering: 0 (0%)
Reads dropped in post filtering: 0.0 (0%)
Alignments filtered by tag prefix: 0 (0%)
TRA chains: 1 (25%)
TRA non-functional: 1 (100%)
TRB chains: 1 (25%)
TRB non-functional: 0 (0%)
TRG chains: 1 (25%)
TRG non-functional: 1 (100%)
IGK chains: 1 (25%)
IGK non-functional: 0 (0%)
====================
Running:
mixcr assembleContigs --report /hpc/pmc_vanboxtel/projects/TallFlow/3_Output/MIXCR4.3.2/Output/pt2283D-DX1BM-TALL1/pt2283D-DX1BM-TALL1_Receptor.assembleContigs.report.txt --json-report /hpc/pmc_vanboxtel/projects/TallFlow/3_Output/MIXCR4.3.2/Output/pt2283D-DX1BM-TALL1/pt2283D-DX1BM-TALL1_Receptor.assembleContigs.report.json /hpc/pmc_vanboxtel/projects/TallFlow/3_Output/MIXCR4.3.2/Output/pt2283D-DX1BM-TALL1/pt2283D-DX1BM-TALL1_Receptor.clna /hpc/pmc_vanboxtel/projects/TallFlow/3_Output/MIXCR4.3.2/Output/pt2283D-DX1BM-TALL1/pt2283D-DX1BM-TALL1_Receptor.contigs.clns
Assembling contigs: 0%
============== AssembleContigs Report ==============
Analysis time: 163ms
Initial clonotype count: 4
Final clonotype count: 4 (100%)
Canceled assemblies: 0 (0%)
Number of premature termination assembly events, percent of number of initial clonotypes: 0.0 (0%)
Longest contig length: 665
Clustered variants: 0 (0%)
Reads in clustered variants: 0.0 (0%)
Reads in divided (newly created) clones: 0.0 (0%)
Clones with ambiguous letters in splitting region: 0 (0%)
Reads in clones with ambiguous letters in splitting region: 0.0 (0%)
Average number of ambiguous letters per clone with ambiguous letters in splitting region: NaN
====================
Running:
mixcr exportClones /hpc/pmc_vanboxtel/projects/TallFlow/3_Output/MIXCR4.3.2/Output/pt2283D-DX1BM-TALL1/pt2283D-DX1BM-TALL1_Receptor.contigs.clns /hpc/pmc_vanboxtel/projects/TallFlow/3_Output/MIXCR4.3.2/Output/pt2283D-DX1BM-TALL1/pt2283D-DX1BM-TALL1_Receptor.clones.tsv
Exporting TRB
Exporting clones: 0%
WARNING: Filtered 1 of 4 clones (75%).
WARNING: Filtered 9.0 of 32.0 reads (71.88%).
Exporting TRAD
Exporting clones: 0%
WARNING: Filtered 1 of 4 clones (75%).
WARNING: Filtered 3.0 of 32.0 reads (90.62%).
Exporting TRG
Exporting clones: 0%
WARNING: Filtered 1 of 4 clones (75%).
WARNING: Filtered 19.0 of 32.0 reads (40.62%).
Exporting IGK
Exporting clones: 0%
WARNING: Filtered 1 of 4 clones (75%).
WARNING: Filtered 1.0 of 32.0 reads (96.88%).
Analysis finished successfully.
IMPORTANT: MiXCR will use at most 4002MB of RAM,
           use -Xmx to change automatically set heap size (i.e. -Xmx50g to set heap size to 50 Gb)
IMPORTANT: MiXCR will use at most 4398MB of RAM,
           use -Xmx to change automatically set heap size (i.e. -Xmx50g to set heap size to 50 Gb)
IMPORTANT: MiXCR will use at most 4321MB of RAM,
           use -Xmx to change automatically set heap size (i.e. -Xmx50g to set heap size to 50 Gb)
