INFO	2023-05-03 17:16:03	SamToFastq	

********** NOTE: Picard's command line syntax is changing.
**********
********** For more information, please see:
********** https://github.com/broadinstitute/picard/wiki/Command-Line-Syntax-Transition-For-Users-(Pre-Transition)
**********
********** The command line looks like this in the new syntax:
**********
**********    SamToFastq -INPUT /hpc/pmc_vanboxtel/projects/TallFlow/3_Output/MIXCR4.3.2/input/bam/pt2322-DX1BM-TALL5_dedup.bam -OUTPUT_DIR /hpc/pmc_vanboxtel/projects/TallFlow/3_Output/MIXCR4.3.2/input/fastq -RG_TAG ID -OUTPUT_PER_RG true
**********


17:16:04.143 INFO  NativeLibraryLoader - Loading libgkl_compression.so from jar:file:/hpc/local/CentOS7/pmc_vanboxtel/bin/picard-2.24.1/picard.jar!/com/intel/gkl/native/libgkl_compression.so
[Wed May 03 17:16:04 CEST 2023] SamToFastq INPUT=/hpc/pmc_vanboxtel/projects/TallFlow/3_Output/MIXCR4.3.2/input/bam/pt2322-DX1BM-TALL5_dedup.bam OUTPUT_PER_RG=true RG_TAG=ID OUTPUT_DIR=/hpc/pmc_vanboxtel/projects/TallFlow/3_Output/MIXCR4.3.2/input/fastq    COMPRESS_OUTPUTS_PER_RG=false RE_REVERSE=true INTERLEAVE=false INCLUDE_NON_PF_READS=false CLIPPING_MIN_LENGTH=0 READ1_TRIM=0 READ2_TRIM=0 INCLUDE_NON_PRIMARY_ALIGNMENTS=false VERBOSITY=INFO QUIET=false VALIDATION_STRINGENCY=STRICT COMPRESSION_LEVEL=5 MAX_RECORDS_IN_RAM=500000 CREATE_INDEX=false CREATE_MD5_FILE=false GA4GH_CLIENT_SECRETS=client_secrets.json USE_JDK_DEFLATER=false USE_JDK_INFLATER=false
[Wed May 03 17:16:04 CEST 2023] Executing as rhagelaar@n0082.compute.hpc on Linux 3.10.0-1160.83.1.el7.x86_64 amd64; Java HotSpot(TM) 64-Bit Server VM 1.8.0_60-b27; Deflater: Intel; Inflater: Intel; Provider GCS is not available; Picard version: 2.24.1
INFO	2023-05-03 17:16:14	SamToFastq	Processed     1,000,000 records.  Elapsed time: 00:00:09s.  Time for last 1,000,000:    9s.  Last read position: 14:106,308,547
[Wed May 03 17:16:17 CEST 2023] picard.sam.SamToFastq done. Elapsed time: 0.22 minutes.
Runtime.totalMemory()=3670540288
To get help, see http://broadinstitute.github.io/picard/index.html#GettingHelp
Exception in thread "main" htsjdk.samtools.SAMFormatException: SAM validation error: ERROR::MATE_NOT_FOUND:Found 25053 unpaired mates
	at htsjdk.samtools.SAMUtils.processValidationError(SAMUtils.java:469)
	at picard.sam.SamToFastq.doWork(SamToFastq.java:225)
	at picard.cmdline.CommandLineProgram.instanceMain(CommandLineProgram.java:304)
	at picard.cmdline.PicardCommandLine.instanceMain(PicardCommandLine.java:103)
	at picard.cmdline.PicardCommandLine.main(PicardCommandLine.java:113)
/hpc/pmc_vanboxtel/projects/TallFlow/2_Code/MIXCR/
IMPORTANT: MiXCR will use at most 12000MB of RAM,
           use -Xmx to change automatically set heap size (i.e. -Xmx50g to set heap size to 50 Gb)
====================
Running:
mixcr align --report /hpc/pmc_vanboxtel/projects/TallFlow/3_Output/MIXCR4.3.2/Output/pt2322-DX1BM-TALL5/pt2322-DX1BM-TALL5_Receptor.align.report.txt --json-report /hpc/pmc_vanboxtel/projects/TallFlow/3_Output/MIXCR4.3.2/Output/pt2322-DX1BM-TALL5/pt2322-DX1BM-TALL5_Receptor.align.report.json --preset rnaseq-full-length --dna --species hsa /hpc/pmc_vanboxtel/projects/TallFlow/3_Output/MIXCR4.3.2/input/fastq/Merged/pt2322-DX1BM-TALL5_R1.fastq /hpc/pmc_vanboxtel/projects/TallFlow/3_Output/MIXCR4.3.2/input/fastq/Merged/pt2322-DX1BM-TALL5_R2.fastq /hpc/pmc_vanboxtel/projects/TallFlow/3_Output/MIXCR4.3.2/Output/pt2322-DX1BM-TALL5/pt2322-DX1BM-TALL5_Receptor.vdjca
Alignment: 0%
Alignment: 10.2%  ETA: 00:02:53
Alignment: 20.3%  ETA: 00:02:55
Alignment: 30.5%  ETA: 00:02:34
Alignment: 40.6%  ETA: 00:02:00
Alignment: 50.8%  ETA: 00:01:47
Alignment: 60.9%  ETA: 00:01:18
Alignment: 71.1%  ETA: 00:00:59
Alignment: 81.2%  ETA: 00:00:39
Alignment: 91.4%  ETA: 00:00:16
============== Align Report ==============
Analysis time: 3.57m
Total sequencing reads: 592602
Successfully aligned reads: 8039 (1.36%)
Alignment failed: no hits (not TCR/IG?): 486902 (82.16%)
Alignment failed: no CDR3 parts: 54279 (9.16%)
Alignment failed: low total score: 43382 (7.32%)
Overlapped: 57813 (9.76%)
Overlapped and aligned: 207 (0.03%)
Overlapped and not aligned: 57606 (9.72%)
Alignment-aided overlaps, percent of overlapped and aligned: 3 (1.45%)
No CDR3 parts alignments, percent of successfully aligned: 1023 (12.73%)
Partial aligned reads, percent of successfully aligned: 6992 (86.98%)
V gene chimeras: 115 (0.02%)
J gene chimeras: 63 (0.01%)
Paired-end alignment conflicts eliminated: 19 (0%)
Realigned with forced non-floating bound: 1069584 (180.49%)
Realigned with forced non-floating right bound in left read: 1785 (0.3%)
Realigned with forced non-floating left bound in right read: 1785 (0.3%)
TRA chains: 1374 (17.09%)
TRA non-functional: 0 (0%)
TRB chains: 735 (9.14%)
TRB non-functional: 0 (0%)
TRD chains: 64 (0.8%)
TRD non-functional: 4 (6.25%)
TRG chains: 100 (1.24%)
TRG non-functional: 0 (0%)
TRAD chains: 450 (5.6%)
TRAD non-functional: 0 (0%)
IGH chains: 2332 (29.01%)
IGH non-functional: 1 (0.04%)
IGK chains: 1418 (17.64%)
IGK non-functional: 0 (0%)
IGL chains: 1566 (19.48%)
IGL non-functional: 0 (0%)
Trimming report:
  R1 reads trimmed left: 667 (0.11%)
  R1 reads trimmed right: 6 (0%)
  Average R1 nucleotides trimmed left: 0.0021785279158693356
  Average R1 nucleotides trimmed right: 2.4468361564760157E-4
  R2 reads trimmed left: 221 (0.04%)
  R2 reads trimmed right: 9 (0%)
  Average R2 nucleotides trimmed left: 6.024279364565088E-4
  Average R2 nucleotides trimmed right: 9.129230073472584E-4
====================
Running:
mixcr assemblePartial --report /hpc/pmc_vanboxtel/projects/TallFlow/3_Output/MIXCR4.3.2/Output/pt2322-DX1BM-TALL5/pt2322-DX1BM-TALL5_Receptor.assemblePartial.report.txt --json-report /hpc/pmc_vanboxtel/projects/TallFlow/3_Output/MIXCR4.3.2/Output/pt2322-DX1BM-TALL5/pt2322-DX1BM-TALL5_Receptor.assemblePartial.report.json /hpc/pmc_vanboxtel/projects/TallFlow/3_Output/MIXCR4.3.2/Output/pt2322-DX1BM-TALL5/pt2322-DX1BM-TALL5_Receptor.vdjca /hpc/pmc_vanboxtel/projects/TallFlow/3_Output/MIXCR4.3.2/Output/pt2322-DX1BM-TALL5/pt2322-DX1BM-TALL5_Receptor.passembled.1.vdjca
Building index: 0%
Searching for overlaps: 0%
============== AssemblePartial Report ==============
Analysis time: 732ms
Total alignments analysed: 8037
Number of output alignments: 8036 (99.99%)
Alignments already with CDR3 (no overlapping is performed): 24 (0.3%)
Successfully overlapped alignments: 1 (0.01%)
Left parts with too small N-region (failed to extract k-mer): 911 (11.34%)
Extracted k-mer diversity: 35186
Dropped due to wildcard in k-mer: 0 (0%)
Dropped due to too short NRegion parts in overlap: 3 (0.04%)
Dropped overlaps with empty N region due to no complete NDN coverage: 0 (0%)
Number of left-side alignments: 4655 (57.92%)
Number of right-side alignments: 2075 (25.82%)
Complex overlaps: 0 (0%)
Over-overlaps: 4 (0.05%)
Partial alignments written to output: 8011 (99.68%)
====================
Running:
mixcr assemblePartial --report /hpc/pmc_vanboxtel/projects/TallFlow/3_Output/MIXCR4.3.2/Output/pt2322-DX1BM-TALL5/pt2322-DX1BM-TALL5_Receptor.assemblePartial.report.txt --json-report /hpc/pmc_vanboxtel/projects/TallFlow/3_Output/MIXCR4.3.2/Output/pt2322-DX1BM-TALL5/pt2322-DX1BM-TALL5_Receptor.assemblePartial.report.json /hpc/pmc_vanboxtel/projects/TallFlow/3_Output/MIXCR4.3.2/Output/pt2322-DX1BM-TALL5/pt2322-DX1BM-TALL5_Receptor.passembled.1.vdjca /hpc/pmc_vanboxtel/projects/TallFlow/3_Output/MIXCR4.3.2/Output/pt2322-DX1BM-TALL5/pt2322-DX1BM-TALL5_Receptor.passembled.2.vdjca
Building index: 0%
Searching for overlaps: 0%
============== AssemblePartial Report ==============
Analysis time: 474ms
Total alignments analysed: 8036
Number of output alignments: 8036 (100%)
Alignments already with CDR3 (no overlapping is performed): 25 (0.31%)
Successfully overlapped alignments: 0 (0%)
Left parts with too small N-region (failed to extract k-mer): 911 (11.34%)
Extracted k-mer diversity: 35182
Dropped due to wildcard in k-mer: 0 (0%)
Dropped due to too short NRegion parts in overlap: 3 (0.04%)
Dropped overlaps with empty N region due to no complete NDN coverage: 0 (0%)
Number of left-side alignments: 4654 (57.91%)
Number of right-side alignments: 2074 (25.81%)
Complex overlaps: 0 (0%)
Over-overlaps: 4 (0.05%)
Partial alignments written to output: 8011 (99.69%)
====================
Running:
mixcr extend --report /hpc/pmc_vanboxtel/projects/TallFlow/3_Output/MIXCR4.3.2/Output/pt2322-DX1BM-TALL5/pt2322-DX1BM-TALL5_Receptor.extend.report.txt --json-report /hpc/pmc_vanboxtel/projects/TallFlow/3_Output/MIXCR4.3.2/Output/pt2322-DX1BM-TALL5/pt2322-DX1BM-TALL5_Receptor.extend.report.json /hpc/pmc_vanboxtel/projects/TallFlow/3_Output/MIXCR4.3.2/Output/pt2322-DX1BM-TALL5/pt2322-DX1BM-TALL5_Receptor.passembled.2.vdjca /hpc/pmc_vanboxtel/projects/TallFlow/3_Output/MIXCR4.3.2/Output/pt2322-DX1BM-TALL5/pt2322-DX1BM-TALL5_Receptor.extended.vdjca
Extending alignments: 0%
============== Extend Report ==============
Analysis time: 185ms
Extended alignments count: 0 (0%)
V extensions total: 0 (0%)
V extensions with merged targets: 0 (0%)
J extensions total: 0 (0%)
J extensions with merged targets: 0 (0%)
V+J extensions: 0 (0%)
Mean V extension length: NaN
Mean J extension length: NaN
====================
Running:
mixcr assemble --report /hpc/pmc_vanboxtel/projects/TallFlow/3_Output/MIXCR4.3.2/Output/pt2322-DX1BM-TALL5/pt2322-DX1BM-TALL5_Receptor.assemble.report.txt --json-report /hpc/pmc_vanboxtel/projects/TallFlow/3_Output/MIXCR4.3.2/Output/pt2322-DX1BM-TALL5/pt2322-DX1BM-TALL5_Receptor.assemble.report.json /hpc/pmc_vanboxtel/projects/TallFlow/3_Output/MIXCR4.3.2/Output/pt2322-DX1BM-TALL5/pt2322-DX1BM-TALL5_Receptor.extended.vdjca /hpc/pmc_vanboxtel/projects/TallFlow/3_Output/MIXCR4.3.2/Output/pt2322-DX1BM-TALL5/pt2322-DX1BM-TALL5_Receptor.clna
Initialization: progress unknown
Initialization: progress unknown
============== Assemble Report ==============
Analysis time: 454ms
Final clonotype count: 4
Reads used in clonotypes, percent of total: 23 (0%)
Average number of reads per clonotype: 5.75
Reads dropped due to the lack of a clone sequence, percent of total: 8011 (1.35%)
Reads dropped due to a too short clonal sequence, percent of total: 0 (0%)
Reads dropped due to low quality, percent of total: 0 (0%)
Reads dropped due to failed mapping, percent of total: 3 (0%)
Reads dropped with low quality clones, percent of total: 0 (0%)
Reads used in clonotypes before clustering, percent of total: 23 (0%)
Number of reads used as a core, percent of used: 21 (91.3%)
Mapped low quality reads, percent of used: 2 (8.7%)
Reads clustered in PCR error correction, percent of used: 0 (0%)
Reads pre-clustered due to the similar VJC-lists, percent of used: 0 (0%)
Clonotypes dropped as low quality: 0
Clonotypes eliminated by PCR error correction: 0
Clonotypes pre-clustered due to the similar VJC-lists: 0
Clones dropped in post filtering: 0 (0%)
Reads dropped in post filtering: 0.0 (0%)
Alignments filtered by tag prefix: 0 (0%)
TRB chains: 2 (50%)
TRB non-functional: 0 (0%)
TRD chains: 1 (25%)
TRD non-functional: 1 (100%)
TRG chains: 1 (25%)
TRG non-functional: 0 (0%)
====================
Running:
mixcr assembleContigs --report /hpc/pmc_vanboxtel/projects/TallFlow/3_Output/MIXCR4.3.2/Output/pt2322-DX1BM-TALL5/pt2322-DX1BM-TALL5_Receptor.assembleContigs.report.txt --json-report /hpc/pmc_vanboxtel/projects/TallFlow/3_Output/MIXCR4.3.2/Output/pt2322-DX1BM-TALL5/pt2322-DX1BM-TALL5_Receptor.assembleContigs.report.json /hpc/pmc_vanboxtel/projects/TallFlow/3_Output/MIXCR4.3.2/Output/pt2322-DX1BM-TALL5/pt2322-DX1BM-TALL5_Receptor.clna /hpc/pmc_vanboxtel/projects/TallFlow/3_Output/MIXCR4.3.2/Output/pt2322-DX1BM-TALL5/pt2322-DX1BM-TALL5_Receptor.contigs.clns
Assembling contigs: 0%
============== AssembleContigs Report ==============
Analysis time: 247ms
Initial clonotype count: 4
Final clonotype count: 4 (100%)
Canceled assemblies: 0 (0%)
Number of premature termination assembly events, percent of number of initial clonotypes: 0.0 (0%)
Longest contig length: 595
Clustered variants: 0 (0%)
Reads in clustered variants: 0.0 (0%)
Reads in divided (newly created) clones: 0.0 (0%)
Clones with ambiguous letters in splitting region: 0 (0%)
Reads in clones with ambiguous letters in splitting region: 0.0 (0%)
Average number of ambiguous letters per clone with ambiguous letters in splitting region: NaN
====================
Running:
mixcr exportClones /hpc/pmc_vanboxtel/projects/TallFlow/3_Output/MIXCR4.3.2/Output/pt2322-DX1BM-TALL5/pt2322-DX1BM-TALL5_Receptor.contigs.clns /hpc/pmc_vanboxtel/projects/TallFlow/3_Output/MIXCR4.3.2/Output/pt2322-DX1BM-TALL5/pt2322-DX1BM-TALL5_Receptor.clones.tsv
Exporting TRB
Exporting clones: 0%
WARNING: Filtered 2 of 4 clones (50%).
WARNING: Filtered 9.0 of 23.0 reads (60.87%).
Exporting TRAD
Exporting clones: 0%
WARNING: Filtered 1 of 4 clones (75%).
WARNING: Filtered 6.0 of 23.0 reads (73.91%).
Exporting TRG
Exporting clones: 0%
WARNING: Filtered 1 of 4 clones (75%).
WARNING: Filtered 8.0 of 23.0 reads (65.22%).
Analysis finished successfully.
IMPORTANT: MiXCR will use at most 12000MB of RAM,
           use -Xmx to change automatically set heap size (i.e. -Xmx50g to set heap size to 50 Gb)
IMPORTANT: MiXCR will use at most 12000MB of RAM,
           use -Xmx to change automatically set heap size (i.e. -Xmx50g to set heap size to 50 Gb)
IMPORTANT: MiXCR will use at most 12000MB of RAM,
           use -Xmx to change automatically set heap size (i.e. -Xmx50g to set heap size to 50 Gb)
