INFO	2023-05-03 17:17:53	SamToFastq	

********** NOTE: Picard's command line syntax is changing.
**********
********** For more information, please see:
********** https://github.com/broadinstitute/picard/wiki/Command-Line-Syntax-Transition-For-Users-(Pre-Transition)
**********
********** The command line looks like this in the new syntax:
**********
**********    SamToFastq -INPUT /hpc/pmc_vanboxtel/projects/TallFlow/3_Output/MIXCR4.3.2/input/bam/pt2322-DX1BM-TALL8_dedup.bam -OUTPUT_DIR /hpc/pmc_vanboxtel/projects/TallFlow/3_Output/MIXCR4.3.2/input/fastq -RG_TAG ID -OUTPUT_PER_RG true
**********


17:17:53.524 INFO  NativeLibraryLoader - Loading libgkl_compression.so from jar:file:/hpc/local/CentOS7/pmc_vanboxtel/bin/picard-2.24.1/picard.jar!/com/intel/gkl/native/libgkl_compression.so
[Wed May 03 17:17:53 CEST 2023] SamToFastq INPUT=/hpc/pmc_vanboxtel/projects/TallFlow/3_Output/MIXCR4.3.2/input/bam/pt2322-DX1BM-TALL8_dedup.bam OUTPUT_PER_RG=true RG_TAG=ID OUTPUT_DIR=/hpc/pmc_vanboxtel/projects/TallFlow/3_Output/MIXCR4.3.2/input/fastq    COMPRESS_OUTPUTS_PER_RG=false RE_REVERSE=true INTERLEAVE=false INCLUDE_NON_PF_READS=false CLIPPING_MIN_LENGTH=0 READ1_TRIM=0 READ2_TRIM=0 INCLUDE_NON_PRIMARY_ALIGNMENTS=false VERBOSITY=INFO QUIET=false VALIDATION_STRINGENCY=STRICT COMPRESSION_LEVEL=5 MAX_RECORDS_IN_RAM=500000 CREATE_INDEX=false CREATE_MD5_FILE=false GA4GH_CLIENT_SECRETS=client_secrets.json USE_JDK_DEFLATER=false USE_JDK_INFLATER=false
[Wed May 03 17:17:53 CEST 2023] Executing as rhagelaar@n0081.compute.hpc on Linux 3.10.0-1160.83.1.el7.x86_64 amd64; Java HotSpot(TM) 64-Bit Server VM 1.8.0_60-b27; Deflater: Intel; Inflater: Intel; Provider GCS is not available; Picard version: 2.24.1
INFO	2023-05-03 17:18:03	SamToFastq	Processed     1,000,000 records.  Elapsed time: 00:00:10s.  Time for last 1,000,000:   10s.  Last read position: 7:143,095,490
INFO	2023-05-03 17:18:12	SamToFastq	Processed     2,000,000 records.  Elapsed time: 00:00:18s.  Time for last 1,000,000:    8s.  Last read position: 22:22,740,030
[Wed May 03 17:18:15 CEST 2023] picard.sam.SamToFastq done. Elapsed time: 0.37 minutes.
Runtime.totalMemory()=5781848064
To get help, see http://broadinstitute.github.io/picard/index.html#GettingHelp
Exception in thread "main" htsjdk.samtools.SAMFormatException: SAM validation error: ERROR::MATE_NOT_FOUND:Found 31381 unpaired mates
	at htsjdk.samtools.SAMUtils.processValidationError(SAMUtils.java:469)
	at picard.sam.SamToFastq.doWork(SamToFastq.java:225)
	at picard.cmdline.CommandLineProgram.instanceMain(CommandLineProgram.java:304)
	at picard.cmdline.PicardCommandLine.instanceMain(PicardCommandLine.java:103)
	at picard.cmdline.PicardCommandLine.main(PicardCommandLine.java:113)
/hpc/pmc_vanboxtel/projects/TallFlow/2_Code/MIXCR/
IMPORTANT: MiXCR will use at most 12000MB of RAM,
           use -Xmx to change automatically set heap size (i.e. -Xmx50g to set heap size to 50 Gb)
====================
Running:
mixcr align --report /hpc/pmc_vanboxtel/projects/TallFlow/3_Output/MIXCR4.3.2/Output/pt2322-DX1BM-TALL8/pt2322-DX1BM-TALL8_Receptor.align.report.txt --json-report /hpc/pmc_vanboxtel/projects/TallFlow/3_Output/MIXCR4.3.2/Output/pt2322-DX1BM-TALL8/pt2322-DX1BM-TALL8_Receptor.align.report.json --preset rnaseq-full-length --dna --species hsa /hpc/pmc_vanboxtel/projects/TallFlow/3_Output/MIXCR4.3.2/input/fastq/Merged/pt2322-DX1BM-TALL8_R1.fastq /hpc/pmc_vanboxtel/projects/TallFlow/3_Output/MIXCR4.3.2/input/fastq/Merged/pt2322-DX1BM-TALL8_R2.fastq /hpc/pmc_vanboxtel/projects/TallFlow/3_Output/MIXCR4.3.2/Output/pt2322-DX1BM-TALL8/pt2322-DX1BM-TALL8_Receptor.vdjca
Alignment: 0%
Alignment: 10.4%  ETA: 00:05:39
Alignment: 20.7%  ETA: 00:04:50
Alignment: 31.1%  ETA: 00:04:27
Alignment: 41.4%  ETA: 00:03:29
Alignment: 51.8%  ETA: 00:02:56
Alignment: 62.2%  ETA: 00:02:15
Alignment: 72.5%  ETA: 00:01:40
Alignment: 82.9%  ETA: 00:01:02
Alignment: 93.2%  ETA: 00:00:24
============== Align Report ==============
Analysis time: 6.24m
Total sequencing reads: 1045552
Successfully aligned reads: 11235 (1.07%)
Alignment failed: no hits (not TCR/IG?): 860780 (82.33%)
Alignment failed: no CDR3 parts: 96710 (9.25%)
Alignment failed: low total score: 76827 (7.35%)
Overlapped: 86286 (8.25%)
Overlapped and aligned: 330 (0.03%)
Overlapped and not aligned: 85956 (8.22%)
Alignment-aided overlaps, percent of overlapped and aligned: 8 (2.42%)
No CDR3 parts alignments, percent of successfully aligned: 1572 (13.99%)
Partial aligned reads, percent of successfully aligned: 9627 (85.69%)
V gene chimeras: 177 (0.02%)
J gene chimeras: 88 (0.01%)
Paired-end alignment conflicts eliminated: 37 (0%)
Realigned with forced non-floating bound: 1918548 (183.5%)
Realigned with forced non-floating right bound in left read: 2916 (0.28%)
Realigned with forced non-floating left bound in right read: 2916 (0.28%)
TRA chains: 4 (0.04%)
TRA non-functional: 0 (0%)
TRB chains: 2041 (18.17%)
TRB non-functional: 23 (1.13%)
TRG chains: 56 (0.5%)
TRG non-functional: 0 (0%)
TRAD chains: 665 (5.92%)
TRAD non-functional: 0 (0%)
IGH chains: 3254 (28.96%)
IGH non-functional: 0 (0%)
IGK chains: 2372 (21.11%)
IGK non-functional: 0 (0%)
IGL chains: 2843 (25.3%)
IGL non-functional: 0 (0%)
Trimming report:
  R1 reads trimmed left: 1242 (0.12%)
  R1 reads trimmed right: 9 (0%)
  Average R1 nucleotides trimmed left: 0.002352824154131024
  Average R1 nucleotides trimmed right: 1.9319938176197836E-4
  R2 reads trimmed left: 385 (0.04%)
  R2 reads trimmed right: 11 (0%)
  Average R2 nucleotides trimmed left: 4.935192128177269E-4
  Average R2 nucleotides trimmed right: 4.7917272407302554E-4
====================
Running:
mixcr assemblePartial --report /hpc/pmc_vanboxtel/projects/TallFlow/3_Output/MIXCR4.3.2/Output/pt2322-DX1BM-TALL8/pt2322-DX1BM-TALL8_Receptor.assemblePartial.report.txt --json-report /hpc/pmc_vanboxtel/projects/TallFlow/3_Output/MIXCR4.3.2/Output/pt2322-DX1BM-TALL8/pt2322-DX1BM-TALL8_Receptor.assemblePartial.report.json /hpc/pmc_vanboxtel/projects/TallFlow/3_Output/MIXCR4.3.2/Output/pt2322-DX1BM-TALL8/pt2322-DX1BM-TALL8_Receptor.vdjca /hpc/pmc_vanboxtel/projects/TallFlow/3_Output/MIXCR4.3.2/Output/pt2322-DX1BM-TALL8/pt2322-DX1BM-TALL8_Receptor.passembled.1.vdjca
Building index: 0%
Searching for overlaps: 0%
Searching for overlaps: 87.3%  ETA: 00:00:00
============== AssemblePartial Report ==============
Analysis time: 1.64s
Total alignments analysed: 11234
Number of output alignments: 11231 (99.97%)
Alignments already with CDR3 (no overlapping is performed): 41 (0.36%)
Successfully overlapped alignments: 3 (0.03%)
Left parts with too small N-region (failed to extract k-mer): 1622 (14.44%)
Extracted k-mer diversity: 45249
Dropped due to wildcard in k-mer: 0 (0%)
Dropped due to too short NRegion parts in overlap: 6 (0.05%)
Dropped overlaps with empty N region due to no complete NDN coverage: 0 (0%)
Number of left-side alignments: 8021 (71.4%)
Number of right-side alignments: 1173 (10.44%)
Complex overlaps: 0 (0%)
Over-overlaps: 16 (0.14%)
Partial alignments written to output: 11187 (99.58%)
====================
Running:
mixcr assemblePartial --report /hpc/pmc_vanboxtel/projects/TallFlow/3_Output/MIXCR4.3.2/Output/pt2322-DX1BM-TALL8/pt2322-DX1BM-TALL8_Receptor.assemblePartial.report.txt --json-report /hpc/pmc_vanboxtel/projects/TallFlow/3_Output/MIXCR4.3.2/Output/pt2322-DX1BM-TALL8/pt2322-DX1BM-TALL8_Receptor.assemblePartial.report.json /hpc/pmc_vanboxtel/projects/TallFlow/3_Output/MIXCR4.3.2/Output/pt2322-DX1BM-TALL8/pt2322-DX1BM-TALL8_Receptor.passembled.1.vdjca /hpc/pmc_vanboxtel/projects/TallFlow/3_Output/MIXCR4.3.2/Output/pt2322-DX1BM-TALL8/pt2322-DX1BM-TALL8_Receptor.passembled.2.vdjca
Building index: 0%
Searching for overlaps: 0%
============== AssemblePartial Report ==============
Analysis time: 1.07s
Total alignments analysed: 11231
Number of output alignments: 11231 (100%)
Alignments already with CDR3 (no overlapping is performed): 44 (0.39%)
Successfully overlapped alignments: 0 (0%)
Left parts with too small N-region (failed to extract k-mer): 1622 (14.44%)
Extracted k-mer diversity: 45135
Dropped due to wildcard in k-mer: 0 (0%)
Dropped due to too short NRegion parts in overlap: 5 (0.04%)
Dropped overlaps with empty N region due to no complete NDN coverage: 0 (0%)
Number of left-side alignments: 8018 (71.39%)
Number of right-side alignments: 1169 (10.41%)
Complex overlaps: 0 (0%)
Over-overlaps: 16 (0.14%)
Partial alignments written to output: 11187 (99.61%)
====================
Running:
mixcr extend --report /hpc/pmc_vanboxtel/projects/TallFlow/3_Output/MIXCR4.3.2/Output/pt2322-DX1BM-TALL8/pt2322-DX1BM-TALL8_Receptor.extend.report.txt --json-report /hpc/pmc_vanboxtel/projects/TallFlow/3_Output/MIXCR4.3.2/Output/pt2322-DX1BM-TALL8/pt2322-DX1BM-TALL8_Receptor.extend.report.json /hpc/pmc_vanboxtel/projects/TallFlow/3_Output/MIXCR4.3.2/Output/pt2322-DX1BM-TALL8/pt2322-DX1BM-TALL8_Receptor.passembled.2.vdjca /hpc/pmc_vanboxtel/projects/TallFlow/3_Output/MIXCR4.3.2/Output/pt2322-DX1BM-TALL8/pt2322-DX1BM-TALL8_Receptor.extended.vdjca
Extending alignments: 0%
============== Extend Report ==============
Analysis time: 326ms
Extended alignments count: 5 (0.04%)
V extensions total: 2 (0.02%)
V extensions with merged targets: 0 (0%)
J extensions total: 3 (0.03%)
J extensions with merged targets: 0 (0%)
V+J extensions: 0 (0%)
Mean V extension length: 4.0
Mean J extension length: 3.0
====================
Running:
mixcr assemble --report /hpc/pmc_vanboxtel/projects/TallFlow/3_Output/MIXCR4.3.2/Output/pt2322-DX1BM-TALL8/pt2322-DX1BM-TALL8_Receptor.assemble.report.txt --json-report /hpc/pmc_vanboxtel/projects/TallFlow/3_Output/MIXCR4.3.2/Output/pt2322-DX1BM-TALL8/pt2322-DX1BM-TALL8_Receptor.assemble.report.json /hpc/pmc_vanboxtel/projects/TallFlow/3_Output/MIXCR4.3.2/Output/pt2322-DX1BM-TALL8/pt2322-DX1BM-TALL8_Receptor.extended.vdjca /hpc/pmc_vanboxtel/projects/TallFlow/3_Output/MIXCR4.3.2/Output/pt2322-DX1BM-TALL8/pt2322-DX1BM-TALL8_Receptor.clna
Initialization: progress unknown
Initialization: progress unknown
============== Assemble Report ==============
Analysis time: 364ms
Final clonotype count: 4
Reads used in clonotypes, percent of total: 47 (0%)
Average number of reads per clonotype: 11.75
Reads dropped due to the lack of a clone sequence, percent of total: 11187 (1.07%)
Reads dropped due to a too short clonal sequence, percent of total: 0 (0%)
Reads dropped due to low quality, percent of total: 0 (0%)
Reads dropped due to failed mapping, percent of total: 0 (0%)
Reads dropped with low quality clones, percent of total: 0 (0%)
Reads used in clonotypes before clustering, percent of total: 47 (0%)
Number of reads used as a core, percent of used: 45 (95.74%)
Mapped low quality reads, percent of used: 2 (4.26%)
Reads clustered in PCR error correction, percent of used: 0 (0%)
Reads pre-clustered due to the similar VJC-lists, percent of used: 0 (0%)
Clonotypes dropped as low quality: 0
Clonotypes eliminated by PCR error correction: 0
Clonotypes pre-clustered due to the similar VJC-lists: 0
Clones dropped in post filtering: 0 (0%)
Reads dropped in post filtering: 0.0 (0%)
Alignments filtered by tag prefix: 0 (0%)
TRB chains: 3 (75%)
TRB non-functional: 2 (66.67%)
TRG chains: 1 (25%)
TRG non-functional: 0 (0%)
====================
Running:
mixcr assembleContigs --report /hpc/pmc_vanboxtel/projects/TallFlow/3_Output/MIXCR4.3.2/Output/pt2322-DX1BM-TALL8/pt2322-DX1BM-TALL8_Receptor.assembleContigs.report.txt --json-report /hpc/pmc_vanboxtel/projects/TallFlow/3_Output/MIXCR4.3.2/Output/pt2322-DX1BM-TALL8/pt2322-DX1BM-TALL8_Receptor.assembleContigs.report.json /hpc/pmc_vanboxtel/projects/TallFlow/3_Output/MIXCR4.3.2/Output/pt2322-DX1BM-TALL8/pt2322-DX1BM-TALL8_Receptor.clna /hpc/pmc_vanboxtel/projects/TallFlow/3_Output/MIXCR4.3.2/Output/pt2322-DX1BM-TALL8/pt2322-DX1BM-TALL8_Receptor.contigs.clns
Assembling contigs: 0%
============== AssembleContigs Report ==============
Analysis time: 189ms
Initial clonotype count: 4
Final clonotype count: 4 (100%)
Canceled assemblies: 0 (0%)
Number of premature termination assembly events, percent of number of initial clonotypes: 0.0 (0%)
Longest contig length: 695
Clustered variants: 0 (0%)
Reads in clustered variants: 0.0 (0%)
Reads in divided (newly created) clones: 0.0 (0%)
Clones with ambiguous letters in splitting region: 0 (0%)
Reads in clones with ambiguous letters in splitting region: 0.0 (0%)
Average number of ambiguous letters per clone with ambiguous letters in splitting region: NaN
====================
Running:
mixcr exportClones /hpc/pmc_vanboxtel/projects/TallFlow/3_Output/MIXCR4.3.2/Output/pt2322-DX1BM-TALL8/pt2322-DX1BM-TALL8_Receptor.contigs.clns /hpc/pmc_vanboxtel/projects/TallFlow/3_Output/MIXCR4.3.2/Output/pt2322-DX1BM-TALL8/pt2322-DX1BM-TALL8_Receptor.clones.tsv
Exporting TRB
Exporting clones: 0%
WARNING: Filtered 3 of 4 clones (25%).
WARNING: Filtered 38.0 of 47.0 reads (19.15%).
Exporting TRG
WARNING: Filtered 1 of 4 clones (75%).
WARNING: Filtered 9.0 of 47.0 reads (80.85%).
Analysis finished successfully.
IMPORTANT: MiXCR will use at most 12000MB of RAM,
           use -Xmx to change automatically set heap size (i.e. -Xmx50g to set heap size to 50 Gb)
IMPORTANT: MiXCR will use at most 12000MB of RAM,
           use -Xmx to change automatically set heap size (i.e. -Xmx50g to set heap size to 50 Gb)
IMPORTANT: MiXCR will use at most 12000MB of RAM,
           use -Xmx to change automatically set heap size (i.e. -Xmx50g to set heap size to 50 Gb)
