INFO	2023-05-03 16:57:59	SamToFastq	

********** NOTE: Picard's command line syntax is changing.
**********
********** For more information, please see:
********** https://github.com/broadinstitute/picard/wiki/Command-Line-Syntax-Transition-For-Users-(Pre-Transition)
**********
********** The command line looks like this in the new syntax:
**********
**********    SamToFastq -INPUT /hpc/pmc_vanboxtel/projects/TallFlow/3_Output/MIXCR4.3.2/input/bam/pt2283D-DX1BM-ALLBULK_dedup.bam -OUTPUT_DIR /hpc/pmc_vanboxtel/projects/TallFlow/3_Output/MIXCR4.3.2/input/fastq -RG_TAG ID -OUTPUT_PER_RG true
**********


16:57:59.770 INFO  NativeLibraryLoader - Loading libgkl_compression.so from jar:file:/hpc/local/CentOS7/pmc_vanboxtel/bin/picard-2.24.1/picard.jar!/com/intel/gkl/native/libgkl_compression.so
[Wed May 03 16:57:59 CEST 2023] SamToFastq INPUT=/hpc/pmc_vanboxtel/projects/TallFlow/3_Output/MIXCR4.3.2/input/bam/pt2283D-DX1BM-ALLBULK_dedup.bam OUTPUT_PER_RG=true RG_TAG=ID OUTPUT_DIR=/hpc/pmc_vanboxtel/projects/TallFlow/3_Output/MIXCR4.3.2/input/fastq    COMPRESS_OUTPUTS_PER_RG=false RE_REVERSE=true INTERLEAVE=false INCLUDE_NON_PF_READS=false CLIPPING_MIN_LENGTH=0 READ1_TRIM=0 READ2_TRIM=0 INCLUDE_NON_PRIMARY_ALIGNMENTS=false VERBOSITY=INFO QUIET=false VALIDATION_STRINGENCY=STRICT COMPRESSION_LEVEL=5 MAX_RECORDS_IN_RAM=500000 CREATE_INDEX=false CREATE_MD5_FILE=false GA4GH_CLIENT_SECRETS=client_secrets.json USE_JDK_DEFLATER=false USE_JDK_INFLATER=false
[Wed May 03 16:57:59 CEST 2023] Executing as rhagelaar@n0093.compute.hpc on Linux 3.10.0-1160.83.1.el7.x86_64 amd64; Java HotSpot(TM) 64-Bit Server VM 1.8.0_60-b27; Deflater: Intel; Inflater: Intel; Provider GCS is not available; Picard version: 2.24.1
INFO	2023-05-03 16:58:14	SamToFastq	Processed     1,000,000 records.  Elapsed time: 00:00:14s.  Time for last 1,000,000:   14s.  Last read position: 7:38,727,679
INFO	2023-05-03 16:58:26	SamToFastq	Processed     2,000,000 records.  Elapsed time: 00:00:26s.  Time for last 1,000,000:   12s.  Last read position: 14:105,318,520
[Wed May 03 16:58:34 CEST 2023] picard.sam.SamToFastq done. Elapsed time: 0.58 minutes.
Runtime.totalMemory()=5859966976
To get help, see http://broadinstitute.github.io/picard/index.html#GettingHelp
Exception in thread "main" htsjdk.samtools.SAMFormatException: SAM validation error: ERROR::MATE_NOT_FOUND:Found 64514 unpaired mates
	at htsjdk.samtools.SAMUtils.processValidationError(SAMUtils.java:469)
	at picard.sam.SamToFastq.doWork(SamToFastq.java:225)
	at picard.cmdline.CommandLineProgram.instanceMain(CommandLineProgram.java:304)
	at picard.cmdline.PicardCommandLine.instanceMain(PicardCommandLine.java:103)
	at picard.cmdline.PicardCommandLine.main(PicardCommandLine.java:113)
/hpc/pmc_vanboxtel/projects/TallFlow/2_Code/MIXCR/
IMPORTANT: MiXCR will use at most 11345MB of RAM,
           use -Xmx to change automatically set heap size (i.e. -Xmx50g to set heap size to 50 Gb)
====================
Running:
mixcr align --report /hpc/pmc_vanboxtel/projects/TallFlow/3_Output/MIXCR4.3.2/Output/pt2283D-DX1BM-ALLBULK/pt2283D-DX1BM-ALLBULK_Receptor.align.report.txt --json-report /hpc/pmc_vanboxtel/projects/TallFlow/3_Output/MIXCR4.3.2/Output/pt2283D-DX1BM-ALLBULK/pt2283D-DX1BM-ALLBULK_Receptor.align.report.json --preset rnaseq-full-length --dna --species hsa /hpc/pmc_vanboxtel/projects/TallFlow/3_Output/MIXCR4.3.2/input/fastq/Merged/pt2283D-DX1BM-ALLBULK_R1.fastq /hpc/pmc_vanboxtel/projects/TallFlow/3_Output/MIXCR4.3.2/input/fastq/Merged/pt2283D-DX1BM-ALLBULK_R2.fastq /hpc/pmc_vanboxtel/projects/TallFlow/3_Output/MIXCR4.3.2/Output/pt2283D-DX1BM-ALLBULK/pt2283D-DX1BM-ALLBULK_Receptor.vdjca
Alignment: 0%
Alignment: 10.7%  ETA: 00:07:15
Alignment: 21.3%  ETA: 00:06:39
Alignment: 32%  ETA: 00:05:42
Alignment: 42.6%  ETA: 00:04:23
Alignment: 53.3%  ETA: 00:03:57
Alignment: 64%  ETA: 00:02:59
Alignment: 74.6%  ETA: 00:02:08
Alignment: 85.3%  ETA: 00:01:09
Alignment: 95.9%  ETA: 00:00:21
============== Align Report ==============
Analysis time: 8.42m
Total sequencing reads: 1355039
Successfully aligned reads: 16000 (1.18%)
Alignment failed: no hits (not TCR/IG?): 1099061 (81.11%)
Alignment failed: no CDR3 parts: 135355 (9.99%)
Alignment failed: low total score: 104623 (7.72%)
Overlapped: 154257 (11.38%)
Overlapped and aligned: 354 (0.03%)
Overlapped and not aligned: 153903 (11.36%)
Alignment-aided overlaps, percent of overlapped and aligned: 10 (2.82%)
No CDR3 parts alignments, percent of successfully aligned: 2130 (13.31%)
Partial aligned reads, percent of successfully aligned: 13803 (86.27%)
V gene chimeras: 253 (0.02%)
J gene chimeras: 120 (0.01%)
Paired-end alignment conflicts eliminated: 36 (0%)
Realigned with forced non-floating bound: 2401584 (177.23%)
Realigned with forced non-floating right bound in left read: 5299 (0.39%)
Realigned with forced non-floating left bound in right read: 5299 (0.39%)
TRA chains: 1859 (11.62%)
TRA non-functional: 8 (0.43%)
TRB chains: 2044 (12.78%)
TRB non-functional: 0 (0%)
TRD chains: 80 (0.5%)
TRD non-functional: 7 (8.75%)
TRG chains: 345 (2.16%)
TRG non-functional: 9 (2.61%)
TRAD chains: 1946 (12.16%)
TRAD non-functional: 0 (0%)
IGH chains: 4096 (25.6%)
IGH non-functional: 0 (0%)
IGK chains: 2755 (17.22%)
IGK non-functional: 0 (0%)
IGL chains: 2875 (17.97%)
IGL non-functional: 0 (0%)
Trimming report:
  R1 reads trimmed left: 2790 (0.21%)
  R1 reads trimmed right: 15 (0%)
  Average R1 nucleotides trimmed left: 0.0040758974464941596
  Average R1 nucleotides trimmed right: 1.1069792087165018E-5
  R2 reads trimmed left: 1003 (0.07%)
  R2 reads trimmed right: 1 (0%)
  Average R2 nucleotides trimmed left: 8.110467669196237E-4
  Average R2 nucleotides trimmed right: 7.379861391443346E-7
====================
Running:
mixcr assemblePartial --report /hpc/pmc_vanboxtel/projects/TallFlow/3_Output/MIXCR4.3.2/Output/pt2283D-DX1BM-ALLBULK/pt2283D-DX1BM-ALLBULK_Receptor.assemblePartial.report.txt --json-report /hpc/pmc_vanboxtel/projects/TallFlow/3_Output/MIXCR4.3.2/Output/pt2283D-DX1BM-ALLBULK/pt2283D-DX1BM-ALLBULK_Receptor.assemblePartial.report.json /hpc/pmc_vanboxtel/projects/TallFlow/3_Output/MIXCR4.3.2/Output/pt2283D-DX1BM-ALLBULK/pt2283D-DX1BM-ALLBULK_Receptor.vdjca /hpc/pmc_vanboxtel/projects/TallFlow/3_Output/MIXCR4.3.2/Output/pt2283D-DX1BM-ALLBULK/pt2283D-DX1BM-ALLBULK_Receptor.passembled.1.vdjca
Building index: 0%
Searching for overlaps: 0%
Searching for overlaps: 73.8%  ETA: 00:00:00
============== AssemblePartial Report ==============
Analysis time: 1.81s
Total alignments analysed: 15998
Number of output alignments: 15997 (99.99%)
Alignments already with CDR3 (no overlapping is performed): 69 (0.43%)
Successfully overlapped alignments: 1 (0.01%)
Left parts with too small N-region (failed to extract k-mer): 1861 (11.63%)
Extracted k-mer diversity: 45517
Dropped due to wildcard in k-mer: 0 (0%)
Dropped due to too short NRegion parts in overlap: 5 (0.03%)
Dropped overlaps with empty N region due to no complete NDN coverage: 0 (0%)
Number of left-side alignments: 10003 (62.53%)
Number of right-side alignments: 3282 (20.52%)
Complex overlaps: 0 (0%)
Over-overlaps: 48 (0.3%)
Partial alignments written to output: 15927 (99.56%)
====================
Running:
mixcr assemblePartial --report /hpc/pmc_vanboxtel/projects/TallFlow/3_Output/MIXCR4.3.2/Output/pt2283D-DX1BM-ALLBULK/pt2283D-DX1BM-ALLBULK_Receptor.assemblePartial.report.txt --json-report /hpc/pmc_vanboxtel/projects/TallFlow/3_Output/MIXCR4.3.2/Output/pt2283D-DX1BM-ALLBULK/pt2283D-DX1BM-ALLBULK_Receptor.assemblePartial.report.json /hpc/pmc_vanboxtel/projects/TallFlow/3_Output/MIXCR4.3.2/Output/pt2283D-DX1BM-ALLBULK/pt2283D-DX1BM-ALLBULK_Receptor.passembled.1.vdjca /hpc/pmc_vanboxtel/projects/TallFlow/3_Output/MIXCR4.3.2/Output/pt2283D-DX1BM-ALLBULK/pt2283D-DX1BM-ALLBULK_Receptor.passembled.2.vdjca
Building index: 0%
Searching for overlaps: 0.1%
Searching for overlaps: 28.8%  ETA: 00:00:02
============== AssemblePartial Report ==============
Analysis time: 1.62s
Total alignments analysed: 15997
Number of output alignments: 15997 (100%)
Alignments already with CDR3 (no overlapping is performed): 70 (0.44%)
Successfully overlapped alignments: 0 (0%)
Left parts with too small N-region (failed to extract k-mer): 1861 (11.63%)
Extracted k-mer diversity: 45515
Dropped due to wildcard in k-mer: 0 (0%)
Dropped due to too short NRegion parts in overlap: 5 (0.03%)
Dropped overlaps with empty N region due to no complete NDN coverage: 0 (0%)
Number of left-side alignments: 10002 (62.52%)
Number of right-side alignments: 3281 (20.51%)
Complex overlaps: 0 (0%)
Over-overlaps: 48 (0.3%)
Partial alignments written to output: 15927 (99.56%)
====================
Running:
mixcr extend --report /hpc/pmc_vanboxtel/projects/TallFlow/3_Output/MIXCR4.3.2/Output/pt2283D-DX1BM-ALLBULK/pt2283D-DX1BM-ALLBULK_Receptor.extend.report.txt --json-report /hpc/pmc_vanboxtel/projects/TallFlow/3_Output/MIXCR4.3.2/Output/pt2283D-DX1BM-ALLBULK/pt2283D-DX1BM-ALLBULK_Receptor.extend.report.json /hpc/pmc_vanboxtel/projects/TallFlow/3_Output/MIXCR4.3.2/Output/pt2283D-DX1BM-ALLBULK/pt2283D-DX1BM-ALLBULK_Receptor.passembled.2.vdjca /hpc/pmc_vanboxtel/projects/TallFlow/3_Output/MIXCR4.3.2/Output/pt2283D-DX1BM-ALLBULK/pt2283D-DX1BM-ALLBULK_Receptor.extended.vdjca
Extending alignments: 0%
============== Extend Report ==============
Analysis time: 357ms
Extended alignments count: 3 (0.02%)
V extensions total: 0 (0%)
V extensions with merged targets: 0 (0%)
J extensions total: 3 (0.02%)
J extensions with merged targets: 0 (0%)
V+J extensions: 0 (0%)
Mean V extension length: NaN
Mean J extension length: 6.0
====================
Running:
mixcr assemble --report /hpc/pmc_vanboxtel/projects/TallFlow/3_Output/MIXCR4.3.2/Output/pt2283D-DX1BM-ALLBULK/pt2283D-DX1BM-ALLBULK_Receptor.assemble.report.txt --json-report /hpc/pmc_vanboxtel/projects/TallFlow/3_Output/MIXCR4.3.2/Output/pt2283D-DX1BM-ALLBULK/pt2283D-DX1BM-ALLBULK_Receptor.assemble.report.json /hpc/pmc_vanboxtel/projects/TallFlow/3_Output/MIXCR4.3.2/Output/pt2283D-DX1BM-ALLBULK/pt2283D-DX1BM-ALLBULK_Receptor.extended.vdjca /hpc/pmc_vanboxtel/projects/TallFlow/3_Output/MIXCR4.3.2/Output/pt2283D-DX1BM-ALLBULK/pt2283D-DX1BM-ALLBULK_Receptor.clna
Initialization: progress unknown
Initialization: progress unknown
============== Assemble Report ==============
Analysis time: 540ms
Final clonotype count: 11
Reads used in clonotypes, percent of total: 59 (0%)
Average number of reads per clonotype: 5.36
Reads dropped due to the lack of a clone sequence, percent of total: 15927 (1.18%)
Reads dropped due to a too short clonal sequence, percent of total: 1 (0%)
Reads dropped due to low quality, percent of total: 0 (0%)
Reads dropped due to failed mapping, percent of total: 11 (0%)
Reads dropped with low quality clones, percent of total: 0 (0%)
Reads used in clonotypes before clustering, percent of total: 59 (0%)
Number of reads used as a core, percent of used: 56 (94.92%)
Mapped low quality reads, percent of used: 3 (5.08%)
Reads clustered in PCR error correction, percent of used: 0 (0%)
Reads pre-clustered due to the similar VJC-lists, percent of used: 0 (0%)
Clonotypes dropped as low quality: 0
Clonotypes eliminated by PCR error correction: 0
Clonotypes pre-clustered due to the similar VJC-lists: 0
Clones dropped in post filtering: 0 (0%)
Reads dropped in post filtering: 0.0 (0%)
Alignments filtered by tag prefix: 0 (0%)
TRA chains: 4 (36.36%)
TRA non-functional: 4 (100%)
TRB chains: 3 (27.27%)
TRB non-functional: 0 (0%)
TRD chains: 1 (9.09%)
TRD non-functional: 1 (100%)
TRG chains: 2 (18.18%)
TRG non-functional: 1 (50%)
IGL chains: 1 (9.09%)
IGL non-functional: 0 (0%)
====================
Running:
mixcr assembleContigs --report /hpc/pmc_vanboxtel/projects/TallFlow/3_Output/MIXCR4.3.2/Output/pt2283D-DX1BM-ALLBULK/pt2283D-DX1BM-ALLBULK_Receptor.assembleContigs.report.txt --json-report /hpc/pmc_vanboxtel/projects/TallFlow/3_Output/MIXCR4.3.2/Output/pt2283D-DX1BM-ALLBULK/pt2283D-DX1BM-ALLBULK_Receptor.assembleContigs.report.json /hpc/pmc_vanboxtel/projects/TallFlow/3_Output/MIXCR4.3.2/Output/pt2283D-DX1BM-ALLBULK/pt2283D-DX1BM-ALLBULK_Receptor.clna /hpc/pmc_vanboxtel/projects/TallFlow/3_Output/MIXCR4.3.2/Output/pt2283D-DX1BM-ALLBULK/pt2283D-DX1BM-ALLBULK_Receptor.contigs.clns
Assembling contigs: 0%
============== AssembleContigs Report ==============
Analysis time: 271ms
Initial clonotype count: 11
Final clonotype count: 11 (100%)
Canceled assemblies: 0 (0%)
Number of premature termination assembly events, percent of number of initial clonotypes: 0.0 (0%)
Longest contig length: 727
Clustered variants: 0 (0%)
Reads in clustered variants: 0.0 (0%)
Reads in divided (newly created) clones: 0.0 (0%)
Clones with ambiguous letters in splitting region: 0 (0%)
Reads in clones with ambiguous letters in splitting region: 0.0 (0%)
Average number of ambiguous letters per clone with ambiguous letters in splitting region: NaN
====================
Running:
mixcr exportClones /hpc/pmc_vanboxtel/projects/TallFlow/3_Output/MIXCR4.3.2/Output/pt2283D-DX1BM-ALLBULK/pt2283D-DX1BM-ALLBULK_Receptor.contigs.clns /hpc/pmc_vanboxtel/projects/TallFlow/3_Output/MIXCR4.3.2/Output/pt2283D-DX1BM-ALLBULK/pt2283D-DX1BM-ALLBULK_Receptor.clones.tsv
Exporting TRB
Exporting clones: 0%
WARNING: Filtered 3 of 11 clones (72.73%).
WARNING: Filtered 18.0 of 59.0 reads (69.49%).
Exporting TRAD
Exporting clones: 0%
WARNING: Filtered 5 of 11 clones (54.55%).
WARNING: Filtered 13.0 of 59.0 reads (77.97%).
Exporting TRG
WARNING: Filtered 2 of 11 clones (81.82%).
WARNING: Filtered 26.0 of 59.0 reads (55.93%).
Exporting IGL
Exporting clones: 0%
WARNING: Filtered 1 of 11 clones (90.91%).
WARNING: Filtered 2.0 of 59.0 reads (96.61%).
Analysis finished successfully.
IMPORTANT: MiXCR will use at most 12000MB of RAM,
           use -Xmx to change automatically set heap size (i.e. -Xmx50g to set heap size to 50 Gb)
IMPORTANT: MiXCR will use at most 12000MB of RAM,
           use -Xmx to change automatically set heap size (i.e. -Xmx50g to set heap size to 50 Gb)
IMPORTANT: MiXCR will use at most 12000MB of RAM,
           use -Xmx to change automatically set heap size (i.e. -Xmx50g to set heap size to 50 Gb)
