INFO	2023-05-03 17:26:43	SamToFastq	

********** NOTE: Picard's command line syntax is changing.
**********
********** For more information, please see:
********** https://github.com/broadinstitute/picard/wiki/Command-Line-Syntax-Transition-For-Users-(Pre-Transition)
**********
********** The command line looks like this in the new syntax:
**********
**********    SamToFastq -INPUT /hpc/pmc_vanboxtel/projects/TallFlow/3_Output/MIXCR4.3.2/input/bam/pt2229-DX1BM-TALL5_dedup.bam -OUTPUT_DIR /hpc/pmc_vanboxtel/projects/TallFlow/3_Output/MIXCR4.3.2/input/fastq -RG_TAG ID -OUTPUT_PER_RG true
**********


17:26:43.600 INFO  NativeLibraryLoader - Loading libgkl_compression.so from jar:file:/hpc/local/CentOS7/pmc_vanboxtel/bin/picard-2.24.1/picard.jar!/com/intel/gkl/native/libgkl_compression.so
[Wed May 03 17:26:43 CEST 2023] SamToFastq INPUT=/hpc/pmc_vanboxtel/projects/TallFlow/3_Output/MIXCR4.3.2/input/bam/pt2229-DX1BM-TALL5_dedup.bam OUTPUT_PER_RG=true RG_TAG=ID OUTPUT_DIR=/hpc/pmc_vanboxtel/projects/TallFlow/3_Output/MIXCR4.3.2/input/fastq    COMPRESS_OUTPUTS_PER_RG=false RE_REVERSE=true INTERLEAVE=false INCLUDE_NON_PF_READS=false CLIPPING_MIN_LENGTH=0 READ1_TRIM=0 READ2_TRIM=0 INCLUDE_NON_PRIMARY_ALIGNMENTS=false VERBOSITY=INFO QUIET=false VALIDATION_STRINGENCY=STRICT COMPRESSION_LEVEL=5 MAX_RECORDS_IN_RAM=500000 CREATE_INDEX=false CREATE_MD5_FILE=false GA4GH_CLIENT_SECRETS=client_secrets.json USE_JDK_DEFLATER=false USE_JDK_INFLATER=false
[Wed May 03 17:26:43 CEST 2023] Executing as rhagelaar@n0095.compute.hpc on Linux 3.10.0-1160.83.1.el7.x86_64 amd64; Java HotSpot(TM) 64-Bit Server VM 1.8.0_60-b27; Deflater: Intel; Inflater: Intel; Provider GCS is not available; Picard version: 2.24.1
INFO	2023-05-03 17:26:52	SamToFastq	Processed     1,000,000 records.  Elapsed time: 00:00:08s.  Time for last 1,000,000:    8s.  Last read position: 14:22,907,465
[Wed May 03 17:26:56 CEST 2023] picard.sam.SamToFastq done. Elapsed time: 0.21 minutes.
Runtime.totalMemory()=5805441024
To get help, see http://broadinstitute.github.io/picard/index.html#GettingHelp
Exception in thread "main" htsjdk.samtools.SAMFormatException: SAM validation error: ERROR::MATE_NOT_FOUND:Found 31101 unpaired mates
	at htsjdk.samtools.SAMUtils.processValidationError(SAMUtils.java:469)
	at picard.sam.SamToFastq.doWork(SamToFastq.java:225)
	at picard.cmdline.CommandLineProgram.instanceMain(CommandLineProgram.java:304)
	at picard.cmdline.PicardCommandLine.instanceMain(PicardCommandLine.java:103)
	at picard.cmdline.PicardCommandLine.main(PicardCommandLine.java:113)
/hpc/pmc_vanboxtel/projects/TallFlow/2_Code/MIXCR/
IMPORTANT: MiXCR will use at most 12000MB of RAM,
           use -Xmx to change automatically set heap size (i.e. -Xmx50g to set heap size to 50 Gb)
====================
Running:
mixcr align --report /hpc/pmc_vanboxtel/projects/TallFlow/3_Output/MIXCR4.3.2/Output/pt2229-DX1BM-TALL5/pt2229-DX1BM-TALL5_Receptor.align.report.txt --json-report /hpc/pmc_vanboxtel/projects/TallFlow/3_Output/MIXCR4.3.2/Output/pt2229-DX1BM-TALL5/pt2229-DX1BM-TALL5_Receptor.align.report.json --preset rnaseq-full-length --dna --species hsa /hpc/pmc_vanboxtel/projects/TallFlow/3_Output/MIXCR4.3.2/input/fastq/Merged/pt2229-DX1BM-TALL5_R1.fastq /hpc/pmc_vanboxtel/projects/TallFlow/3_Output/MIXCR4.3.2/input/fastq/Merged/pt2229-DX1BM-TALL5_R2.fastq /hpc/pmc_vanboxtel/projects/TallFlow/3_Output/MIXCR4.3.2/Output/pt2229-DX1BM-TALL5/pt2229-DX1BM-TALL5_Receptor.vdjca
Alignment: 0%
Alignment: 11.3%  ETA: 00:03:23
Alignment: 22.7%  ETA: 00:03:07
Alignment: 34%  ETA: 00:02:33
Alignment: 45.3%  ETA: 00:02:00
Alignment: 56.7%  ETA: 00:01:39
Alignment: 68%  ETA: 00:01:07
Alignment: 79.4%  ETA: 00:00:47
Alignment: 90.7%  ETA: 00:00:18
============== Align Report ==============
Analysis time: 3.88m
Total sequencing reads: 637031
Successfully aligned reads: 7904 (1.24%)
Alignment failed: no hits (not TCR/IG?): 529300 (83.09%)
Alignment failed: no CDR3 parts: 56436 (8.86%)
Alignment failed: low total score: 43391 (6.81%)
Overlapped: 90172 (14.16%)
Overlapped and aligned: 190 (0.03%)
Overlapped and not aligned: 89982 (14.13%)
Alignment-aided overlaps, percent of overlapped and aligned: 6 (3.16%)
No CDR3 parts alignments, percent of successfully aligned: 1076 (13.61%)
Partial aligned reads, percent of successfully aligned: 6804 (86.08%)
V gene chimeras: 120 (0.02%)
J gene chimeras: 41 (0.01%)
Paired-end alignment conflicts eliminated: 11 (0%)
Realigned with forced non-floating bound: 1093730 (171.69%)
Realigned with forced non-floating right bound in left read: 1903 (0.3%)
Realigned with forced non-floating left bound in right read: 1903 (0.3%)
TRA chains: 1042 (13.18%)
TRA non-functional: 1 (0.1%)
TRB chains: 1440 (18.22%)
TRB non-functional: 0 (0%)
TRD chains: 36 (0.46%)
TRD non-functional: 10 (27.78%)
TRG chains: 48 (0.61%)
TRG non-functional: 9 (18.75%)
TRAD chains: 676 (8.55%)
TRAD non-functional: 0 (0%)
IGH chains: 2035 (25.75%)
IGH non-functional: 0 (0%)
IGK chains: 1530 (19.36%)
IGK non-functional: 0 (0%)
IGL chains: 1097 (13.88%)
IGL non-functional: 0 (0%)
Trimming report:
  R1 reads trimmed left: 730 (0.11%)
  R1 reads trimmed right: 15 (0%)
  Average R1 nucleotides trimmed left: 0.0023028706609254496
  Average R1 nucleotides trimmed right: 4.8820230098692215E-4
  R2 reads trimmed left: 250 (0.04%)
  R2 reads trimmed right: 11 (0%)
  Average R2 nucleotides trimmed left: 7.268092133663825E-4
  Average R2 nucleotides trimmed right: 8.084378939172505E-4
====================
Running:
mixcr assemblePartial --report /hpc/pmc_vanboxtel/projects/TallFlow/3_Output/MIXCR4.3.2/Output/pt2229-DX1BM-TALL5/pt2229-DX1BM-TALL5_Receptor.assemblePartial.report.txt --json-report /hpc/pmc_vanboxtel/projects/TallFlow/3_Output/MIXCR4.3.2/Output/pt2229-DX1BM-TALL5/pt2229-DX1BM-TALL5_Receptor.assemblePartial.report.json /hpc/pmc_vanboxtel/projects/TallFlow/3_Output/MIXCR4.3.2/Output/pt2229-DX1BM-TALL5/pt2229-DX1BM-TALL5_Receptor.vdjca /hpc/pmc_vanboxtel/projects/TallFlow/3_Output/MIXCR4.3.2/Output/pt2229-DX1BM-TALL5/pt2229-DX1BM-TALL5_Receptor.passembled.1.vdjca
Building index: 0%
Searching for overlaps: 0%
============== AssemblePartial Report ==============
Analysis time: 741ms
Total alignments analysed: 7903
Number of output alignments: 7900 (99.96%)
Alignments already with CDR3 (no overlapping is performed): 25 (0.32%)
Successfully overlapped alignments: 3 (0.04%)
Left parts with too small N-region (failed to extract k-mer): 802 (10.15%)
Extracted k-mer diversity: 38312
Dropped due to wildcard in k-mer: 0 (0%)
Dropped due to too short NRegion parts in overlap: 3 (0.04%)
Dropped overlaps with empty N region due to no complete NDN coverage: 0 (0%)
Number of left-side alignments: 5013 (63.43%)
Number of right-side alignments: 1611 (20.38%)
Complex overlaps: 0 (0%)
Over-overlaps: 6 (0.08%)
Partial alignments written to output: 7872 (99.61%)
====================
Running:
mixcr assemblePartial --report /hpc/pmc_vanboxtel/projects/TallFlow/3_Output/MIXCR4.3.2/Output/pt2229-DX1BM-TALL5/pt2229-DX1BM-TALL5_Receptor.assemblePartial.report.txt --json-report /hpc/pmc_vanboxtel/projects/TallFlow/3_Output/MIXCR4.3.2/Output/pt2229-DX1BM-TALL5/pt2229-DX1BM-TALL5_Receptor.assemblePartial.report.json /hpc/pmc_vanboxtel/projects/TallFlow/3_Output/MIXCR4.3.2/Output/pt2229-DX1BM-TALL5/pt2229-DX1BM-TALL5_Receptor.passembled.1.vdjca /hpc/pmc_vanboxtel/projects/TallFlow/3_Output/MIXCR4.3.2/Output/pt2229-DX1BM-TALL5/pt2229-DX1BM-TALL5_Receptor.passembled.2.vdjca
Building index: 0%
Searching for overlaps: 0%
============== AssemblePartial Report ==============
Analysis time: 470ms
Total alignments analysed: 7900
Number of output alignments: 7900 (100%)
Alignments already with CDR3 (no overlapping is performed): 27 (0.34%)
Successfully overlapped alignments: 0 (0%)
Left parts with too small N-region (failed to extract k-mer): 802 (10.15%)
Extracted k-mer diversity: 38255
Dropped due to wildcard in k-mer: 0 (0%)
Dropped due to too short NRegion parts in overlap: 2 (0.03%)
Dropped overlaps with empty N region due to no complete NDN coverage: 0 (0%)
Number of left-side alignments: 5011 (63.43%)
Number of right-side alignments: 1608 (20.35%)
Complex overlaps: 0 (0%)
Over-overlaps: 5 (0.06%)
Partial alignments written to output: 7873 (99.66%)
====================
Running:
mixcr extend --report /hpc/pmc_vanboxtel/projects/TallFlow/3_Output/MIXCR4.3.2/Output/pt2229-DX1BM-TALL5/pt2229-DX1BM-TALL5_Receptor.extend.report.txt --json-report /hpc/pmc_vanboxtel/projects/TallFlow/3_Output/MIXCR4.3.2/Output/pt2229-DX1BM-TALL5/pt2229-DX1BM-TALL5_Receptor.extend.report.json /hpc/pmc_vanboxtel/projects/TallFlow/3_Output/MIXCR4.3.2/Output/pt2229-DX1BM-TALL5/pt2229-DX1BM-TALL5_Receptor.passembled.2.vdjca /hpc/pmc_vanboxtel/projects/TallFlow/3_Output/MIXCR4.3.2/Output/pt2229-DX1BM-TALL5/pt2229-DX1BM-TALL5_Receptor.extended.vdjca
Extending alignments: 0%
============== Extend Report ==============
Analysis time: 214ms
Extended alignments count: 1 (0.01%)
V extensions total: 1 (0.01%)
V extensions with merged targets: 0 (0%)
J extensions total: 0 (0%)
J extensions with merged targets: 0 (0%)
V+J extensions: 0 (0%)
Mean V extension length: 1.0
Mean J extension length: NaN
====================
Running:
mixcr assemble --report /hpc/pmc_vanboxtel/projects/TallFlow/3_Output/MIXCR4.3.2/Output/pt2229-DX1BM-TALL5/pt2229-DX1BM-TALL5_Receptor.assemble.report.txt --json-report /hpc/pmc_vanboxtel/projects/TallFlow/3_Output/MIXCR4.3.2/Output/pt2229-DX1BM-TALL5/pt2229-DX1BM-TALL5_Receptor.assemble.report.json /hpc/pmc_vanboxtel/projects/TallFlow/3_Output/MIXCR4.3.2/Output/pt2229-DX1BM-TALL5/pt2229-DX1BM-TALL5_Receptor.extended.vdjca /hpc/pmc_vanboxtel/projects/TallFlow/3_Output/MIXCR4.3.2/Output/pt2229-DX1BM-TALL5/pt2229-DX1BM-TALL5_Receptor.clna
Initialization: progress unknown
Initialization: progress unknown
============== Assemble Report ==============
Analysis time: 382ms
Final clonotype count: 5
Reads used in clonotypes, percent of total: 28 (0%)
Average number of reads per clonotype: 5.6
Reads dropped due to the lack of a clone sequence, percent of total: 7873 (1.24%)
Reads dropped due to a too short clonal sequence, percent of total: 0 (0%)
Reads dropped due to low quality, percent of total: 0 (0%)
Reads dropped due to failed mapping, percent of total: 1 (0%)
Reads dropped with low quality clones, percent of total: 0 (0%)
Reads used in clonotypes before clustering, percent of total: 28 (0%)
Number of reads used as a core, percent of used: 28 (100%)
Mapped low quality reads, percent of used: 0 (0%)
Reads clustered in PCR error correction, percent of used: 0 (0%)
Reads pre-clustered due to the similar VJC-lists, percent of used: 0 (0%)
Clonotypes dropped as low quality: 0
Clonotypes eliminated by PCR error correction: 0
Clonotypes pre-clustered due to the similar VJC-lists: 0
Clones dropped in post filtering: 0 (0%)
Reads dropped in post filtering: 0.0 (0%)
Alignments filtered by tag prefix: 0 (0%)
TRA chains: 1 (20%)
TRA non-functional: 1 (100%)
TRB chains: 1 (20%)
TRB non-functional: 0 (0%)
TRD chains: 1 (20%)
TRD non-functional: 1 (100%)
TRG chains: 2 (40%)
TRG non-functional: 2 (100%)
====================
Running:
mixcr assembleContigs --report /hpc/pmc_vanboxtel/projects/TallFlow/3_Output/MIXCR4.3.2/Output/pt2229-DX1BM-TALL5/pt2229-DX1BM-TALL5_Receptor.assembleContigs.report.txt --json-report /hpc/pmc_vanboxtel/projects/TallFlow/3_Output/MIXCR4.3.2/Output/pt2229-DX1BM-TALL5/pt2229-DX1BM-TALL5_Receptor.assembleContigs.report.json /hpc/pmc_vanboxtel/projects/TallFlow/3_Output/MIXCR4.3.2/Output/pt2229-DX1BM-TALL5/pt2229-DX1BM-TALL5_Receptor.clna /hpc/pmc_vanboxtel/projects/TallFlow/3_Output/MIXCR4.3.2/Output/pt2229-DX1BM-TALL5/pt2229-DX1BM-TALL5_Receptor.contigs.clns
Assembling contigs: 0%
============== AssembleContigs Report ==============
Analysis time: 242ms
Initial clonotype count: 5
Final clonotype count: 5 (100%)
Canceled assemblies: 0 (0%)
Number of premature termination assembly events, percent of number of initial clonotypes: 0.0 (0%)
Longest contig length: 735
Clustered variants: 0 (0%)
Reads in clustered variants: 0.0 (0%)
Reads in divided (newly created) clones: 0.0 (0%)
Clones with ambiguous letters in splitting region: 0 (0%)
Reads in clones with ambiguous letters in splitting region: 0.0 (0%)
Average number of ambiguous letters per clone with ambiguous letters in splitting region: NaN
====================
Running:
mixcr exportClones /hpc/pmc_vanboxtel/projects/TallFlow/3_Output/MIXCR4.3.2/Output/pt2229-DX1BM-TALL5/pt2229-DX1BM-TALL5_Receptor.contigs.clns /hpc/pmc_vanboxtel/projects/TallFlow/3_Output/MIXCR4.3.2/Output/pt2229-DX1BM-TALL5/pt2229-DX1BM-TALL5_Receptor.clones.tsv
Exporting TRB
Exporting clones: 0%
WARNING: Filtered 1 of 5 clones (80%).
WARNING: Filtered 6.0 of 28.0 reads (78.57%).
Exporting TRAD
Exporting clones: 0%
WARNING: Filtered 2 of 5 clones (60%).
WARNING: Filtered 13.0 of 28.0 reads (53.57%).
Exporting TRG
Exporting clones: 0%
WARNING: Filtered 2 of 5 clones (60%).
WARNING: Filtered 9.0 of 28.0 reads (67.86%).
Analysis finished successfully.
IMPORTANT: MiXCR will use at most 12000MB of RAM,
           use -Xmx to change automatically set heap size (i.e. -Xmx50g to set heap size to 50 Gb)
IMPORTANT: MiXCR will use at most 12000MB of RAM,
           use -Xmx to change automatically set heap size (i.e. -Xmx50g to set heap size to 50 Gb)
IMPORTANT: MiXCR will use at most 12000MB of RAM,
           use -Xmx to change automatically set heap size (i.e. -Xmx50g to set heap size to 50 Gb)
