INFO	2023-05-03 17:16:39	SamToFastq	

********** NOTE: Picard's command line syntax is changing.
**********
********** For more information, please see:
********** https://github.com/broadinstitute/picard/wiki/Command-Line-Syntax-Transition-For-Users-(Pre-Transition)
**********
********** The command line looks like this in the new syntax:
**********
**********    SamToFastq -INPUT /hpc/pmc_vanboxtel/projects/TallFlow/3_Output/MIXCR4.3.2/input/bam/pt2322-DX1BM-TALL6_dedup.bam -OUTPUT_DIR /hpc/pmc_vanboxtel/projects/TallFlow/3_Output/MIXCR4.3.2/input/fastq -RG_TAG ID -OUTPUT_PER_RG true
**********


17:16:39.726 INFO  NativeLibraryLoader - Loading libgkl_compression.so from jar:file:/hpc/local/CentOS7/pmc_vanboxtel/bin/picard-2.24.1/picard.jar!/com/intel/gkl/native/libgkl_compression.so
[Wed May 03 17:16:39 CEST 2023] SamToFastq INPUT=/hpc/pmc_vanboxtel/projects/TallFlow/3_Output/MIXCR4.3.2/input/bam/pt2322-DX1BM-TALL6_dedup.bam OUTPUT_PER_RG=true RG_TAG=ID OUTPUT_DIR=/hpc/pmc_vanboxtel/projects/TallFlow/3_Output/MIXCR4.3.2/input/fastq    COMPRESS_OUTPUTS_PER_RG=false RE_REVERSE=true INTERLEAVE=false INCLUDE_NON_PF_READS=false CLIPPING_MIN_LENGTH=0 READ1_TRIM=0 READ2_TRIM=0 INCLUDE_NON_PRIMARY_ALIGNMENTS=false VERBOSITY=INFO QUIET=false VALIDATION_STRINGENCY=STRICT COMPRESSION_LEVEL=5 MAX_RECORDS_IN_RAM=500000 CREATE_INDEX=false CREATE_MD5_FILE=false GA4GH_CLIENT_SECRETS=client_secrets.json USE_JDK_DEFLATER=false USE_JDK_INFLATER=false
[Wed May 03 17:16:39 CEST 2023] Executing as rhagelaar@n0085.compute.hpc on Linux 3.10.0-1160.83.1.el7.x86_64 amd64; Java HotSpot(TM) 64-Bit Server VM 1.8.0_60-b27; Deflater: Intel; Inflater: Intel; Provider GCS is not available; Picard version: 2.24.1
INFO	2023-05-03 17:16:53	SamToFastq	Processed     1,000,000 records.  Elapsed time: 00:00:13s.  Time for last 1,000,000:   13s.  Last read position: 14:22,832,111
[Wed May 03 17:16:59 CEST 2023] picard.sam.SamToFastq done. Elapsed time: 0.33 minutes.
Runtime.totalMemory()=5781323776
To get help, see http://broadinstitute.github.io/picard/index.html#GettingHelp
Exception in thread "main" htsjdk.samtools.SAMFormatException: SAM validation error: ERROR::MATE_NOT_FOUND:Found 27111 unpaired mates
	at htsjdk.samtools.SAMUtils.processValidationError(SAMUtils.java:469)
	at picard.sam.SamToFastq.doWork(SamToFastq.java:225)
	at picard.cmdline.CommandLineProgram.instanceMain(CommandLineProgram.java:304)
	at picard.cmdline.PicardCommandLine.instanceMain(PicardCommandLine.java:103)
	at picard.cmdline.PicardCommandLine.main(PicardCommandLine.java:113)
/hpc/pmc_vanboxtel/projects/TallFlow/2_Code/MIXCR/
IMPORTANT: MiXCR will use at most 12000MB of RAM,
           use -Xmx to change automatically set heap size (i.e. -Xmx50g to set heap size to 50 Gb)
====================
Running:
mixcr align --report /hpc/pmc_vanboxtel/projects/TallFlow/3_Output/MIXCR4.3.2/Output/pt2322-DX1BM-TALL6/pt2322-DX1BM-TALL6_Receptor.align.report.txt --json-report /hpc/pmc_vanboxtel/projects/TallFlow/3_Output/MIXCR4.3.2/Output/pt2322-DX1BM-TALL6/pt2322-DX1BM-TALL6_Receptor.align.report.json --preset rnaseq-full-length --dna --species hsa /hpc/pmc_vanboxtel/projects/TallFlow/3_Output/MIXCR4.3.2/input/fastq/Merged/pt2322-DX1BM-TALL6_R1.fastq /hpc/pmc_vanboxtel/projects/TallFlow/3_Output/MIXCR4.3.2/input/fastq/Merged/pt2322-DX1BM-TALL6_R2.fastq /hpc/pmc_vanboxtel/projects/TallFlow/3_Output/MIXCR4.3.2/Output/pt2322-DX1BM-TALL6/pt2322-DX1BM-TALL6_Receptor.vdjca
Alignment: 0%
Alignment: 10.6%  ETA: 00:04:23
Alignment: 21.3%  ETA: 00:03:51
Alignment: 31.9%  ETA: 00:03:06
Alignment: 42.6%  ETA: 00:02:26
Alignment: 53.2%  ETA: 00:02:08
Alignment: 63.9%  ETA: 00:01:33
Alignment: 74.5%  ETA: 00:01:07
Alignment: 85.2%  ETA: 00:00:39
Alignment: 95.8%  ETA: 00:00:10
============== Align Report ==============
Analysis time: 4.65m
Total sequencing reads: 678418
Successfully aligned reads: 8969 (1.32%)
Alignment failed: no hits (not TCR/IG?): 556358 (82.01%)
Alignment failed: no CDR3 parts: 63065 (9.3%)
Alignment failed: low total score: 50026 (7.37%)
Overlapped: 60453 (8.91%)
Overlapped and aligned: 237 (0.03%)
Overlapped and not aligned: 60216 (8.88%)
Alignment-aided overlaps, percent of overlapped and aligned: 2 (0.84%)
No CDR3 parts alignments, percent of successfully aligned: 1067 (11.9%)
Partial aligned reads, percent of successfully aligned: 7884 (87.9%)
V gene chimeras: 146 (0.02%)
J gene chimeras: 65 (0.01%)
Paired-end alignment conflicts eliminated: 15 (0%)
Realigned with forced non-floating bound: 1235934 (182.18%)
Realigned with forced non-floating right bound in left read: 2109 (0.31%)
Realigned with forced non-floating left bound in right read: 2109 (0.31%)
TRA chains: 1519 (16.94%)
TRA non-functional: 0 (0%)
TRB chains: 1076 (12%)
TRB non-functional: 1 (0.09%)
TRD chains: 65 (0.72%)
TRD non-functional: 2 (3.08%)
TRG chains: 132 (1.47%)
TRG non-functional: 1 (0.76%)
TRAD chains: 626 (6.98%)
TRAD non-functional: 0 (0%)
IGH chains: 2281 (25.43%)
IGH non-functional: 0 (0%)
IGK chains: 1907 (21.26%)
IGK non-functional: 0 (0%)
IGL chains: 1363 (15.2%)
IGL non-functional: 0 (0%)
Trimming report:
  R1 reads trimmed left: 764 (0.11%)
  R1 reads trimmed right: 10 (0%)
  Average R1 nucleotides trimmed left: 0.0021697537506375126
  Average R1 nucleotides trimmed right: 3.3165393606891325E-4
  R2 reads trimmed left: 244 (0.04%)
  R2 reads trimmed right: 9 (0%)
  Average R2 nucleotides trimmed left: 4.2893909064912783E-4
  Average R2 nucleotides trimmed right: 9.050467410947233E-4
====================
Running:
mixcr assemblePartial --report /hpc/pmc_vanboxtel/projects/TallFlow/3_Output/MIXCR4.3.2/Output/pt2322-DX1BM-TALL6/pt2322-DX1BM-TALL6_Receptor.assemblePartial.report.txt --json-report /hpc/pmc_vanboxtel/projects/TallFlow/3_Output/MIXCR4.3.2/Output/pt2322-DX1BM-TALL6/pt2322-DX1BM-TALL6_Receptor.assemblePartial.report.json /hpc/pmc_vanboxtel/projects/TallFlow/3_Output/MIXCR4.3.2/Output/pt2322-DX1BM-TALL6/pt2322-DX1BM-TALL6_Receptor.vdjca /hpc/pmc_vanboxtel/projects/TallFlow/3_Output/MIXCR4.3.2/Output/pt2322-DX1BM-TALL6/pt2322-DX1BM-TALL6_Receptor.passembled.1.vdjca
Building index: 0%
Searching for overlaps: 0%
============== AssemblePartial Report ==============
Analysis time: 1.06s
Total alignments analysed: 8968
Number of output alignments: 8967 (99.99%)
Alignments already with CDR3 (no overlapping is performed): 18 (0.2%)
Successfully overlapped alignments: 1 (0.01%)
Left parts with too small N-region (failed to extract k-mer): 982 (10.95%)
Extracted k-mer diversity: 36180
Dropped due to wildcard in k-mer: 0 (0%)
Dropped due to too short NRegion parts in overlap: 0 (0%)
Dropped overlaps with empty N region due to no complete NDN coverage: 0 (0%)
Number of left-side alignments: 5290 (58.99%)
Number of right-side alignments: 2300 (25.65%)
Complex overlaps: 0 (0%)
Over-overlaps: 15 (0.17%)
Partial alignments written to output: 8948 (99.78%)
====================
Running:
mixcr assemblePartial --report /hpc/pmc_vanboxtel/projects/TallFlow/3_Output/MIXCR4.3.2/Output/pt2322-DX1BM-TALL6/pt2322-DX1BM-TALL6_Receptor.assemblePartial.report.txt --json-report /hpc/pmc_vanboxtel/projects/TallFlow/3_Output/MIXCR4.3.2/Output/pt2322-DX1BM-TALL6/pt2322-DX1BM-TALL6_Receptor.assemblePartial.report.json /hpc/pmc_vanboxtel/projects/TallFlow/3_Output/MIXCR4.3.2/Output/pt2322-DX1BM-TALL6/pt2322-DX1BM-TALL6_Receptor.passembled.1.vdjca /hpc/pmc_vanboxtel/projects/TallFlow/3_Output/MIXCR4.3.2/Output/pt2322-DX1BM-TALL6/pt2322-DX1BM-TALL6_Receptor.passembled.2.vdjca
Building index: 0%
Searching for overlaps: 0.1%
============== AssemblePartial Report ==============
Analysis time: 951ms
Total alignments analysed: 8967
Number of output alignments: 8967 (100%)
Alignments already with CDR3 (no overlapping is performed): 19 (0.21%)
Successfully overlapped alignments: 0 (0%)
Left parts with too small N-region (failed to extract k-mer): 982 (10.95%)
Extracted k-mer diversity: 36180
Dropped due to wildcard in k-mer: 0 (0%)
Dropped due to too short NRegion parts in overlap: 0 (0%)
Dropped overlaps with empty N region due to no complete NDN coverage: 0 (0%)
Number of left-side alignments: 5289 (58.98%)
Number of right-side alignments: 2299 (25.64%)
Complex overlaps: 0 (0%)
Over-overlaps: 15 (0.17%)
Partial alignments written to output: 8948 (99.79%)
====================
Running:
mixcr extend --report /hpc/pmc_vanboxtel/projects/TallFlow/3_Output/MIXCR4.3.2/Output/pt2322-DX1BM-TALL6/pt2322-DX1BM-TALL6_Receptor.extend.report.txt --json-report /hpc/pmc_vanboxtel/projects/TallFlow/3_Output/MIXCR4.3.2/Output/pt2322-DX1BM-TALL6/pt2322-DX1BM-TALL6_Receptor.extend.report.json /hpc/pmc_vanboxtel/projects/TallFlow/3_Output/MIXCR4.3.2/Output/pt2322-DX1BM-TALL6/pt2322-DX1BM-TALL6_Receptor.passembled.2.vdjca /hpc/pmc_vanboxtel/projects/TallFlow/3_Output/MIXCR4.3.2/Output/pt2322-DX1BM-TALL6/pt2322-DX1BM-TALL6_Receptor.extended.vdjca
Extending alignments: 0%
============== Extend Report ==============
Analysis time: 247ms
Extended alignments count: 0 (0%)
V extensions total: 0 (0%)
V extensions with merged targets: 0 (0%)
J extensions total: 0 (0%)
J extensions with merged targets: 0 (0%)
V+J extensions: 0 (0%)
Mean V extension length: NaN
Mean J extension length: NaN
====================
Running:
mixcr assemble --report /hpc/pmc_vanboxtel/projects/TallFlow/3_Output/MIXCR4.3.2/Output/pt2322-DX1BM-TALL6/pt2322-DX1BM-TALL6_Receptor.assemble.report.txt --json-report /hpc/pmc_vanboxtel/projects/TallFlow/3_Output/MIXCR4.3.2/Output/pt2322-DX1BM-TALL6/pt2322-DX1BM-TALL6_Receptor.assemble.report.json /hpc/pmc_vanboxtel/projects/TallFlow/3_Output/MIXCR4.3.2/Output/pt2322-DX1BM-TALL6/pt2322-DX1BM-TALL6_Receptor.extended.vdjca /hpc/pmc_vanboxtel/projects/TallFlow/3_Output/MIXCR4.3.2/Output/pt2322-DX1BM-TALL6/pt2322-DX1BM-TALL6_Receptor.clna
Initialization: progress unknown
Initialization: progress unknown
============== Assemble Report ==============
Analysis time: 437ms
Final clonotype count: 5
Reads used in clonotypes, percent of total: 20 (0%)
Average number of reads per clonotype: 4
Reads dropped due to the lack of a clone sequence, percent of total: 8948 (1.32%)
Reads dropped due to a too short clonal sequence, percent of total: 0 (0%)
Reads dropped due to low quality, percent of total: 0 (0%)
Reads dropped due to failed mapping, percent of total: 0 (0%)
Reads dropped with low quality clones, percent of total: 0 (0%)
Reads used in clonotypes before clustering, percent of total: 20 (0%)
Number of reads used as a core, percent of used: 18 (90%)
Mapped low quality reads, percent of used: 2 (10%)
Reads clustered in PCR error correction, percent of used: 0 (0%)
Reads pre-clustered due to the similar VJC-lists, percent of used: 0 (0%)
Clonotypes dropped as low quality: 0
Clonotypes eliminated by PCR error correction: 0
Clonotypes pre-clustered due to the similar VJC-lists: 0
Clones dropped in post filtering: 0 (0%)
Reads dropped in post filtering: 0.0 (0%)
Alignments filtered by tag prefix: 0 (0%)
TRB chains: 3 (60%)
TRB non-functional: 1 (33.33%)
TRD chains: 1 (20%)
TRD non-functional: 1 (100%)
TRG chains: 1 (20%)
TRG non-functional: 0 (0%)
====================
Running:
mixcr assembleContigs --report /hpc/pmc_vanboxtel/projects/TallFlow/3_Output/MIXCR4.3.2/Output/pt2322-DX1BM-TALL6/pt2322-DX1BM-TALL6_Receptor.assembleContigs.report.txt --json-report /hpc/pmc_vanboxtel/projects/TallFlow/3_Output/MIXCR4.3.2/Output/pt2322-DX1BM-TALL6/pt2322-DX1BM-TALL6_Receptor.assembleContigs.report.json /hpc/pmc_vanboxtel/projects/TallFlow/3_Output/MIXCR4.3.2/Output/pt2322-DX1BM-TALL6/pt2322-DX1BM-TALL6_Receptor.clna /hpc/pmc_vanboxtel/projects/TallFlow/3_Output/MIXCR4.3.2/Output/pt2322-DX1BM-TALL6/pt2322-DX1BM-TALL6_Receptor.contigs.clns
Assembling contigs: 0%
============== AssembleContigs Report ==============
Analysis time: 217ms
Initial clonotype count: 5
Final clonotype count: 5 (100%)
Canceled assemblies: 0 (0%)
Number of premature termination assembly events, percent of number of initial clonotypes: 0.0 (0%)
Longest contig length: 706
Clustered variants: 0 (0%)
Reads in clustered variants: 0.0 (0%)
Reads in divided (newly created) clones: 0.0 (0%)
Clones with ambiguous letters in splitting region: 0 (0%)
Reads in clones with ambiguous letters in splitting region: 0.0 (0%)
Average number of ambiguous letters per clone with ambiguous letters in splitting region: NaN
====================
Running:
mixcr exportClones /hpc/pmc_vanboxtel/projects/TallFlow/3_Output/MIXCR4.3.2/Output/pt2322-DX1BM-TALL6/pt2322-DX1BM-TALL6_Receptor.contigs.clns /hpc/pmc_vanboxtel/projects/TallFlow/3_Output/MIXCR4.3.2/Output/pt2322-DX1BM-TALL6/pt2322-DX1BM-TALL6_Receptor.clones.tsv
Exporting TRB
Exporting clones: 0%
WARNING: Filtered 3 of 5 clones (40%).
WARNING: Filtered 14.0 of 20.0 reads (30%).
Exporting TRAD
Exporting clones: 0%
WARNING: Filtered 1 of 5 clones (80%).
WARNING: Filtered 2.0 of 20.0 reads (90%).
Exporting TRG
Exporting clones: 0%
WARNING: Filtered 1 of 5 clones (80%).
WARNING: Filtered 4.0 of 20.0 reads (80%).
Analysis finished successfully.
IMPORTANT: MiXCR will use at most 12000MB of RAM,
           use -Xmx to change automatically set heap size (i.e. -Xmx50g to set heap size to 50 Gb)
IMPORTANT: MiXCR will use at most 12000MB of RAM,
           use -Xmx to change automatically set heap size (i.e. -Xmx50g to set heap size to 50 Gb)
IMPORTANT: MiXCR will use at most 12000MB of RAM,
           use -Xmx to change automatically set heap size (i.e. -Xmx50g to set heap size to 50 Gb)
