INFO	2023-05-03 17:19:35	SamToFastq	

********** NOTE: Picard's command line syntax is changing.
**********
********** For more information, please see:
********** https://github.com/broadinstitute/picard/wiki/Command-Line-Syntax-Transition-For-Users-(Pre-Transition)
**********
********** The command line looks like this in the new syntax:
**********
**********    SamToFastq -INPUT /hpc/pmc_vanboxtel/projects/TallFlow/3_Output/MIXCR4.3.2/input/bam/pt2229-DX1BM-ALLBULK-iSPCD4_dedup.bam -OUTPUT_DIR /hpc/pmc_vanboxtel/projects/TallFlow/3_Output/MIXCR4.3.2/input/fastq -RG_TAG ID -OUTPUT_PER_RG true
**********


17:19:35.812 INFO  NativeLibraryLoader - Loading libgkl_compression.so from jar:file:/hpc/local/CentOS7/pmc_vanboxtel/bin/picard-2.24.1/picard.jar!/com/intel/gkl/native/libgkl_compression.so
[Wed May 03 17:19:35 CEST 2023] SamToFastq INPUT=/hpc/pmc_vanboxtel/projects/TallFlow/3_Output/MIXCR4.3.2/input/bam/pt2229-DX1BM-ALLBULK-iSPCD4_dedup.bam OUTPUT_PER_RG=true RG_TAG=ID OUTPUT_DIR=/hpc/pmc_vanboxtel/projects/TallFlow/3_Output/MIXCR4.3.2/input/fastq    COMPRESS_OUTPUTS_PER_RG=false RE_REVERSE=true INTERLEAVE=false INCLUDE_NON_PF_READS=false CLIPPING_MIN_LENGTH=0 READ1_TRIM=0 READ2_TRIM=0 INCLUDE_NON_PRIMARY_ALIGNMENTS=false VERBOSITY=INFO QUIET=false VALIDATION_STRINGENCY=STRICT COMPRESSION_LEVEL=5 MAX_RECORDS_IN_RAM=500000 CREATE_INDEX=false CREATE_MD5_FILE=false GA4GH_CLIENT_SECRETS=client_secrets.json USE_JDK_DEFLATER=false USE_JDK_INFLATER=false
[Wed May 03 17:19:35 CEST 2023] Executing as rhagelaar@n0123.compute.hpc on Linux 3.10.0-1160.81.1.el7.x86_64 amd64; Java HotSpot(TM) 64-Bit Server VM 1.8.0_60-b27; Deflater: Intel; Inflater: Intel; Provider GCS is not available; Picard version: 2.24.1
INFO	2023-05-03 17:19:43	SamToFastq	Processed     1,000,000 records.  Elapsed time: 00:00:08s.  Time for last 1,000,000:    8s.  Last read position: 7:142,131,309
INFO	2023-05-03 17:19:51	SamToFastq	Processed     2,000,000 records.  Elapsed time: 00:00:15s.  Time for last 1,000,000:    7s.  Last read position: 14:105,763,598
[Wed May 03 17:19:57 CEST 2023] picard.sam.SamToFastq done. Elapsed time: 0.36 minutes.
Runtime.totalMemory()=5848432640
To get help, see http://broadinstitute.github.io/picard/index.html#GettingHelp
Exception in thread "main" htsjdk.samtools.SAMFormatException: SAM validation error: ERROR::MATE_NOT_FOUND:Found 56900 unpaired mates
	at htsjdk.samtools.SAMUtils.processValidationError(SAMUtils.java:469)
	at picard.sam.SamToFastq.doWork(SamToFastq.java:225)
	at picard.cmdline.CommandLineProgram.instanceMain(CommandLineProgram.java:304)
	at picard.cmdline.PicardCommandLine.instanceMain(PicardCommandLine.java:103)
	at picard.cmdline.PicardCommandLine.main(PicardCommandLine.java:113)
/hpc/pmc_vanboxtel/projects/TallFlow/2_Code/MIXCR/
IMPORTANT: MiXCR will use at most 5142MB of RAM,
           use -Xmx to change automatically set heap size (i.e. -Xmx50g to set heap size to 50 Gb)
====================
Running:
mixcr align --report /hpc/pmc_vanboxtel/projects/TallFlow/3_Output/MIXCR4.3.2/Output/pt2229-DX1BM-ALLBULK-iSPCD4/pt2229-DX1BM-ALLBULK-iSPCD4_Receptor.align.report.txt --json-report /hpc/pmc_vanboxtel/projects/TallFlow/3_Output/MIXCR4.3.2/Output/pt2229-DX1BM-ALLBULK-iSPCD4/pt2229-DX1BM-ALLBULK-iSPCD4_Receptor.align.report.json --preset rnaseq-full-length --dna --species hsa /hpc/pmc_vanboxtel/projects/TallFlow/3_Output/MIXCR4.3.2/input/fastq/Merged/pt2229-DX1BM-ALLBULK-iSPCD4_R1.fastq /hpc/pmc_vanboxtel/projects/TallFlow/3_Output/MIXCR4.3.2/input/fastq/Merged/pt2229-DX1BM-ALLBULK-iSPCD4_R2.fastq /hpc/pmc_vanboxtel/projects/TallFlow/3_Output/MIXCR4.3.2/Output/pt2229-DX1BM-ALLBULK-iSPCD4/pt2229-DX1BM-ALLBULK-iSPCD4_Receptor.vdjca
Alignment: 0%
Alignment: 10.2%  ETA: 00:05:54
Alignment: 20.3%  ETA: 00:05:38
Alignment: 30.5%  ETA: 00:05:14
Alignment: 40.7%  ETA: 00:03:47
Alignment: 50.9%  ETA: 00:03:32
Alignment: 61%  ETA: 00:02:34
Alignment: 71.2%  ETA: 00:02:04
Alignment: 81.4%  ETA: 00:01:22
Alignment: 91.5%  ETA: 00:00:34
============== Align Report ==============
Analysis time: 7.16m
Total sequencing reads: 1301640
Successfully aligned reads: 14980 (1.15%)
Alignment failed: no hits (not TCR/IG?): 1055280 (81.07%)
Alignment failed: no CDR3 parts: 130681 (10.04%)
Alignment failed: low total score: 100699 (7.74%)
Overlapped: 143741 (11.04%)
Overlapped and aligned: 356 (0.03%)
Overlapped and not aligned: 143385 (11.02%)
Alignment-aided overlaps, percent of overlapped and aligned: 4 (1.12%)
No CDR3 parts alignments, percent of successfully aligned: 1961 (13.09%)
Partial aligned reads, percent of successfully aligned: 12944 (86.41%)
V gene chimeras: 263 (0.02%)
J gene chimeras: 144 (0.01%)
Paired-end alignment conflicts eliminated: 30 (0%)
Realigned with forced non-floating bound: 2315806 (177.91%)
Realigned with forced non-floating right bound in left read: 5427 (0.42%)
Realigned with forced non-floating left bound in right read: 5427 (0.42%)
TRA chains: 1377 (9.19%)
TRA non-functional: 11 (0.8%)
TRB chains: 2672 (17.84%)
TRB non-functional: 0 (0%)
TRD chains: 64 (0.43%)
TRD non-functional: 17 (26.56%)
TRG chains: 107 (0.71%)
TRG non-functional: 25 (23.36%)
TRAD chains: 1251 (8.35%)
TRAD non-functional: 0 (0%)
IGH chains: 3980 (26.57%)
IGH non-functional: 0 (0%)
IGK chains: 2659 (17.75%)
IGK non-functional: 0 (0%)
IGL chains: 2870 (19.16%)
IGL non-functional: 0 (0%)
Trimming report:
  R1 reads trimmed left: 1465 (0.11%)
  R1 reads trimmed right: 2 (0%)
  Average R1 nucleotides trimmed left: 0.0031867490243077962
  Average R1 nucleotides trimmed right: 1.536523155403952E-6
  R2 reads trimmed left: 64 (0%)
  R2 reads trimmed right: 3 (0%)
  Average R2 nucleotides trimmed left: 1.4827448449648137E-4
  Average R2 nucleotides trimmed right: 2.3047847331059278E-6
====================
Running:
mixcr assemblePartial --report /hpc/pmc_vanboxtel/projects/TallFlow/3_Output/MIXCR4.3.2/Output/pt2229-DX1BM-ALLBULK-iSPCD4/pt2229-DX1BM-ALLBULK-iSPCD4_Receptor.assemblePartial.report.txt --json-report /hpc/pmc_vanboxtel/projects/TallFlow/3_Output/MIXCR4.3.2/Output/pt2229-DX1BM-ALLBULK-iSPCD4/pt2229-DX1BM-ALLBULK-iSPCD4_Receptor.assemblePartial.report.json /hpc/pmc_vanboxtel/projects/TallFlow/3_Output/MIXCR4.3.2/Output/pt2229-DX1BM-ALLBULK-iSPCD4/pt2229-DX1BM-ALLBULK-iSPCD4_Receptor.vdjca /hpc/pmc_vanboxtel/projects/TallFlow/3_Output/MIXCR4.3.2/Output/pt2229-DX1BM-ALLBULK-iSPCD4/pt2229-DX1BM-ALLBULK-iSPCD4_Receptor.passembled.1.vdjca
Building index: 0%
Searching for overlaps: 0%
Searching for overlaps: 99.1%  ETA: 00:00:00
============== AssemblePartial Report ==============
Analysis time: 1.36s
Total alignments analysed: 14980
Number of output alignments: 14970 (99.93%)
Alignments already with CDR3 (no overlapping is performed): 79 (0.53%)
Successfully overlapped alignments: 10 (0.07%)
Left parts with too small N-region (failed to extract k-mer): 1854 (12.38%)
Extracted k-mer diversity: 41274
Dropped due to wildcard in k-mer: 0 (0%)
Dropped due to too short NRegion parts in overlap: 18 (0.12%)
Dropped overlaps with empty N region due to no complete NDN coverage: 0 (0%)
Number of left-side alignments: 9574 (63.91%)
Number of right-side alignments: 2880 (19.23%)
Complex overlaps: 0 (0%)
Over-overlaps: 30 (0.2%)
Partial alignments written to output: 14881 (99.34%)
====================
Running:
mixcr assemblePartial --report /hpc/pmc_vanboxtel/projects/TallFlow/3_Output/MIXCR4.3.2/Output/pt2229-DX1BM-ALLBULK-iSPCD4/pt2229-DX1BM-ALLBULK-iSPCD4_Receptor.assemblePartial.report.txt --json-report /hpc/pmc_vanboxtel/projects/TallFlow/3_Output/MIXCR4.3.2/Output/pt2229-DX1BM-ALLBULK-iSPCD4/pt2229-DX1BM-ALLBULK-iSPCD4_Receptor.assemblePartial.report.json /hpc/pmc_vanboxtel/projects/TallFlow/3_Output/MIXCR4.3.2/Output/pt2229-DX1BM-ALLBULK-iSPCD4/pt2229-DX1BM-ALLBULK-iSPCD4_Receptor.passembled.1.vdjca /hpc/pmc_vanboxtel/projects/TallFlow/3_Output/MIXCR4.3.2/Output/pt2229-DX1BM-ALLBULK-iSPCD4/pt2229-DX1BM-ALLBULK-iSPCD4_Receptor.passembled.2.vdjca
Building index: 0%
Searching for overlaps: 0%
============== AssemblePartial Report ==============
Analysis time: 1.02s
Total alignments analysed: 14970
Number of output alignments: 14969 (99.99%)
Alignments already with CDR3 (no overlapping is performed): 89 (0.59%)
Successfully overlapped alignments: 1 (0.01%)
Left parts with too small N-region (failed to extract k-mer): 1854 (12.38%)
Extracted k-mer diversity: 41231
Dropped due to wildcard in k-mer: 0 (0%)
Dropped due to too short NRegion parts in overlap: 17 (0.11%)
Dropped overlaps with empty N region due to no complete NDN coverage: 0 (0%)
Number of left-side alignments: 9563 (63.88%)
Number of right-side alignments: 2865 (19.14%)
Complex overlaps: 0 (0%)
Over-overlaps: 30 (0.2%)
Partial alignments written to output: 14879 (99.39%)
====================
Running:
mixcr extend --report /hpc/pmc_vanboxtel/projects/TallFlow/3_Output/MIXCR4.3.2/Output/pt2229-DX1BM-ALLBULK-iSPCD4/pt2229-DX1BM-ALLBULK-iSPCD4_Receptor.extend.report.txt --json-report /hpc/pmc_vanboxtel/projects/TallFlow/3_Output/MIXCR4.3.2/Output/pt2229-DX1BM-ALLBULK-iSPCD4/pt2229-DX1BM-ALLBULK-iSPCD4_Receptor.extend.report.json /hpc/pmc_vanboxtel/projects/TallFlow/3_Output/MIXCR4.3.2/Output/pt2229-DX1BM-ALLBULK-iSPCD4/pt2229-DX1BM-ALLBULK-iSPCD4_Receptor.passembled.2.vdjca /hpc/pmc_vanboxtel/projects/TallFlow/3_Output/MIXCR4.3.2/Output/pt2229-DX1BM-ALLBULK-iSPCD4/pt2229-DX1BM-ALLBULK-iSPCD4_Receptor.extended.vdjca
Extending alignments: 0%
============== Extend Report ==============
Analysis time: 354ms
Extended alignments count: 4 (0.03%)
V extensions total: 3 (0.02%)
V extensions with merged targets: 0 (0%)
J extensions total: 1 (0.01%)
J extensions with merged targets: 0 (0%)
V+J extensions: 0 (0%)
Mean V extension length: 1.0
Mean J extension length: 4.0
====================
Running:
mixcr assemble --report /hpc/pmc_vanboxtel/projects/TallFlow/3_Output/MIXCR4.3.2/Output/pt2229-DX1BM-ALLBULK-iSPCD4/pt2229-DX1BM-ALLBULK-iSPCD4_Receptor.assemble.report.txt --json-report /hpc/pmc_vanboxtel/projects/TallFlow/3_Output/MIXCR4.3.2/Output/pt2229-DX1BM-ALLBULK-iSPCD4/pt2229-DX1BM-ALLBULK-iSPCD4_Receptor.assemble.report.json /hpc/pmc_vanboxtel/projects/TallFlow/3_Output/MIXCR4.3.2/Output/pt2229-DX1BM-ALLBULK-iSPCD4/pt2229-DX1BM-ALLBULK-iSPCD4_Receptor.extended.vdjca /hpc/pmc_vanboxtel/projects/TallFlow/3_Output/MIXCR4.3.2/Output/pt2229-DX1BM-ALLBULK-iSPCD4/pt2229-DX1BM-ALLBULK-iSPCD4_Receptor.clna
Assembling initial clonotypes: 0%
Initialization: progress unknown
============== Assemble Report ==============
Analysis time: 543ms
Final clonotype count: 10
Reads used in clonotypes, percent of total: 98 (0.01%)
Average number of reads per clonotype: 9.8
Reads dropped due to the lack of a clone sequence, percent of total: 14879 (1.14%)
Reads dropped due to a too short clonal sequence, percent of total: 0 (0%)
Reads dropped due to low quality, percent of total: 0 (0%)
Reads dropped due to failed mapping, percent of total: 3 (0%)
Reads dropped with low quality clones, percent of total: 0 (0%)
Reads used in clonotypes before clustering, percent of total: 98 (0.01%)
Number of reads used as a core, percent of used: 95 (96.94%)
Mapped low quality reads, percent of used: 3 (3.06%)
Reads clustered in PCR error correction, percent of used: 0 (0%)
Reads pre-clustered due to the similar VJC-lists, percent of used: 0 (0%)
Clonotypes dropped as low quality: 0
Clonotypes eliminated by PCR error correction: 0
Clonotypes pre-clustered due to the similar VJC-lists: 0
Clones dropped in post filtering: 0 (0%)
Reads dropped in post filtering: 0.0 (0%)
Alignments filtered by tag prefix: 0 (0%)
TRA chains: 4 (40%)
TRA non-functional: 2 (50%)
TRB chains: 3 (30%)
TRB non-functional: 0 (0%)
TRD chains: 1 (10%)
TRD non-functional: 1 (100%)
TRG chains: 2 (20%)
TRG non-functional: 2 (100%)
====================
Running:
mixcr assembleContigs --report /hpc/pmc_vanboxtel/projects/TallFlow/3_Output/MIXCR4.3.2/Output/pt2229-DX1BM-ALLBULK-iSPCD4/pt2229-DX1BM-ALLBULK-iSPCD4_Receptor.assembleContigs.report.txt --json-report /hpc/pmc_vanboxtel/projects/TallFlow/3_Output/MIXCR4.3.2/Output/pt2229-DX1BM-ALLBULK-iSPCD4/pt2229-DX1BM-ALLBULK-iSPCD4_Receptor.assembleContigs.report.json /hpc/pmc_vanboxtel/projects/TallFlow/3_Output/MIXCR4.3.2/Output/pt2229-DX1BM-ALLBULK-iSPCD4/pt2229-DX1BM-ALLBULK-iSPCD4_Receptor.clna /hpc/pmc_vanboxtel/projects/TallFlow/3_Output/MIXCR4.3.2/Output/pt2229-DX1BM-ALLBULK-iSPCD4/pt2229-DX1BM-ALLBULK-iSPCD4_Receptor.contigs.clns
Assembling contigs: 0%
============== AssembleContigs Report ==============
Analysis time: 275ms
Initial clonotype count: 10
Final clonotype count: 10 (100%)
Canceled assemblies: 0 (0%)
Number of premature termination assembly events, percent of number of initial clonotypes: 0.0 (0%)
Longest contig length: 723
Clustered variants: 0 (0%)
Reads in clustered variants: 0.0 (0%)
Reads in divided (newly created) clones: 0.0 (0%)
Clones with ambiguous letters in splitting region: 0 (0%)
Reads in clones with ambiguous letters in splitting region: 0.0 (0%)
Average number of ambiguous letters per clone with ambiguous letters in splitting region: NaN
====================
Running:
mixcr exportClones /hpc/pmc_vanboxtel/projects/TallFlow/3_Output/MIXCR4.3.2/Output/pt2229-DX1BM-ALLBULK-iSPCD4/pt2229-DX1BM-ALLBULK-iSPCD4_Receptor.contigs.clns /hpc/pmc_vanboxtel/projects/TallFlow/3_Output/MIXCR4.3.2/Output/pt2229-DX1BM-ALLBULK-iSPCD4/pt2229-DX1BM-ALLBULK-iSPCD4_Receptor.clones.tsv
Exporting TRB
Exporting clones: 0%
WARNING: Filtered 3 of 10 clones (70%).
WARNING: Filtered 37.0 of 98.0 reads (62.24%).
Exporting TRAD
Exporting clones: 0%
WARNING: Filtered 5 of 10 clones (50%).
WARNING: Filtered 33.0 of 98.0 reads (66.33%).
Exporting TRG
Exporting clones: 0%
WARNING: Filtered 2 of 10 clones (80%).
WARNING: Filtered 28.0 of 98.0 reads (71.43%).
Analysis finished successfully.
IMPORTANT: MiXCR will use at most 4602MB of RAM,
           use -Xmx to change automatically set heap size (i.e. -Xmx50g to set heap size to 50 Gb)
IMPORTANT: MiXCR will use at most 4287MB of RAM,
           use -Xmx to change automatically set heap size (i.e. -Xmx50g to set heap size to 50 Gb)
IMPORTANT: MiXCR will use at most 3951MB of RAM,
           use -Xmx to change automatically set heap size (i.e. -Xmx50g to set heap size to 50 Gb)
