INFO	2023-05-03 17:20:05	SamToFastq	

********** NOTE: Picard's command line syntax is changing.
**********
********** For more information, please see:
********** https://github.com/broadinstitute/picard/wiki/Command-Line-Syntax-Transition-For-Users-(Pre-Transition)
**********
********** The command line looks like this in the new syntax:
**********
**********    SamToFastq -INPUT /hpc/pmc_vanboxtel/projects/TallFlow/3_Output/MIXCR4.3.2/input/bam/pt2283R-DX1BM-ALLBULK-SPCD4_dedup.bam -OUTPUT_DIR /hpc/pmc_vanboxtel/projects/TallFlow/3_Output/MIXCR4.3.2/input/fastq -RG_TAG ID -OUTPUT_PER_RG true
**********


17:20:05.673 INFO  NativeLibraryLoader - Loading libgkl_compression.so from jar:file:/hpc/local/CentOS7/pmc_vanboxtel/bin/picard-2.24.1/picard.jar!/com/intel/gkl/native/libgkl_compression.so
[Wed May 03 17:20:05 CEST 2023] SamToFastq INPUT=/hpc/pmc_vanboxtel/projects/TallFlow/3_Output/MIXCR4.3.2/input/bam/pt2283R-DX1BM-ALLBULK-SPCD4_dedup.bam OUTPUT_PER_RG=true RG_TAG=ID OUTPUT_DIR=/hpc/pmc_vanboxtel/projects/TallFlow/3_Output/MIXCR4.3.2/input/fastq    COMPRESS_OUTPUTS_PER_RG=false RE_REVERSE=true INTERLEAVE=false INCLUDE_NON_PF_READS=false CLIPPING_MIN_LENGTH=0 READ1_TRIM=0 READ2_TRIM=0 INCLUDE_NON_PRIMARY_ALIGNMENTS=false VERBOSITY=INFO QUIET=false VALIDATION_STRINGENCY=STRICT COMPRESSION_LEVEL=5 MAX_RECORDS_IN_RAM=500000 CREATE_INDEX=false CREATE_MD5_FILE=false GA4GH_CLIENT_SECRETS=client_secrets.json USE_JDK_DEFLATER=false USE_JDK_INFLATER=false
[Wed May 03 17:20:05 CEST 2023] Executing as rhagelaar@n0091.compute.hpc on Linux 3.10.0-1160.83.1.el7.x86_64 amd64; Java HotSpot(TM) 64-Bit Server VM 1.8.0_60-b27; Deflater: Intel; Inflater: Intel; Provider GCS is not available; Picard version: 2.24.1
INFO	2023-05-03 17:20:17	SamToFastq	Processed     1,000,000 records.  Elapsed time: 00:00:11s.  Time for last 1,000,000:   11s.  Last read position: 7:142,196,021
INFO	2023-05-03 17:20:27	SamToFastq	Processed     2,000,000 records.  Elapsed time: 00:00:21s.  Time for last 1,000,000:    9s.  Last read position: 14:106,629,631
[Wed May 03 17:20:33 CEST 2023] picard.sam.SamToFastq done. Elapsed time: 0.46 minutes.
Runtime.totalMemory()=5848432640
To get help, see http://broadinstitute.github.io/picard/index.html#GettingHelp
Exception in thread "main" htsjdk.samtools.SAMFormatException: SAM validation error: ERROR::MATE_NOT_FOUND:Found 55198 unpaired mates
	at htsjdk.samtools.SAMUtils.processValidationError(SAMUtils.java:469)
	at picard.sam.SamToFastq.doWork(SamToFastq.java:225)
	at picard.cmdline.CommandLineProgram.instanceMain(CommandLineProgram.java:304)
	at picard.cmdline.PicardCommandLine.instanceMain(PicardCommandLine.java:103)
	at picard.cmdline.PicardCommandLine.main(PicardCommandLine.java:113)
/hpc/pmc_vanboxtel/projects/TallFlow/2_Code/MIXCR/
IMPORTANT: MiXCR will use at most 6631MB of RAM,
           use -Xmx to change automatically set heap size (i.e. -Xmx50g to set heap size to 50 Gb)
====================
Running:
mixcr align --report /hpc/pmc_vanboxtel/projects/TallFlow/3_Output/MIXCR4.3.2/Output/pt2283R-DX1BM-ALLBULK-SPCD4/pt2283R-DX1BM-ALLBULK-SPCD4_Receptor.align.report.txt --json-report /hpc/pmc_vanboxtel/projects/TallFlow/3_Output/MIXCR4.3.2/Output/pt2283R-DX1BM-ALLBULK-SPCD4/pt2283R-DX1BM-ALLBULK-SPCD4_Receptor.align.report.json --preset rnaseq-full-length --dna --species hsa /hpc/pmc_vanboxtel/projects/TallFlow/3_Output/MIXCR4.3.2/input/fastq/Merged/pt2283R-DX1BM-ALLBULK-SPCD4_R1.fastq /hpc/pmc_vanboxtel/projects/TallFlow/3_Output/MIXCR4.3.2/input/fastq/Merged/pt2283R-DX1BM-ALLBULK-SPCD4_R2.fastq /hpc/pmc_vanboxtel/projects/TallFlow/3_Output/MIXCR4.3.2/Output/pt2283R-DX1BM-ALLBULK-SPCD4/pt2283R-DX1BM-ALLBULK-SPCD4_Receptor.vdjca
Alignment: 0%
Alignment: 10.3%  ETA: 00:07:00
Alignment: 20.6%  ETA: 00:06:34
Alignment: 30.8%  ETA: 00:05:29
Alignment: 41.1%  ETA: 00:04:12
Alignment: 51.4%  ETA: 00:03:52
Alignment: 61.7%  ETA: 00:02:37
Alignment: 71.9%  ETA: 00:02:07
Alignment: 82.2%  ETA: 00:01:20
Alignment: 92.5%  ETA: 00:00:32
============== Align Report ==============
Analysis time: 7.73m
Total sequencing reads: 1171320
Successfully aligned reads: 11518 (0.98%)
Alignment failed: no hits (not TCR/IG?): 949892 (81.1%)
Alignment failed: no CDR3 parts: 116939 (9.98%)
Alignment failed: low total score: 92971 (7.94%)
Overlapped: 129649 (11.07%)
Overlapped and aligned: 226 (0.02%)
Overlapped and not aligned: 129423 (11.05%)
Alignment-aided overlaps, percent of overlapped and aligned: 1 (0.44%)
No CDR3 parts alignments, percent of successfully aligned: 1688 (14.66%)
Partial aligned reads, percent of successfully aligned: 9755 (84.69%)
V gene chimeras: 217 (0.02%)
J gene chimeras: 71 (0.01%)
Paired-end alignment conflicts eliminated: 30 (0%)
Realigned with forced non-floating bound: 2083344 (177.86%)
Realigned with forced non-floating right bound in left read: 4914 (0.42%)
Realigned with forced non-floating left bound in right read: 4914 (0.42%)
TRA chains: 544 (4.72%)
TRA non-functional: 19 (3.49%)
TRB chains: 1076 (9.34%)
TRB non-functional: 14 (1.3%)
TRD chains: 2 (0.02%)
TRD non-functional: 0 (0%)
TRG chains: 150 (1.3%)
TRG non-functional: 22 (14.67%)
TRAD chains: 403 (3.5%)
TRAD non-functional: 0 (0%)
IGH chains: 3886 (33.74%)
IGH non-functional: 0 (0%)
IGK chains: 2710 (23.53%)
IGK non-functional: 0 (0%)
IGL chains: 2747 (23.85%)
IGL non-functional: 0 (0%)
Trimming report:
  R1 reads trimmed left: 2430 (0.21%)
  R1 reads trimmed right: 11 (0%)
  Average R1 nucleotides trimmed left: 0.004128675340641328
  Average R1 nucleotides trimmed right: 9.391114298398388E-6
  R2 reads trimmed left: 897 (0.08%)
  R2 reads trimmed right: 1 (0%)
  Average R2 nucleotides trimmed left: 8.417853362018919E-4
  Average R2 nucleotides trimmed right: 8.537376634907625E-7
====================
Running:
mixcr assemblePartial --report /hpc/pmc_vanboxtel/projects/TallFlow/3_Output/MIXCR4.3.2/Output/pt2283R-DX1BM-ALLBULK-SPCD4/pt2283R-DX1BM-ALLBULK-SPCD4_Receptor.assemblePartial.report.txt --json-report /hpc/pmc_vanboxtel/projects/TallFlow/3_Output/MIXCR4.3.2/Output/pt2283R-DX1BM-ALLBULK-SPCD4/pt2283R-DX1BM-ALLBULK-SPCD4_Receptor.assemblePartial.report.json /hpc/pmc_vanboxtel/projects/TallFlow/3_Output/MIXCR4.3.2/Output/pt2283R-DX1BM-ALLBULK-SPCD4/pt2283R-DX1BM-ALLBULK-SPCD4_Receptor.vdjca /hpc/pmc_vanboxtel/projects/TallFlow/3_Output/MIXCR4.3.2/Output/pt2283R-DX1BM-ALLBULK-SPCD4/pt2283R-DX1BM-ALLBULK-SPCD4_Receptor.passembled.1.vdjca
Building index: 0%
Searching for overlaps: 0%
============== AssemblePartial Report ==============
Analysis time: 1.42s
Total alignments analysed: 11516
Number of output alignments: 11511 (99.96%)
Alignments already with CDR3 (no overlapping is performed): 79 (0.69%)
Successfully overlapped alignments: 5 (0.04%)
Left parts with too small N-region (failed to extract k-mer): 1518 (13.18%)
Extracted k-mer diversity: 37771
Dropped due to wildcard in k-mer: 0 (0%)
Dropped due to too short NRegion parts in overlap: 3 (0.03%)
Dropped overlaps with empty N region due to no complete NDN coverage: 0 (0%)
Number of left-side alignments: 7744 (67.25%)
Number of right-side alignments: 1653 (14.35%)
Complex overlaps: 0 (0%)
Over-overlaps: 17 (0.15%)
Partial alignments written to output: 11427 (99.23%)
====================
Running:
mixcr assemblePartial --report /hpc/pmc_vanboxtel/projects/TallFlow/3_Output/MIXCR4.3.2/Output/pt2283R-DX1BM-ALLBULK-SPCD4/pt2283R-DX1BM-ALLBULK-SPCD4_Receptor.assemblePartial.report.txt --json-report /hpc/pmc_vanboxtel/projects/TallFlow/3_Output/MIXCR4.3.2/Output/pt2283R-DX1BM-ALLBULK-SPCD4/pt2283R-DX1BM-ALLBULK-SPCD4_Receptor.assemblePartial.report.json /hpc/pmc_vanboxtel/projects/TallFlow/3_Output/MIXCR4.3.2/Output/pt2283R-DX1BM-ALLBULK-SPCD4/pt2283R-DX1BM-ALLBULK-SPCD4_Receptor.passembled.1.vdjca /hpc/pmc_vanboxtel/projects/TallFlow/3_Output/MIXCR4.3.2/Output/pt2283R-DX1BM-ALLBULK-SPCD4/pt2283R-DX1BM-ALLBULK-SPCD4_Receptor.passembled.2.vdjca
Building index: 8.9%
Searching for overlaps: 0.1%
============== AssemblePartial Report ==============
Analysis time: 996ms
Total alignments analysed: 11511
Number of output alignments: 11511 (100%)
Alignments already with CDR3 (no overlapping is performed): 84 (0.73%)
Successfully overlapped alignments: 0 (0%)
Left parts with too small N-region (failed to extract k-mer): 1518 (13.19%)
Extracted k-mer diversity: 37698
Dropped due to wildcard in k-mer: 0 (0%)
Dropped due to too short NRegion parts in overlap: 2 (0.02%)
Dropped overlaps with empty N region due to no complete NDN coverage: 0 (0%)
Number of left-side alignments: 7739 (67.23%)
Number of right-side alignments: 1648 (14.32%)
Complex overlaps: 0 (0%)
Over-overlaps: 17 (0.15%)
Partial alignments written to output: 11427 (99.27%)
====================
Running:
mixcr extend --report /hpc/pmc_vanboxtel/projects/TallFlow/3_Output/MIXCR4.3.2/Output/pt2283R-DX1BM-ALLBULK-SPCD4/pt2283R-DX1BM-ALLBULK-SPCD4_Receptor.extend.report.txt --json-report /hpc/pmc_vanboxtel/projects/TallFlow/3_Output/MIXCR4.3.2/Output/pt2283R-DX1BM-ALLBULK-SPCD4/pt2283R-DX1BM-ALLBULK-SPCD4_Receptor.extend.report.json /hpc/pmc_vanboxtel/projects/TallFlow/3_Output/MIXCR4.3.2/Output/pt2283R-DX1BM-ALLBULK-SPCD4/pt2283R-DX1BM-ALLBULK-SPCD4_Receptor.passembled.2.vdjca /hpc/pmc_vanboxtel/projects/TallFlow/3_Output/MIXCR4.3.2/Output/pt2283R-DX1BM-ALLBULK-SPCD4/pt2283R-DX1BM-ALLBULK-SPCD4_Receptor.extended.vdjca
Extending alignments: 0%
============== Extend Report ==============
Analysis time: 304ms
Extended alignments count: 5 (0.04%)
V extensions total: 2 (0.02%)
V extensions with merged targets: 0 (0%)
J extensions total: 3 (0.03%)
J extensions with merged targets: 0 (0%)
V+J extensions: 0 (0%)
Mean V extension length: 2.5
Mean J extension length: 7.333333333333333
====================
Running:
mixcr assemble --report /hpc/pmc_vanboxtel/projects/TallFlow/3_Output/MIXCR4.3.2/Output/pt2283R-DX1BM-ALLBULK-SPCD4/pt2283R-DX1BM-ALLBULK-SPCD4_Receptor.assemble.report.txt --json-report /hpc/pmc_vanboxtel/projects/TallFlow/3_Output/MIXCR4.3.2/Output/pt2283R-DX1BM-ALLBULK-SPCD4/pt2283R-DX1BM-ALLBULK-SPCD4_Receptor.assemble.report.json /hpc/pmc_vanboxtel/projects/TallFlow/3_Output/MIXCR4.3.2/Output/pt2283R-DX1BM-ALLBULK-SPCD4/pt2283R-DX1BM-ALLBULK-SPCD4_Receptor.extended.vdjca /hpc/pmc_vanboxtel/projects/TallFlow/3_Output/MIXCR4.3.2/Output/pt2283R-DX1BM-ALLBULK-SPCD4/pt2283R-DX1BM-ALLBULK-SPCD4_Receptor.clna
Assembling initial clonotypes: 0%
Initialization: progress unknown
============== Assemble Report ==============
Analysis time: 649ms
Final clonotype count: 22
Reads used in clonotypes, percent of total: 74 (0.01%)
Average number of reads per clonotype: 3.36
Reads dropped due to the lack of a clone sequence, percent of total: 11427 (0.98%)
Reads dropped due to a too short clonal sequence, percent of total: 0 (0%)
Reads dropped due to low quality, percent of total: 0 (0%)
Reads dropped due to failed mapping, percent of total: 15 (0%)
Reads dropped with low quality clones, percent of total: 0 (0%)
Reads used in clonotypes before clustering, percent of total: 74 (0.01%)
Number of reads used as a core, percent of used: 69 (93.24%)
Mapped low quality reads, percent of used: 5 (6.76%)
Reads clustered in PCR error correction, percent of used: 0 (0%)
Reads pre-clustered due to the similar VJC-lists, percent of used: 0 (0%)
Clonotypes dropped as low quality: 0
Clonotypes eliminated by PCR error correction: 0
Clonotypes pre-clustered due to the similar VJC-lists: 0
Clones dropped in post filtering: 0 (0%)
Reads dropped in post filtering: 0.0 (0%)
Alignments filtered by tag prefix: 0 (0%)
TRA chains: 15 (68.18%)
TRA non-functional: 11 (73.33%)
TRB chains: 3 (13.64%)
TRB non-functional: 1 (33.33%)
TRG chains: 4 (18.18%)
TRG non-functional: 3 (75%)
====================
Running:
mixcr assembleContigs --report /hpc/pmc_vanboxtel/projects/TallFlow/3_Output/MIXCR4.3.2/Output/pt2283R-DX1BM-ALLBULK-SPCD4/pt2283R-DX1BM-ALLBULK-SPCD4_Receptor.assembleContigs.report.txt --json-report /hpc/pmc_vanboxtel/projects/TallFlow/3_Output/MIXCR4.3.2/Output/pt2283R-DX1BM-ALLBULK-SPCD4/pt2283R-DX1BM-ALLBULK-SPCD4_Receptor.assembleContigs.report.json /hpc/pmc_vanboxtel/projects/TallFlow/3_Output/MIXCR4.3.2/Output/pt2283R-DX1BM-ALLBULK-SPCD4/pt2283R-DX1BM-ALLBULK-SPCD4_Receptor.clna /hpc/pmc_vanboxtel/projects/TallFlow/3_Output/MIXCR4.3.2/Output/pt2283R-DX1BM-ALLBULK-SPCD4/pt2283R-DX1BM-ALLBULK-SPCD4_Receptor.contigs.clns
Assembling contigs: 0%
============== AssembleContigs Report ==============
Analysis time: 388ms
Initial clonotype count: 22
Final clonotype count: 22 (100%)
Canceled assemblies: 0 (0%)
Number of premature termination assembly events, percent of number of initial clonotypes: 0.0 (0%)
Longest contig length: 801
Clustered variants: 0 (0%)
Reads in clustered variants: 0.0 (0%)
Reads in divided (newly created) clones: 0.0 (0%)
Clones with ambiguous letters in splitting region: 0 (0%)
Reads in clones with ambiguous letters in splitting region: 0.0 (0%)
Average number of ambiguous letters per clone with ambiguous letters in splitting region: NaN
====================
Running:
mixcr exportClones /hpc/pmc_vanboxtel/projects/TallFlow/3_Output/MIXCR4.3.2/Output/pt2283R-DX1BM-ALLBULK-SPCD4/pt2283R-DX1BM-ALLBULK-SPCD4_Receptor.contigs.clns /hpc/pmc_vanboxtel/projects/TallFlow/3_Output/MIXCR4.3.2/Output/pt2283R-DX1BM-ALLBULK-SPCD4/pt2283R-DX1BM-ALLBULK-SPCD4_Receptor.clones.tsv
Exporting TRB
Exporting clones: 0%
WARNING: Filtered 3 of 22 clones (86.36%).
WARNING: Filtered 27.0 of 74.0 reads (63.51%).
Exporting TRAD
Exporting clones: 0%
WARNING: Filtered 15 of 22 clones (31.82%).
WARNING: Filtered 22.0 of 74.0 reads (70.27%).
Exporting TRG
Exporting clones: 0%
WARNING: Filtered 4 of 22 clones (81.82%).
WARNING: Filtered 25.0 of 74.0 reads (66.22%).
Analysis finished successfully.
IMPORTANT: MiXCR will use at most 6955MB of RAM,
           use -Xmx to change automatically set heap size (i.e. -Xmx50g to set heap size to 50 Gb)
IMPORTANT: MiXCR will use at most 6901MB of RAM,
           use -Xmx to change automatically set heap size (i.e. -Xmx50g to set heap size to 50 Gb)
IMPORTANT: MiXCR will use at most 6111MB of RAM,
           use -Xmx to change automatically set heap size (i.e. -Xmx50g to set heap size to 50 Gb)
