INFO	2023-05-03 17:26:20	SamToFastq	

********** NOTE: Picard's command line syntax is changing.
**********
********** For more information, please see:
********** https://github.com/broadinstitute/picard/wiki/Command-Line-Syntax-Transition-For-Users-(Pre-Transition)
**********
********** The command line looks like this in the new syntax:
**********
**********    SamToFastq -INPUT /hpc/pmc_vanboxtel/projects/TallFlow/3_Output/MIXCR4.3.2/input/bam/pt2229-DX1BM-TALL4_dedup.bam -OUTPUT_DIR /hpc/pmc_vanboxtel/projects/TallFlow/3_Output/MIXCR4.3.2/input/fastq -RG_TAG ID -OUTPUT_PER_RG true
**********


17:26:21.061 INFO  NativeLibraryLoader - Loading libgkl_compression.so from jar:file:/hpc/local/CentOS7/pmc_vanboxtel/bin/picard-2.24.1/picard.jar!/com/intel/gkl/native/libgkl_compression.so
[Wed May 03 17:26:21 CEST 2023] SamToFastq INPUT=/hpc/pmc_vanboxtel/projects/TallFlow/3_Output/MIXCR4.3.2/input/bam/pt2229-DX1BM-TALL4_dedup.bam OUTPUT_PER_RG=true RG_TAG=ID OUTPUT_DIR=/hpc/pmc_vanboxtel/projects/TallFlow/3_Output/MIXCR4.3.2/input/fastq    COMPRESS_OUTPUTS_PER_RG=false RE_REVERSE=true INTERLEAVE=false INCLUDE_NON_PF_READS=false CLIPPING_MIN_LENGTH=0 READ1_TRIM=0 READ2_TRIM=0 INCLUDE_NON_PRIMARY_ALIGNMENTS=false VERBOSITY=INFO QUIET=false VALIDATION_STRINGENCY=STRICT COMPRESSION_LEVEL=5 MAX_RECORDS_IN_RAM=500000 CREATE_INDEX=false CREATE_MD5_FILE=false GA4GH_CLIENT_SECRETS=client_secrets.json USE_JDK_DEFLATER=false USE_JDK_INFLATER=false
[Wed May 03 17:26:21 CEST 2023] Executing as rhagelaar@n0081.compute.hpc on Linux 3.10.0-1160.83.1.el7.x86_64 amd64; Java HotSpot(TM) 64-Bit Server VM 1.8.0_60-b27; Deflater: Intel; Inflater: Intel; Provider GCS is not available; Picard version: 2.24.1
INFO	2023-05-03 17:26:31	SamToFastq	Processed     1,000,000 records.  Elapsed time: 00:00:09s.  Time for last 1,000,000:    9s.  Last read position: 14:21,364,949
INFO	2023-05-03 17:26:39	SamToFastq	Processed     2,000,000 records.  Elapsed time: 00:00:18s.  Time for last 1,000,000:    8s.  Last read position: 22:23,015,030
[Wed May 03 17:26:41 CEST 2023] picard.sam.SamToFastq done. Elapsed time: 0.34 minutes.
Runtime.totalMemory()=5794955264
To get help, see http://broadinstitute.github.io/picard/index.html#GettingHelp
Exception in thread "main" htsjdk.samtools.SAMFormatException: SAM validation error: ERROR::MATE_NOT_FOUND:Found 37355 unpaired mates
	at htsjdk.samtools.SAMUtils.processValidationError(SAMUtils.java:469)
	at picard.sam.SamToFastq.doWork(SamToFastq.java:225)
	at picard.cmdline.CommandLineProgram.instanceMain(CommandLineProgram.java:304)
	at picard.cmdline.PicardCommandLine.instanceMain(PicardCommandLine.java:103)
	at picard.cmdline.PicardCommandLine.main(PicardCommandLine.java:113)
/hpc/pmc_vanboxtel/projects/TallFlow/2_Code/MIXCR/
IMPORTANT: MiXCR will use at most 12000MB of RAM,
           use -Xmx to change automatically set heap size (i.e. -Xmx50g to set heap size to 50 Gb)
====================
Running:
mixcr align --report /hpc/pmc_vanboxtel/projects/TallFlow/3_Output/MIXCR4.3.2/Output/pt2229-DX1BM-TALL4/pt2229-DX1BM-TALL4_Receptor.align.report.txt --json-report /hpc/pmc_vanboxtel/projects/TallFlow/3_Output/MIXCR4.3.2/Output/pt2229-DX1BM-TALL4/pt2229-DX1BM-TALL4_Receptor.align.report.json --preset rnaseq-full-length --dna --species hsa /hpc/pmc_vanboxtel/projects/TallFlow/3_Output/MIXCR4.3.2/input/fastq/Merged/pt2229-DX1BM-TALL4_R1.fastq /hpc/pmc_vanboxtel/projects/TallFlow/3_Output/MIXCR4.3.2/input/fastq/Merged/pt2229-DX1BM-TALL4_R2.fastq /hpc/pmc_vanboxtel/projects/TallFlow/3_Output/MIXCR4.3.2/Output/pt2229-DX1BM-TALL4/pt2229-DX1BM-TALL4_Receptor.vdjca
Alignment: 0%
Alignment: 11.2%  ETA: 00:05:02
Alignment: 22.4%  ETA: 00:04:24
Alignment: 33.6%  ETA: 00:03:39
Alignment: 44.8%  ETA: 00:02:57
Alignment: 56%  ETA: 00:02:25
Alignment: 67.2%  ETA: 00:01:49
Alignment: 78.4%  ETA: 00:01:13
Alignment: 89.5%  ETA: 00:00:32
Alignment: 100%  ETA: 00:00:00
============== Align Report ==============
Analysis time: 5.65m
Total sequencing reads: 967723
Successfully aligned reads: 14152 (1.46%)
Alignment failed: no hits (not TCR/IG?): 790642 (81.7%)
Alignment failed: no CDR3 parts: 92046 (9.51%)
Alignment failed: low total score: 70883 (7.32%)
Overlapped: 90203 (9.32%)
Overlapped and aligned: 290 (0.03%)
Overlapped and not aligned: 89913 (9.29%)
Alignment-aided overlaps, percent of overlapped and aligned: 4 (1.38%)
No CDR3 parts alignments, percent of successfully aligned: 2014 (14.23%)
Partial aligned reads, percent of successfully aligned: 12085 (85.39%)
V gene chimeras: 223 (0.02%)
J gene chimeras: 87 (0.01%)
Paired-end alignment conflicts eliminated: 29 (0%)
Realigned with forced non-floating bound: 1755048 (181.36%)
Realigned with forced non-floating right bound in left read: 2796 (0.29%)
Realigned with forced non-floating left bound in right read: 2796 (0.29%)
TRA chains: 1790 (12.65%)
TRA non-functional: 11 (0.61%)
TRB chains: 3077 (21.74%)
TRB non-functional: 0 (0%)
TRD chains: 95 (0.67%)
TRD non-functional: 15 (15.79%)
TRG chains: 56 (0.4%)
TRG non-functional: 12 (21.43%)
TRAD chains: 1292 (9.13%)
TRAD non-functional: 0 (0%)
IGH chains: 4154 (29.35%)
IGH non-functional: 0 (0%)
IGK chains: 1534 (10.84%)
IGK non-functional: 0 (0%)
IGL chains: 2154 (15.22%)
IGL non-functional: 0 (0%)
Trimming report:
  R1 reads trimmed left: 1064 (0.11%)
  R1 reads trimmed right: 16 (0%)
  Average R1 nucleotides trimmed left: 0.002264077633785701
  Average R1 nucleotides trimmed right: 2.521382668387545E-4
  R2 reads trimmed left: 321 (0.03%)
  R2 reads trimmed right: 11 (0%)
  Average R2 nucleotides trimmed left: 4.980764123618019E-4
  Average R2 nucleotides trimmed right: 6.003784140709686E-4
====================
Running:
mixcr assemblePartial --report /hpc/pmc_vanboxtel/projects/TallFlow/3_Output/MIXCR4.3.2/Output/pt2229-DX1BM-TALL4/pt2229-DX1BM-TALL4_Receptor.assemblePartial.report.txt --json-report /hpc/pmc_vanboxtel/projects/TallFlow/3_Output/MIXCR4.3.2/Output/pt2229-DX1BM-TALL4/pt2229-DX1BM-TALL4_Receptor.assemblePartial.report.json /hpc/pmc_vanboxtel/projects/TallFlow/3_Output/MIXCR4.3.2/Output/pt2229-DX1BM-TALL4/pt2229-DX1BM-TALL4_Receptor.vdjca /hpc/pmc_vanboxtel/projects/TallFlow/3_Output/MIXCR4.3.2/Output/pt2229-DX1BM-TALL4/pt2229-DX1BM-TALL4_Receptor.passembled.1.vdjca
Building index: 0%
Searching for overlaps: 0%
============== AssemblePartial Report ==============
Analysis time: 1.1s
Total alignments analysed: 14150
Number of output alignments: 14147 (99.98%)
Alignments already with CDR3 (no overlapping is performed): 54 (0.38%)
Successfully overlapped alignments: 3 (0.02%)
Left parts with too small N-region (failed to extract k-mer): 1557 (11%)
Extracted k-mer diversity: 49469
Dropped due to wildcard in k-mer: 0 (0%)
Dropped due to too short NRegion parts in overlap: 11 (0.08%)
Dropped overlaps with empty N region due to no complete NDN coverage: 0 (0%)
Number of left-side alignments: 8765 (61.94%)
Number of right-side alignments: 2961 (20.93%)
Complex overlaps: 0 (0%)
Over-overlaps: 26 (0.18%)
Partial alignments written to output: 14090 (99.58%)
====================
Running:
mixcr assemblePartial --report /hpc/pmc_vanboxtel/projects/TallFlow/3_Output/MIXCR4.3.2/Output/pt2229-DX1BM-TALL4/pt2229-DX1BM-TALL4_Receptor.assemblePartial.report.txt --json-report /hpc/pmc_vanboxtel/projects/TallFlow/3_Output/MIXCR4.3.2/Output/pt2229-DX1BM-TALL4/pt2229-DX1BM-TALL4_Receptor.assemblePartial.report.json /hpc/pmc_vanboxtel/projects/TallFlow/3_Output/MIXCR4.3.2/Output/pt2229-DX1BM-TALL4/pt2229-DX1BM-TALL4_Receptor.passembled.1.vdjca /hpc/pmc_vanboxtel/projects/TallFlow/3_Output/MIXCR4.3.2/Output/pt2229-DX1BM-TALL4/pt2229-DX1BM-TALL4_Receptor.passembled.2.vdjca
Building index: 0%
Searching for overlaps: 0%
============== AssemblePartial Report ==============
Analysis time: 821ms
Total alignments analysed: 14147
Number of output alignments: 14147 (100%)
Alignments already with CDR3 (no overlapping is performed): 57 (0.4%)
Successfully overlapped alignments: 0 (0%)
Left parts with too small N-region (failed to extract k-mer): 1557 (11.01%)
Extracted k-mer diversity: 49352
Dropped due to wildcard in k-mer: 0 (0%)
Dropped due to too short NRegion parts in overlap: 4 (0.03%)
Dropped overlaps with empty N region due to no complete NDN coverage: 0 (0%)
Number of left-side alignments: 8762 (61.94%)
Number of right-side alignments: 2958 (20.91%)
Complex overlaps: 0 (0%)
Over-overlaps: 26 (0.18%)
Partial alignments written to output: 14090 (99.6%)
====================
Running:
mixcr extend --report /hpc/pmc_vanboxtel/projects/TallFlow/3_Output/MIXCR4.3.2/Output/pt2229-DX1BM-TALL4/pt2229-DX1BM-TALL4_Receptor.extend.report.txt --json-report /hpc/pmc_vanboxtel/projects/TallFlow/3_Output/MIXCR4.3.2/Output/pt2229-DX1BM-TALL4/pt2229-DX1BM-TALL4_Receptor.extend.report.json /hpc/pmc_vanboxtel/projects/TallFlow/3_Output/MIXCR4.3.2/Output/pt2229-DX1BM-TALL4/pt2229-DX1BM-TALL4_Receptor.passembled.2.vdjca /hpc/pmc_vanboxtel/projects/TallFlow/3_Output/MIXCR4.3.2/Output/pt2229-DX1BM-TALL4/pt2229-DX1BM-TALL4_Receptor.extended.vdjca
Extending alignments: 0%
============== Extend Report ==============
Analysis time: 283ms
Extended alignments count: 2 (0.01%)
V extensions total: 1 (0.01%)
V extensions with merged targets: 0 (0%)
J extensions total: 1 (0.01%)
J extensions with merged targets: 0 (0%)
V+J extensions: 0 (0%)
Mean V extension length: 2.0
Mean J extension length: 3.0
====================
Running:
mixcr assemble --report /hpc/pmc_vanboxtel/projects/TallFlow/3_Output/MIXCR4.3.2/Output/pt2229-DX1BM-TALL4/pt2229-DX1BM-TALL4_Receptor.assemble.report.txt --json-report /hpc/pmc_vanboxtel/projects/TallFlow/3_Output/MIXCR4.3.2/Output/pt2229-DX1BM-TALL4/pt2229-DX1BM-TALL4_Receptor.assemble.report.json /hpc/pmc_vanboxtel/projects/TallFlow/3_Output/MIXCR4.3.2/Output/pt2229-DX1BM-TALL4/pt2229-DX1BM-TALL4_Receptor.extended.vdjca /hpc/pmc_vanboxtel/projects/TallFlow/3_Output/MIXCR4.3.2/Output/pt2229-DX1BM-TALL4/pt2229-DX1BM-TALL4_Receptor.clna
Initialization: progress unknown
Initialization: progress unknown
============== Assemble Report ==============
Analysis time: 464ms
Final clonotype count: 6
Reads used in clonotypes, percent of total: 56 (0.01%)
Average number of reads per clonotype: 9.33
Reads dropped due to the lack of a clone sequence, percent of total: 14090 (1.46%)
Reads dropped due to a too short clonal sequence, percent of total: 0 (0%)
Reads dropped due to low quality, percent of total: 0 (0%)
Reads dropped due to failed mapping, percent of total: 4 (0%)
Reads dropped with low quality clones, percent of total: 0 (0%)
Reads used in clonotypes before clustering, percent of total: 56 (0.01%)
Number of reads used as a core, percent of used: 55 (98.21%)
Mapped low quality reads, percent of used: 1 (1.79%)
Reads clustered in PCR error correction, percent of used: 0 (0%)
Reads pre-clustered due to the similar VJC-lists, percent of used: 0 (0%)
Clonotypes dropped as low quality: 0
Clonotypes eliminated by PCR error correction: 0
Clonotypes pre-clustered due to the similar VJC-lists: 0
Clones dropped in post filtering: 0 (0%)
Reads dropped in post filtering: 0.0 (0%)
Alignments filtered by tag prefix: 0 (0%)
TRA chains: 1 (16.67%)
TRA non-functional: 1 (100%)
TRB chains: 2 (33.33%)
TRB non-functional: 0 (0%)
TRD chains: 1 (16.67%)
TRD non-functional: 1 (100%)
TRG chains: 2 (33.33%)
TRG non-functional: 2 (100%)
====================
Running:
mixcr assembleContigs --report /hpc/pmc_vanboxtel/projects/TallFlow/3_Output/MIXCR4.3.2/Output/pt2229-DX1BM-TALL4/pt2229-DX1BM-TALL4_Receptor.assembleContigs.report.txt --json-report /hpc/pmc_vanboxtel/projects/TallFlow/3_Output/MIXCR4.3.2/Output/pt2229-DX1BM-TALL4/pt2229-DX1BM-TALL4_Receptor.assembleContigs.report.json /hpc/pmc_vanboxtel/projects/TallFlow/3_Output/MIXCR4.3.2/Output/pt2229-DX1BM-TALL4/pt2229-DX1BM-TALL4_Receptor.clna /hpc/pmc_vanboxtel/projects/TallFlow/3_Output/MIXCR4.3.2/Output/pt2229-DX1BM-TALL4/pt2229-DX1BM-TALL4_Receptor.contigs.clns
Assembling contigs: 0%
============== AssembleContigs Report ==============
Analysis time: 313ms
Initial clonotype count: 6
Final clonotype count: 6 (100%)
Canceled assemblies: 0 (0%)
Number of premature termination assembly events, percent of number of initial clonotypes: 0.0 (0%)
Longest contig length: 781
Clustered variants: 0 (0%)
Reads in clustered variants: 0.0 (0%)
Reads in divided (newly created) clones: 0.0 (0%)
Clones with ambiguous letters in splitting region: 0 (0%)
Reads in clones with ambiguous letters in splitting region: 0.0 (0%)
Average number of ambiguous letters per clone with ambiguous letters in splitting region: NaN
====================
Running:
mixcr exportClones /hpc/pmc_vanboxtel/projects/TallFlow/3_Output/MIXCR4.3.2/Output/pt2229-DX1BM-TALL4/pt2229-DX1BM-TALL4_Receptor.contigs.clns /hpc/pmc_vanboxtel/projects/TallFlow/3_Output/MIXCR4.3.2/Output/pt2229-DX1BM-TALL4/pt2229-DX1BM-TALL4_Receptor.clones.tsv
Exporting TRB
Exporting clones: 0%
WARNING: Filtered 2 of 6 clones (66.67%).
WARNING: Filtered 18.0 of 56.0 reads (67.86%).
Exporting TRAD
Exporting clones: 0%
WARNING: Filtered 2 of 6 clones (66.67%).
WARNING: Filtered 29.0 of 56.0 reads (48.21%).
Exporting TRG
Exporting clones: 0%
WARNING: Filtered 2 of 6 clones (66.67%).
WARNING: Filtered 9.0 of 56.0 reads (83.93%).
Analysis finished successfully.
IMPORTANT: MiXCR will use at most 12000MB of RAM,
           use -Xmx to change automatically set heap size (i.e. -Xmx50g to set heap size to 50 Gb)
IMPORTANT: MiXCR will use at most 12000MB of RAM,
           use -Xmx to change automatically set heap size (i.e. -Xmx50g to set heap size to 50 Gb)
IMPORTANT: MiXCR will use at most 12000MB of RAM,
           use -Xmx to change automatically set heap size (i.e. -Xmx50g to set heap size to 50 Gb)
