INFO	2023-05-03 17:10:32	SamToFastq	

********** NOTE: Picard's command line syntax is changing.
**********
********** For more information, please see:
********** https://github.com/broadinstitute/picard/wiki/Command-Line-Syntax-Transition-For-Users-(Pre-Transition)
**********
********** The command line looks like this in the new syntax:
**********
**********    SamToFastq -INPUT /hpc/pmc_vanboxtel/projects/TallFlow/3_Output/MIXCR4.3.2/input/bam/pt2322-DX1BM-ALLBULK-DP_dedup.bam -OUTPUT_DIR /hpc/pmc_vanboxtel/projects/TallFlow/3_Output/MIXCR4.3.2/input/fastq -RG_TAG ID -OUTPUT_PER_RG true
**********


17:10:32.651 INFO  NativeLibraryLoader - Loading libgkl_compression.so from jar:file:/hpc/local/CentOS7/pmc_vanboxtel/bin/picard-2.24.1/picard.jar!/com/intel/gkl/native/libgkl_compression.so
[Wed May 03 17:10:32 CEST 2023] SamToFastq INPUT=/hpc/pmc_vanboxtel/projects/TallFlow/3_Output/MIXCR4.3.2/input/bam/pt2322-DX1BM-ALLBULK-DP_dedup.bam OUTPUT_PER_RG=true RG_TAG=ID OUTPUT_DIR=/hpc/pmc_vanboxtel/projects/TallFlow/3_Output/MIXCR4.3.2/input/fastq    COMPRESS_OUTPUTS_PER_RG=false RE_REVERSE=true INTERLEAVE=false INCLUDE_NON_PF_READS=false CLIPPING_MIN_LENGTH=0 READ1_TRIM=0 READ2_TRIM=0 INCLUDE_NON_PRIMARY_ALIGNMENTS=false VERBOSITY=INFO QUIET=false VALIDATION_STRINGENCY=STRICT COMPRESSION_LEVEL=5 MAX_RECORDS_IN_RAM=500000 CREATE_INDEX=false CREATE_MD5_FILE=false GA4GH_CLIENT_SECRETS=client_secrets.json USE_JDK_DEFLATER=false USE_JDK_INFLATER=false
[Wed May 03 17:10:32 CEST 2023] Executing as rhagelaar@n0123.compute.hpc on Linux 3.10.0-1160.81.1.el7.x86_64 amd64; Java HotSpot(TM) 64-Bit Server VM 1.8.0_60-b27; Deflater: Intel; Inflater: Intel; Provider GCS is not available; Picard version: 2.24.1
INFO	2023-05-03 17:10:40	SamToFastq	Processed     1,000,000 records.  Elapsed time: 00:00:08s.  Time for last 1,000,000:    8s.  Last read position: 7:38,730,802
INFO	2023-05-03 17:10:48	SamToFastq	Processed     2,000,000 records.  Elapsed time: 00:00:15s.  Time for last 1,000,000:    7s.  Last read position: 14:105,529,111
[Wed May 03 17:10:55 CEST 2023] picard.sam.SamToFastq done. Elapsed time: 0.38 minutes.
Runtime.totalMemory()=5861539840
To get help, see http://broadinstitute.github.io/picard/index.html#GettingHelp
Exception in thread "main" htsjdk.samtools.SAMFormatException: SAM validation error: ERROR::MATE_NOT_FOUND:Found 66806 unpaired mates
	at htsjdk.samtools.SAMUtils.processValidationError(SAMUtils.java:469)
	at picard.sam.SamToFastq.doWork(SamToFastq.java:225)
	at picard.cmdline.CommandLineProgram.instanceMain(CommandLineProgram.java:304)
	at picard.cmdline.PicardCommandLine.instanceMain(PicardCommandLine.java:103)
	at picard.cmdline.PicardCommandLine.main(PicardCommandLine.java:113)
/hpc/pmc_vanboxtel/projects/TallFlow/2_Code/MIXCR/
IMPORTANT: MiXCR will use at most 4600MB of RAM,
           use -Xmx to change automatically set heap size (i.e. -Xmx50g to set heap size to 50 Gb)
====================
Running:
mixcr align --report /hpc/pmc_vanboxtel/projects/TallFlow/3_Output/MIXCR4.3.2/Output/pt2322-DX1BM-ALLBULK-DP/pt2322-DX1BM-ALLBULK-DP_Receptor.align.report.txt --json-report /hpc/pmc_vanboxtel/projects/TallFlow/3_Output/MIXCR4.3.2/Output/pt2322-DX1BM-ALLBULK-DP/pt2322-DX1BM-ALLBULK-DP_Receptor.align.report.json --preset rnaseq-full-length --dna --species hsa /hpc/pmc_vanboxtel/projects/TallFlow/3_Output/MIXCR4.3.2/input/fastq/Merged/pt2322-DX1BM-ALLBULK-DP_R1.fastq /hpc/pmc_vanboxtel/projects/TallFlow/3_Output/MIXCR4.3.2/input/fastq/Merged/pt2322-DX1BM-ALLBULK-DP_R2.fastq /hpc/pmc_vanboxtel/projects/TallFlow/3_Output/MIXCR4.3.2/Output/pt2322-DX1BM-ALLBULK-DP/pt2322-DX1BM-ALLBULK-DP_Receptor.vdjca
Alignment: 0%
Alignment: 10.7%  ETA: 00:06:19
Alignment: 21.4%  ETA: 00:06:09
Alignment: 32.1%  ETA: 00:05:11
Alignment: 42.8%  ETA: 00:04:11
Alignment: 53.5%  ETA: 00:03:41
Alignment: 64.2%  ETA: 00:02:30
Alignment: 74.9%  ETA: 00:01:51
Alignment: 85.6%  ETA: 00:00:58
Alignment: 96.3%  ETA: 00:00:16
============== Align Report ==============
Analysis time: 7.49m
Total sequencing reads: 1349150
Successfully aligned reads: 14892 (1.1%)
Alignment failed: no hits (not TCR/IG?): 1094017 (81.09%)
Alignment failed: no CDR3 parts: 135895 (10.07%)
Alignment failed: low total score: 104346 (7.73%)
Overlapped: 148474 (11.01%)
Overlapped and aligned: 471 (0.03%)
Overlapped and not aligned: 148003 (10.97%)
Alignment-aided overlaps, percent of overlapped and aligned: 6 (1.27%)
No CDR3 parts alignments, percent of successfully aligned: 1796 (12.06%)
Partial aligned reads, percent of successfully aligned: 13045 (87.6%)
V gene chimeras: 216 (0.02%)
J gene chimeras: 204 (0.02%)
Paired-end alignment conflicts eliminated: 56 (0%)
Realigned with forced non-floating bound: 2401364 (177.99%)
Realigned with forced non-floating right bound in left read: 5991 (0.44%)
Realigned with forced non-floating left bound in right read: 5991 (0.44%)
TRA chains: 1954 (13.12%)
TRA non-functional: 2 (0.1%)
TRB chains: 1576 (10.58%)
TRB non-functional: 0 (0%)
TRD chains: 119 (0.8%)
TRD non-functional: 4 (3.36%)
TRG chains: 200 (1.34%)
TRG non-functional: 0 (0%)
TRAD chains: 1090 (7.32%)
TRAD non-functional: 0 (0%)
IGH chains: 3971 (26.67%)
IGH non-functional: 0 (0%)
IGK chains: 2974 (19.97%)
IGK non-functional: 0 (0%)
IGL chains: 3008 (20.2%)
IGL non-functional: 0 (0%)
Trimming report:
  R1 reads trimmed left: 1454 (0.11%)
  R1 reads trimmed right: 2 (0%)
  Average R1 nucleotides trimmed left: 0.0030878701404588073
  Average R1 nucleotides trimmed right: 1.482414853796835E-6
  R2 reads trimmed left: 78 (0.01%)
  R2 reads trimmed right: 1 (0%)
  Average R2 nucleotides trimmed left: 1.9790238298187748E-4
  Average R2 nucleotides trimmed right: 7.412074268984175E-7
====================
Running:
mixcr assemblePartial --report /hpc/pmc_vanboxtel/projects/TallFlow/3_Output/MIXCR4.3.2/Output/pt2322-DX1BM-ALLBULK-DP/pt2322-DX1BM-ALLBULK-DP_Receptor.assemblePartial.report.txt --json-report /hpc/pmc_vanboxtel/projects/TallFlow/3_Output/MIXCR4.3.2/Output/pt2322-DX1BM-ALLBULK-DP/pt2322-DX1BM-ALLBULK-DP_Receptor.assemblePartial.report.json /hpc/pmc_vanboxtel/projects/TallFlow/3_Output/MIXCR4.3.2/Output/pt2322-DX1BM-ALLBULK-DP/pt2322-DX1BM-ALLBULK-DP_Receptor.vdjca /hpc/pmc_vanboxtel/projects/TallFlow/3_Output/MIXCR4.3.2/Output/pt2322-DX1BM-ALLBULK-DP/pt2322-DX1BM-ALLBULK-DP_Receptor.passembled.1.vdjca
Building index: 0%
Searching for overlaps: 0%
Searching for overlaps: 84.8%  ETA: 00:00:00
============== AssemblePartial Report ==============
Analysis time: 1.47s
Total alignments analysed: 14891
Number of output alignments: 14889 (99.99%)
Alignments already with CDR3 (no overlapping is performed): 55 (0.37%)
Successfully overlapped alignments: 2 (0.01%)
Left parts with too small N-region (failed to extract k-mer): 1786 (11.99%)
Extracted k-mer diversity: 38093
Dropped due to wildcard in k-mer: 0 (0%)
Dropped due to too short NRegion parts in overlap: 25 (0.17%)
Dropped overlaps with empty N region due to no complete NDN coverage: 0 (0%)
Number of left-side alignments: 8945 (60.07%)
Number of right-side alignments: 3660 (24.58%)
Complex overlaps: 0 (0%)
Over-overlaps: 29 (0.19%)
Partial alignments written to output: 14832 (99.6%)
====================
Running:
mixcr assemblePartial --report /hpc/pmc_vanboxtel/projects/TallFlow/3_Output/MIXCR4.3.2/Output/pt2322-DX1BM-ALLBULK-DP/pt2322-DX1BM-ALLBULK-DP_Receptor.assemblePartial.report.txt --json-report /hpc/pmc_vanboxtel/projects/TallFlow/3_Output/MIXCR4.3.2/Output/pt2322-DX1BM-ALLBULK-DP/pt2322-DX1BM-ALLBULK-DP_Receptor.assemblePartial.report.json /hpc/pmc_vanboxtel/projects/TallFlow/3_Output/MIXCR4.3.2/Output/pt2322-DX1BM-ALLBULK-DP/pt2322-DX1BM-ALLBULK-DP_Receptor.passembled.1.vdjca /hpc/pmc_vanboxtel/projects/TallFlow/3_Output/MIXCR4.3.2/Output/pt2322-DX1BM-ALLBULK-DP/pt2322-DX1BM-ALLBULK-DP_Receptor.passembled.2.vdjca
Building index: 0.7%
Searching for overlaps: 0.1%
Searching for overlaps: 39.9%  ETA: 00:00:01
============== AssemblePartial Report ==============
Analysis time: 1.2s
Total alignments analysed: 14889
Number of output alignments: 14889 (100%)
Alignments already with CDR3 (no overlapping is performed): 57 (0.38%)
Successfully overlapped alignments: 0 (0%)
Left parts with too small N-region (failed to extract k-mer): 1786 (12%)
Extracted k-mer diversity: 38080
Dropped due to wildcard in k-mer: 0 (0%)
Dropped due to too short NRegion parts in overlap: 25 (0.17%)
Dropped overlaps with empty N region due to no complete NDN coverage: 0 (0%)
Number of left-side alignments: 8943 (60.06%)
Number of right-side alignments: 3658 (24.57%)
Complex overlaps: 0 (0%)
Over-overlaps: 29 (0.19%)
Partial alignments written to output: 14832 (99.62%)
====================
Running:
mixcr extend --report /hpc/pmc_vanboxtel/projects/TallFlow/3_Output/MIXCR4.3.2/Output/pt2322-DX1BM-ALLBULK-DP/pt2322-DX1BM-ALLBULK-DP_Receptor.extend.report.txt --json-report /hpc/pmc_vanboxtel/projects/TallFlow/3_Output/MIXCR4.3.2/Output/pt2322-DX1BM-ALLBULK-DP/pt2322-DX1BM-ALLBULK-DP_Receptor.extend.report.json /hpc/pmc_vanboxtel/projects/TallFlow/3_Output/MIXCR4.3.2/Output/pt2322-DX1BM-ALLBULK-DP/pt2322-DX1BM-ALLBULK-DP_Receptor.passembled.2.vdjca /hpc/pmc_vanboxtel/projects/TallFlow/3_Output/MIXCR4.3.2/Output/pt2322-DX1BM-ALLBULK-DP/pt2322-DX1BM-ALLBULK-DP_Receptor.extended.vdjca
Extending alignments: 0%
============== Extend Report ==============
Analysis time: 301ms
Extended alignments count: 4 (0.03%)
V extensions total: 0 (0%)
V extensions with merged targets: 0 (0%)
J extensions total: 4 (0.03%)
J extensions with merged targets: 0 (0%)
V+J extensions: 0 (0%)
Mean V extension length: NaN
Mean J extension length: 3.25
====================
Running:
mixcr assemble --report /hpc/pmc_vanboxtel/projects/TallFlow/3_Output/MIXCR4.3.2/Output/pt2322-DX1BM-ALLBULK-DP/pt2322-DX1BM-ALLBULK-DP_Receptor.assemble.report.txt --json-report /hpc/pmc_vanboxtel/projects/TallFlow/3_Output/MIXCR4.3.2/Output/pt2322-DX1BM-ALLBULK-DP/pt2322-DX1BM-ALLBULK-DP_Receptor.assemble.report.json /hpc/pmc_vanboxtel/projects/TallFlow/3_Output/MIXCR4.3.2/Output/pt2322-DX1BM-ALLBULK-DP/pt2322-DX1BM-ALLBULK-DP_Receptor.extended.vdjca /hpc/pmc_vanboxtel/projects/TallFlow/3_Output/MIXCR4.3.2/Output/pt2322-DX1BM-ALLBULK-DP/pt2322-DX1BM-ALLBULK-DP_Receptor.clna
Initialization: progress unknown
Initialization: progress unknown
============== Assemble Report ==============
Analysis time: 492ms
Final clonotype count: 5
Reads used in clonotypes, percent of total: 59 (0%)
Average number of reads per clonotype: 11.8
Reads dropped due to the lack of a clone sequence, percent of total: 14832 (1.1%)
Reads dropped due to a too short clonal sequence, percent of total: 0 (0%)
Reads dropped due to low quality, percent of total: 0 (0%)
Reads dropped due to failed mapping, percent of total: 0 (0%)
Reads dropped with low quality clones, percent of total: 0 (0%)
Reads used in clonotypes before clustering, percent of total: 59 (0%)
Number of reads used as a core, percent of used: 57 (96.61%)
Mapped low quality reads, percent of used: 2 (3.39%)
Reads clustered in PCR error correction, percent of used: 0 (0%)
Reads pre-clustered due to the similar VJC-lists, percent of used: 0 (0%)
Clonotypes dropped as low quality: 0
Clonotypes eliminated by PCR error correction: 0
Clonotypes pre-clustered due to the similar VJC-lists: 0
Clones dropped in post filtering: 0 (0%)
Reads dropped in post filtering: 0.0 (0%)
Alignments filtered by tag prefix: 0 (0%)
TRA chains: 1 (20%)
TRA non-functional: 1 (100%)
TRB chains: 2 (40%)
TRB non-functional: 0 (0%)
TRD chains: 1 (20%)
TRD non-functional: 1 (100%)
TRG chains: 1 (20%)
TRG non-functional: 0 (0%)
====================
Running:
mixcr assembleContigs --report /hpc/pmc_vanboxtel/projects/TallFlow/3_Output/MIXCR4.3.2/Output/pt2322-DX1BM-ALLBULK-DP/pt2322-DX1BM-ALLBULK-DP_Receptor.assembleContigs.report.txt --json-report /hpc/pmc_vanboxtel/projects/TallFlow/3_Output/MIXCR4.3.2/Output/pt2322-DX1BM-ALLBULK-DP/pt2322-DX1BM-ALLBULK-DP_Receptor.assembleContigs.report.json /hpc/pmc_vanboxtel/projects/TallFlow/3_Output/MIXCR4.3.2/Output/pt2322-DX1BM-ALLBULK-DP/pt2322-DX1BM-ALLBULK-DP_Receptor.clna /hpc/pmc_vanboxtel/projects/TallFlow/3_Output/MIXCR4.3.2/Output/pt2322-DX1BM-ALLBULK-DP/pt2322-DX1BM-ALLBULK-DP_Receptor.contigs.clns
Assembling contigs: 0%
============== AssembleContigs Report ==============
Analysis time: 191ms
Initial clonotype count: 5
Final clonotype count: 5 (100%)
Canceled assemblies: 0 (0%)
Number of premature termination assembly events, percent of number of initial clonotypes: 0.0 (0%)
Longest contig length: 777
Clustered variants: 0 (0%)
Reads in clustered variants: 0.0 (0%)
Reads in divided (newly created) clones: 0.0 (0%)
Clones with ambiguous letters in splitting region: 0 (0%)
Reads in clones with ambiguous letters in splitting region: 0.0 (0%)
Average number of ambiguous letters per clone with ambiguous letters in splitting region: NaN
====================
Running:
mixcr exportClones /hpc/pmc_vanboxtel/projects/TallFlow/3_Output/MIXCR4.3.2/Output/pt2322-DX1BM-ALLBULK-DP/pt2322-DX1BM-ALLBULK-DP_Receptor.contigs.clns /hpc/pmc_vanboxtel/projects/TallFlow/3_Output/MIXCR4.3.2/Output/pt2322-DX1BM-ALLBULK-DP/pt2322-DX1BM-ALLBULK-DP_Receptor.clones.tsv
Exporting TRB
Exporting clones: 0%
WARNING: Filtered 2 of 5 clones (60%).
WARNING: Filtered 26.0 of 59.0 reads (55.93%).
Exporting TRAD
Exporting clones: 0%
WARNING: Filtered 2 of 5 clones (60%).
WARNING: Filtered 12.0 of 59.0 reads (79.66%).
Exporting TRG
Exporting clones: 0%
WARNING: Filtered 1 of 5 clones (80%).
WARNING: Filtered 21.0 of 59.0 reads (64.41%).
Analysis finished successfully.
IMPORTANT: MiXCR will use at most 9262MB of RAM,
           use -Xmx to change automatically set heap size (i.e. -Xmx50g to set heap size to 50 Gb)
IMPORTANT: MiXCR will use at most 8307MB of RAM,
           use -Xmx to change automatically set heap size (i.e. -Xmx50g to set heap size to 50 Gb)
IMPORTANT: MiXCR will use at most 7383MB of RAM,
           use -Xmx to change automatically set heap size (i.e. -Xmx50g to set heap size to 50 Gb)
