INFO	2023-05-03 17:11:26	SamToFastq	

********** NOTE: Picard's command line syntax is changing.
**********
********** For more information, please see:
********** https://github.com/broadinstitute/picard/wiki/Command-Line-Syntax-Transition-For-Users-(Pre-Transition)
**********
********** The command line looks like this in the new syntax:
**********
**********    SamToFastq -INPUT /hpc/pmc_vanboxtel/projects/TallFlow/3_Output/MIXCR4.3.2/input/bam/pt2322-DX1BM-ALLBULK-DN_dedup.bam -OUTPUT_DIR /hpc/pmc_vanboxtel/projects/TallFlow/3_Output/MIXCR4.3.2/input/fastq -RG_TAG ID -OUTPUT_PER_RG true
**********


17:11:26.607 INFO  NativeLibraryLoader - Loading libgkl_compression.so from jar:file:/hpc/local/CentOS7/pmc_vanboxtel/bin/picard-2.24.1/picard.jar!/com/intel/gkl/native/libgkl_compression.so
[Wed May 03 17:11:26 CEST 2023] SamToFastq INPUT=/hpc/pmc_vanboxtel/projects/TallFlow/3_Output/MIXCR4.3.2/input/bam/pt2322-DX1BM-ALLBULK-DN_dedup.bam OUTPUT_PER_RG=true RG_TAG=ID OUTPUT_DIR=/hpc/pmc_vanboxtel/projects/TallFlow/3_Output/MIXCR4.3.2/input/fastq    COMPRESS_OUTPUTS_PER_RG=false RE_REVERSE=true INTERLEAVE=false INCLUDE_NON_PF_READS=false CLIPPING_MIN_LENGTH=0 READ1_TRIM=0 READ2_TRIM=0 INCLUDE_NON_PRIMARY_ALIGNMENTS=false VERBOSITY=INFO QUIET=false VALIDATION_STRINGENCY=STRICT COMPRESSION_LEVEL=5 MAX_RECORDS_IN_RAM=500000 CREATE_INDEX=false CREATE_MD5_FILE=false GA4GH_CLIENT_SECRETS=client_secrets.json USE_JDK_DEFLATER=false USE_JDK_INFLATER=false
[Wed May 03 17:11:26 CEST 2023] Executing as rhagelaar@n0071.compute.hpc on Linux 3.10.0-1160.88.1.el7.x86_64 amd64; Java HotSpot(TM) 64-Bit Server VM 1.8.0_60-b27; Deflater: Intel; Inflater: Intel; Provider GCS is not available; Picard version: 2.24.1
INFO	2023-05-03 17:11:39	SamToFastq	Processed     1,000,000 records.  Elapsed time: 00:00:12s.  Time for last 1,000,000:   12s.  Last read position: 7:38,379,281
INFO	2023-05-03 17:11:50	SamToFastq	Processed     2,000,000 records.  Elapsed time: 00:00:24s.  Time for last 1,000,000:   11s.  Last read position: 14:22,892,308
INFO	2023-05-03 17:12:01	SamToFastq	Processed     3,000,000 records.  Elapsed time: 00:00:34s.  Time for last 1,000,000:   10s.  Last read position: 22:23,188,744
[Wed May 03 17:12:03 CEST 2023] picard.sam.SamToFastq done. Elapsed time: 0.62 minutes.
Runtime.totalMemory()=10122952704
To get help, see http://broadinstitute.github.io/picard/index.html#GettingHelp
Exception in thread "main" htsjdk.samtools.SAMFormatException: SAM validation error: ERROR::MATE_NOT_FOUND:Found 73533 unpaired mates
	at htsjdk.samtools.SAMUtils.processValidationError(SAMUtils.java:469)
	at picard.sam.SamToFastq.doWork(SamToFastq.java:225)
	at picard.cmdline.CommandLineProgram.instanceMain(CommandLineProgram.java:304)
	at picard.cmdline.PicardCommandLine.instanceMain(PicardCommandLine.java:103)
	at picard.cmdline.PicardCommandLine.main(PicardCommandLine.java:113)
/hpc/pmc_vanboxtel/projects/TallFlow/2_Code/MIXCR/
IMPORTANT: MiXCR will use at most 12000MB of RAM,
           use -Xmx to change automatically set heap size (i.e. -Xmx50g to set heap size to 50 Gb)
====================
Running:
mixcr align --report /hpc/pmc_vanboxtel/projects/TallFlow/3_Output/MIXCR4.3.2/Output/pt2322-DX1BM-ALLBULK-DN/pt2322-DX1BM-ALLBULK-DN_Receptor.align.report.txt --json-report /hpc/pmc_vanboxtel/projects/TallFlow/3_Output/MIXCR4.3.2/Output/pt2322-DX1BM-ALLBULK-DN/pt2322-DX1BM-ALLBULK-DN_Receptor.align.report.json --preset rnaseq-full-length --dna --species hsa /hpc/pmc_vanboxtel/projects/TallFlow/3_Output/MIXCR4.3.2/input/fastq/Merged/pt2322-DX1BM-ALLBULK-DN_R1.fastq /hpc/pmc_vanboxtel/projects/TallFlow/3_Output/MIXCR4.3.2/input/fastq/Merged/pt2322-DX1BM-ALLBULK-DN_R2.fastq /hpc/pmc_vanboxtel/projects/TallFlow/3_Output/MIXCR4.3.2/Output/pt2322-DX1BM-ALLBULK-DN/pt2322-DX1BM-ALLBULK-DN_Receptor.vdjca
Alignment: 0%
Alignment: 10.5%  ETA: 00:09:54
Alignment: 21%  ETA: 00:08:40
Alignment: 31.5%  ETA: 00:07:10
Alignment: 42%  ETA: 00:05:54
Alignment: 52.5%  ETA: 00:05:12
Alignment: 63%  ETA: 00:03:35
Alignment: 73.5%  ETA: 00:02:51
Alignment: 84%  ETA: 00:01:36
Alignment: 94.5%  ETA: 00:00:34
============== Align Report ==============
Analysis time: 10.7m
Total sequencing reads: 1490664
Successfully aligned reads: 16735 (1.12%)
Alignment failed: no hits (not TCR/IG?): 1205954 (80.9%)
Alignment failed: no CDR3 parts: 149546 (10.03%)
Alignment failed: low total score: 118429 (7.94%)
Overlapped: 141196 (9.47%)
Overlapped and aligned: 348 (0.02%)
Overlapped and not aligned: 140848 (9.45%)
Alignment-aided overlaps, percent of overlapped and aligned: 9 (2.59%)
No CDR3 parts alignments, percent of successfully aligned: 1974 (11.8%)
Partial aligned reads, percent of successfully aligned: 14679 (87.71%)
V gene chimeras: 250 (0.02%)
J gene chimeras: 224 (0.02%)
Paired-end alignment conflicts eliminated: 51 (0%)
Realigned with forced non-floating bound: 2698954 (181.06%)
Realigned with forced non-floating right bound in left read: 6098 (0.41%)
Realigned with forced non-floating left bound in right read: 6098 (0.41%)
TRA chains: 2174 (12.99%)
TRA non-functional: 0 (0%)
TRB chains: 1816 (10.85%)
TRB non-functional: 2 (0.11%)
TRD chains: 133 (0.79%)
TRD non-functional: 20 (15.04%)
TRG chains: 260 (1.55%)
TRG non-functional: 2 (0.77%)
TRAD chains: 1227 (7.33%)
TRAD non-functional: 0 (0%)
IGH chains: 4450 (26.59%)
IGH non-functional: 0 (0%)
IGK chains: 3353 (20.04%)
IGK non-functional: 1 (0.03%)
IGL chains: 3322 (19.85%)
IGL non-functional: 0 (0%)
Trimming report:
  R1 reads trimmed left: 1618 (0.11%)
  R1 reads trimmed right: 7 (0%)
  Average R1 nucleotides trimmed left: 0.003112706820584652
  Average R1 nucleotides trimmed right: 1.1203061186155968E-4
  R2 reads trimmed left: 79 (0.01%)
  R2 reads trimmed right: 1 (0%)
  Average R2 nucleotides trimmed left: 1.643562868627672E-4
  Average R2 nucleotides trimmed right: 6.708419871949682E-7
====================
Running:
mixcr assemblePartial --report /hpc/pmc_vanboxtel/projects/TallFlow/3_Output/MIXCR4.3.2/Output/pt2322-DX1BM-ALLBULK-DN/pt2322-DX1BM-ALLBULK-DN_Receptor.assemblePartial.report.txt --json-report /hpc/pmc_vanboxtel/projects/TallFlow/3_Output/MIXCR4.3.2/Output/pt2322-DX1BM-ALLBULK-DN/pt2322-DX1BM-ALLBULK-DN_Receptor.assemblePartial.report.json /hpc/pmc_vanboxtel/projects/TallFlow/3_Output/MIXCR4.3.2/Output/pt2322-DX1BM-ALLBULK-DN/pt2322-DX1BM-ALLBULK-DN_Receptor.vdjca /hpc/pmc_vanboxtel/projects/TallFlow/3_Output/MIXCR4.3.2/Output/pt2322-DX1BM-ALLBULK-DN/pt2322-DX1BM-ALLBULK-DN_Receptor.passembled.1.vdjca
Building index: 0.2%
Searching for overlaps: 0%
Searching for overlaps: 72.4%  ETA: 00:00:00
============== AssemblePartial Report ==============
Analysis time: 2.01s
Total alignments analysed: 16734
Number of output alignments: 16731 (99.98%)
Alignments already with CDR3 (no overlapping is performed): 88 (0.53%)
Successfully overlapped alignments: 3 (0.02%)
Left parts with too small N-region (failed to extract k-mer): 1990 (11.89%)
Extracted k-mer diversity: 42915
Dropped due to wildcard in k-mer: 0 (0%)
Dropped due to too short NRegion parts in overlap: 7 (0.04%)
Dropped overlaps with empty N region due to no complete NDN coverage: 0 (0%)
Number of left-side alignments: 10151 (60.66%)
Number of right-side alignments: 4025 (24.05%)
Complex overlaps: 0 (0%)
Over-overlaps: 14 (0.08%)
Partial alignments written to output: 16640 (99.44%)
====================
Running:
mixcr assemblePartial --report /hpc/pmc_vanboxtel/projects/TallFlow/3_Output/MIXCR4.3.2/Output/pt2322-DX1BM-ALLBULK-DN/pt2322-DX1BM-ALLBULK-DN_Receptor.assemblePartial.report.txt --json-report /hpc/pmc_vanboxtel/projects/TallFlow/3_Output/MIXCR4.3.2/Output/pt2322-DX1BM-ALLBULK-DN/pt2322-DX1BM-ALLBULK-DN_Receptor.assemblePartial.report.json /hpc/pmc_vanboxtel/projects/TallFlow/3_Output/MIXCR4.3.2/Output/pt2322-DX1BM-ALLBULK-DN/pt2322-DX1BM-ALLBULK-DN_Receptor.passembled.1.vdjca /hpc/pmc_vanboxtel/projects/TallFlow/3_Output/MIXCR4.3.2/Output/pt2322-DX1BM-ALLBULK-DN/pt2322-DX1BM-ALLBULK-DN_Receptor.passembled.2.vdjca
Building index: 0%
Searching for overlaps: 0%
Searching for overlaps: 17.9%  ETA: 00:00:04
Searching for overlaps: 30.5%  ETA: 00:00:05
============== AssemblePartial Report ==============
Analysis time: 2.73s
Total alignments analysed: 16731
Number of output alignments: 16731 (100%)
Alignments already with CDR3 (no overlapping is performed): 91 (0.54%)
Successfully overlapped alignments: 0 (0%)
Left parts with too small N-region (failed to extract k-mer): 1990 (11.89%)
Extracted k-mer diversity: 42889
Dropped due to wildcard in k-mer: 0 (0%)
Dropped due to too short NRegion parts in overlap: 5 (0.03%)
Dropped overlaps with empty N region due to no complete NDN coverage: 0 (0%)
Number of left-side alignments: 10148 (60.65%)
Number of right-side alignments: 4022 (24.04%)
Complex overlaps: 0 (0%)
Over-overlaps: 14 (0.08%)
Partial alignments written to output: 16640 (99.46%)
====================
Running:
mixcr extend --report /hpc/pmc_vanboxtel/projects/TallFlow/3_Output/MIXCR4.3.2/Output/pt2322-DX1BM-ALLBULK-DN/pt2322-DX1BM-ALLBULK-DN_Receptor.extend.report.txt --json-report /hpc/pmc_vanboxtel/projects/TallFlow/3_Output/MIXCR4.3.2/Output/pt2322-DX1BM-ALLBULK-DN/pt2322-DX1BM-ALLBULK-DN_Receptor.extend.report.json /hpc/pmc_vanboxtel/projects/TallFlow/3_Output/MIXCR4.3.2/Output/pt2322-DX1BM-ALLBULK-DN/pt2322-DX1BM-ALLBULK-DN_Receptor.passembled.2.vdjca /hpc/pmc_vanboxtel/projects/TallFlow/3_Output/MIXCR4.3.2/Output/pt2322-DX1BM-ALLBULK-DN/pt2322-DX1BM-ALLBULK-DN_Receptor.extended.vdjca
Extending alignments: 0%
============== Extend Report ==============
Analysis time: 502ms
Extended alignments count: 6 (0.04%)
V extensions total: 1 (0.01%)
V extensions with merged targets: 0 (0%)
J extensions total: 5 (0.03%)
J extensions with merged targets: 0 (0%)
V+J extensions: 0 (0%)
Mean V extension length: 2.0
Mean J extension length: 3.6
====================
Running:
mixcr assemble --report /hpc/pmc_vanboxtel/projects/TallFlow/3_Output/MIXCR4.3.2/Output/pt2322-DX1BM-ALLBULK-DN/pt2322-DX1BM-ALLBULK-DN_Receptor.assemble.report.txt --json-report /hpc/pmc_vanboxtel/projects/TallFlow/3_Output/MIXCR4.3.2/Output/pt2322-DX1BM-ALLBULK-DN/pt2322-DX1BM-ALLBULK-DN_Receptor.assemble.report.json /hpc/pmc_vanboxtel/projects/TallFlow/3_Output/MIXCR4.3.2/Output/pt2322-DX1BM-ALLBULK-DN/pt2322-DX1BM-ALLBULK-DN_Receptor.extended.vdjca /hpc/pmc_vanboxtel/projects/TallFlow/3_Output/MIXCR4.3.2/Output/pt2322-DX1BM-ALLBULK-DN/pt2322-DX1BM-ALLBULK-DN_Receptor.clna
Initialization: progress unknown
Initialization: progress unknown
============== Assemble Report ==============
Analysis time: 792ms
Final clonotype count: 7
Reads used in clonotypes, percent of total: 88 (0.01%)
Average number of reads per clonotype: 12.57
Reads dropped due to the lack of a clone sequence, percent of total: 16640 (1.12%)
Reads dropped due to a too short clonal sequence, percent of total: 0 (0%)
Reads dropped due to low quality, percent of total: 0 (0%)
Reads dropped due to failed mapping, percent of total: 5 (0%)
Reads dropped with low quality clones, percent of total: 0 (0%)
Reads used in clonotypes before clustering, percent of total: 89 (0.01%)
Number of reads used as a core, percent of used: 84 (94.38%)
Mapped low quality reads, percent of used: 5 (5.62%)
Reads clustered in PCR error correction, percent of used: 1 (1.12%)
Reads pre-clustered due to the similar VJC-lists, percent of used: 0 (0%)
Clonotypes dropped as low quality: 0
Clonotypes eliminated by PCR error correction: 1
Clonotypes pre-clustered due to the similar VJC-lists: 0
Clones dropped in post filtering: 0 (0%)
Reads dropped in post filtering: 0.0 (0%)
Alignments filtered by tag prefix: 0 (0%)
TRB chains: 2 (28.57%)
TRB non-functional: 0 (0%)
TRD chains: 2 (28.57%)
TRD non-functional: 1 (50%)
TRG chains: 3 (42.86%)
TRG non-functional: 1 (33.33%)
====================
Running:
mixcr assembleContigs --report /hpc/pmc_vanboxtel/projects/TallFlow/3_Output/MIXCR4.3.2/Output/pt2322-DX1BM-ALLBULK-DN/pt2322-DX1BM-ALLBULK-DN_Receptor.assembleContigs.report.txt --json-report /hpc/pmc_vanboxtel/projects/TallFlow/3_Output/MIXCR4.3.2/Output/pt2322-DX1BM-ALLBULK-DN/pt2322-DX1BM-ALLBULK-DN_Receptor.assembleContigs.report.json /hpc/pmc_vanboxtel/projects/TallFlow/3_Output/MIXCR4.3.2/Output/pt2322-DX1BM-ALLBULK-DN/pt2322-DX1BM-ALLBULK-DN_Receptor.clna /hpc/pmc_vanboxtel/projects/TallFlow/3_Output/MIXCR4.3.2/Output/pt2322-DX1BM-ALLBULK-DN/pt2322-DX1BM-ALLBULK-DN_Receptor.contigs.clns
Assembling contigs: 0%
============== AssembleContigs Report ==============
Analysis time: 400ms
Initial clonotype count: 7
Final clonotype count: 7 (100%)
Canceled assemblies: 0 (0%)
Number of premature termination assembly events, percent of number of initial clonotypes: 0.0 (0%)
Longest contig length: 811
Clustered variants: 0 (0%)
Reads in clustered variants: 0.0 (0%)
Reads in divided (newly created) clones: 0.0 (0%)
Clones with ambiguous letters in splitting region: 0 (0%)
Reads in clones with ambiguous letters in splitting region: 0.0 (0%)
Average number of ambiguous letters per clone with ambiguous letters in splitting region: NaN
====================
Running:
mixcr exportClones /hpc/pmc_vanboxtel/projects/TallFlow/3_Output/MIXCR4.3.2/Output/pt2322-DX1BM-ALLBULK-DN/pt2322-DX1BM-ALLBULK-DN_Receptor.contigs.clns /hpc/pmc_vanboxtel/projects/TallFlow/3_Output/MIXCR4.3.2/Output/pt2322-DX1BM-ALLBULK-DN/pt2322-DX1BM-ALLBULK-DN_Receptor.clones.tsv
Exporting TRB
Exporting clones: 0%
WARNING: Filtered 2 of 7 clones (71.43%).
WARNING: Filtered 37.0 of 88.0 reads (57.95%).
Exporting TRAD
Exporting clones: 0%
WARNING: Filtered 2 of 7 clones (71.43%).
WARNING: Filtered 25.0 of 88.0 reads (71.59%).
Exporting TRG
Exporting clones: 0%
WARNING: Filtered 3 of 7 clones (57.14%).
WARNING: Filtered 26.0 of 88.0 reads (70.45%).
Analysis finished successfully.
IMPORTANT: MiXCR will use at most 12000MB of RAM,
           use -Xmx to change automatically set heap size (i.e. -Xmx50g to set heap size to 50 Gb)
IMPORTANT: MiXCR will use at most 12000MB of RAM,
           use -Xmx to change automatically set heap size (i.e. -Xmx50g to set heap size to 50 Gb)
IMPORTANT: MiXCR will use at most 12000MB of RAM,
           use -Xmx to change automatically set heap size (i.e. -Xmx50g to set heap size to 50 Gb)
