INFO	2023-05-03 17:12:47	SamToFastq	

********** NOTE: Picard's command line syntax is changing.
**********
********** For more information, please see:
********** https://github.com/broadinstitute/picard/wiki/Command-Line-Syntax-Transition-For-Users-(Pre-Transition)
**********
********** The command line looks like this in the new syntax:
**********
**********    SamToFastq -INPUT /hpc/pmc_vanboxtel/projects/TallFlow/3_Output/MIXCR4.3.2/input/bam/pt2322-DX1BM-TALL10_dedup.bam -OUTPUT_DIR /hpc/pmc_vanboxtel/projects/TallFlow/3_Output/MIXCR4.3.2/input/fastq -RG_TAG ID -OUTPUT_PER_RG true
**********


17:12:49.379 INFO  NativeLibraryLoader - Loading libgkl_compression.so from jar:file:/hpc/local/CentOS7/pmc_vanboxtel/bin/picard-2.24.1/picard.jar!/com/intel/gkl/native/libgkl_compression.so
[Wed May 03 17:12:49 CEST 2023] SamToFastq INPUT=/hpc/pmc_vanboxtel/projects/TallFlow/3_Output/MIXCR4.3.2/input/bam/pt2322-DX1BM-TALL10_dedup.bam OUTPUT_PER_RG=true RG_TAG=ID OUTPUT_DIR=/hpc/pmc_vanboxtel/projects/TallFlow/3_Output/MIXCR4.3.2/input/fastq    COMPRESS_OUTPUTS_PER_RG=false RE_REVERSE=true INTERLEAVE=false INCLUDE_NON_PF_READS=false CLIPPING_MIN_LENGTH=0 READ1_TRIM=0 READ2_TRIM=0 INCLUDE_NON_PRIMARY_ALIGNMENTS=false VERBOSITY=INFO QUIET=false VALIDATION_STRINGENCY=STRICT COMPRESSION_LEVEL=5 MAX_RECORDS_IN_RAM=500000 CREATE_INDEX=false CREATE_MD5_FILE=false GA4GH_CLIENT_SECRETS=client_secrets.json USE_JDK_DEFLATER=false USE_JDK_INFLATER=false
[Wed May 03 17:12:49 CEST 2023] Executing as rhagelaar@n0073.compute.hpc on Linux 3.10.0-1160.83.1.el7.x86_64 amd64; Java HotSpot(TM) 64-Bit Server VM 1.8.0_60-b27; Deflater: Intel; Inflater: Intel; Provider GCS is not available; Picard version: 2.24.1
INFO	2023-05-03 17:13:00	SamToFastq	Processed     1,000,000 records.  Elapsed time: 00:00:10s.  Time for last 1,000,000:   10s.  Last read position: 14:105,751,850
[Wed May 03 17:13:08 CEST 2023] picard.sam.SamToFastq done. Elapsed time: 0.31 minutes.
Runtime.totalMemory()=3633315840
To get help, see http://broadinstitute.github.io/picard/index.html#GettingHelp
Exception in thread "main" htsjdk.samtools.SAMFormatException: SAM validation error: ERROR::MATE_NOT_FOUND:Found 27628 unpaired mates
	at htsjdk.samtools.SAMUtils.processValidationError(SAMUtils.java:469)
	at picard.sam.SamToFastq.doWork(SamToFastq.java:225)
	at picard.cmdline.CommandLineProgram.instanceMain(CommandLineProgram.java:304)
	at picard.cmdline.PicardCommandLine.instanceMain(PicardCommandLine.java:103)
	at picard.cmdline.PicardCommandLine.main(PicardCommandLine.java:113)
/hpc/pmc_vanboxtel/projects/TallFlow/2_Code/MIXCR/
IMPORTANT: MiXCR will use at most 2643MB of RAM,
           use -Xmx to change automatically set heap size (i.e. -Xmx50g to set heap size to 50 Gb)
====================
Running:
mixcr align --report /hpc/pmc_vanboxtel/projects/TallFlow/3_Output/MIXCR4.3.2/Output/pt2322-DX1BM-TALL10/pt2322-DX1BM-TALL10_Receptor.align.report.txt --json-report /hpc/pmc_vanboxtel/projects/TallFlow/3_Output/MIXCR4.3.2/Output/pt2322-DX1BM-TALL10/pt2322-DX1BM-TALL10_Receptor.align.report.json --preset rnaseq-full-length --dna --species hsa /hpc/pmc_vanboxtel/projects/TallFlow/3_Output/MIXCR4.3.2/input/fastq/Merged/pt2322-DX1BM-TALL10_R1.fastq /hpc/pmc_vanboxtel/projects/TallFlow/3_Output/MIXCR4.3.2/input/fastq/Merged/pt2322-DX1BM-TALL10_R2.fastq /hpc/pmc_vanboxtel/projects/TallFlow/3_Output/MIXCR4.3.2/Output/pt2322-DX1BM-TALL10/pt2322-DX1BM-TALL10_Receptor.vdjca
Alignment: 0%
Alignment: 10.3%  ETA: 00:04:45
Alignment: 20.5%  ETA: 00:04:23
Alignment: 30.8%  ETA: 00:03:51
Alignment: 41%  ETA: 00:03:04
Alignment: 51.3%  ETA: 00:02:41
Alignment: 61.5%  ETA: 00:02:06
Alignment: 71.8%  ETA: 00:01:30
Alignment: 82.1%  ETA: 00:00:56
Alignment: 92.3%  ETA: 00:00:23
============== Align Report ==============
Analysis time: 5.53m
Total sequencing reads: 704054
Successfully aligned reads: 9510 (1.35%)
Alignment failed: no hits (not TCR/IG?): 576241 (81.85%)
Alignment failed: no CDR3 parts: 67581 (9.6%)
Alignment failed: low total score: 50722 (7.2%)
Overlapped: 50328 (7.15%)
Overlapped and aligned: 206 (0.03%)
Overlapped and not aligned: 50122 (7.12%)
Alignment-aided overlaps, percent of overlapped and aligned: 3 (1.46%)
No CDR3 parts alignments, percent of successfully aligned: 1399 (14.71%)
Partial aligned reads, percent of successfully aligned: 8087 (85.04%)
V gene chimeras: 210 (0.03%)
J gene chimeras: 42 (0.01%)
Paired-end alignment conflicts eliminated: 18 (0%)
Realigned with forced non-floating bound: 1307458 (185.7%)
Realigned with forced non-floating right bound in left read: 2108 (0.3%)
Realigned with forced non-floating left bound in right read: 2108 (0.3%)
TRA chains: 228 (2.4%)
TRA non-functional: 0 (0%)
TRB chains: 1424 (14.97%)
TRB non-functional: 0 (0%)
TRD chains: 4 (0.04%)
TRD non-functional: 0 (0%)
TRG chains: 159 (1.67%)
TRG non-functional: 0 (0%)
TRAD chains: 370 (3.89%)
TRAD non-functional: 0 (0%)
IGH chains: 3120 (32.81%)
IGH non-functional: 0 (0%)
IGK chains: 2001 (21.04%)
IGK non-functional: 0 (0%)
IGL chains: 2204 (23.18%)
IGL non-functional: 0 (0%)
Trimming report:
  R1 reads trimmed left: 797 (0.11%)
  R1 reads trimmed right: 9 (0%)
  Average R1 nucleotides trimmed left: 0.002282495376775077
  Average R1 nucleotides trimmed right: 2.1873322216761783E-4
  R2 reads trimmed left: 260 (0.04%)
  R2 reads trimmed right: 8 (0%)
  Average R2 nucleotides trimmed left: 4.1332056916088824E-4
  Average R2 nucleotides trimmed right: 4.1900195155485234E-4
====================
Running:
mixcr assemblePartial --report /hpc/pmc_vanboxtel/projects/TallFlow/3_Output/MIXCR4.3.2/Output/pt2322-DX1BM-TALL10/pt2322-DX1BM-TALL10_Receptor.assemblePartial.report.txt --json-report /hpc/pmc_vanboxtel/projects/TallFlow/3_Output/MIXCR4.3.2/Output/pt2322-DX1BM-TALL10/pt2322-DX1BM-TALL10_Receptor.assemblePartial.report.json /hpc/pmc_vanboxtel/projects/TallFlow/3_Output/MIXCR4.3.2/Output/pt2322-DX1BM-TALL10/pt2322-DX1BM-TALL10_Receptor.vdjca /hpc/pmc_vanboxtel/projects/TallFlow/3_Output/MIXCR4.3.2/Output/pt2322-DX1BM-TALL10/pt2322-DX1BM-TALL10_Receptor.passembled.1.vdjca
Building index: 10.8%
Searching for overlaps: 0%
============== AssemblePartial Report ==============
Analysis time: 1.51s
Total alignments analysed: 9510
Number of output alignments: 9509 (99.99%)
Alignments already with CDR3 (no overlapping is performed): 26 (0.27%)
Successfully overlapped alignments: 1 (0.01%)
Left parts with too small N-region (failed to extract k-mer): 1309 (13.76%)
Extracted k-mer diversity: 40003
Dropped due to wildcard in k-mer: 0 (0%)
Dropped due to too short NRegion parts in overlap: 3 (0.03%)
Dropped overlaps with empty N region due to no complete NDN coverage: 0 (0%)
Number of left-side alignments: 6488 (68.22%)
Number of right-side alignments: 1230 (12.93%)
Complex overlaps: 0 (0%)
Over-overlaps: 6 (0.06%)
Partial alignments written to output: 9482 (99.71%)
====================
Running:
mixcr assemblePartial --report /hpc/pmc_vanboxtel/projects/TallFlow/3_Output/MIXCR4.3.2/Output/pt2322-DX1BM-TALL10/pt2322-DX1BM-TALL10_Receptor.assemblePartial.report.txt --json-report /hpc/pmc_vanboxtel/projects/TallFlow/3_Output/MIXCR4.3.2/Output/pt2322-DX1BM-TALL10/pt2322-DX1BM-TALL10_Receptor.assemblePartial.report.json /hpc/pmc_vanboxtel/projects/TallFlow/3_Output/MIXCR4.3.2/Output/pt2322-DX1BM-TALL10/pt2322-DX1BM-TALL10_Receptor.passembled.1.vdjca /hpc/pmc_vanboxtel/projects/TallFlow/3_Output/MIXCR4.3.2/Output/pt2322-DX1BM-TALL10/pt2322-DX1BM-TALL10_Receptor.passembled.2.vdjca
Building index: 0.7%
Searching for overlaps: 0%
============== AssemblePartial Report ==============
Analysis time: 892ms
Total alignments analysed: 9509
Number of output alignments: 9509 (100%)
Alignments already with CDR3 (no overlapping is performed): 27 (0.28%)
Successfully overlapped alignments: 0 (0%)
Left parts with too small N-region (failed to extract k-mer): 1309 (13.77%)
Extracted k-mer diversity: 40003
Dropped due to wildcard in k-mer: 0 (0%)
Dropped due to too short NRegion parts in overlap: 3 (0.03%)
Dropped overlaps with empty N region due to no complete NDN coverage: 0 (0%)
Number of left-side alignments: 6487 (68.22%)
Number of right-side alignments: 1229 (12.92%)
Complex overlaps: 0 (0%)
Over-overlaps: 6 (0.06%)
Partial alignments written to output: 9482 (99.72%)
====================
Running:
mixcr extend --report /hpc/pmc_vanboxtel/projects/TallFlow/3_Output/MIXCR4.3.2/Output/pt2322-DX1BM-TALL10/pt2322-DX1BM-TALL10_Receptor.extend.report.txt --json-report /hpc/pmc_vanboxtel/projects/TallFlow/3_Output/MIXCR4.3.2/Output/pt2322-DX1BM-TALL10/pt2322-DX1BM-TALL10_Receptor.extend.report.json /hpc/pmc_vanboxtel/projects/TallFlow/3_Output/MIXCR4.3.2/Output/pt2322-DX1BM-TALL10/pt2322-DX1BM-TALL10_Receptor.passembled.2.vdjca /hpc/pmc_vanboxtel/projects/TallFlow/3_Output/MIXCR4.3.2/Output/pt2322-DX1BM-TALL10/pt2322-DX1BM-TALL10_Receptor.extended.vdjca
Extending alignments: 0%
============== Extend Report ==============
Analysis time: 385ms
Extended alignments count: 2 (0.02%)
V extensions total: 0 (0%)
V extensions with merged targets: 0 (0%)
J extensions total: 2 (0.02%)
J extensions with merged targets: 0 (0%)
V+J extensions: 0 (0%)
Mean V extension length: NaN
Mean J extension length: 3.5
====================
Running:
mixcr assemble --report /hpc/pmc_vanboxtel/projects/TallFlow/3_Output/MIXCR4.3.2/Output/pt2322-DX1BM-TALL10/pt2322-DX1BM-TALL10_Receptor.assemble.report.txt --json-report /hpc/pmc_vanboxtel/projects/TallFlow/3_Output/MIXCR4.3.2/Output/pt2322-DX1BM-TALL10/pt2322-DX1BM-TALL10_Receptor.assemble.report.json /hpc/pmc_vanboxtel/projects/TallFlow/3_Output/MIXCR4.3.2/Output/pt2322-DX1BM-TALL10/pt2322-DX1BM-TALL10_Receptor.extended.vdjca /hpc/pmc_vanboxtel/projects/TallFlow/3_Output/MIXCR4.3.2/Output/pt2322-DX1BM-TALL10/pt2322-DX1BM-TALL10_Receptor.clna
Initialization: progress unknown
Initialization: progress unknown
============== Assemble Report ==============
Analysis time: 562ms
Final clonotype count: 2
Reads used in clonotypes, percent of total: 26 (0%)
Average number of reads per clonotype: 13
Reads dropped due to the lack of a clone sequence, percent of total: 9482 (1.35%)
Reads dropped due to a too short clonal sequence, percent of total: 0 (0%)
Reads dropped due to low quality, percent of total: 0 (0%)
Reads dropped due to failed mapping, percent of total: 2 (0%)
Reads dropped with low quality clones, percent of total: 0 (0%)
Reads used in clonotypes before clustering, percent of total: 26 (0%)
Number of reads used as a core, percent of used: 26 (100%)
Mapped low quality reads, percent of used: 0 (0%)
Reads clustered in PCR error correction, percent of used: 0 (0%)
Reads pre-clustered due to the similar VJC-lists, percent of used: 0 (0%)
Clonotypes dropped as low quality: 0
Clonotypes eliminated by PCR error correction: 0
Clonotypes pre-clustered due to the similar VJC-lists: 0
Clones dropped in post filtering: 0 (0%)
Reads dropped in post filtering: 0.0 (0%)
Alignments filtered by tag prefix: 0 (0%)
TRB chains: 1 (50%)
TRB non-functional: 0 (0%)
TRG chains: 1 (50%)
TRG non-functional: 0 (0%)
====================
Running:
mixcr assembleContigs --report /hpc/pmc_vanboxtel/projects/TallFlow/3_Output/MIXCR4.3.2/Output/pt2322-DX1BM-TALL10/pt2322-DX1BM-TALL10_Receptor.assembleContigs.report.txt --json-report /hpc/pmc_vanboxtel/projects/TallFlow/3_Output/MIXCR4.3.2/Output/pt2322-DX1BM-TALL10/pt2322-DX1BM-TALL10_Receptor.assembleContigs.report.json /hpc/pmc_vanboxtel/projects/TallFlow/3_Output/MIXCR4.3.2/Output/pt2322-DX1BM-TALL10/pt2322-DX1BM-TALL10_Receptor.clna /hpc/pmc_vanboxtel/projects/TallFlow/3_Output/MIXCR4.3.2/Output/pt2322-DX1BM-TALL10/pt2322-DX1BM-TALL10_Receptor.contigs.clns
Assembling contigs: 0%
============== AssembleContigs Report ==============
Analysis time: 342ms
Initial clonotype count: 2
Final clonotype count: 2 (100%)
Canceled assemblies: 0 (0%)
Number of premature termination assembly events, percent of number of initial clonotypes: 0.0 (0%)
Longest contig length: 679
Clustered variants: 0 (0%)
Reads in clustered variants: 0.0 (0%)
Reads in divided (newly created) clones: 0.0 (0%)
Clones with ambiguous letters in splitting region: 0 (0%)
Reads in clones with ambiguous letters in splitting region: 0.0 (0%)
Average number of ambiguous letters per clone with ambiguous letters in splitting region: NaN
====================
Running:
mixcr exportClones /hpc/pmc_vanboxtel/projects/TallFlow/3_Output/MIXCR4.3.2/Output/pt2322-DX1BM-TALL10/pt2322-DX1BM-TALL10_Receptor.contigs.clns /hpc/pmc_vanboxtel/projects/TallFlow/3_Output/MIXCR4.3.2/Output/pt2322-DX1BM-TALL10/pt2322-DX1BM-TALL10_Receptor.clones.tsv
Exporting TRB
Exporting clones: 0%
WARNING: Filtered 1 of 2 clones (50%).
WARNING: Filtered 16.0 of 26.0 reads (38.46%).
Exporting TRG
Exporting clones: 0%
WARNING: Filtered 1 of 2 clones (50%).
WARNING: Filtered 10.0 of 26.0 reads (61.54%).
Analysis finished successfully.
IMPORTANT: MiXCR will use at most 4579MB of RAM,
           use -Xmx to change automatically set heap size (i.e. -Xmx50g to set heap size to 50 Gb)
IMPORTANT: MiXCR will use at most 4502MB of RAM,
           use -Xmx to change automatically set heap size (i.e. -Xmx50g to set heap size to 50 Gb)
IMPORTANT: MiXCR will use at most 4221MB of RAM,
           use -Xmx to change automatically set heap size (i.e. -Xmx50g to set heap size to 50 Gb)
