INFO	2023-05-03 17:19:28	SamToFastq	

********** NOTE: Picard's command line syntax is changing.
**********
********** For more information, please see:
********** https://github.com/broadinstitute/picard/wiki/Command-Line-Syntax-Transition-For-Users-(Pre-Transition)
**********
********** The command line looks like this in the new syntax:
**********
**********    SamToFastq -INPUT /hpc/pmc_vanboxtel/projects/TallFlow/3_Output/MIXCR4.3.2/input/bam/pt2229-DX1BM-TALL1_dedup.bam -OUTPUT_DIR /hpc/pmc_vanboxtel/projects/TallFlow/3_Output/MIXCR4.3.2/input/fastq -RG_TAG ID -OUTPUT_PER_RG true
**********


17:19:28.521 INFO  NativeLibraryLoader - Loading libgkl_compression.so from jar:file:/hpc/local/CentOS7/pmc_vanboxtel/bin/picard-2.24.1/picard.jar!/com/intel/gkl/native/libgkl_compression.so
[Wed May 03 17:19:28 CEST 2023] SamToFastq INPUT=/hpc/pmc_vanboxtel/projects/TallFlow/3_Output/MIXCR4.3.2/input/bam/pt2229-DX1BM-TALL1_dedup.bam OUTPUT_PER_RG=true RG_TAG=ID OUTPUT_DIR=/hpc/pmc_vanboxtel/projects/TallFlow/3_Output/MIXCR4.3.2/input/fastq    COMPRESS_OUTPUTS_PER_RG=false RE_REVERSE=true INTERLEAVE=false INCLUDE_NON_PF_READS=false CLIPPING_MIN_LENGTH=0 READ1_TRIM=0 READ2_TRIM=0 INCLUDE_NON_PRIMARY_ALIGNMENTS=false VERBOSITY=INFO QUIET=false VALIDATION_STRINGENCY=STRICT COMPRESSION_LEVEL=5 MAX_RECORDS_IN_RAM=500000 CREATE_INDEX=false CREATE_MD5_FILE=false GA4GH_CLIENT_SECRETS=client_secrets.json USE_JDK_DEFLATER=false USE_JDK_INFLATER=false
[Wed May 03 17:19:28 CEST 2023] Executing as rhagelaar@n0095.compute.hpc on Linux 3.10.0-1160.83.1.el7.x86_64 amd64; Java HotSpot(TM) 64-Bit Server VM 1.8.0_60-b27; Deflater: Intel; Inflater: Intel; Provider GCS is not available; Picard version: 2.24.1
INFO	2023-05-03 17:19:38	SamToFastq	Processed     1,000,000 records.  Elapsed time: 00:00:09s.  Time for last 1,000,000:    9s.  Last read position: 14:105,806,717
[Wed May 03 17:19:44 CEST 2023] picard.sam.SamToFastq done. Elapsed time: 0.26 minutes.
Runtime.totalMemory()=5785518080
To get help, see http://broadinstitute.github.io/picard/index.html#GettingHelp
Exception in thread "main" htsjdk.samtools.SAMFormatException: SAM validation error: ERROR::MATE_NOT_FOUND:Found 29772 unpaired mates
	at htsjdk.samtools.SAMUtils.processValidationError(SAMUtils.java:469)
	at picard.sam.SamToFastq.doWork(SamToFastq.java:225)
	at picard.cmdline.CommandLineProgram.instanceMain(CommandLineProgram.java:304)
	at picard.cmdline.PicardCommandLine.instanceMain(PicardCommandLine.java:103)
	at picard.cmdline.PicardCommandLine.main(PicardCommandLine.java:113)
/hpc/pmc_vanboxtel/projects/TallFlow/2_Code/MIXCR/
IMPORTANT: MiXCR will use at most 12000MB of RAM,
           use -Xmx to change automatically set heap size (i.e. -Xmx50g to set heap size to 50 Gb)
====================
Running:
mixcr align --report /hpc/pmc_vanboxtel/projects/TallFlow/3_Output/MIXCR4.3.2/Output/pt2229-DX1BM-TALL1/pt2229-DX1BM-TALL1_Receptor.align.report.txt --json-report /hpc/pmc_vanboxtel/projects/TallFlow/3_Output/MIXCR4.3.2/Output/pt2229-DX1BM-TALL1/pt2229-DX1BM-TALL1_Receptor.align.report.json --preset rnaseq-full-length --dna --species hsa /hpc/pmc_vanboxtel/projects/TallFlow/3_Output/MIXCR4.3.2/input/fastq/Merged/pt2229-DX1BM-TALL1_R1.fastq /hpc/pmc_vanboxtel/projects/TallFlow/3_Output/MIXCR4.3.2/input/fastq/Merged/pt2229-DX1BM-TALL1_R2.fastq /hpc/pmc_vanboxtel/projects/TallFlow/3_Output/MIXCR4.3.2/Output/pt2229-DX1BM-TALL1/pt2229-DX1BM-TALL1_Receptor.vdjca
Alignment: 0%
Alignment: 11.6%  ETA: 00:03:49
Alignment: 23.3%  ETA: 00:03:17
Alignment: 34.9%  ETA: 00:03:00
Alignment: 46.6%  ETA: 00:02:17
Alignment: 58.2%  ETA: 00:01:58
Alignment: 69.9%  ETA: 00:01:15
Alignment: 81.5%  ETA: 00:00:50
Alignment: 93.1%  ETA: 00:00:17
============== Align Report ==============
Analysis time: 4.53m
Total sequencing reads: 723682
Successfully aligned reads: 9178 (1.27%)
Alignment failed: no hits (not TCR/IG?): 595377 (82.27%)
Alignment failed: no CDR3 parts: 66446 (9.18%)
Alignment failed: low total score: 52681 (7.28%)
Overlapped: 105837 (14.62%)
Overlapped and aligned: 267 (0.04%)
Overlapped and not aligned: 105570 (14.59%)
Alignment-aided overlaps, percent of overlapped and aligned: 4 (1.5%)
No CDR3 parts alignments, percent of successfully aligned: 2019 (22%)
Partial aligned reads, percent of successfully aligned: 7157 (77.98%)
V gene chimeras: 182 (0.03%)
J gene chimeras: 38 (0.01%)
Paired-end alignment conflicts eliminated: 22 (0%)
Realigned with forced non-floating bound: 1235698 (170.75%)
Realigned with forced non-floating right bound in left read: 2496 (0.34%)
Realigned with forced non-floating left bound in right read: 2496 (0.34%)
TRA chains: 3 (0.03%)
TRA non-functional: 0 (0%)
TRB chains: 4 (0.04%)
TRB non-functional: 0 (0%)
TRG chains: 9 (0.1%)
TRG non-functional: 2 (22.22%)
TRAD chains: 46 (0.5%)
TRAD non-functional: 0 (0%)
IGH chains: 4411 (48.06%)
IGH non-functional: 0 (0%)
IGK chains: 2516 (27.41%)
IGK non-functional: 0 (0%)
IGL chains: 2189 (23.85%)
IGL non-functional: 0 (0%)
Trimming report:
  R1 reads trimmed left: 821 (0.11%)
  R1 reads trimmed right: 6 (0%)
  Average R1 nucleotides trimmed left: 0.0022578978059423892
  Average R1 nucleotides trimmed right: 8.981845617273885E-5
  R2 reads trimmed left: 266 (0.04%)
  R2 reads trimmed right: 5 (0%)
  Average R2 nucleotides trimmed left: 5.002197097620226E-4
  Average R2 nucleotides trimmed right: 3.703284039122156E-4
====================
Running:
mixcr assemblePartial --report /hpc/pmc_vanboxtel/projects/TallFlow/3_Output/MIXCR4.3.2/Output/pt2229-DX1BM-TALL1/pt2229-DX1BM-TALL1_Receptor.assemblePartial.report.txt --json-report /hpc/pmc_vanboxtel/projects/TallFlow/3_Output/MIXCR4.3.2/Output/pt2229-DX1BM-TALL1/pt2229-DX1BM-TALL1_Receptor.assemblePartial.report.json /hpc/pmc_vanboxtel/projects/TallFlow/3_Output/MIXCR4.3.2/Output/pt2229-DX1BM-TALL1/pt2229-DX1BM-TALL1_Receptor.vdjca /hpc/pmc_vanboxtel/projects/TallFlow/3_Output/MIXCR4.3.2/Output/pt2229-DX1BM-TALL1/pt2229-DX1BM-TALL1_Receptor.passembled.1.vdjca
Building index: 0%
Searching for overlaps: 0%
Searching for overlaps: 79.8%  ETA: 00:00:00
============== AssemblePartial Report ==============
Analysis time: 1.82s
Total alignments analysed: 9175
Number of output alignments: 9175 (100%)
Alignments already with CDR3 (no overlapping is performed): 2 (0.02%)
Successfully overlapped alignments: 0 (0%)
Left parts with too small N-region (failed to extract k-mer): 1252 (13.65%)
Extracted k-mer diversity: 33036
Dropped due to wildcard in k-mer: 0 (0%)
Dropped due to too short NRegion parts in overlap: 1 (0.01%)
Dropped overlaps with empty N region due to no complete NDN coverage: 0 (0%)
Number of left-side alignments: 6035 (65.78%)
Number of right-side alignments: 939 (10.23%)
Complex overlaps: 0 (0%)
Over-overlaps: 36 (0.39%)
Partial alignments written to output: 9173 (99.98%)
====================
Running:
mixcr assemblePartial --report /hpc/pmc_vanboxtel/projects/TallFlow/3_Output/MIXCR4.3.2/Output/pt2229-DX1BM-TALL1/pt2229-DX1BM-TALL1_Receptor.assemblePartial.report.txt --json-report /hpc/pmc_vanboxtel/projects/TallFlow/3_Output/MIXCR4.3.2/Output/pt2229-DX1BM-TALL1/pt2229-DX1BM-TALL1_Receptor.assemblePartial.report.json /hpc/pmc_vanboxtel/projects/TallFlow/3_Output/MIXCR4.3.2/Output/pt2229-DX1BM-TALL1/pt2229-DX1BM-TALL1_Receptor.passembled.1.vdjca /hpc/pmc_vanboxtel/projects/TallFlow/3_Output/MIXCR4.3.2/Output/pt2229-DX1BM-TALL1/pt2229-DX1BM-TALL1_Receptor.passembled.2.vdjca
Building index: 0%
Searching for overlaps: 0%
============== AssemblePartial Report ==============
Analysis time: 957ms
Total alignments analysed: 9175
Number of output alignments: 9175 (100%)
Alignments already with CDR3 (no overlapping is performed): 2 (0.02%)
Successfully overlapped alignments: 0 (0%)
Left parts with too small N-region (failed to extract k-mer): 1252 (13.65%)
Extracted k-mer diversity: 33036
Dropped due to wildcard in k-mer: 0 (0%)
Dropped due to too short NRegion parts in overlap: 1 (0.01%)
Dropped overlaps with empty N region due to no complete NDN coverage: 0 (0%)
Number of left-side alignments: 6035 (65.78%)
Number of right-side alignments: 939 (10.23%)
Complex overlaps: 0 (0%)
Over-overlaps: 36 (0.39%)
Partial alignments written to output: 9173 (99.98%)
====================
Running:
mixcr extend --report /hpc/pmc_vanboxtel/projects/TallFlow/3_Output/MIXCR4.3.2/Output/pt2229-DX1BM-TALL1/pt2229-DX1BM-TALL1_Receptor.extend.report.txt --json-report /hpc/pmc_vanboxtel/projects/TallFlow/3_Output/MIXCR4.3.2/Output/pt2229-DX1BM-TALL1/pt2229-DX1BM-TALL1_Receptor.extend.report.json /hpc/pmc_vanboxtel/projects/TallFlow/3_Output/MIXCR4.3.2/Output/pt2229-DX1BM-TALL1/pt2229-DX1BM-TALL1_Receptor.passembled.2.vdjca /hpc/pmc_vanboxtel/projects/TallFlow/3_Output/MIXCR4.3.2/Output/pt2229-DX1BM-TALL1/pt2229-DX1BM-TALL1_Receptor.extended.vdjca
Extending alignments: 0%
============== Extend Report ==============
Analysis time: 230ms
Extended alignments count: 0 (0%)
V extensions total: 0 (0%)
V extensions with merged targets: 0 (0%)
J extensions total: 0 (0%)
J extensions with merged targets: 0 (0%)
V+J extensions: 0 (0%)
Mean V extension length: NaN
Mean J extension length: NaN
====================
Running:
mixcr assemble --report /hpc/pmc_vanboxtel/projects/TallFlow/3_Output/MIXCR4.3.2/Output/pt2229-DX1BM-TALL1/pt2229-DX1BM-TALL1_Receptor.assemble.report.txt --json-report /hpc/pmc_vanboxtel/projects/TallFlow/3_Output/MIXCR4.3.2/Output/pt2229-DX1BM-TALL1/pt2229-DX1BM-TALL1_Receptor.assemble.report.json /hpc/pmc_vanboxtel/projects/TallFlow/3_Output/MIXCR4.3.2/Output/pt2229-DX1BM-TALL1/pt2229-DX1BM-TALL1_Receptor.extended.vdjca /hpc/pmc_vanboxtel/projects/TallFlow/3_Output/MIXCR4.3.2/Output/pt2229-DX1BM-TALL1/pt2229-DX1BM-TALL1_Receptor.clna
Initialization: progress unknown
Initialization: progress unknown
============== Assemble Report ==============
Analysis time: 403ms
Final clonotype count: 1
Reads used in clonotypes, percent of total: 2 (0%)
Average number of reads per clonotype: 2
Reads dropped due to the lack of a clone sequence, percent of total: 9173 (1.27%)
Reads dropped due to a too short clonal sequence, percent of total: 0 (0%)
Reads dropped due to low quality, percent of total: 0 (0%)
Reads dropped due to failed mapping, percent of total: 0 (0%)
Reads dropped with low quality clones, percent of total: 0 (0%)
Reads used in clonotypes before clustering, percent of total: 2 (0%)
Number of reads used as a core, percent of used: 2 (100%)
Mapped low quality reads, percent of used: 0 (0%)
Reads clustered in PCR error correction, percent of used: 0 (0%)
Reads pre-clustered due to the similar VJC-lists, percent of used: 0 (0%)
Clonotypes dropped as low quality: 0
Clonotypes eliminated by PCR error correction: 0
Clonotypes pre-clustered due to the similar VJC-lists: 0
Clones dropped in post filtering: 0 (0%)
Reads dropped in post filtering: 0.0 (0%)
Alignments filtered by tag prefix: 0 (0%)
TRG chains: 1 (100%)
TRG non-functional: 1 (100%)
====================
Running:
mixcr assembleContigs --report /hpc/pmc_vanboxtel/projects/TallFlow/3_Output/MIXCR4.3.2/Output/pt2229-DX1BM-TALL1/pt2229-DX1BM-TALL1_Receptor.assembleContigs.report.txt --json-report /hpc/pmc_vanboxtel/projects/TallFlow/3_Output/MIXCR4.3.2/Output/pt2229-DX1BM-TALL1/pt2229-DX1BM-TALL1_Receptor.assembleContigs.report.json /hpc/pmc_vanboxtel/projects/TallFlow/3_Output/MIXCR4.3.2/Output/pt2229-DX1BM-TALL1/pt2229-DX1BM-TALL1_Receptor.clna /hpc/pmc_vanboxtel/projects/TallFlow/3_Output/MIXCR4.3.2/Output/pt2229-DX1BM-TALL1/pt2229-DX1BM-TALL1_Receptor.contigs.clns
Assembling contigs: 0%
============== AssembleContigs Report ==============
Analysis time: 144ms
Initial clonotype count: 1
Final clonotype count: 1 (100%)
Canceled assemblies: 0 (0%)
Number of premature termination assembly events, percent of number of initial clonotypes: 0.0 (0%)
Longest contig length: 291
Clustered variants: 0 (0%)
Reads in clustered variants: 0.0 (0%)
Reads in divided (newly created) clones: 0.0 (0%)
Clones with ambiguous letters in splitting region: 0 (0%)
Reads in clones with ambiguous letters in splitting region: 0.0 (0%)
Average number of ambiguous letters per clone with ambiguous letters in splitting region: NaN
====================
Running:
mixcr exportClones /hpc/pmc_vanboxtel/projects/TallFlow/3_Output/MIXCR4.3.2/Output/pt2229-DX1BM-TALL1/pt2229-DX1BM-TALL1_Receptor.contigs.clns /hpc/pmc_vanboxtel/projects/TallFlow/3_Output/MIXCR4.3.2/Output/pt2229-DX1BM-TALL1/pt2229-DX1BM-TALL1_Receptor.clones.tsv
Exporting TRG
Exporting clones: 0%
Analysis finished successfully.
IMPORTANT: MiXCR will use at most 12000MB of RAM,
           use -Xmx to change automatically set heap size (i.e. -Xmx50g to set heap size to 50 Gb)
IMPORTANT: MiXCR will use at most 12000MB of RAM,
           use -Xmx to change automatically set heap size (i.e. -Xmx50g to set heap size to 50 Gb)
IMPORTANT: MiXCR will use at most 12000MB of RAM,
           use -Xmx to change automatically set heap size (i.e. -Xmx50g to set heap size to 50 Gb)
