INFO	2023-02-15 13:35:08	SamToFastq	

********** NOTE: Picard's command line syntax is changing.
**********
********** For more information, please see:
********** https://github.com/broadinstitute/picard/wiki/Command-Line-Syntax-Transition-For-Users-(Pre-Transition)
**********
********** The command line looks like this in the new syntax:
**********
**********    SamToFastq -INPUT /hpc/pmc_vanboxtel/projects/TallFlow/3_Output/MIXCR/pt2322-DX1BM-TALL1//input/bam/pt2322-DX1BM-TALL1_dedup.bam -OUTPUT_DIR /hpc/pmc_vanboxtel/projects/TallFlow/3_Output/MIXCR/pt2322-DX1BM-TALL1/input/fastq -RG_TAG ID -OUTPUT_PER_RG true
**********


13:35:09.472 INFO  NativeLibraryLoader - Loading libgkl_compression.so from jar:file:/hpc/local/CentOS7/pmc_vanboxtel/bin/picard-2.24.1/picard.jar!/com/intel/gkl/native/libgkl_compression.so
[Wed Feb 15 13:35:09 CET 2023] SamToFastq INPUT=/hpc/pmc_vanboxtel/projects/TallFlow/3_Output/MIXCR/pt2322-DX1BM-TALL1/input/bam/pt2322-DX1BM-TALL1_dedup.bam OUTPUT_PER_RG=true RG_TAG=ID OUTPUT_DIR=/hpc/pmc_vanboxtel/projects/TallFlow/3_Output/MIXCR/pt2322-DX1BM-TALL1/input/fastq    COMPRESS_OUTPUTS_PER_RG=false RE_REVERSE=true INTERLEAVE=false INCLUDE_NON_PF_READS=false CLIPPING_MIN_LENGTH=0 READ1_TRIM=0 READ2_TRIM=0 INCLUDE_NON_PRIMARY_ALIGNMENTS=false VERBOSITY=INFO QUIET=false VALIDATION_STRINGENCY=STRICT COMPRESSION_LEVEL=5 MAX_RECORDS_IN_RAM=500000 CREATE_INDEX=false CREATE_MD5_FILE=false GA4GH_CLIENT_SECRETS=client_secrets.json USE_JDK_DEFLATER=false USE_JDK_INFLATER=false
[Wed Feb 15 13:35:09 CET 2023] Executing as mroosmalen@n0068.compute.hpc on Linux 3.10.0-1160.81.1.el7.x86_64 amd64; Java HotSpot(TM) 64-Bit Server VM 1.8.0_60-b27; Deflater: Intel; Inflater: Intel; Provider GCS is not available; Picard version: 2.24.1
INFO	2023-02-15 13:35:19	SamToFastq	Processed     1,000,000 records.  Elapsed time: 00:00:09s.  Time for last 1,000,000:    9s.  Last read position: 22:22,928,129
[Wed Feb 15 13:35:20 CET 2023] picard.sam.SamToFastq done. Elapsed time: 0.18 minutes.
Runtime.totalMemory()=3620732928
To get help, see http://broadinstitute.github.io/picard/index.html#GettingHelp
Exception in thread "main" htsjdk.samtools.SAMFormatException: SAM validation error: ERROR::MATE_NOT_FOUND:Found 20443 unpaired mates
	at htsjdk.samtools.SAMUtils.processValidationError(SAMUtils.java:469)
	at picard.sam.SamToFastq.doWork(SamToFastq.java:225)
	at picard.cmdline.CommandLineProgram.instanceMain(CommandLineProgram.java:304)
	at picard.cmdline.PicardCommandLine.instanceMain(PicardCommandLine.java:103)
	at picard.cmdline.PicardCommandLine.main(PicardCommandLine.java:113)
/hpc/pmc_vanboxtel/projects/TallFlow/2_Code/MIXCR/
NOTE: report file is not specified, using /hpc/pmc_vanboxtel/projects/TallFlow/3_Output/MIXCR/pt2322-DX1BM-TALL1//Output/pt2322-DX1BM-TALL1/pt2322-DX1BM-TALL1_TCR.report to write report.
Alignment: 0%
Alignment: 12.2%  ETA: 00:02:23
Alignment: 24.4%  ETA: 00:02:03
Alignment: 36.6%  ETA: 00:01:49
Alignment: 48.9%  ETA: 00:01:23
Alignment: 61.1%  ETA: 00:01:10
Alignment: 73.3%  ETA: 00:00:46
Alignment: 85.5%  ETA: 00:00:23
Alignment: 97.7%  ETA: 00:00:03
============= Report ==============
Analysis time: 2.93m
Total sequencing reads: 492739
Successfully aligned reads: 6506 (1.32%)
Paired-end alignment conflicts eliminated: 8 (0%)
Alignment failed, no hits (not TCR/IG?): 405176 (82.23%)
Alignment failed because of absence of CDR3 parts: 45297 (9.19%)
Alignment failed because of low total score: 35760 (7.26%)
Overlapped: 27844 (5.65%)
Overlapped and aligned: 189 (0.04%)
Alignment-aided overlaps: 15 (7.94%)
Overlapped and not aligned: 27655 (5.61%)
No CDR3 parts alignments, percent of successfully aligned: 735 (11.3%)
Partial aligned reads, percent of successfully aligned: 5756 (88.47%)
V gene chimeras: 81 (0.02%)
J gene chimeras: 53 (0.01%)
TRA chains: 1124 (17.28%)
TRB chains: 776 (11.93%)
TRD chains: 90 (1.38%)
TRG chains: 130 (2%)
TRA,TRD chains: 486 (7.47%)
IGH chains: 1329 (20.43%)
IGK chains: 1357 (20.86%)
IGL chains: 1214 (18.66%)
Realigned with forced non-floating bound: 929820 (188.7%)
Realigned with forced non-floating right bound in left read: 1990 (0.4%)
Realigned with forced non-floating left bound in right read: 1990 (0.4%)
Building index: 0%
Searching for overlaps: 0%
============= Report ==============
Analysis time: 839ms
Total alignments analysed: 6506
Number of output alignments: 6505 (99.98%)
Alignments already with CDR3 (no overlapping is performed): 15 (0.23%)
Successfully overlapped alignments: 1 (0.02%)
Left parts with too small N-region (failed to extract k-mer): 712 (10.94%)
Extracted k-mer diversity: 30788
Dropped due to wildcard in k-mer: 0 (0%)
Dropped due to too short NRegion parts in overlap: 0 (0%)
Dropped overlaps with empty N region due to no complete NDN coverage: 0 (0%)
Number of left-side alignments: 3803 (58.45%)
Number of right-side alignments: 1767 (27.16%)
Complex overlaps: 0 (0%)
Over-overlaps: 1 (0.02%)
Partial alignments written to output: 6489 (99.74%)
Building index: 0%
Searching for overlaps: 0%
============= Report ==============
Analysis time: 304ms
Total alignments analysed: 6505
Number of output alignments: 6505 (100%)
Alignments already with CDR3 (no overlapping is performed): 16 (0.25%)
Successfully overlapped alignments: 0 (0%)
Left parts with too small N-region (failed to extract k-mer): 712 (10.95%)
Extracted k-mer diversity: 30770
Dropped due to wildcard in k-mer: 0 (0%)
Dropped due to too short NRegion parts in overlap: 0 (0%)
Dropped overlaps with empty N region due to no complete NDN coverage: 0 (0%)
Number of left-side alignments: 3802 (58.45%)
Number of right-side alignments: 1766 (27.15%)
Complex overlaps: 0 (0%)
Over-overlaps: 1 (0.02%)
Partial alignments written to output: 6489 (99.75%)
Extending alignments: 0%
============= Report ==============
Analysis time: 109ms
Extended alignments count: 0 (0%)
V extensions total: 0 (0%)
V extensions with merged targets: 0 (0%)
J extensions total: 0 (0%)
J extensions with merged targets: 0 (0%)
V+J extensions: 0 (0%)
Mean V extension length: NaN
Mean J extension length: NaN
-t / --threads is deprecated for "mixcr assemble ..." and ignored for this call...
Initialization: progress unknown
============= Report ==============
Analysis time: 112ms
Final clonotype count: 5
Average number of reads per clonotype: 3.4
Reads used in clonotypes, percent of total: 17 (0%)
Reads used in clonotypes before clustering, percent of total: 17 (0%)
Number of reads used as a core, percent of used: 16 (94.12%)
Mapped low quality reads, percent of used: 1 (5.88%)
Reads clustered in PCR error correction, percent of used: 0 (0%)
Reads pre-clustered due to the similar VJC-lists, percent of used: 0 (0%)
Reads dropped due to the lack of a clone sequence, percent of total: 0 (0%)
Reads dropped due to low quality, percent of total: 0 (0%)
Reads dropped due to failed mapping, percent of total: 0 (0%)
Reads dropped with low quality clones, percent of total: 0 (0%)
Clonotypes eliminated by PCR error correction: 0
Clonotypes dropped as low quality: 0
Clonotypes pre-clustered due to the similar VJC-lists: 0
Clonotypes dropped in fine filtering: 0
Partially aligned reads attached to clones by tags: 0 (0%)
Partially aligned reads with ambiguous clone attachments by tags: 0 (0%)
Partially aligned reads failed to attach to clones by tags: 0 (0%)
TRB chains: 2 (40%)
TRD chains: 1 (20%)
TRG chains: 2 (40%)
Exporting clones: 0%
Exporting clones: 0%
Filtered 1 of 5 clones (80%).
Filtered 4.0 of 17.0 reads (76.47%).
Exporting clones: 0%
Filtered 2 of 5 clones (60%).
Filtered 7.0 of 17.0 reads (58.82%).
Exporting clones: 0%
Filtered 2 of 5 clones (60%).
Filtered 6.0 of 17.0 reads (64.71%).
Exporting clones: 0%
Filtered 1 of 5 clones (80%).
Filtered 4.0 of 17.0 reads (76.47%).
Filtered 0 of 5 clones (100%).
Filtered 0.0 of 17.0 reads (100%).
Filtered 0 of 5 clones (100%).
Filtered 0.0 of 17.0 reads (100%).
Filtered 0 of 5 clones (100%).
Filtered 0.0 of 17.0 reads (100%).
