INFO	2023-05-03 17:19:27	SamToFastq	

********** NOTE: Picard's command line syntax is changing.
**********
********** For more information, please see:
********** https://github.com/broadinstitute/picard/wiki/Command-Line-Syntax-Transition-For-Users-(Pre-Transition)
**********
********** The command line looks like this in the new syntax:
**********
**********    SamToFastq -INPUT /hpc/pmc_vanboxtel/projects/TallFlow/3_Output/MIXCR4.3.2/input/bam/pt2229-DX1BM-TALL10_dedup.bam -OUTPUT_DIR /hpc/pmc_vanboxtel/projects/TallFlow/3_Output/MIXCR4.3.2/input/fastq -RG_TAG ID -OUTPUT_PER_RG true
**********


17:19:27.825 INFO  NativeLibraryLoader - Loading libgkl_compression.so from jar:file:/hpc/local/CentOS7/pmc_vanboxtel/bin/picard-2.24.1/picard.jar!/com/intel/gkl/native/libgkl_compression.so
[Wed May 03 17:19:27 CEST 2023] SamToFastq INPUT=/hpc/pmc_vanboxtel/projects/TallFlow/3_Output/MIXCR4.3.2/input/bam/pt2229-DX1BM-TALL10_dedup.bam OUTPUT_PER_RG=true RG_TAG=ID OUTPUT_DIR=/hpc/pmc_vanboxtel/projects/TallFlow/3_Output/MIXCR4.3.2/input/fastq    COMPRESS_OUTPUTS_PER_RG=false RE_REVERSE=true INTERLEAVE=false INCLUDE_NON_PF_READS=false CLIPPING_MIN_LENGTH=0 READ1_TRIM=0 READ2_TRIM=0 INCLUDE_NON_PRIMARY_ALIGNMENTS=false VERBOSITY=INFO QUIET=false VALIDATION_STRINGENCY=STRICT COMPRESSION_LEVEL=5 MAX_RECORDS_IN_RAM=500000 CREATE_INDEX=false CREATE_MD5_FILE=false GA4GH_CLIENT_SECRETS=client_secrets.json USE_JDK_DEFLATER=false USE_JDK_INFLATER=false
[Wed May 03 17:19:27 CEST 2023] Executing as rhagelaar@n0095.compute.hpc on Linux 3.10.0-1160.83.1.el7.x86_64 amd64; Java HotSpot(TM) 64-Bit Server VM 1.8.0_60-b27; Deflater: Intel; Inflater: Intel; Provider GCS is not available; Picard version: 2.24.1
INFO	2023-05-03 17:19:37	SamToFastq	Processed     1,000,000 records.  Elapsed time: 00:00:09s.  Time for last 1,000,000:    9s.  Last read position: 14:105,136,505
[Wed May 03 17:19:42 CEST 2023] picard.sam.SamToFastq done. Elapsed time: 0.24 minutes.
Runtime.totalMemory()=5777653760
To get help, see http://broadinstitute.github.io/picard/index.html#GettingHelp
Exception in thread "main" htsjdk.samtools.SAMFormatException: SAM validation error: ERROR::MATE_NOT_FOUND:Found 27852 unpaired mates
	at htsjdk.samtools.SAMUtils.processValidationError(SAMUtils.java:469)
	at picard.sam.SamToFastq.doWork(SamToFastq.java:225)
	at picard.cmdline.CommandLineProgram.instanceMain(CommandLineProgram.java:304)
	at picard.cmdline.PicardCommandLine.instanceMain(PicardCommandLine.java:103)
	at picard.cmdline.PicardCommandLine.main(PicardCommandLine.java:113)
/hpc/pmc_vanboxtel/projects/TallFlow/2_Code/MIXCR/
IMPORTANT: MiXCR will use at most 12000MB of RAM,
           use -Xmx to change automatically set heap size (i.e. -Xmx50g to set heap size to 50 Gb)
====================
Running:
mixcr align --report /hpc/pmc_vanboxtel/projects/TallFlow/3_Output/MIXCR4.3.2/Output/pt2229-DX1BM-TALL10/pt2229-DX1BM-TALL10_Receptor.align.report.txt --json-report /hpc/pmc_vanboxtel/projects/TallFlow/3_Output/MIXCR4.3.2/Output/pt2229-DX1BM-TALL10/pt2229-DX1BM-TALL10_Receptor.align.report.json --preset rnaseq-full-length --dna --species hsa /hpc/pmc_vanboxtel/projects/TallFlow/3_Output/MIXCR4.3.2/input/fastq/Merged/pt2229-DX1BM-TALL10_R1.fastq /hpc/pmc_vanboxtel/projects/TallFlow/3_Output/MIXCR4.3.2/input/fastq/Merged/pt2229-DX1BM-TALL10_R2.fastq /hpc/pmc_vanboxtel/projects/TallFlow/3_Output/MIXCR4.3.2/Output/pt2229-DX1BM-TALL10/pt2229-DX1BM-TALL10_Receptor.vdjca
Alignment: 0%
Alignment: 10.5%  ETA: 00:03:48
Alignment: 20.9%  ETA: 00:03:24
Alignment: 31.4%  ETA: 00:03:04
Alignment: 41.8%  ETA: 00:02:30
Alignment: 52.3%  ETA: 00:02:03
Alignment: 62.8%  ETA: 00:01:36
Alignment: 73.2%  ETA: 00:01:09
Alignment: 83.7%  ETA: 00:00:42
Alignment: 94.1%  ETA: 00:00:14
============== Align Report ==============
Analysis time: 4.45m
Total sequencing reads: 690410
Successfully aligned reads: 10635 (1.54%)
Alignment failed: no hits (not TCR/IG?): 563009 (81.55%)
Alignment failed: no CDR3 parts: 67089 (9.72%)
Alignment failed: low total score: 49677 (7.2%)
Overlapped: 44188 (6.4%)
Overlapped and aligned: 254 (0.04%)
Overlapped and not aligned: 43934 (6.36%)
Alignment-aided overlaps, percent of overlapped and aligned: 5 (1.97%)
No CDR3 parts alignments, percent of successfully aligned: 1564 (14.71%)
Partial aligned reads, percent of successfully aligned: 9037 (84.97%)
V gene chimeras: 160 (0.02%)
J gene chimeras: 56 (0.01%)
Paired-end alignment conflicts eliminated: 15 (0%)
Realigned with forced non-floating bound: 1292454 (187.2%)
Realigned with forced non-floating right bound in left read: 1861 (0.27%)
Realigned with forced non-floating left bound in right read: 1861 (0.27%)
TRA chains: 1046 (9.84%)
TRA non-functional: 2 (0.19%)
TRB chains: 2103 (19.77%)
TRB non-functional: 0 (0%)
TRD chains: 43 (0.4%)
TRD non-functional: 4 (9.3%)
TRG chains: 57 (0.54%)
TRG non-functional: 14 (24.56%)
TRAD chains: 820 (7.71%)
TRAD non-functional: 0 (0%)
IGH chains: 2880 (27.08%)
IGH non-functional: 0 (0%)
IGK chains: 1831 (17.22%)
IGK non-functional: 0 (0%)
IGL chains: 1855 (17.44%)
IGL non-functional: 0 (0%)
Trimming report:
  R1 reads trimmed left: 1540 (0.22%)
  R1 reads trimmed right: 7 (0%)
  Average R1 nucleotides trimmed left: 0.005060760997088686
  Average R1 nucleotides trimmed right: 4.7797685433293264E-5
  R2 reads trimmed left: 413 (0.06%)
  R2 reads trimmed right: 0 (0%)
  Average R2 nucleotides trimmed left: 6.271635694732116E-4
  Average R2 nucleotides trimmed right: 0.0
====================
Running:
mixcr assemblePartial --report /hpc/pmc_vanboxtel/projects/TallFlow/3_Output/MIXCR4.3.2/Output/pt2229-DX1BM-TALL10/pt2229-DX1BM-TALL10_Receptor.assemblePartial.report.txt --json-report /hpc/pmc_vanboxtel/projects/TallFlow/3_Output/MIXCR4.3.2/Output/pt2229-DX1BM-TALL10/pt2229-DX1BM-TALL10_Receptor.assemblePartial.report.json /hpc/pmc_vanboxtel/projects/TallFlow/3_Output/MIXCR4.3.2/Output/pt2229-DX1BM-TALL10/pt2229-DX1BM-TALL10_Receptor.vdjca /hpc/pmc_vanboxtel/projects/TallFlow/3_Output/MIXCR4.3.2/Output/pt2229-DX1BM-TALL10/pt2229-DX1BM-TALL10_Receptor.passembled.1.vdjca
Building index: 0%
Searching for overlaps: 0%
============== AssemblePartial Report ==============
Analysis time: 1.15s
Total alignments analysed: 10635
Number of output alignments: 10633 (99.98%)
Alignments already with CDR3 (no overlapping is performed): 35 (0.33%)
Successfully overlapped alignments: 2 (0.02%)
Left parts with too small N-region (failed to extract k-mer): 1198 (11.26%)
Extracted k-mer diversity: 42580
Dropped due to wildcard in k-mer: 0 (0%)
Dropped due to too short NRegion parts in overlap: 9 (0.08%)
Dropped overlaps with empty N region due to no complete NDN coverage: 0 (0%)
Number of left-side alignments: 6865 (64.55%)
Number of right-side alignments: 1949 (18.33%)
Complex overlaps: 0 (0%)
Over-overlaps: 14 (0.13%)
Partial alignments written to output: 10596 (99.63%)
====================
Running:
mixcr assemblePartial --report /hpc/pmc_vanboxtel/projects/TallFlow/3_Output/MIXCR4.3.2/Output/pt2229-DX1BM-TALL10/pt2229-DX1BM-TALL10_Receptor.assemblePartial.report.txt --json-report /hpc/pmc_vanboxtel/projects/TallFlow/3_Output/MIXCR4.3.2/Output/pt2229-DX1BM-TALL10/pt2229-DX1BM-TALL10_Receptor.assemblePartial.report.json /hpc/pmc_vanboxtel/projects/TallFlow/3_Output/MIXCR4.3.2/Output/pt2229-DX1BM-TALL10/pt2229-DX1BM-TALL10_Receptor.passembled.1.vdjca /hpc/pmc_vanboxtel/projects/TallFlow/3_Output/MIXCR4.3.2/Output/pt2229-DX1BM-TALL10/pt2229-DX1BM-TALL10_Receptor.passembled.2.vdjca
Building index: 0%
Searching for overlaps: 0%
============== AssemblePartial Report ==============
Analysis time: 750ms
Total alignments analysed: 10633
Number of output alignments: 10633 (100%)
Alignments already with CDR3 (no overlapping is performed): 37 (0.35%)
Successfully overlapped alignments: 0 (0%)
Left parts with too small N-region (failed to extract k-mer): 1198 (11.27%)
Extracted k-mer diversity: 42548
Dropped due to wildcard in k-mer: 0 (0%)
Dropped due to too short NRegion parts in overlap: 9 (0.08%)
Dropped overlaps with empty N region due to no complete NDN coverage: 0 (0%)
Number of left-side alignments: 6863 (64.54%)
Number of right-side alignments: 1947 (18.31%)
Complex overlaps: 0 (0%)
Over-overlaps: 14 (0.13%)
Partial alignments written to output: 10596 (99.65%)
====================
Running:
mixcr extend --report /hpc/pmc_vanboxtel/projects/TallFlow/3_Output/MIXCR4.3.2/Output/pt2229-DX1BM-TALL10/pt2229-DX1BM-TALL10_Receptor.extend.report.txt --json-report /hpc/pmc_vanboxtel/projects/TallFlow/3_Output/MIXCR4.3.2/Output/pt2229-DX1BM-TALL10/pt2229-DX1BM-TALL10_Receptor.extend.report.json /hpc/pmc_vanboxtel/projects/TallFlow/3_Output/MIXCR4.3.2/Output/pt2229-DX1BM-TALL10/pt2229-DX1BM-TALL10_Receptor.passembled.2.vdjca /hpc/pmc_vanboxtel/projects/TallFlow/3_Output/MIXCR4.3.2/Output/pt2229-DX1BM-TALL10/pt2229-DX1BM-TALL10_Receptor.extended.vdjca
Extending alignments: 0%
============== Extend Report ==============
Analysis time: 272ms
Extended alignments count: 1 (0.01%)
V extensions total: 0 (0%)
V extensions with merged targets: 0 (0%)
J extensions total: 1 (0.01%)
J extensions with merged targets: 0 (0%)
V+J extensions: 0 (0%)
Mean V extension length: NaN
Mean J extension length: 9.0
====================
Running:
mixcr assemble --report /hpc/pmc_vanboxtel/projects/TallFlow/3_Output/MIXCR4.3.2/Output/pt2229-DX1BM-TALL10/pt2229-DX1BM-TALL10_Receptor.assemble.report.txt --json-report /hpc/pmc_vanboxtel/projects/TallFlow/3_Output/MIXCR4.3.2/Output/pt2229-DX1BM-TALL10/pt2229-DX1BM-TALL10_Receptor.assemble.report.json /hpc/pmc_vanboxtel/projects/TallFlow/3_Output/MIXCR4.3.2/Output/pt2229-DX1BM-TALL10/pt2229-DX1BM-TALL10_Receptor.extended.vdjca /hpc/pmc_vanboxtel/projects/TallFlow/3_Output/MIXCR4.3.2/Output/pt2229-DX1BM-TALL10/pt2229-DX1BM-TALL10_Receptor.clna
Initialization: progress unknown
Initialization: progress unknown
============== Assemble Report ==============
Analysis time: 390ms
Final clonotype count: 11
Reads used in clonotypes, percent of total: 38 (0.01%)
Average number of reads per clonotype: 3.45
Reads dropped due to the lack of a clone sequence, percent of total: 10596 (1.53%)
Reads dropped due to a too short clonal sequence, percent of total: 0 (0%)
Reads dropped due to low quality, percent of total: 0 (0%)
Reads dropped due to failed mapping, percent of total: 1 (0%)
Reads dropped with low quality clones, percent of total: 0 (0%)
Reads used in clonotypes before clustering, percent of total: 38 (0.01%)
Number of reads used as a core, percent of used: 36 (94.74%)
Mapped low quality reads, percent of used: 2 (5.26%)
Reads clustered in PCR error correction, percent of used: 0 (0%)
Reads pre-clustered due to the similar VJC-lists, percent of used: 0 (0%)
Clonotypes dropped as low quality: 0
Clonotypes eliminated by PCR error correction: 0
Clonotypes pre-clustered due to the similar VJC-lists: 0
Clones dropped in post filtering: 0 (0%)
Reads dropped in post filtering: 0.0 (0%)
Alignments filtered by tag prefix: 0 (0%)
TRA chains: 6 (54.55%)
TRA non-functional: 2 (33.33%)
TRB chains: 2 (18.18%)
TRB non-functional: 0 (0%)
TRD chains: 1 (9.09%)
TRD non-functional: 1 (100%)
TRG chains: 2 (18.18%)
TRG non-functional: 2 (100%)
====================
Running:
mixcr assembleContigs --report /hpc/pmc_vanboxtel/projects/TallFlow/3_Output/MIXCR4.3.2/Output/pt2229-DX1BM-TALL10/pt2229-DX1BM-TALL10_Receptor.assembleContigs.report.txt --json-report /hpc/pmc_vanboxtel/projects/TallFlow/3_Output/MIXCR4.3.2/Output/pt2229-DX1BM-TALL10/pt2229-DX1BM-TALL10_Receptor.assembleContigs.report.json /hpc/pmc_vanboxtel/projects/TallFlow/3_Output/MIXCR4.3.2/Output/pt2229-DX1BM-TALL10/pt2229-DX1BM-TALL10_Receptor.clna /hpc/pmc_vanboxtel/projects/TallFlow/3_Output/MIXCR4.3.2/Output/pt2229-DX1BM-TALL10/pt2229-DX1BM-TALL10_Receptor.contigs.clns
Assembling contigs: 0%
============== AssembleContigs Report ==============
Analysis time: 331ms
Initial clonotype count: 11
Final clonotype count: 11 (100%)
Canceled assemblies: 0 (0%)
Number of premature termination assembly events, percent of number of initial clonotypes: 0.0 (0%)
Longest contig length: 629
Clustered variants: 0 (0%)
Reads in clustered variants: 0.0 (0%)
Reads in divided (newly created) clones: 0.0 (0%)
Clones with ambiguous letters in splitting region: 0 (0%)
Reads in clones with ambiguous letters in splitting region: 0.0 (0%)
Average number of ambiguous letters per clone with ambiguous letters in splitting region: NaN
====================
Running:
mixcr exportClones /hpc/pmc_vanboxtel/projects/TallFlow/3_Output/MIXCR4.3.2/Output/pt2229-DX1BM-TALL10/pt2229-DX1BM-TALL10_Receptor.contigs.clns /hpc/pmc_vanboxtel/projects/TallFlow/3_Output/MIXCR4.3.2/Output/pt2229-DX1BM-TALL10/pt2229-DX1BM-TALL10_Receptor.clones.tsv
Exporting TRB
Exporting clones: 0%
WARNING: Filtered 2 of 11 clones (81.82%).
WARNING: Filtered 6.0 of 38.0 reads (84.21%).
Exporting TRAD
Exporting clones: 0%
WARNING: Filtered 7 of 11 clones (36.36%).
WARNING: Filtered 17.0 of 38.0 reads (55.26%).
Exporting TRG
Exporting clones: 0%
WARNING: Filtered 2 of 11 clones (81.82%).
WARNING: Filtered 15.0 of 38.0 reads (60.53%).
Analysis finished successfully.
IMPORTANT: MiXCR will use at most 12000MB of RAM,
           use -Xmx to change automatically set heap size (i.e. -Xmx50g to set heap size to 50 Gb)
IMPORTANT: MiXCR will use at most 12000MB of RAM,
           use -Xmx to change automatically set heap size (i.e. -Xmx50g to set heap size to 50 Gb)
IMPORTANT: MiXCR will use at most 12000MB of RAM,
           use -Xmx to change automatically set heap size (i.e. -Xmx50g to set heap size to 50 Gb)
