INFO	2023-05-03 17:13:14	SamToFastq	

********** NOTE: Picard's command line syntax is changing.
**********
********** For more information, please see:
********** https://github.com/broadinstitute/picard/wiki/Command-Line-Syntax-Transition-For-Users-(Pre-Transition)
**********
********** The command line looks like this in the new syntax:
**********
**********    SamToFastq -INPUT /hpc/pmc_vanboxtel/projects/TallFlow/3_Output/MIXCR4.3.2/input/bam/pt2322-DX1BM-TALL2_dedup.bam -OUTPUT_DIR /hpc/pmc_vanboxtel/projects/TallFlow/3_Output/MIXCR4.3.2/input/fastq -RG_TAG ID -OUTPUT_PER_RG true
**********


17:13:15.136 INFO  NativeLibraryLoader - Loading libgkl_compression.so from jar:file:/hpc/local/CentOS7/pmc_vanboxtel/bin/picard-2.24.1/picard.jar!/com/intel/gkl/native/libgkl_compression.so
[Wed May 03 17:13:15 CEST 2023] SamToFastq INPUT=/hpc/pmc_vanboxtel/projects/TallFlow/3_Output/MIXCR4.3.2/input/bam/pt2322-DX1BM-TALL2_dedup.bam OUTPUT_PER_RG=true RG_TAG=ID OUTPUT_DIR=/hpc/pmc_vanboxtel/projects/TallFlow/3_Output/MIXCR4.3.2/input/fastq    COMPRESS_OUTPUTS_PER_RG=false RE_REVERSE=true INTERLEAVE=false INCLUDE_NON_PF_READS=false CLIPPING_MIN_LENGTH=0 READ1_TRIM=0 READ2_TRIM=0 INCLUDE_NON_PRIMARY_ALIGNMENTS=false VERBOSITY=INFO QUIET=false VALIDATION_STRINGENCY=STRICT COMPRESSION_LEVEL=5 MAX_RECORDS_IN_RAM=500000 CREATE_INDEX=false CREATE_MD5_FILE=false GA4GH_CLIENT_SECRETS=client_secrets.json USE_JDK_DEFLATER=false USE_JDK_INFLATER=false
[Wed May 03 17:13:15 CEST 2023] Executing as rhagelaar@n0095.compute.hpc on Linux 3.10.0-1160.83.1.el7.x86_64 amd64; Java HotSpot(TM) 64-Bit Server VM 1.8.0_60-b27; Deflater: Intel; Inflater: Intel; Provider GCS is not available; Picard version: 2.24.1
INFO	2023-05-03 17:13:24	SamToFastq	Processed     1,000,000 records.  Elapsed time: 00:00:09s.  Time for last 1,000,000:    9s.  Last read position: 14:22,495,954
[Wed May 03 17:13:29 CEST 2023] picard.sam.SamToFastq done. Elapsed time: 0.24 minutes.
Runtime.totalMemory()=5781848064
To get help, see http://broadinstitute.github.io/picard/index.html#GettingHelp
Exception in thread "main" htsjdk.samtools.SAMFormatException: SAM validation error: ERROR::MATE_NOT_FOUND:Found 29185 unpaired mates
	at htsjdk.samtools.SAMUtils.processValidationError(SAMUtils.java:469)
	at picard.sam.SamToFastq.doWork(SamToFastq.java:225)
	at picard.cmdline.CommandLineProgram.instanceMain(CommandLineProgram.java:304)
	at picard.cmdline.PicardCommandLine.instanceMain(PicardCommandLine.java:103)
	at picard.cmdline.PicardCommandLine.main(PicardCommandLine.java:113)
/hpc/pmc_vanboxtel/projects/TallFlow/2_Code/MIXCR/
IMPORTANT: MiXCR will use at most 12000MB of RAM,
           use -Xmx to change automatically set heap size (i.e. -Xmx50g to set heap size to 50 Gb)
====================
Running:
mixcr align --report /hpc/pmc_vanboxtel/projects/TallFlow/3_Output/MIXCR4.3.2/Output/pt2322-DX1BM-TALL2/pt2322-DX1BM-TALL2_Receptor.align.report.txt --json-report /hpc/pmc_vanboxtel/projects/TallFlow/3_Output/MIXCR4.3.2/Output/pt2322-DX1BM-TALL2/pt2322-DX1BM-TALL2_Receptor.align.report.json --preset rnaseq-full-length --dna --species hsa /hpc/pmc_vanboxtel/projects/TallFlow/3_Output/MIXCR4.3.2/input/fastq/Merged/pt2322-DX1BM-TALL2_R1.fastq /hpc/pmc_vanboxtel/projects/TallFlow/3_Output/MIXCR4.3.2/input/fastq/Merged/pt2322-DX1BM-TALL2_R2.fastq /hpc/pmc_vanboxtel/projects/TallFlow/3_Output/MIXCR4.3.2/Output/pt2322-DX1BM-TALL2/pt2322-DX1BM-TALL2_Receptor.vdjca
Alignment: 0%
Alignment: 10.1%  ETA: 00:04:09
Alignment: 20.3%  ETA: 00:03:32
Alignment: 30.4%  ETA: 00:03:05
Alignment: 40.5%  ETA: 00:02:26
Alignment: 50.6%  ETA: 00:02:06
Alignment: 60.8%  ETA: 00:01:36
Alignment: 70.9%  ETA: 00:01:14
Alignment: 81%  ETA: 00:00:46
Alignment: 91.2%  ETA: 00:00:20
============== Align Report ==============
Analysis time: 4.39m
Total sequencing reads: 712960
Successfully aligned reads: 9219 (1.29%)
Alignment failed: no hits (not TCR/IG?): 584839 (82.03%)
Alignment failed: no CDR3 parts: 66457 (9.32%)
Alignment failed: low total score: 52445 (7.36%)
Overlapped: 70984 (9.96%)
Overlapped and aligned: 293 (0.04%)
Overlapped and not aligned: 70691 (9.92%)
Alignment-aided overlaps, percent of overlapped and aligned: 7 (2.39%)
No CDR3 parts alignments, percent of successfully aligned: 1212 (13.15%)
Partial aligned reads, percent of successfully aligned: 7984 (86.6%)
V gene chimeras: 132 (0.02%)
J gene chimeras: 68 (0.01%)
Paired-end alignment conflicts eliminated: 14 (0%)
Realigned with forced non-floating bound: 1283966 (180.09%)
Realigned with forced non-floating right bound in left read: 2113 (0.3%)
Realigned with forced non-floating left bound in right read: 2113 (0.3%)
TRA chains: 1333 (14.46%)
TRA non-functional: 0 (0%)
TRB chains: 1078 (11.69%)
TRB non-functional: 0 (0%)
TRD chains: 74 (0.8%)
TRD non-functional: 1 (1.35%)
TRG chains: 137 (1.49%)
TRG non-functional: 0 (0%)
TRAD chains: 536 (5.81%)
TRAD non-functional: 0 (0%)
IGH chains: 2610 (28.31%)
IGH non-functional: 0 (0%)
IGK chains: 1955 (21.21%)
IGK non-functional: 0 (0%)
IGL chains: 1496 (16.23%)
IGL non-functional: 0 (0%)
Trimming report:
  R1 reads trimmed left: 824 (0.12%)
  R1 reads trimmed right: 13 (0%)
  Average R1 nucleotides trimmed left: 0.002216113105924596
  Average R1 nucleotides trimmed right: 1.90754039497307E-4
  R2 reads trimmed left: 289 (0.04%)
  R2 reads trimmed right: 8 (0%)
  Average R2 nucleotides trimmed left: 6.367818671454219E-4
  Average R2 nucleotides trimmed right: 4.642616696588869E-4
====================
Running:
mixcr assemblePartial --report /hpc/pmc_vanboxtel/projects/TallFlow/3_Output/MIXCR4.3.2/Output/pt2322-DX1BM-TALL2/pt2322-DX1BM-TALL2_Receptor.assemblePartial.report.txt --json-report /hpc/pmc_vanboxtel/projects/TallFlow/3_Output/MIXCR4.3.2/Output/pt2322-DX1BM-TALL2/pt2322-DX1BM-TALL2_Receptor.assemblePartial.report.json /hpc/pmc_vanboxtel/projects/TallFlow/3_Output/MIXCR4.3.2/Output/pt2322-DX1BM-TALL2/pt2322-DX1BM-TALL2_Receptor.vdjca /hpc/pmc_vanboxtel/projects/TallFlow/3_Output/MIXCR4.3.2/Output/pt2322-DX1BM-TALL2/pt2322-DX1BM-TALL2_Receptor.passembled.1.vdjca
Building index: 0%
Searching for overlaps: 0%
============== AssemblePartial Report ==============
Analysis time: 956ms
Total alignments analysed: 9219
Number of output alignments: 9218 (99.99%)
Alignments already with CDR3 (no overlapping is performed): 27 (0.29%)
Successfully overlapped alignments: 1 (0.01%)
Left parts with too small N-region (failed to extract k-mer): 1019 (11.05%)
Extracted k-mer diversity: 35411
Dropped due to wildcard in k-mer: 0 (0%)
Dropped due to too short NRegion parts in overlap: 3 (0.03%)
Dropped overlaps with empty N region due to no complete NDN coverage: 0 (0%)
Number of left-side alignments: 5544 (60.14%)
Number of right-side alignments: 2190 (23.76%)
Complex overlaps: 0 (0%)
Over-overlaps: 3 (0.03%)
Partial alignments written to output: 9190 (99.69%)
====================
Running:
mixcr assemblePartial --report /hpc/pmc_vanboxtel/projects/TallFlow/3_Output/MIXCR4.3.2/Output/pt2322-DX1BM-TALL2/pt2322-DX1BM-TALL2_Receptor.assemblePartial.report.txt --json-report /hpc/pmc_vanboxtel/projects/TallFlow/3_Output/MIXCR4.3.2/Output/pt2322-DX1BM-TALL2/pt2322-DX1BM-TALL2_Receptor.assemblePartial.report.json /hpc/pmc_vanboxtel/projects/TallFlow/3_Output/MIXCR4.3.2/Output/pt2322-DX1BM-TALL2/pt2322-DX1BM-TALL2_Receptor.passembled.1.vdjca /hpc/pmc_vanboxtel/projects/TallFlow/3_Output/MIXCR4.3.2/Output/pt2322-DX1BM-TALL2/pt2322-DX1BM-TALL2_Receptor.passembled.2.vdjca
Building index: 0%
Searching for overlaps: 0%
============== AssemblePartial Report ==============
Analysis time: 603ms
Total alignments analysed: 9218
Number of output alignments: 9218 (100%)
Alignments already with CDR3 (no overlapping is performed): 28 (0.3%)
Successfully overlapped alignments: 0 (0%)
Left parts with too small N-region (failed to extract k-mer): 1019 (11.05%)
Extracted k-mer diversity: 35388
Dropped due to wildcard in k-mer: 0 (0%)
Dropped due to too short NRegion parts in overlap: 1 (0.01%)
Dropped overlaps with empty N region due to no complete NDN coverage: 0 (0%)
Number of left-side alignments: 5543 (60.13%)
Number of right-side alignments: 2189 (23.75%)
Complex overlaps: 0 (0%)
Over-overlaps: 3 (0.03%)
Partial alignments written to output: 9190 (99.7%)
====================
Running:
mixcr extend --report /hpc/pmc_vanboxtel/projects/TallFlow/3_Output/MIXCR4.3.2/Output/pt2322-DX1BM-TALL2/pt2322-DX1BM-TALL2_Receptor.extend.report.txt --json-report /hpc/pmc_vanboxtel/projects/TallFlow/3_Output/MIXCR4.3.2/Output/pt2322-DX1BM-TALL2/pt2322-DX1BM-TALL2_Receptor.extend.report.json /hpc/pmc_vanboxtel/projects/TallFlow/3_Output/MIXCR4.3.2/Output/pt2322-DX1BM-TALL2/pt2322-DX1BM-TALL2_Receptor.passembled.2.vdjca /hpc/pmc_vanboxtel/projects/TallFlow/3_Output/MIXCR4.3.2/Output/pt2322-DX1BM-TALL2/pt2322-DX1BM-TALL2_Receptor.extended.vdjca
Extending alignments: 0%
============== Extend Report ==============
Analysis time: 250ms
Extended alignments count: 4 (0.04%)
V extensions total: 0 (0%)
V extensions with merged targets: 0 (0%)
J extensions total: 4 (0.04%)
J extensions with merged targets: 0 (0%)
V+J extensions: 0 (0%)
Mean V extension length: NaN
Mean J extension length: 5.0
====================
Running:
mixcr assemble --report /hpc/pmc_vanboxtel/projects/TallFlow/3_Output/MIXCR4.3.2/Output/pt2322-DX1BM-TALL2/pt2322-DX1BM-TALL2_Receptor.assemble.report.txt --json-report /hpc/pmc_vanboxtel/projects/TallFlow/3_Output/MIXCR4.3.2/Output/pt2322-DX1BM-TALL2/pt2322-DX1BM-TALL2_Receptor.assemble.report.json /hpc/pmc_vanboxtel/projects/TallFlow/3_Output/MIXCR4.3.2/Output/pt2322-DX1BM-TALL2/pt2322-DX1BM-TALL2_Receptor.extended.vdjca /hpc/pmc_vanboxtel/projects/TallFlow/3_Output/MIXCR4.3.2/Output/pt2322-DX1BM-TALL2/pt2322-DX1BM-TALL2_Receptor.clna
Initialization: progress unknown
Initialization: progress unknown
============== Assemble Report ==============
Analysis time: 452ms
Final clonotype count: 4
Reads used in clonotypes, percent of total: 29 (0%)
Average number of reads per clonotype: 7.25
Reads dropped due to the lack of a clone sequence, percent of total: 9190 (1.29%)
Reads dropped due to a too short clonal sequence, percent of total: 0 (0%)
Reads dropped due to low quality, percent of total: 0 (0%)
Reads dropped due to failed mapping, percent of total: 0 (0%)
Reads dropped with low quality clones, percent of total: 0 (0%)
Reads used in clonotypes before clustering, percent of total: 29 (0%)
Number of reads used as a core, percent of used: 28 (96.55%)
Mapped low quality reads, percent of used: 1 (3.45%)
Reads clustered in PCR error correction, percent of used: 0 (0%)
Reads pre-clustered due to the similar VJC-lists, percent of used: 0 (0%)
Clonotypes dropped as low quality: 0
Clonotypes eliminated by PCR error correction: 0
Clonotypes pre-clustered due to the similar VJC-lists: 0
Clones dropped in post filtering: 0 (0%)
Reads dropped in post filtering: 0.0 (0%)
Alignments filtered by tag prefix: 0 (0%)
TRB chains: 2 (50%)
TRB non-functional: 0 (0%)
TRD chains: 1 (25%)
TRD non-functional: 1 (100%)
TRG chains: 1 (25%)
TRG non-functional: 0 (0%)
====================
Running:
mixcr assembleContigs --report /hpc/pmc_vanboxtel/projects/TallFlow/3_Output/MIXCR4.3.2/Output/pt2322-DX1BM-TALL2/pt2322-DX1BM-TALL2_Receptor.assembleContigs.report.txt --json-report /hpc/pmc_vanboxtel/projects/TallFlow/3_Output/MIXCR4.3.2/Output/pt2322-DX1BM-TALL2/pt2322-DX1BM-TALL2_Receptor.assembleContigs.report.json /hpc/pmc_vanboxtel/projects/TallFlow/3_Output/MIXCR4.3.2/Output/pt2322-DX1BM-TALL2/pt2322-DX1BM-TALL2_Receptor.clna /hpc/pmc_vanboxtel/projects/TallFlow/3_Output/MIXCR4.3.2/Output/pt2322-DX1BM-TALL2/pt2322-DX1BM-TALL2_Receptor.contigs.clns
Assembling contigs: 0%
============== AssembleContigs Report ==============
Analysis time: 254ms
Initial clonotype count: 4
Final clonotype count: 4 (100%)
Canceled assemblies: 0 (0%)
Number of premature termination assembly events, percent of number of initial clonotypes: 0.0 (0%)
Longest contig length: 653
Clustered variants: 0 (0%)
Reads in clustered variants: 0.0 (0%)
Reads in divided (newly created) clones: 0.0 (0%)
Clones with ambiguous letters in splitting region: 0 (0%)
Reads in clones with ambiguous letters in splitting region: 0.0 (0%)
Average number of ambiguous letters per clone with ambiguous letters in splitting region: NaN
====================
Running:
mixcr exportClones /hpc/pmc_vanboxtel/projects/TallFlow/3_Output/MIXCR4.3.2/Output/pt2322-DX1BM-TALL2/pt2322-DX1BM-TALL2_Receptor.contigs.clns /hpc/pmc_vanboxtel/projects/TallFlow/3_Output/MIXCR4.3.2/Output/pt2322-DX1BM-TALL2/pt2322-DX1BM-TALL2_Receptor.clones.tsv
Exporting TRB
Exporting clones: 0%
WARNING: Filtered 2 of 4 clones (50%).
WARNING: Filtered 18.0 of 29.0 reads (37.93%).
Exporting TRAD
Exporting clones: 0%
WARNING: Filtered 1 of 4 clones (75%).
WARNING: Filtered 4.0 of 29.0 reads (86.21%).
Exporting TRG
Exporting clones: 0%
WARNING: Filtered 1 of 4 clones (75%).
WARNING: Filtered 7.0 of 29.0 reads (75.86%).
Analysis finished successfully.
IMPORTANT: MiXCR will use at most 12000MB of RAM,
           use -Xmx to change automatically set heap size (i.e. -Xmx50g to set heap size to 50 Gb)
IMPORTANT: MiXCR will use at most 12000MB of RAM,
           use -Xmx to change automatically set heap size (i.e. -Xmx50g to set heap size to 50 Gb)
IMPORTANT: MiXCR will use at most 12000MB of RAM,
           use -Xmx to change automatically set heap size (i.e. -Xmx50g to set heap size to 50 Gb)
