INFO	2023-05-03 17:10:01	SamToFastq	

********** NOTE: Picard's command line syntax is changing.
**********
********** For more information, please see:
********** https://github.com/broadinstitute/picard/wiki/Command-Line-Syntax-Transition-For-Users-(Pre-Transition)
**********
********** The command line looks like this in the new syntax:
**********
**********    SamToFastq -INPUT /hpc/pmc_vanboxtel/projects/TallFlow/3_Output/MIXCR4.3.2/input/bam/pt2322-DX1BM-ALLBULK_dedup.bam -OUTPUT_DIR /hpc/pmc_vanboxtel/projects/TallFlow/3_Output/MIXCR4.3.2/input/fastq -RG_TAG ID -OUTPUT_PER_RG true
**********


17:10:01.509 INFO  NativeLibraryLoader - Loading libgkl_compression.so from jar:file:/hpc/local/CentOS7/pmc_vanboxtel/bin/picard-2.24.1/picard.jar!/com/intel/gkl/native/libgkl_compression.so
[Wed May 03 17:10:01 CEST 2023] SamToFastq INPUT=/hpc/pmc_vanboxtel/projects/TallFlow/3_Output/MIXCR4.3.2/input/bam/pt2322-DX1BM-ALLBULK_dedup.bam OUTPUT_PER_RG=true RG_TAG=ID OUTPUT_DIR=/hpc/pmc_vanboxtel/projects/TallFlow/3_Output/MIXCR4.3.2/input/fastq    COMPRESS_OUTPUTS_PER_RG=false RE_REVERSE=true INTERLEAVE=false INCLUDE_NON_PF_READS=false CLIPPING_MIN_LENGTH=0 READ1_TRIM=0 READ2_TRIM=0 INCLUDE_NON_PRIMARY_ALIGNMENTS=false VERBOSITY=INFO QUIET=false VALIDATION_STRINGENCY=STRICT COMPRESSION_LEVEL=5 MAX_RECORDS_IN_RAM=500000 CREATE_INDEX=false CREATE_MD5_FILE=false GA4GH_CLIENT_SECRETS=client_secrets.json USE_JDK_DEFLATER=false USE_JDK_INFLATER=false
[Wed May 03 17:10:01 CEST 2023] Executing as rhagelaar@n0091.compute.hpc on Linux 3.10.0-1160.83.1.el7.x86_64 amd64; Java HotSpot(TM) 64-Bit Server VM 1.8.0_60-b27; Deflater: Intel; Inflater: Intel; Provider GCS is not available; Picard version: 2.24.1
INFO	2023-05-03 17:10:11	SamToFastq	Processed     1,000,000 records.  Elapsed time: 00:00:10s.  Time for last 1,000,000:   10s.  Last read position: 7:38,886,680
INFO	2023-05-03 17:10:20	SamToFastq	Processed     2,000,000 records.  Elapsed time: 00:00:19s.  Time for last 1,000,000:    8s.  Last read position: 14:105,648,972
[Wed May 03 17:10:28 CEST 2023] picard.sam.SamToFastq done. Elapsed time: 0.45 minutes.
Runtime.totalMemory()=5854724096
To get help, see http://broadinstitute.github.io/picard/index.html#GettingHelp
Exception in thread "main" htsjdk.samtools.SAMFormatException: SAM validation error: ERROR::MATE_NOT_FOUND:Found 59704 unpaired mates
	at htsjdk.samtools.SAMUtils.processValidationError(SAMUtils.java:469)
	at picard.sam.SamToFastq.doWork(SamToFastq.java:225)
	at picard.cmdline.CommandLineProgram.instanceMain(CommandLineProgram.java:304)
	at picard.cmdline.PicardCommandLine.instanceMain(PicardCommandLine.java:103)
	at picard.cmdline.PicardCommandLine.main(PicardCommandLine.java:113)
/hpc/pmc_vanboxtel/projects/TallFlow/2_Code/MIXCR/
IMPORTANT: MiXCR will use at most 4169MB of RAM,
           use -Xmx to change automatically set heap size (i.e. -Xmx50g to set heap size to 50 Gb)
====================
Running:
mixcr align --report /hpc/pmc_vanboxtel/projects/TallFlow/3_Output/MIXCR4.3.2/Output/pt2322-DX1BM-ALLBULK/pt2322-DX1BM-ALLBULK_Receptor.align.report.txt --json-report /hpc/pmc_vanboxtel/projects/TallFlow/3_Output/MIXCR4.3.2/Output/pt2322-DX1BM-ALLBULK/pt2322-DX1BM-ALLBULK_Receptor.align.report.json --preset rnaseq-full-length --dna --species hsa /hpc/pmc_vanboxtel/projects/TallFlow/3_Output/MIXCR4.3.2/input/fastq/Merged/pt2322-DX1BM-ALLBULK_R1.fastq /hpc/pmc_vanboxtel/projects/TallFlow/3_Output/MIXCR4.3.2/input/fastq/Merged/pt2322-DX1BM-ALLBULK_R2.fastq /hpc/pmc_vanboxtel/projects/TallFlow/3_Output/MIXCR4.3.2/Output/pt2322-DX1BM-ALLBULK/pt2322-DX1BM-ALLBULK_Receptor.vdjca
Alignment: 0%
Alignment: 10%  ETA: 00:06:35
Alignment: 20.1%  ETA: 00:06:16
Alignment: 30.1%  ETA: 00:05:27
Alignment: 40.1%  ETA: 00:04:11
Alignment: 50.2%  ETA: 00:03:53
Alignment: 60.2%  ETA: 00:02:52
Alignment: 70.2%  ETA: 00:02:17
Alignment: 80.3%  ETA: 00:01:30
Alignment: 90.3%  ETA: 00:00:41
============== Align Report ==============
Analysis time: 7.68m
Total sequencing reads: 1319369
Successfully aligned reads: 15573 (1.18%)
Alignment failed: no hits (not TCR/IG?): 1063288 (80.59%)
Alignment failed: no CDR3 parts: 134617 (10.2%)
Alignment failed: low total score: 105891 (8.03%)
Overlapped: 113612 (8.61%)
Overlapped and aligned: 270 (0.02%)
Overlapped and not aligned: 113342 (8.59%)
Alignment-aided overlaps, percent of overlapped and aligned: 5 (1.85%)
No CDR3 parts alignments, percent of successfully aligned: 1948 (12.51%)
Partial aligned reads, percent of successfully aligned: 13580 (87.2%)
V gene chimeras: 242 (0.02%)
J gene chimeras: 194 (0.01%)
Paired-end alignment conflicts eliminated: 33 (0%)
Realigned with forced non-floating bound: 2411524 (182.78%)
Realigned with forced non-floating right bound in left read: 5355 (0.41%)
Realigned with forced non-floating left bound in right read: 5355 (0.41%)
TRA chains: 1938 (12.44%)
TRA non-functional: 1 (0.05%)
TRB chains: 1963 (12.61%)
TRB non-functional: 0 (0%)
TRD chains: 116 (0.74%)
TRD non-functional: 6 (5.17%)
TRG chains: 280 (1.8%)
TRG non-functional: 0 (0%)
TRAD chains: 1180 (7.58%)
TRAD non-functional: 0 (0%)
IGH chains: 4096 (26.3%)
IGH non-functional: 0 (0%)
IGK chains: 2965 (19.04%)
IGK non-functional: 0 (0%)
IGL chains: 3035 (19.49%)
IGL non-functional: 0 (0%)
Trimming report:
  R1 reads trimmed left: 1567 (0.12%)
  R1 reads trimmed right: 0 (0%)
  Average R1 nucleotides trimmed left: 0.002357187413073977
  Average R1 nucleotides trimmed right: 0.0
  R2 reads trimmed left: 69 (0.01%)
  R2 reads trimmed right: 7 (0%)
  Average R2 nucleotides trimmed left: 8.867875476837792E-5
  Average R2 nucleotides trimmed right: 5.305566524603807E-6
====================
Running:
mixcr assemblePartial --report /hpc/pmc_vanboxtel/projects/TallFlow/3_Output/MIXCR4.3.2/Output/pt2322-DX1BM-ALLBULK/pt2322-DX1BM-ALLBULK_Receptor.assemblePartial.report.txt --json-report /hpc/pmc_vanboxtel/projects/TallFlow/3_Output/MIXCR4.3.2/Output/pt2322-DX1BM-ALLBULK/pt2322-DX1BM-ALLBULK_Receptor.assemblePartial.report.json /hpc/pmc_vanboxtel/projects/TallFlow/3_Output/MIXCR4.3.2/Output/pt2322-DX1BM-ALLBULK/pt2322-DX1BM-ALLBULK_Receptor.vdjca /hpc/pmc_vanboxtel/projects/TallFlow/3_Output/MIXCR4.3.2/Output/pt2322-DX1BM-ALLBULK/pt2322-DX1BM-ALLBULK_Receptor.passembled.1.vdjca
Building index: 0%
Searching for overlaps: 0%
============== AssemblePartial Report ==============
Analysis time: 1.27s
Total alignments analysed: 15571
Number of output alignments: 15565 (99.96%)
Alignments already with CDR3 (no overlapping is performed): 48 (0.31%)
Successfully overlapped alignments: 6 (0.04%)
Left parts with too small N-region (failed to extract k-mer): 1856 (11.92%)
Extracted k-mer diversity: 40924
Dropped due to wildcard in k-mer: 0 (0%)
Dropped due to too short NRegion parts in overlap: 2 (0.01%)
Dropped overlaps with empty N region due to no complete NDN coverage: 0 (0%)
Number of left-side alignments: 9404 (60.39%)
Number of right-side alignments: 3656 (23.48%)
Complex overlaps: 0 (0%)
Over-overlaps: 23 (0.15%)
Partial alignments written to output: 15511 (99.61%)
====================
Running:
mixcr assemblePartial --report /hpc/pmc_vanboxtel/projects/TallFlow/3_Output/MIXCR4.3.2/Output/pt2322-DX1BM-ALLBULK/pt2322-DX1BM-ALLBULK_Receptor.assemblePartial.report.txt --json-report /hpc/pmc_vanboxtel/projects/TallFlow/3_Output/MIXCR4.3.2/Output/pt2322-DX1BM-ALLBULK/pt2322-DX1BM-ALLBULK_Receptor.assemblePartial.report.json /hpc/pmc_vanboxtel/projects/TallFlow/3_Output/MIXCR4.3.2/Output/pt2322-DX1BM-ALLBULK/pt2322-DX1BM-ALLBULK_Receptor.passembled.1.vdjca /hpc/pmc_vanboxtel/projects/TallFlow/3_Output/MIXCR4.3.2/Output/pt2322-DX1BM-ALLBULK/pt2322-DX1BM-ALLBULK_Receptor.passembled.2.vdjca
Building index: 0%
Searching for overlaps: 0%
============== AssemblePartial Report ==============
Analysis time: 929ms
Total alignments analysed: 15565
Number of output alignments: 15565 (100%)
Alignments already with CDR3 (no overlapping is performed): 54 (0.35%)
Successfully overlapped alignments: 0 (0%)
Left parts with too small N-region (failed to extract k-mer): 1856 (11.92%)
Extracted k-mer diversity: 40870
Dropped due to wildcard in k-mer: 0 (0%)
Dropped due to too short NRegion parts in overlap: 2 (0.01%)
Dropped overlaps with empty N region due to no complete NDN coverage: 0 (0%)
Number of left-side alignments: 9398 (60.38%)
Number of right-side alignments: 3650 (23.45%)
Complex overlaps: 0 (0%)
Over-overlaps: 23 (0.15%)
Partial alignments written to output: 15511 (99.65%)
====================
Running:
mixcr extend --report /hpc/pmc_vanboxtel/projects/TallFlow/3_Output/MIXCR4.3.2/Output/pt2322-DX1BM-ALLBULK/pt2322-DX1BM-ALLBULK_Receptor.extend.report.txt --json-report /hpc/pmc_vanboxtel/projects/TallFlow/3_Output/MIXCR4.3.2/Output/pt2322-DX1BM-ALLBULK/pt2322-DX1BM-ALLBULK_Receptor.extend.report.json /hpc/pmc_vanboxtel/projects/TallFlow/3_Output/MIXCR4.3.2/Output/pt2322-DX1BM-ALLBULK/pt2322-DX1BM-ALLBULK_Receptor.passembled.2.vdjca /hpc/pmc_vanboxtel/projects/TallFlow/3_Output/MIXCR4.3.2/Output/pt2322-DX1BM-ALLBULK/pt2322-DX1BM-ALLBULK_Receptor.extended.vdjca
Extending alignments: 0%
============== Extend Report ==============
Analysis time: 285ms
Extended alignments count: 3 (0.02%)
V extensions total: 0 (0%)
V extensions with merged targets: 0 (0%)
J extensions total: 3 (0.02%)
J extensions with merged targets: 0 (0%)
V+J extensions: 0 (0%)
Mean V extension length: NaN
Mean J extension length: 4.333333333333333
====================
Running:
mixcr assemble --report /hpc/pmc_vanboxtel/projects/TallFlow/3_Output/MIXCR4.3.2/Output/pt2322-DX1BM-ALLBULK/pt2322-DX1BM-ALLBULK_Receptor.assemble.report.txt --json-report /hpc/pmc_vanboxtel/projects/TallFlow/3_Output/MIXCR4.3.2/Output/pt2322-DX1BM-ALLBULK/pt2322-DX1BM-ALLBULK_Receptor.assemble.report.json /hpc/pmc_vanboxtel/projects/TallFlow/3_Output/MIXCR4.3.2/Output/pt2322-DX1BM-ALLBULK/pt2322-DX1BM-ALLBULK_Receptor.extended.vdjca /hpc/pmc_vanboxtel/projects/TallFlow/3_Output/MIXCR4.3.2/Output/pt2322-DX1BM-ALLBULK/pt2322-DX1BM-ALLBULK_Receptor.clna
Initialization: progress unknown
Initialization: progress unknown
============== Assemble Report ==============
Analysis time: 416ms
Final clonotype count: 6
Reads used in clonotypes, percent of total: 59 (0%)
Average number of reads per clonotype: 9.83
Reads dropped due to the lack of a clone sequence, percent of total: 15511 (1.18%)
Reads dropped due to a too short clonal sequence, percent of total: 0 (0%)
Reads dropped due to low quality, percent of total: 0 (0%)
Reads dropped due to failed mapping, percent of total: 1 (0%)
Reads dropped with low quality clones, percent of total: 0 (0%)
Reads used in clonotypes before clustering, percent of total: 59 (0%)
Number of reads used as a core, percent of used: 57 (96.61%)
Mapped low quality reads, percent of used: 2 (3.39%)
Reads clustered in PCR error correction, percent of used: 0 (0%)
Reads pre-clustered due to the similar VJC-lists, percent of used: 0 (0%)
Clonotypes dropped as low quality: 0
Clonotypes eliminated by PCR error correction: 0
Clonotypes pre-clustered due to the similar VJC-lists: 0
Clones dropped in post filtering: 0 (0%)
Reads dropped in post filtering: 0.0 (0%)
Alignments filtered by tag prefix: 0 (0%)
TRA chains: 1 (16.67%)
TRA non-functional: 1 (100%)
TRB chains: 2 (33.33%)
TRB non-functional: 0 (0%)
TRD chains: 1 (16.67%)
TRD non-functional: 1 (100%)
TRG chains: 1 (16.67%)
TRG non-functional: 0 (0%)
IGK chains: 1 (16.67%)
IGK non-functional: 0 (0%)
====================
Running:
mixcr assembleContigs --report /hpc/pmc_vanboxtel/projects/TallFlow/3_Output/MIXCR4.3.2/Output/pt2322-DX1BM-ALLBULK/pt2322-DX1BM-ALLBULK_Receptor.assembleContigs.report.txt --json-report /hpc/pmc_vanboxtel/projects/TallFlow/3_Output/MIXCR4.3.2/Output/pt2322-DX1BM-ALLBULK/pt2322-DX1BM-ALLBULK_Receptor.assembleContigs.report.json /hpc/pmc_vanboxtel/projects/TallFlow/3_Output/MIXCR4.3.2/Output/pt2322-DX1BM-ALLBULK/pt2322-DX1BM-ALLBULK_Receptor.clna /hpc/pmc_vanboxtel/projects/TallFlow/3_Output/MIXCR4.3.2/Output/pt2322-DX1BM-ALLBULK/pt2322-DX1BM-ALLBULK_Receptor.contigs.clns
Assembling contigs: 0%
============== AssembleContigs Report ==============
Analysis time: 188ms
Initial clonotype count: 6
Final clonotype count: 6 (100%)
Canceled assemblies: 0 (0%)
Number of premature termination assembly events, percent of number of initial clonotypes: 0.0 (0%)
Longest contig length: 840
Clustered variants: 0 (0%)
Reads in clustered variants: 0.0 (0%)
Reads in divided (newly created) clones: 0.0 (0%)
Clones with ambiguous letters in splitting region: 0 (0%)
Reads in clones with ambiguous letters in splitting region: 0.0 (0%)
Average number of ambiguous letters per clone with ambiguous letters in splitting region: NaN
====================
Running:
mixcr exportClones /hpc/pmc_vanboxtel/projects/TallFlow/3_Output/MIXCR4.3.2/Output/pt2322-DX1BM-ALLBULK/pt2322-DX1BM-ALLBULK_Receptor.contigs.clns /hpc/pmc_vanboxtel/projects/TallFlow/3_Output/MIXCR4.3.2/Output/pt2322-DX1BM-ALLBULK/pt2322-DX1BM-ALLBULK_Receptor.clones.tsv
Exporting TRB
Exporting clones: 0%
WARNING: Filtered 2 of 6 clones (66.67%).
WARNING: Filtered 26.0 of 59.0 reads (55.93%).
Exporting TRAD
Exporting clones: 0%
WARNING: Filtered 2 of 6 clones (66.67%).
WARNING: Filtered 17.0 of 59.0 reads (71.19%).
Exporting TRG
Exporting clones: 0%
WARNING: Filtered 1 of 6 clones (83.33%).
WARNING: Filtered 15.0 of 59.0 reads (74.58%).
Exporting IGK
Exporting clones: 0%
WARNING: Filtered 1 of 6 clones (83.33%).
WARNING: Filtered 1.0 of 59.0 reads (98.31%).
Analysis finished successfully.
IMPORTANT: MiXCR will use at most 4583MB of RAM,
           use -Xmx to change automatically set heap size (i.e. -Xmx50g to set heap size to 50 Gb)
IMPORTANT: MiXCR will use at most 4572MB of RAM,
           use -Xmx to change automatically set heap size (i.e. -Xmx50g to set heap size to 50 Gb)
IMPORTANT: MiXCR will use at most 4569MB of RAM,
           use -Xmx to change automatically set heap size (i.e. -Xmx50g to set heap size to 50 Gb)
