INFO	2023-05-03 17:11:07	SamToFastq	

********** NOTE: Picard's command line syntax is changing.
**********
********** For more information, please see:
********** https://github.com/broadinstitute/picard/wiki/Command-Line-Syntax-Transition-For-Users-(Pre-Transition)
**********
********** The command line looks like this in the new syntax:
**********
**********    SamToFastq -INPUT /hpc/pmc_vanboxtel/projects/TallFlow/3_Output/MIXCR4.3.2/input/bam/pt2322-DX1BM-ALLBULK-SPCD4_dedup.bam -OUTPUT_DIR /hpc/pmc_vanboxtel/projects/TallFlow/3_Output/MIXCR4.3.2/input/fastq -RG_TAG ID -OUTPUT_PER_RG true
**********


17:11:07.801 INFO  NativeLibraryLoader - Loading libgkl_compression.so from jar:file:/hpc/local/CentOS7/pmc_vanboxtel/bin/picard-2.24.1/picard.jar!/com/intel/gkl/native/libgkl_compression.so
[Wed May 03 17:11:07 CEST 2023] SamToFastq INPUT=/hpc/pmc_vanboxtel/projects/TallFlow/3_Output/MIXCR4.3.2/input/bam/pt2322-DX1BM-ALLBULK-SPCD4_dedup.bam OUTPUT_PER_RG=true RG_TAG=ID OUTPUT_DIR=/hpc/pmc_vanboxtel/projects/TallFlow/3_Output/MIXCR4.3.2/input/fastq    COMPRESS_OUTPUTS_PER_RG=false RE_REVERSE=true INTERLEAVE=false INCLUDE_NON_PF_READS=false CLIPPING_MIN_LENGTH=0 READ1_TRIM=0 READ2_TRIM=0 INCLUDE_NON_PRIMARY_ALIGNMENTS=false VERBOSITY=INFO QUIET=false VALIDATION_STRINGENCY=STRICT COMPRESSION_LEVEL=5 MAX_RECORDS_IN_RAM=500000 CREATE_INDEX=false CREATE_MD5_FILE=false GA4GH_CLIENT_SECRETS=client_secrets.json USE_JDK_DEFLATER=false USE_JDK_INFLATER=false
[Wed May 03 17:11:07 CEST 2023] Executing as rhagelaar@n0106.compute.hpc on Linux 3.10.0-1160.81.1.el7.x86_64 amd64; Java HotSpot(TM) 64-Bit Server VM 1.8.0_60-b27; Deflater: Intel; Inflater: Intel; Provider GCS is not available; Picard version: 2.24.1
INFO	2023-05-03 17:11:17	SamToFastq	Processed     1,000,000 records.  Elapsed time: 00:00:09s.  Time for last 1,000,000:    9s.  Last read position: 7:142,030,254
INFO	2023-05-03 17:11:25	SamToFastq	Processed     2,000,000 records.  Elapsed time: 00:00:18s.  Time for last 1,000,000:    8s.  Last read position: 14:105,950,081
[Wed May 03 17:11:32 CEST 2023] picard.sam.SamToFastq done. Elapsed time: 0.41 minutes.
Runtime.totalMemory()=5855248384
To get help, see http://broadinstitute.github.io/picard/index.html#GettingHelp
Exception in thread "main" htsjdk.samtools.SAMFormatException: SAM validation error: ERROR::MATE_NOT_FOUND:Found 58010 unpaired mates
	at htsjdk.samtools.SAMUtils.processValidationError(SAMUtils.java:469)
	at picard.sam.SamToFastq.doWork(SamToFastq.java:225)
	at picard.cmdline.CommandLineProgram.instanceMain(CommandLineProgram.java:304)
	at picard.cmdline.PicardCommandLine.instanceMain(PicardCommandLine.java:103)
	at picard.cmdline.PicardCommandLine.main(PicardCommandLine.java:113)
/hpc/pmc_vanboxtel/projects/TallFlow/2_Code/MIXCR/
IMPORTANT: MiXCR will use at most 11712MB of RAM,
           use -Xmx to change automatically set heap size (i.e. -Xmx50g to set heap size to 50 Gb)
====================
Running:
mixcr align --report /hpc/pmc_vanboxtel/projects/TallFlow/3_Output/MIXCR4.3.2/Output/pt2322-DX1BM-ALLBULK-SPCD4/pt2322-DX1BM-ALLBULK-SPCD4_Receptor.align.report.txt --json-report /hpc/pmc_vanboxtel/projects/TallFlow/3_Output/MIXCR4.3.2/Output/pt2322-DX1BM-ALLBULK-SPCD4/pt2322-DX1BM-ALLBULK-SPCD4_Receptor.align.report.json --preset rnaseq-full-length --dna --species hsa /hpc/pmc_vanboxtel/projects/TallFlow/3_Output/MIXCR4.3.2/input/fastq/Merged/pt2322-DX1BM-ALLBULK-SPCD4_R1.fastq /hpc/pmc_vanboxtel/projects/TallFlow/3_Output/MIXCR4.3.2/input/fastq/Merged/pt2322-DX1BM-ALLBULK-SPCD4_R2.fastq /hpc/pmc_vanboxtel/projects/TallFlow/3_Output/MIXCR4.3.2/Output/pt2322-DX1BM-ALLBULK-SPCD4/pt2322-DX1BM-ALLBULK-SPCD4_Receptor.vdjca
Alignment: 0%
Alignment: 10.5%  ETA: 00:06:09
Alignment: 21%  ETA: 00:05:27
Alignment: 31.4%  ETA: 00:04:30
Alignment: 41.9%  ETA: 00:03:42
Alignment: 52.4%  ETA: 00:03:20
Alignment: 62.9%  ETA: 00:02:18
Alignment: 73.4%  ETA: 00:01:47
Alignment: 83.8%  ETA: 00:01:01
Alignment: 94.3%  ETA: 00:00:22
============== Align Report ==============
Analysis time: 6.76m
Total sequencing reads: 1263386
Successfully aligned reads: 14575 (1.15%)
Alignment failed: no hits (not TCR/IG?): 1020187 (80.75%)
Alignment failed: no CDR3 parts: 127271 (10.07%)
Alignment failed: low total score: 101353 (8.02%)
Overlapped: 114685 (9.08%)
Overlapped and aligned: 241 (0.02%)
Overlapped and not aligned: 114444 (9.06%)
Alignment-aided overlaps, percent of overlapped and aligned: 5 (2.07%)
No CDR3 parts alignments, percent of successfully aligned: 1831 (12.56%)
Partial aligned reads, percent of successfully aligned: 12688 (87.05%)
V gene chimeras: 254 (0.02%)
J gene chimeras: 189 (0.01%)
Paired-end alignment conflicts eliminated: 18 (0%)
Realigned with forced non-floating bound: 2297412 (181.85%)
Realigned with forced non-floating right bound in left read: 4888 (0.39%)
Realigned with forced non-floating left bound in right read: 4888 (0.39%)
TRA chains: 1893 (12.99%)
TRA non-functional: 1 (0.05%)
TRB chains: 1704 (11.69%)
TRB non-functional: 0 (0%)
TRD chains: 113 (0.78%)
TRD non-functional: 14 (12.39%)
TRG chains: 253 (1.74%)
TRG non-functional: 0 (0%)
TRAD chains: 1112 (7.63%)
TRAD non-functional: 0 (0%)
IGH chains: 3873 (26.57%)
IGH non-functional: 0 (0%)
IGK chains: 2724 (18.69%)
IGK non-functional: 0 (0%)
IGL chains: 2903 (19.92%)
IGL non-functional: 0 (0%)
Trimming report:
  R1 reads trimmed left: 1329 (0.11%)
  R1 reads trimmed right: 4 (0%)
  Average R1 nucleotides trimmed left: 0.002138697120278363
  Average R1 nucleotides trimmed right: 1.7176064955603434E-4
  R2 reads trimmed left: 407 (0.03%)
  R2 reads trimmed right: 3 (0%)
  Average R2 nucleotides trimmed left: 7.250357372964399E-4
  Average R2 nucleotides trimmed right: 6.015580353114567E-5
====================
Running:
mixcr assemblePartial --report /hpc/pmc_vanboxtel/projects/TallFlow/3_Output/MIXCR4.3.2/Output/pt2322-DX1BM-ALLBULK-SPCD4/pt2322-DX1BM-ALLBULK-SPCD4_Receptor.assemblePartial.report.txt --json-report /hpc/pmc_vanboxtel/projects/TallFlow/3_Output/MIXCR4.3.2/Output/pt2322-DX1BM-ALLBULK-SPCD4/pt2322-DX1BM-ALLBULK-SPCD4_Receptor.assemblePartial.report.json /hpc/pmc_vanboxtel/projects/TallFlow/3_Output/MIXCR4.3.2/Output/pt2322-DX1BM-ALLBULK-SPCD4/pt2322-DX1BM-ALLBULK-SPCD4_Receptor.vdjca /hpc/pmc_vanboxtel/projects/TallFlow/3_Output/MIXCR4.3.2/Output/pt2322-DX1BM-ALLBULK-SPCD4/pt2322-DX1BM-ALLBULK-SPCD4_Receptor.passembled.1.vdjca
Building index: 0%
Searching for overlaps: 0%
============== AssemblePartial Report ==============
Analysis time: 1.17s
Total alignments analysed: 14574
Number of output alignments: 14573 (99.99%)
Alignments already with CDR3 (no overlapping is performed): 62 (0.43%)
Successfully overlapped alignments: 1 (0.01%)
Left parts with too small N-region (failed to extract k-mer): 1670 (11.46%)
Extracted k-mer diversity: 43183
Dropped due to wildcard in k-mer: 0 (0%)
Dropped due to too short NRegion parts in overlap: 4 (0.03%)
Dropped overlaps with empty N region due to no complete NDN coverage: 0 (0%)
Number of left-side alignments: 8810 (60.45%)
Number of right-side alignments: 3472 (23.82%)
Complex overlaps: 0 (0%)
Over-overlaps: 18 (0.12%)
Partial alignments written to output: 14510 (99.56%)
====================
Running:
mixcr assemblePartial --report /hpc/pmc_vanboxtel/projects/TallFlow/3_Output/MIXCR4.3.2/Output/pt2322-DX1BM-ALLBULK-SPCD4/pt2322-DX1BM-ALLBULK-SPCD4_Receptor.assemblePartial.report.txt --json-report /hpc/pmc_vanboxtel/projects/TallFlow/3_Output/MIXCR4.3.2/Output/pt2322-DX1BM-ALLBULK-SPCD4/pt2322-DX1BM-ALLBULK-SPCD4_Receptor.assemblePartial.report.json /hpc/pmc_vanboxtel/projects/TallFlow/3_Output/MIXCR4.3.2/Output/pt2322-DX1BM-ALLBULK-SPCD4/pt2322-DX1BM-ALLBULK-SPCD4_Receptor.passembled.1.vdjca /hpc/pmc_vanboxtel/projects/TallFlow/3_Output/MIXCR4.3.2/Output/pt2322-DX1BM-ALLBULK-SPCD4/pt2322-DX1BM-ALLBULK-SPCD4_Receptor.passembled.2.vdjca
Building index: 17.2%
Searching for overlaps: 0%
============== AssemblePartial Report ==============
Analysis time: 1.02s
Total alignments analysed: 14573
Number of output alignments: 14573 (100%)
Alignments already with CDR3 (no overlapping is performed): 63 (0.43%)
Successfully overlapped alignments: 0 (0%)
Left parts with too small N-region (failed to extract k-mer): 1670 (11.46%)
Extracted k-mer diversity: 43174
Dropped due to wildcard in k-mer: 0 (0%)
Dropped due to too short NRegion parts in overlap: 4 (0.03%)
Dropped overlaps with empty N region due to no complete NDN coverage: 0 (0%)
Number of left-side alignments: 8809 (60.45%)
Number of right-side alignments: 3471 (23.82%)
Complex overlaps: 0 (0%)
Over-overlaps: 18 (0.12%)
Partial alignments written to output: 14510 (99.57%)
====================
Running:
mixcr extend --report /hpc/pmc_vanboxtel/projects/TallFlow/3_Output/MIXCR4.3.2/Output/pt2322-DX1BM-ALLBULK-SPCD4/pt2322-DX1BM-ALLBULK-SPCD4_Receptor.extend.report.txt --json-report /hpc/pmc_vanboxtel/projects/TallFlow/3_Output/MIXCR4.3.2/Output/pt2322-DX1BM-ALLBULK-SPCD4/pt2322-DX1BM-ALLBULK-SPCD4_Receptor.extend.report.json /hpc/pmc_vanboxtel/projects/TallFlow/3_Output/MIXCR4.3.2/Output/pt2322-DX1BM-ALLBULK-SPCD4/pt2322-DX1BM-ALLBULK-SPCD4_Receptor.passembled.2.vdjca /hpc/pmc_vanboxtel/projects/TallFlow/3_Output/MIXCR4.3.2/Output/pt2322-DX1BM-ALLBULK-SPCD4/pt2322-DX1BM-ALLBULK-SPCD4_Receptor.extended.vdjca
Extending alignments: 0%
============== Extend Report ==============
Analysis time: 427ms
Extended alignments count: 6 (0.04%)
V extensions total: 1 (0.01%)
V extensions with merged targets: 0 (0%)
J extensions total: 5 (0.03%)
J extensions with merged targets: 0 (0%)
V+J extensions: 0 (0%)
Mean V extension length: 4.0
Mean J extension length: 3.2
====================
Running:
mixcr assemble --report /hpc/pmc_vanboxtel/projects/TallFlow/3_Output/MIXCR4.3.2/Output/pt2322-DX1BM-ALLBULK-SPCD4/pt2322-DX1BM-ALLBULK-SPCD4_Receptor.assemble.report.txt --json-report /hpc/pmc_vanboxtel/projects/TallFlow/3_Output/MIXCR4.3.2/Output/pt2322-DX1BM-ALLBULK-SPCD4/pt2322-DX1BM-ALLBULK-SPCD4_Receptor.assemble.report.json /hpc/pmc_vanboxtel/projects/TallFlow/3_Output/MIXCR4.3.2/Output/pt2322-DX1BM-ALLBULK-SPCD4/pt2322-DX1BM-ALLBULK-SPCD4_Receptor.extended.vdjca /hpc/pmc_vanboxtel/projects/TallFlow/3_Output/MIXCR4.3.2/Output/pt2322-DX1BM-ALLBULK-SPCD4/pt2322-DX1BM-ALLBULK-SPCD4_Receptor.clna
Initialization: progress unknown
Initialization: progress unknown
============== Assemble Report ==============
Analysis time: 550ms
Final clonotype count: 8
Reads used in clonotypes, percent of total: 64 (0.01%)
Average number of reads per clonotype: 8
Reads dropped due to the lack of a clone sequence, percent of total: 14510 (1.15%)
Reads dropped due to a too short clonal sequence, percent of total: 0 (0%)
Reads dropped due to low quality, percent of total: 0 (0%)
Reads dropped due to failed mapping, percent of total: 0 (0%)
Reads dropped with low quality clones, percent of total: 0 (0%)
Reads used in clonotypes before clustering, percent of total: 64 (0.01%)
Number of reads used as a core, percent of used: 62 (96.88%)
Mapped low quality reads, percent of used: 2 (3.12%)
Reads clustered in PCR error correction, percent of used: 0 (0%)
Reads pre-clustered due to the similar VJC-lists, percent of used: 0 (0%)
Clonotypes dropped as low quality: 0
Clonotypes eliminated by PCR error correction: 0
Clonotypes pre-clustered due to the similar VJC-lists: 0
Clones dropped in post filtering: 0 (0%)
Reads dropped in post filtering: 0.0 (0%)
Alignments filtered by tag prefix: 0 (0%)
TRA chains: 2 (25%)
TRA non-functional: 1 (50%)
TRB chains: 2 (25%)
TRB non-functional: 0 (0%)
TRD chains: 1 (12.5%)
TRD non-functional: 1 (100%)
TRG chains: 1 (12.5%)
TRG non-functional: 0 (0%)
IGK chains: 1 (12.5%)
IGK non-functional: 0 (0%)
IGL chains: 1 (12.5%)
IGL non-functional: 0 (0%)
====================
Running:
mixcr assembleContigs --report /hpc/pmc_vanboxtel/projects/TallFlow/3_Output/MIXCR4.3.2/Output/pt2322-DX1BM-ALLBULK-SPCD4/pt2322-DX1BM-ALLBULK-SPCD4_Receptor.assembleContigs.report.txt --json-report /hpc/pmc_vanboxtel/projects/TallFlow/3_Output/MIXCR4.3.2/Output/pt2322-DX1BM-ALLBULK-SPCD4/pt2322-DX1BM-ALLBULK-SPCD4_Receptor.assembleContigs.report.json /hpc/pmc_vanboxtel/projects/TallFlow/3_Output/MIXCR4.3.2/Output/pt2322-DX1BM-ALLBULK-SPCD4/pt2322-DX1BM-ALLBULK-SPCD4_Receptor.clna /hpc/pmc_vanboxtel/projects/TallFlow/3_Output/MIXCR4.3.2/Output/pt2322-DX1BM-ALLBULK-SPCD4/pt2322-DX1BM-ALLBULK-SPCD4_Receptor.contigs.clns
Assembling contigs: 0%
============== AssembleContigs Report ==============
Analysis time: 270ms
Initial clonotype count: 8
Final clonotype count: 8 (100%)
Canceled assemblies: 0 (0%)
Number of premature termination assembly events, percent of number of initial clonotypes: 0.0 (0%)
Longest contig length: 804
Clustered variants: 0 (0%)
Reads in clustered variants: 0.0 (0%)
Reads in divided (newly created) clones: 0.0 (0%)
Clones with ambiguous letters in splitting region: 0 (0%)
Reads in clones with ambiguous letters in splitting region: 0.0 (0%)
Average number of ambiguous letters per clone with ambiguous letters in splitting region: NaN
====================
Running:
mixcr exportClones /hpc/pmc_vanboxtel/projects/TallFlow/3_Output/MIXCR4.3.2/Output/pt2322-DX1BM-ALLBULK-SPCD4/pt2322-DX1BM-ALLBULK-SPCD4_Receptor.contigs.clns /hpc/pmc_vanboxtel/projects/TallFlow/3_Output/MIXCR4.3.2/Output/pt2322-DX1BM-ALLBULK-SPCD4/pt2322-DX1BM-ALLBULK-SPCD4_Receptor.clones.tsv
Exporting TRB
Exporting clones: 0%
WARNING: Filtered 2 of 8 clones (75%).
WARNING: Filtered 26.0 of 64.0 reads (59.38%).
Exporting TRAD
Exporting clones: 0%
WARNING: Filtered 3 of 8 clones (62.5%).
WARNING: Filtered 21.0 of 64.0 reads (67.19%).
Exporting TRG
Exporting clones: 0%
WARNING: Filtered 1 of 8 clones (87.5%).
WARNING: Filtered 14.0 of 64.0 reads (78.12%).
Exporting IGL
Exporting clones: 0%
WARNING: Filtered 1 of 8 clones (87.5%).
WARNING: Filtered 1.0 of 64.0 reads (98.44%).
Exporting IGK
Exporting clones: 0%
WARNING: Filtered 1 of 8 clones (87.5%).
WARNING: Filtered 2.0 of 64.0 reads (96.88%).
Analysis finished successfully.
IMPORTANT: MiXCR will use at most 8249MB of RAM,
           use -Xmx to change automatically set heap size (i.e. -Xmx50g to set heap size to 50 Gb)
IMPORTANT: MiXCR will use at most 6851MB of RAM,
           use -Xmx to change automatically set heap size (i.e. -Xmx50g to set heap size to 50 Gb)
IMPORTANT: MiXCR will use at most 6184MB of RAM,
           use -Xmx to change automatically set heap size (i.e. -Xmx50g to set heap size to 50 Gb)
