INFO	2023-05-03 17:18:02	SamToFastq	

********** NOTE: Picard's command line syntax is changing.
**********
********** For more information, please see:
********** https://github.com/broadinstitute/picard/wiki/Command-Line-Syntax-Transition-For-Users-(Pre-Transition)
**********
********** The command line looks like this in the new syntax:
**********
**********    SamToFastq -INPUT /hpc/pmc_vanboxtel/projects/TallFlow/3_Output/MIXCR4.3.2/input/bam/pt2283R-DX1BM-ALLBULK-DN_dedup.bam -OUTPUT_DIR /hpc/pmc_vanboxtel/projects/TallFlow/3_Output/MIXCR4.3.2/input/fastq -RG_TAG ID -OUTPUT_PER_RG true
**********


17:18:02.631 INFO  NativeLibraryLoader - Loading libgkl_compression.so from jar:file:/hpc/local/CentOS7/pmc_vanboxtel/bin/picard-2.24.1/picard.jar!/com/intel/gkl/native/libgkl_compression.so
[Wed May 03 17:18:02 CEST 2023] SamToFastq INPUT=/hpc/pmc_vanboxtel/projects/TallFlow/3_Output/MIXCR4.3.2/input/bam/pt2283R-DX1BM-ALLBULK-DN_dedup.bam OUTPUT_PER_RG=true RG_TAG=ID OUTPUT_DIR=/hpc/pmc_vanboxtel/projects/TallFlow/3_Output/MIXCR4.3.2/input/fastq    COMPRESS_OUTPUTS_PER_RG=false RE_REVERSE=true INTERLEAVE=false INCLUDE_NON_PF_READS=false CLIPPING_MIN_LENGTH=0 READ1_TRIM=0 READ2_TRIM=0 INCLUDE_NON_PRIMARY_ALIGNMENTS=false VERBOSITY=INFO QUIET=false VALIDATION_STRINGENCY=STRICT COMPRESSION_LEVEL=5 MAX_RECORDS_IN_RAM=500000 CREATE_INDEX=false CREATE_MD5_FILE=false GA4GH_CLIENT_SECRETS=client_secrets.json USE_JDK_DEFLATER=false USE_JDK_INFLATER=false
[Wed May 03 17:18:02 CEST 2023] Executing as rhagelaar@n0106.compute.hpc on Linux 3.10.0-1160.81.1.el7.x86_64 amd64; Java HotSpot(TM) 64-Bit Server VM 1.8.0_60-b27; Deflater: Intel; Inflater: Intel; Provider GCS is not available; Picard version: 2.24.1
INFO	2023-05-03 17:18:11	SamToFastq	Processed     1,000,000 records.  Elapsed time: 00:00:09s.  Time for last 1,000,000:    9s.  Last read position: 7:142,018,189
INFO	2023-05-03 17:18:19	SamToFastq	Processed     2,000,000 records.  Elapsed time: 00:00:16s.  Time for last 1,000,000:    7s.  Last read position: 14:106,539,357
[Wed May 03 17:18:24 CEST 2023] picard.sam.SamToFastq done. Elapsed time: 0.36 minutes.
Runtime.totalMemory()=5851054080
To get help, see http://broadinstitute.github.io/picard/index.html#GettingHelp
Exception in thread "main" htsjdk.samtools.SAMFormatException: SAM validation error: ERROR::MATE_NOT_FOUND:Found 54637 unpaired mates
	at htsjdk.samtools.SAMUtils.processValidationError(SAMUtils.java:469)
	at picard.sam.SamToFastq.doWork(SamToFastq.java:225)
	at picard.cmdline.CommandLineProgram.instanceMain(CommandLineProgram.java:304)
	at picard.cmdline.PicardCommandLine.instanceMain(PicardCommandLine.java:103)
	at picard.cmdline.PicardCommandLine.main(PicardCommandLine.java:113)
/hpc/pmc_vanboxtel/projects/TallFlow/2_Code/MIXCR/
IMPORTANT: MiXCR will use at most 4316MB of RAM,
           use -Xmx to change automatically set heap size (i.e. -Xmx50g to set heap size to 50 Gb)
====================
Running:
mixcr align --report /hpc/pmc_vanboxtel/projects/TallFlow/3_Output/MIXCR4.3.2/Output/pt2283R-DX1BM-ALLBULK-DN/pt2283R-DX1BM-ALLBULK-DN_Receptor.align.report.txt --json-report /hpc/pmc_vanboxtel/projects/TallFlow/3_Output/MIXCR4.3.2/Output/pt2283R-DX1BM-ALLBULK-DN/pt2283R-DX1BM-ALLBULK-DN_Receptor.align.report.json --preset rnaseq-full-length --dna --species hsa /hpc/pmc_vanboxtel/projects/TallFlow/3_Output/MIXCR4.3.2/input/fastq/Merged/pt2283R-DX1BM-ALLBULK-DN_R1.fastq /hpc/pmc_vanboxtel/projects/TallFlow/3_Output/MIXCR4.3.2/input/fastq/Merged/pt2283R-DX1BM-ALLBULK-DN_R2.fastq /hpc/pmc_vanboxtel/projects/TallFlow/3_Output/MIXCR4.3.2/Output/pt2283R-DX1BM-ALLBULK-DN/pt2283R-DX1BM-ALLBULK-DN_Receptor.vdjca
Alignment: 0%
Alignment: 10.2%  ETA: 00:05:46
Alignment: 20.4%  ETA: 00:05:16
Alignment: 30.6%  ETA: 00:04:42
Alignment: 40.7%  ETA: 00:03:41
Alignment: 50.9%  ETA: 00:03:30
Alignment: 61.1%  ETA: 00:02:21
Alignment: 71.3%  ETA: 00:02:01
Alignment: 81.5%  ETA: 00:01:16
Alignment: 91.7%  ETA: 00:00:32
============== Align Report ==============
Analysis time: 6.83m
Total sequencing reads: 1181725
Successfully aligned reads: 11137 (0.94%)
Alignment failed: no hits (not TCR/IG?): 958045 (81.07%)
Alignment failed: no CDR3 parts: 118405 (10.02%)
Alignment failed: low total score: 94138 (7.97%)
Overlapped: 129279 (10.94%)
Overlapped and aligned: 233 (0.02%)
Overlapped and not aligned: 129046 (10.92%)
Alignment-aided overlaps, percent of overlapped and aligned: 6 (2.58%)
No CDR3 parts alignments, percent of successfully aligned: 1537 (13.8%)
Partial aligned reads, percent of successfully aligned: 9469 (85.02%)
V gene chimeras: 230 (0.02%)
J gene chimeras: 64 (0.01%)
Paired-end alignment conflicts eliminated: 23 (0%)
Realigned with forced non-floating bound: 2104904 (178.12%)
Realigned with forced non-floating right bound in left read: 4914 (0.42%)
Realigned with forced non-floating left bound in right read: 4914 (0.42%)
TRA chains: 441 (3.96%)
TRA non-functional: 11 (2.49%)
TRB chains: 888 (7.97%)
TRB non-functional: 18 (2.03%)
TRD chains: 2 (0.02%)
TRD non-functional: 0 (0%)
TRG chains: 129 (1.16%)
TRG non-functional: 27 (20.93%)
TRAD chains: 313 (2.81%)
TRAD non-functional: 0 (0%)
IGH chains: 3865 (34.7%)
IGH non-functional: 2 (0.05%)
IGK chains: 2706 (24.3%)
IGK non-functional: 3 (0.11%)
IGL chains: 2793 (25.08%)
IGL non-functional: 1 (0.04%)
Trimming report:
  R1 reads trimmed left: 2379 (0.2%)
  R1 reads trimmed right: 17 (0%)
  Average R1 nucleotides trimmed left: 0.0039738517844676215
  Average R1 nucleotides trimmed right: 1.4385749645645137E-5
  R2 reads trimmed left: 895 (0.08%)
  R2 reads trimmed right: 0 (0%)
  Average R2 nucleotides trimmed left: 8.284499354756817E-4
  Average R2 nucleotides trimmed right: 0.0
====================
Running:
mixcr assemblePartial --report /hpc/pmc_vanboxtel/projects/TallFlow/3_Output/MIXCR4.3.2/Output/pt2283R-DX1BM-ALLBULK-DN/pt2283R-DX1BM-ALLBULK-DN_Receptor.assemblePartial.report.txt --json-report /hpc/pmc_vanboxtel/projects/TallFlow/3_Output/MIXCR4.3.2/Output/pt2283R-DX1BM-ALLBULK-DN/pt2283R-DX1BM-ALLBULK-DN_Receptor.assemblePartial.report.json /hpc/pmc_vanboxtel/projects/TallFlow/3_Output/MIXCR4.3.2/Output/pt2283R-DX1BM-ALLBULK-DN/pt2283R-DX1BM-ALLBULK-DN_Receptor.vdjca /hpc/pmc_vanboxtel/projects/TallFlow/3_Output/MIXCR4.3.2/Output/pt2283R-DX1BM-ALLBULK-DN/pt2283R-DX1BM-ALLBULK-DN_Receptor.passembled.1.vdjca
Building index: 0%
Searching for overlaps: 0%
============== AssemblePartial Report ==============
Analysis time: 1.08s
Total alignments analysed: 11137
Number of output alignments: 11130 (99.94%)
Alignments already with CDR3 (no overlapping is performed): 143 (1.28%)
Successfully overlapped alignments: 7 (0.06%)
Left parts with too small N-region (failed to extract k-mer): 1437 (12.9%)
Extracted k-mer diversity: 34158
Dropped due to wildcard in k-mer: 0 (0%)
Dropped due to too short NRegion parts in overlap: 1 (0.01%)
Dropped overlaps with empty N region due to no complete NDN coverage: 0 (0%)
Number of left-side alignments: 7528 (67.59%)
Number of right-side alignments: 1570 (14.1%)
Complex overlaps: 0 (0%)
Over-overlaps: 9 (0.08%)
Partial alignments written to output: 10980 (98.59%)
====================
Running:
mixcr assemblePartial --report /hpc/pmc_vanboxtel/projects/TallFlow/3_Output/MIXCR4.3.2/Output/pt2283R-DX1BM-ALLBULK-DN/pt2283R-DX1BM-ALLBULK-DN_Receptor.assemblePartial.report.txt --json-report /hpc/pmc_vanboxtel/projects/TallFlow/3_Output/MIXCR4.3.2/Output/pt2283R-DX1BM-ALLBULK-DN/pt2283R-DX1BM-ALLBULK-DN_Receptor.assemblePartial.report.json /hpc/pmc_vanboxtel/projects/TallFlow/3_Output/MIXCR4.3.2/Output/pt2283R-DX1BM-ALLBULK-DN/pt2283R-DX1BM-ALLBULK-DN_Receptor.passembled.1.vdjca /hpc/pmc_vanboxtel/projects/TallFlow/3_Output/MIXCR4.3.2/Output/pt2283R-DX1BM-ALLBULK-DN/pt2283R-DX1BM-ALLBULK-DN_Receptor.passembled.2.vdjca
Building index: 0%
Searching for overlaps: 0%
============== AssemblePartial Report ==============
Analysis time: 776ms
Total alignments analysed: 11130
Number of output alignments: 11130 (100%)
Alignments already with CDR3 (no overlapping is performed): 150 (1.35%)
Successfully overlapped alignments: 0 (0%)
Left parts with too small N-region (failed to extract k-mer): 1437 (12.91%)
Extracted k-mer diversity: 34121
Dropped due to wildcard in k-mer: 0 (0%)
Dropped due to too short NRegion parts in overlap: 0 (0%)
Dropped overlaps with empty N region due to no complete NDN coverage: 0 (0%)
Number of left-side alignments: 7521 (67.57%)
Number of right-side alignments: 1563 (14.04%)
Complex overlaps: 0 (0%)
Over-overlaps: 9 (0.08%)
Partial alignments written to output: 10980 (98.65%)
====================
Running:
mixcr extend --report /hpc/pmc_vanboxtel/projects/TallFlow/3_Output/MIXCR4.3.2/Output/pt2283R-DX1BM-ALLBULK-DN/pt2283R-DX1BM-ALLBULK-DN_Receptor.extend.report.txt --json-report /hpc/pmc_vanboxtel/projects/TallFlow/3_Output/MIXCR4.3.2/Output/pt2283R-DX1BM-ALLBULK-DN/pt2283R-DX1BM-ALLBULK-DN_Receptor.extend.report.json /hpc/pmc_vanboxtel/projects/TallFlow/3_Output/MIXCR4.3.2/Output/pt2283R-DX1BM-ALLBULK-DN/pt2283R-DX1BM-ALLBULK-DN_Receptor.passembled.2.vdjca /hpc/pmc_vanboxtel/projects/TallFlow/3_Output/MIXCR4.3.2/Output/pt2283R-DX1BM-ALLBULK-DN/pt2283R-DX1BM-ALLBULK-DN_Receptor.extended.vdjca
Extending alignments: 0%
============== Extend Report ==============
Analysis time: 310ms
Extended alignments count: 6 (0.05%)
V extensions total: 1 (0.01%)
V extensions with merged targets: 0 (0%)
J extensions total: 5 (0.04%)
J extensions with merged targets: 0 (0%)
V+J extensions: 0 (0%)
Mean V extension length: 1.0
Mean J extension length: 10.4
====================
Running:
mixcr assemble --report /hpc/pmc_vanboxtel/projects/TallFlow/3_Output/MIXCR4.3.2/Output/pt2283R-DX1BM-ALLBULK-DN/pt2283R-DX1BM-ALLBULK-DN_Receptor.assemble.report.txt --json-report /hpc/pmc_vanboxtel/projects/TallFlow/3_Output/MIXCR4.3.2/Output/pt2283R-DX1BM-ALLBULK-DN/pt2283R-DX1BM-ALLBULK-DN_Receptor.assemble.report.json /hpc/pmc_vanboxtel/projects/TallFlow/3_Output/MIXCR4.3.2/Output/pt2283R-DX1BM-ALLBULK-DN/pt2283R-DX1BM-ALLBULK-DN_Receptor.extended.vdjca /hpc/pmc_vanboxtel/projects/TallFlow/3_Output/MIXCR4.3.2/Output/pt2283R-DX1BM-ALLBULK-DN/pt2283R-DX1BM-ALLBULK-DN_Receptor.clna
Initialization: progress unknown
Initialization: progress unknown
============== Assemble Report ==============
Analysis time: 389ms
Final clonotype count: 13
Reads used in clonotypes, percent of total: 89 (0.01%)
Average number of reads per clonotype: 6.85
Reads dropped due to the lack of a clone sequence, percent of total: 10986 (0.93%)
Reads dropped due to a too short clonal sequence, percent of total: 0 (0%)
Reads dropped due to low quality, percent of total: 0 (0%)
Reads dropped due to failed mapping, percent of total: 62 (0.01%)
Reads dropped with low quality clones, percent of total: 0 (0%)
Reads used in clonotypes before clustering, percent of total: 89 (0.01%)
Number of reads used as a core, percent of used: 85 (95.51%)
Mapped low quality reads, percent of used: 4 (4.49%)
Reads clustered in PCR error correction, percent of used: 0 (0%)
Reads pre-clustered due to the similar VJC-lists, percent of used: 0 (0%)
Clonotypes dropped as low quality: 0
Clonotypes eliminated by PCR error correction: 0
Clonotypes pre-clustered due to the similar VJC-lists: 0
Clones dropped in post filtering: 0 (0%)
Reads dropped in post filtering: 0.0 (0%)
Alignments filtered by tag prefix: 0 (0%)
TRA chains: 5 (38.46%)
TRA non-functional: 4 (80%)
TRB chains: 2 (15.38%)
TRB non-functional: 1 (50%)
TRG chains: 2 (15.38%)
TRG non-functional: 2 (100%)
IGH chains: 1 (7.69%)
IGH non-functional: 0 (0%)
IGK chains: 2 (15.38%)
IGK non-functional: 0 (0%)
IGL chains: 1 (7.69%)
IGL non-functional: 0 (0%)
====================
Running:
mixcr assembleContigs --report /hpc/pmc_vanboxtel/projects/TallFlow/3_Output/MIXCR4.3.2/Output/pt2283R-DX1BM-ALLBULK-DN/pt2283R-DX1BM-ALLBULK-DN_Receptor.assembleContigs.report.txt --json-report /hpc/pmc_vanboxtel/projects/TallFlow/3_Output/MIXCR4.3.2/Output/pt2283R-DX1BM-ALLBULK-DN/pt2283R-DX1BM-ALLBULK-DN_Receptor.assembleContigs.report.json /hpc/pmc_vanboxtel/projects/TallFlow/3_Output/MIXCR4.3.2/Output/pt2283R-DX1BM-ALLBULK-DN/pt2283R-DX1BM-ALLBULK-DN_Receptor.clna /hpc/pmc_vanboxtel/projects/TallFlow/3_Output/MIXCR4.3.2/Output/pt2283R-DX1BM-ALLBULK-DN/pt2283R-DX1BM-ALLBULK-DN_Receptor.contigs.clns
Assembling contigs: 0%
============== AssembleContigs Report ==============
Analysis time: 273ms
Initial clonotype count: 13
Final clonotype count: 13 (100%)
Canceled assemblies: 0 (0%)
Number of premature termination assembly events, percent of number of initial clonotypes: 0.0 (0%)
Longest contig length: 764
Clustered variants: 0 (0%)
Reads in clustered variants: 0.0 (0%)
Reads in divided (newly created) clones: 0.0 (0%)
Clones with ambiguous letters in splitting region: 0 (0%)
Reads in clones with ambiguous letters in splitting region: 0.0 (0%)
Average number of ambiguous letters per clone with ambiguous letters in splitting region: NaN
====================
Running:
mixcr exportClones /hpc/pmc_vanboxtel/projects/TallFlow/3_Output/MIXCR4.3.2/Output/pt2283R-DX1BM-ALLBULK-DN/pt2283R-DX1BM-ALLBULK-DN_Receptor.contigs.clns /hpc/pmc_vanboxtel/projects/TallFlow/3_Output/MIXCR4.3.2/Output/pt2283R-DX1BM-ALLBULK-DN/pt2283R-DX1BM-ALLBULK-DN_Receptor.clones.tsv
Exporting TRB
Exporting clones: 0%
WARNING: Filtered 2 of 13 clones (84.62%).
WARNING: Filtered 36.0 of 89.0 reads (59.55%).
Exporting TRAD
Exporting clones: 0%
WARNING: Filtered 5 of 13 clones (61.54%).
WARNING: Filtered 17.0 of 89.0 reads (80.9%).
Exporting IGH
WARNING: Filtered 1 of 13 clones (92.31%).
WARNING: Filtered 1.0 of 89.0 reads (98.88%).
Exporting clones: 0%
Exporting TRG
Exporting clones: 0%
WARNING: Filtered 2 of 13 clones (84.62%).
WARNING: Filtered 31.0 of 89.0 reads (65.17%).
Exporting IGL
Exporting clones: 0%
WARNING: Filtered 1 of 13 clones (92.31%).
WARNING: Filtered 2.0 of 89.0 reads (97.75%).
Exporting IGK
Exporting clones: 0%
WARNING: Filtered 2 of 13 clones (84.62%).
WARNING: Filtered 2.0 of 89.0 reads (97.75%).
Analysis finished successfully.
IMPORTANT: MiXCR will use at most 12000MB of RAM,
           use -Xmx to change automatically set heap size (i.e. -Xmx50g to set heap size to 50 Gb)
IMPORTANT: MiXCR will use at most 12000MB of RAM,
           use -Xmx to change automatically set heap size (i.e. -Xmx50g to set heap size to 50 Gb)
IMPORTANT: MiXCR will use at most 12000MB of RAM,
           use -Xmx to change automatically set heap size (i.e. -Xmx50g to set heap size to 50 Gb)
