INFO	2023-02-15 13:04:22	SamToFastq	

********** NOTE: Picard's command line syntax is changing.
**********
********** For more information, please see:
********** https://github.com/broadinstitute/picard/wiki/Command-Line-Syntax-Transition-For-Users-(Pre-Transition)
**********
********** The command line looks like this in the new syntax:
**********
**********    SamToFastq -INPUT /hpc/pmc_vanboxtel/projects/TallFlow/3_Output/MIXCR/pt2229-DX1BM-TALL1//input/bam/pt2229-DX1BM-TALL1_dedup.bam -OUTPUT_DIR /hpc/pmc_vanboxtel/projects/TallFlow/3_Output/MIXCR/pt2229-DX1BM-TALL1/input/fastq -RG_TAG ID -OUTPUT_PER_RG true
**********


13:04:23.911 INFO  NativeLibraryLoader - Loading libgkl_compression.so from jar:file:/hpc/local/CentOS7/pmc_vanboxtel/bin/picard-2.24.1/picard.jar!/com/intel/gkl/native/libgkl_compression.so
[Wed Feb 15 13:04:23 CET 2023] SamToFastq INPUT=/hpc/pmc_vanboxtel/projects/TallFlow/3_Output/MIXCR/pt2229-DX1BM-TALL1/input/bam/pt2229-DX1BM-TALL1_dedup.bam OUTPUT_PER_RG=true RG_TAG=ID OUTPUT_DIR=/hpc/pmc_vanboxtel/projects/TallFlow/3_Output/MIXCR/pt2229-DX1BM-TALL1/input/fastq    COMPRESS_OUTPUTS_PER_RG=false RE_REVERSE=true INTERLEAVE=false INCLUDE_NON_PF_READS=false CLIPPING_MIN_LENGTH=0 READ1_TRIM=0 READ2_TRIM=0 INCLUDE_NON_PRIMARY_ALIGNMENTS=false VERBOSITY=INFO QUIET=false VALIDATION_STRINGENCY=STRICT COMPRESSION_LEVEL=5 MAX_RECORDS_IN_RAM=500000 CREATE_INDEX=false CREATE_MD5_FILE=false GA4GH_CLIENT_SECRETS=client_secrets.json USE_JDK_DEFLATER=false USE_JDK_INFLATER=false
[Wed Feb 15 13:04:23 CET 2023] Executing as mroosmalen@n0044.compute.hpc on Linux 3.10.0-1160.59.1.el7.x86_64 amd64; Java HotSpot(TM) 64-Bit Server VM 1.8.0_60-b27; Deflater: Intel; Inflater: Intel; Provider GCS is not available; Picard version: 2.24.1
INFO	2023-02-15 13:04:39	SamToFastq	Processed     1,000,000 records.  Elapsed time: 00:00:15s.  Time for last 1,000,000:   15s.  Last read position: 14:105,806,717
[Wed Feb 15 13:04:50 CET 2023] picard.sam.SamToFastq done. Elapsed time: 0.44 minutes.
Runtime.totalMemory()=5682757632
To get help, see http://broadinstitute.github.io/picard/index.html#GettingHelp
Exception in thread "main" htsjdk.samtools.SAMFormatException: SAM validation error: ERROR::MATE_NOT_FOUND:Found 29772 unpaired mates
	at htsjdk.samtools.SAMUtils.processValidationError(SAMUtils.java:469)
	at picard.sam.SamToFastq.doWork(SamToFastq.java:225)
	at picard.cmdline.CommandLineProgram.instanceMain(CommandLineProgram.java:304)
	at picard.cmdline.PicardCommandLine.instanceMain(PicardCommandLine.java:103)
	at picard.cmdline.PicardCommandLine.main(PicardCommandLine.java:113)
/hpc/pmc_vanboxtel/projects/TallFlow/2_Code/MIXCR/
NOTE: report file is not specified, using /hpc/pmc_vanboxtel/projects/TallFlow/3_Output/MIXCR/pt2229-DX1BM-TALL1//Output/pt2229-DX1BM-TALL1/pt2229-DX1BM-TALL1_TCR.report to write report.
Alignment: 0%
Alignment: 11.6%  ETA: 00:04:10
Alignment: 23.3%  ETA: 00:03:57
Alignment: 34.9%  ETA: 00:03:27
Alignment: 46.6%  ETA: 00:02:40
Alignment: 58.2%  ETA: 00:02:13
Alignment: 69.9%  ETA: 00:01:30
Alignment: 81.5%  ETA: 00:01:00
Alignment: 93.1%  ETA: 00:00:20
============= Report ==============
Analysis time: 5.24m
Total sequencing reads: 723682
Successfully aligned reads: 9215 (1.27%)
Paired-end alignment conflicts eliminated: 10 (0%)
Alignment failed, no hits (not TCR/IG?): 594390 (82.13%)
Alignment failed because of absence of CDR3 parts: 67045 (9.26%)
Alignment failed because of low total score: 53032 (7.33%)
Overlapped: 47457 (6.56%)
Overlapped and aligned: 255 (0.04%)
Alignment-aided overlaps: 25 (9.8%)
Overlapped and not aligned: 47202 (6.52%)
No CDR3 parts alignments, percent of successfully aligned: 2031 (22.04%)
Partial aligned reads, percent of successfully aligned: 7182 (77.94%)
V gene chimeras: 185 (0.03%)
J gene chimeras: 40 (0.01%)
TRA chains: 3 (0.03%)
TRB chains: 4 (0.04%)
TRG chains: 9 (0.1%)
TRA,TRD chains: 46 (0.5%)
IGH chains: 4419 (47.95%)
IGK chains: 2522 (27.37%)
IGL chains: 2212 (24%)
Realigned with forced non-floating bound: 1352500 (186.89%)
Realigned with forced non-floating right bound in left read: 3182 (0.44%)
Realigned with forced non-floating left bound in right read: 3182 (0.44%)
Building index: 0%
Searching for overlaps: 0%
Searching for overlaps: 75.1%  ETA: 00:00:00
============= Report ==============
Analysis time: 1.81s
Total alignments analysed: 9215
Number of output alignments: 9214 (99.99%)
Alignments already with CDR3 (no overlapping is performed): 2 (0.02%)
Successfully overlapped alignments: 1 (0.01%)
Left parts with too small N-region (failed to extract k-mer): 1256 (13.63%)
Extracted k-mer diversity: 31865
Dropped due to wildcard in k-mer: 0 (0%)
Dropped due to too short NRegion parts in overlap: 0 (0%)
Dropped overlaps with empty N region due to no complete NDN coverage: 0 (0%)
Number of left-side alignments: 6044 (65.59%)
Number of right-side alignments: 952 (10.33%)
Complex overlaps: 0 (0%)
Over-overlaps: 28 (0.3%)
Partial alignments written to output: 9211 (99.96%)
Building index: 0%
Searching for overlaps: 0%
============= Report ==============
Analysis time: 961ms
Total alignments analysed: 9214
Number of output alignments: 9214 (100%)
Alignments already with CDR3 (no overlapping is performed): 2 (0.02%)
Successfully overlapped alignments: 0 (0%)
Left parts with too small N-region (failed to extract k-mer): 1255 (13.62%)
Extracted k-mer diversity: 31995
Dropped due to wildcard in k-mer: 0 (0%)
Dropped due to too short NRegion parts in overlap: 0 (0%)
Dropped overlaps with empty N region due to no complete NDN coverage: 0 (0%)
Number of left-side alignments: 6044 (65.6%)
Number of right-side alignments: 951 (10.32%)
Complex overlaps: 0 (0%)
Over-overlaps: 29 (0.31%)
Partial alignments written to output: 9212 (99.98%)
Extending alignments: 0%
============= Report ==============
Analysis time: 166ms
Extended alignments count: 0 (0%)
V extensions total: 0 (0%)
V extensions with merged targets: 0 (0%)
J extensions total: 0 (0%)
J extensions with merged targets: 0 (0%)
V+J extensions: 0 (0%)
Mean V extension length: NaN
Mean J extension length: NaN
-t / --threads is deprecated for "mixcr assemble ..." and ignored for this call...
Initialization: progress unknown
============= Report ==============
Analysis time: 131ms
Final clonotype count: 1
Average number of reads per clonotype: 2
Reads used in clonotypes, percent of total: 2 (0%)
Reads used in clonotypes before clustering, percent of total: 2 (0%)
Number of reads used as a core, percent of used: 2 (100%)
Mapped low quality reads, percent of used: 0 (0%)
Reads clustered in PCR error correction, percent of used: 0 (0%)
Reads pre-clustered due to the similar VJC-lists, percent of used: 0 (0%)
Reads dropped due to the lack of a clone sequence, percent of total: 0 (0%)
Reads dropped due to low quality, percent of total: 0 (0%)
Reads dropped due to failed mapping, percent of total: 0 (0%)
Reads dropped with low quality clones, percent of total: 0 (0%)
Clonotypes eliminated by PCR error correction: 0
Clonotypes dropped as low quality: 0
Clonotypes pre-clustered due to the similar VJC-lists: 0
Clonotypes dropped in fine filtering: 0
Partially aligned reads attached to clones by tags: 0 (0%)
Partially aligned reads with ambiguous clone attachments by tags: 0 (0%)
Partially aligned reads failed to attach to clones by tags: 0 (0%)
TRG chains: 1 (100%)
Exporting clones: 0%
Filtered 0 of 1 clones (100%).
Filtered 0.0 of 2.0 reads (100%).
Filtered 0 of 1 clones (100%).
Filtered 0.0 of 2.0 reads (100%).
Exporting clones: 0%
Filtered 0 of 1 clones (100%).
Filtered 0.0 of 2.0 reads (100%).
Filtered 0 of 1 clones (100%).
Filtered 0.0 of 2.0 reads (100%).
Filtered 0 of 1 clones (100%).
Filtered 0.0 of 2.0 reads (100%).
Filtered 0 of 1 clones (100%).
Filtered 0.0 of 2.0 reads (100%).
