INFO	2023-05-03 17:28:00	SamToFastq	

********** NOTE: Picard's command line syntax is changing.
**********
********** For more information, please see:
********** https://github.com/broadinstitute/picard/wiki/Command-Line-Syntax-Transition-For-Users-(Pre-Transition)
**********
********** The command line looks like this in the new syntax:
**********
**********    SamToFastq -INPUT /hpc/pmc_vanboxtel/projects/TallFlow/3_Output/MIXCR4.3.2/input/bam/pt2229-DX1BM-TALL9_dedup.bam -OUTPUT_DIR /hpc/pmc_vanboxtel/projects/TallFlow/3_Output/MIXCR4.3.2/input/fastq -RG_TAG ID -OUTPUT_PER_RG true
**********


17:28:00.579 INFO  NativeLibraryLoader - Loading libgkl_compression.so from jar:file:/hpc/local/CentOS7/pmc_vanboxtel/bin/picard-2.24.1/picard.jar!/com/intel/gkl/native/libgkl_compression.so
[Wed May 03 17:28:00 CEST 2023] SamToFastq INPUT=/hpc/pmc_vanboxtel/projects/TallFlow/3_Output/MIXCR4.3.2/input/bam/pt2229-DX1BM-TALL9_dedup.bam OUTPUT_PER_RG=true RG_TAG=ID OUTPUT_DIR=/hpc/pmc_vanboxtel/projects/TallFlow/3_Output/MIXCR4.3.2/input/fastq    COMPRESS_OUTPUTS_PER_RG=false RE_REVERSE=true INTERLEAVE=false INCLUDE_NON_PF_READS=false CLIPPING_MIN_LENGTH=0 READ1_TRIM=0 READ2_TRIM=0 INCLUDE_NON_PRIMARY_ALIGNMENTS=false VERBOSITY=INFO QUIET=false VALIDATION_STRINGENCY=STRICT COMPRESSION_LEVEL=5 MAX_RECORDS_IN_RAM=500000 CREATE_INDEX=false CREATE_MD5_FILE=false GA4GH_CLIENT_SECRETS=client_secrets.json USE_JDK_DEFLATER=false USE_JDK_INFLATER=false
[Wed May 03 17:28:00 CEST 2023] Executing as rhagelaar@n0071.compute.hpc on Linux 3.10.0-1160.88.1.el7.x86_64 amd64; Java HotSpot(TM) 64-Bit Server VM 1.8.0_60-b27; Deflater: Intel; Inflater: Intel; Provider GCS is not available; Picard version: 2.24.1
INFO	2023-05-03 17:28:12	SamToFastq	Processed     1,000,000 records.  Elapsed time: 00:00:11s.  Time for last 1,000,000:   11s.  Last read position: 14:21,706,279
[Wed May 03 17:28:19 CEST 2023] picard.sam.SamToFastq done. Elapsed time: 0.31 minutes.
Runtime.totalMemory()=3641704448
To get help, see http://broadinstitute.github.io/picard/index.html#GettingHelp
Exception in thread "main" htsjdk.samtools.SAMFormatException: SAM validation error: ERROR::MATE_NOT_FOUND:Found 34955 unpaired mates
	at htsjdk.samtools.SAMUtils.processValidationError(SAMUtils.java:469)
	at picard.sam.SamToFastq.doWork(SamToFastq.java:225)
	at picard.cmdline.CommandLineProgram.instanceMain(CommandLineProgram.java:304)
	at picard.cmdline.PicardCommandLine.instanceMain(PicardCommandLine.java:103)
	at picard.cmdline.PicardCommandLine.main(PicardCommandLine.java:113)
/hpc/pmc_vanboxtel/projects/TallFlow/2_Code/MIXCR/
IMPORTANT: MiXCR will use at most 12000MB of RAM,
           use -Xmx to change automatically set heap size (i.e. -Xmx50g to set heap size to 50 Gb)
====================
Running:
mixcr align --report /hpc/pmc_vanboxtel/projects/TallFlow/3_Output/MIXCR4.3.2/Output/pt2229-DX1BM-TALL9/pt2229-DX1BM-TALL9_Receptor.align.report.txt --json-report /hpc/pmc_vanboxtel/projects/TallFlow/3_Output/MIXCR4.3.2/Output/pt2229-DX1BM-TALL9/pt2229-DX1BM-TALL9_Receptor.align.report.json --preset rnaseq-full-length --dna --species hsa /hpc/pmc_vanboxtel/projects/TallFlow/3_Output/MIXCR4.3.2/input/fastq/Merged/pt2229-DX1BM-TALL9_R1.fastq /hpc/pmc_vanboxtel/projects/TallFlow/3_Output/MIXCR4.3.2/input/fastq/Merged/pt2229-DX1BM-TALL9_R2.fastq /hpc/pmc_vanboxtel/projects/TallFlow/3_Output/MIXCR4.3.2/Output/pt2229-DX1BM-TALL9/pt2229-DX1BM-TALL9_Receptor.vdjca
Alignment: 0%
Alignment: 10.1%  ETA: 00:04:30
Alignment: 20.2%  ETA: 00:04:13
Alignment: 30.3%  ETA: 00:03:41
Alignment: 40.4%  ETA: 00:02:51
Alignment: 50.5%  ETA: 00:02:38
Alignment: 60.5%  ETA: 00:01:57
Alignment: 70.6%  ETA: 00:01:27
Alignment: 80.7%  ETA: 00:01:01
Alignment: 90.8%  ETA: 00:00:25
============== Align Report ==============
Analysis time: 5.22m
Total sequencing reads: 715698
Successfully aligned reads: 8344 (1.17%)
Alignment failed: no hits (not TCR/IG?): 592890 (82.84%)
Alignment failed: no CDR3 parts: 63698 (8.9%)
Alignment failed: low total score: 50766 (7.09%)
Overlapped: 104503 (14.6%)
Overlapped and aligned: 301 (0.04%)
Overlapped and not aligned: 104202 (14.56%)
Alignment-aided overlaps, percent of overlapped and aligned: 4 (1.33%)
No CDR3 parts alignments, percent of successfully aligned: 1346 (16.13%)
Partial aligned reads, percent of successfully aligned: 6937 (83.14%)
V gene chimeras: 112 (0.02%)
J gene chimeras: 42 (0.01%)
Paired-end alignment conflicts eliminated: 38 (0.01%)
Realigned with forced non-floating bound: 1222398 (170.8%)
Realigned with forced non-floating right bound in left read: 2285 (0.32%)
Realigned with forced non-floating left bound in right read: 2285 (0.32%)
TRA chains: 842 (10.09%)
TRA non-functional: 37 (4.39%)
TRB chains: 1731 (20.75%)
TRB non-functional: 0 (0%)
TRG chains: 49 (0.59%)
TRG non-functional: 12 (24.49%)
TRAD chains: 430 (5.15%)
TRAD non-functional: 0 (0%)
IGH chains: 1648 (19.75%)
IGH non-functional: 0 (0%)
IGK chains: 2100 (25.17%)
IGK non-functional: 0 (0%)
IGL chains: 1544 (18.5%)
IGL non-functional: 0 (0%)
Trimming report:
  R1 reads trimmed left: 1575 (0.22%)
  R1 reads trimmed right: 4 (0%)
  Average R1 nucleotides trimmed left: 0.0050146849648874245
  Average R1 nucleotides trimmed right: 5.5889495289912785E-6
  R2 reads trimmed left: 453 (0.06%)
  R2 reads trimmed right: 1 (0%)
  Average R2 nucleotides trimmed left: 6.483181453629883E-4
  Average R2 nucleotides trimmed right: 1.3972373822478196E-6
====================
Running:
mixcr assemblePartial --report /hpc/pmc_vanboxtel/projects/TallFlow/3_Output/MIXCR4.3.2/Output/pt2229-DX1BM-TALL9/pt2229-DX1BM-TALL9_Receptor.assemblePartial.report.txt --json-report /hpc/pmc_vanboxtel/projects/TallFlow/3_Output/MIXCR4.3.2/Output/pt2229-DX1BM-TALL9/pt2229-DX1BM-TALL9_Receptor.assemblePartial.report.json /hpc/pmc_vanboxtel/projects/TallFlow/3_Output/MIXCR4.3.2/Output/pt2229-DX1BM-TALL9/pt2229-DX1BM-TALL9_Receptor.vdjca /hpc/pmc_vanboxtel/projects/TallFlow/3_Output/MIXCR4.3.2/Output/pt2229-DX1BM-TALL9/pt2229-DX1BM-TALL9_Receptor.passembled.1.vdjca
Building index: 0%
Searching for overlaps: 0%
============== AssemblePartial Report ==============
Analysis time: 1.35s
Total alignments analysed: 8344
Number of output alignments: 8343 (99.99%)
Alignments already with CDR3 (no overlapping is performed): 67 (0.8%)
Successfully overlapped alignments: 1 (0.01%)
Left parts with too small N-region (failed to extract k-mer): 1013 (12.14%)
Extracted k-mer diversity: 38299
Dropped due to wildcard in k-mer: 0 (0%)
Dropped due to too short NRegion parts in overlap: 4 (0.05%)
Dropped overlaps with empty N region due to no complete NDN coverage: 0 (0%)
Number of left-side alignments: 5214 (62.49%)
Number of right-side alignments: 1528 (18.31%)
Complex overlaps: 0 (0%)
Over-overlaps: 12 (0.14%)
Partial alignments written to output: 8275 (99.17%)
====================
Running:
mixcr assemblePartial --report /hpc/pmc_vanboxtel/projects/TallFlow/3_Output/MIXCR4.3.2/Output/pt2229-DX1BM-TALL9/pt2229-DX1BM-TALL9_Receptor.assemblePartial.report.txt --json-report /hpc/pmc_vanboxtel/projects/TallFlow/3_Output/MIXCR4.3.2/Output/pt2229-DX1BM-TALL9/pt2229-DX1BM-TALL9_Receptor.assemblePartial.report.json /hpc/pmc_vanboxtel/projects/TallFlow/3_Output/MIXCR4.3.2/Output/pt2229-DX1BM-TALL9/pt2229-DX1BM-TALL9_Receptor.passembled.1.vdjca /hpc/pmc_vanboxtel/projects/TallFlow/3_Output/MIXCR4.3.2/Output/pt2229-DX1BM-TALL9/pt2229-DX1BM-TALL9_Receptor.passembled.2.vdjca
Building index: 0%
Searching for overlaps: 0%
============== AssemblePartial Report ==============
Analysis time: 1.07s
Total alignments analysed: 8343
Number of output alignments: 8343 (100%)
Alignments already with CDR3 (no overlapping is performed): 68 (0.82%)
Successfully overlapped alignments: 0 (0%)
Left parts with too small N-region (failed to extract k-mer): 1013 (12.14%)
Extracted k-mer diversity: 38292
Dropped due to wildcard in k-mer: 0 (0%)
Dropped due to too short NRegion parts in overlap: 4 (0.05%)
Dropped overlaps with empty N region due to no complete NDN coverage: 0 (0%)
Number of left-side alignments: 5213 (62.48%)
Number of right-side alignments: 1527 (18.3%)
Complex overlaps: 0 (0%)
Over-overlaps: 12 (0.14%)
Partial alignments written to output: 8275 (99.18%)
====================
Running:
mixcr extend --report /hpc/pmc_vanboxtel/projects/TallFlow/3_Output/MIXCR4.3.2/Output/pt2229-DX1BM-TALL9/pt2229-DX1BM-TALL9_Receptor.extend.report.txt --json-report /hpc/pmc_vanboxtel/projects/TallFlow/3_Output/MIXCR4.3.2/Output/pt2229-DX1BM-TALL9/pt2229-DX1BM-TALL9_Receptor.extend.report.json /hpc/pmc_vanboxtel/projects/TallFlow/3_Output/MIXCR4.3.2/Output/pt2229-DX1BM-TALL9/pt2229-DX1BM-TALL9_Receptor.passembled.2.vdjca /hpc/pmc_vanboxtel/projects/TallFlow/3_Output/MIXCR4.3.2/Output/pt2229-DX1BM-TALL9/pt2229-DX1BM-TALL9_Receptor.extended.vdjca
Extending alignments: 0%
============== Extend Report ==============
Analysis time: 273ms
Extended alignments count: 6 (0.07%)
V extensions total: 0 (0%)
V extensions with merged targets: 0 (0%)
J extensions total: 6 (0.07%)
J extensions with merged targets: 0 (0%)
V+J extensions: 0 (0%)
Mean V extension length: NaN
Mean J extension length: 10.333333333333334
====================
Running:
mixcr assemble --report /hpc/pmc_vanboxtel/projects/TallFlow/3_Output/MIXCR4.3.2/Output/pt2229-DX1BM-TALL9/pt2229-DX1BM-TALL9_Receptor.assemble.report.txt --json-report /hpc/pmc_vanboxtel/projects/TallFlow/3_Output/MIXCR4.3.2/Output/pt2229-DX1BM-TALL9/pt2229-DX1BM-TALL9_Receptor.assemble.report.json /hpc/pmc_vanboxtel/projects/TallFlow/3_Output/MIXCR4.3.2/Output/pt2229-DX1BM-TALL9/pt2229-DX1BM-TALL9_Receptor.extended.vdjca /hpc/pmc_vanboxtel/projects/TallFlow/3_Output/MIXCR4.3.2/Output/pt2229-DX1BM-TALL9/pt2229-DX1BM-TALL9_Receptor.clna
Initialization: progress unknown
Initialization: progress unknown
============== Assemble Report ==============
Analysis time: 473ms
Final clonotype count: 11
Reads used in clonotypes, percent of total: 67 (0.01%)
Average number of reads per clonotype: 6.09
Reads dropped due to the lack of a clone sequence, percent of total: 8275 (1.16%)
Reads dropped due to a too short clonal sequence, percent of total: 0 (0%)
Reads dropped due to low quality, percent of total: 0 (0%)
Reads dropped due to failed mapping, percent of total: 2 (0%)
Reads dropped with low quality clones, percent of total: 0 (0%)
Reads used in clonotypes before clustering, percent of total: 67 (0.01%)
Number of reads used as a core, percent of used: 66 (98.51%)
Mapped low quality reads, percent of used: 1 (1.49%)
Reads clustered in PCR error correction, percent of used: 0 (0%)
Reads pre-clustered due to the similar VJC-lists, percent of used: 0 (0%)
Clonotypes dropped as low quality: 0
Clonotypes eliminated by PCR error correction: 0
Clonotypes pre-clustered due to the similar VJC-lists: 0
Clones dropped in post filtering: 0 (0%)
Reads dropped in post filtering: 0.0 (0%)
Alignments filtered by tag prefix: 0 (0%)
TRA chains: 7 (63.64%)
TRA non-functional: 5 (71.43%)
TRB chains: 2 (18.18%)
TRB non-functional: 0 (0%)
TRG chains: 2 (18.18%)
TRG non-functional: 2 (100%)
====================
Running:
mixcr assembleContigs --report /hpc/pmc_vanboxtel/projects/TallFlow/3_Output/MIXCR4.3.2/Output/pt2229-DX1BM-TALL9/pt2229-DX1BM-TALL9_Receptor.assembleContigs.report.txt --json-report /hpc/pmc_vanboxtel/projects/TallFlow/3_Output/MIXCR4.3.2/Output/pt2229-DX1BM-TALL9/pt2229-DX1BM-TALL9_Receptor.assembleContigs.report.json /hpc/pmc_vanboxtel/projects/TallFlow/3_Output/MIXCR4.3.2/Output/pt2229-DX1BM-TALL9/pt2229-DX1BM-TALL9_Receptor.clna /hpc/pmc_vanboxtel/projects/TallFlow/3_Output/MIXCR4.3.2/Output/pt2229-DX1BM-TALL9/pt2229-DX1BM-TALL9_Receptor.contigs.clns
Assembling contigs: 0%
============== AssembleContigs Report ==============
Analysis time: 303ms
Initial clonotype count: 11
Final clonotype count: 11 (100%)
Canceled assemblies: 0 (0%)
Number of premature termination assembly events, percent of number of initial clonotypes: 0.0 (0%)
Longest contig length: 842
Clustered variants: 0 (0%)
Reads in clustered variants: 0.0 (0%)
Reads in divided (newly created) clones: 0.0 (0%)
Clones with ambiguous letters in splitting region: 0 (0%)
Reads in clones with ambiguous letters in splitting region: 0.0 (0%)
Average number of ambiguous letters per clone with ambiguous letters in splitting region: NaN
====================
Running:
mixcr exportClones /hpc/pmc_vanboxtel/projects/TallFlow/3_Output/MIXCR4.3.2/Output/pt2229-DX1BM-TALL9/pt2229-DX1BM-TALL9_Receptor.contigs.clns /hpc/pmc_vanboxtel/projects/TallFlow/3_Output/MIXCR4.3.2/Output/pt2229-DX1BM-TALL9/pt2229-DX1BM-TALL9_Receptor.clones.tsv
Exporting TRB
Exporting clones: 0%
WARNING: Filtered 2 of 11 clones (81.82%).
WARNING: Filtered 2.0 of 67.0 reads (97.01%).
Exporting TRAD
Exporting clones: 0%
WARNING: Filtered 7 of 11 clones (36.36%).
WARNING: Filtered 54.0 of 67.0 reads (19.4%).
Exporting TRG
Exporting clones: 0%
WARNING: Filtered 2 of 11 clones (81.82%).
WARNING: Filtered 11.0 of 67.0 reads (83.58%).
Analysis finished successfully.
IMPORTANT: MiXCR will use at most 12000MB of RAM,
           use -Xmx to change automatically set heap size (i.e. -Xmx50g to set heap size to 50 Gb)
IMPORTANT: MiXCR will use at most 12000MB of RAM,
           use -Xmx to change automatically set heap size (i.e. -Xmx50g to set heap size to 50 Gb)
IMPORTANT: MiXCR will use at most 12000MB of RAM,
           use -Xmx to change automatically set heap size (i.e. -Xmx50g to set heap size to 50 Gb)
