INFO	2023-05-03 17:19:44	SamToFastq	

********** NOTE: Picard's command line syntax is changing.
**********
********** For more information, please see:
********** https://github.com/broadinstitute/picard/wiki/Command-Line-Syntax-Transition-For-Users-(Pre-Transition)
**********
********** The command line looks like this in the new syntax:
**********
**********    SamToFastq -INPUT /hpc/pmc_vanboxtel/projects/TallFlow/3_Output/MIXCR4.3.2/input/bam/pt2229-DX1BM-ALLBULK-DNCD1aPos_dedup.bam -OUTPUT_DIR /hpc/pmc_vanboxtel/projects/TallFlow/3_Output/MIXCR4.3.2/input/fastq -RG_TAG ID -OUTPUT_PER_RG true
**********


17:19:44.644 INFO  NativeLibraryLoader - Loading libgkl_compression.so from jar:file:/hpc/local/CentOS7/pmc_vanboxtel/bin/picard-2.24.1/picard.jar!/com/intel/gkl/native/libgkl_compression.so
[Wed May 03 17:19:44 CEST 2023] SamToFastq INPUT=/hpc/pmc_vanboxtel/projects/TallFlow/3_Output/MIXCR4.3.2/input/bam/pt2229-DX1BM-ALLBULK-DNCD1aPos_dedup.bam OUTPUT_PER_RG=true RG_TAG=ID OUTPUT_DIR=/hpc/pmc_vanboxtel/projects/TallFlow/3_Output/MIXCR4.3.2/input/fastq    COMPRESS_OUTPUTS_PER_RG=false RE_REVERSE=true INTERLEAVE=false INCLUDE_NON_PF_READS=false CLIPPING_MIN_LENGTH=0 READ1_TRIM=0 READ2_TRIM=0 INCLUDE_NON_PRIMARY_ALIGNMENTS=false VERBOSITY=INFO QUIET=false VALIDATION_STRINGENCY=STRICT COMPRESSION_LEVEL=5 MAX_RECORDS_IN_RAM=500000 CREATE_INDEX=false CREATE_MD5_FILE=false GA4GH_CLIENT_SECRETS=client_secrets.json USE_JDK_DEFLATER=false USE_JDK_INFLATER=false
[Wed May 03 17:19:44 CEST 2023] Executing as rhagelaar@n0106.compute.hpc on Linux 3.10.0-1160.81.1.el7.x86_64 amd64; Java HotSpot(TM) 64-Bit Server VM 1.8.0_60-b27; Deflater: Intel; Inflater: Intel; Provider GCS is not available; Picard version: 2.24.1
INFO	2023-05-03 17:19:53	SamToFastq	Processed     1,000,000 records.  Elapsed time: 00:00:08s.  Time for last 1,000,000:    8s.  Last read position: 7:38,476,746
INFO	2023-05-03 17:20:02	SamToFastq	Processed     2,000,000 records.  Elapsed time: 00:00:17s.  Time for last 1,000,000:    8s.  Last read position: 14:22,606,765
INFO	2023-05-03 17:20:11	SamToFastq	Processed     3,000,000 records.  Elapsed time: 00:00:26s.  Time for last 1,000,000:    9s.  Last read position: 22:22,717,792
[Wed May 03 17:20:13 CEST 2023] picard.sam.SamToFastq done. Elapsed time: 0.49 minutes.
Runtime.totalMemory()=10118234112
To get help, see http://broadinstitute.github.io/picard/index.html#GettingHelp
Exception in thread "main" htsjdk.samtools.SAMFormatException: SAM validation error: ERROR::MATE_NOT_FOUND:Found 59590 unpaired mates
	at htsjdk.samtools.SAMUtils.processValidationError(SAMUtils.java:469)
	at picard.sam.SamToFastq.doWork(SamToFastq.java:225)
	at picard.cmdline.CommandLineProgram.instanceMain(CommandLineProgram.java:304)
	at picard.cmdline.PicardCommandLine.instanceMain(PicardCommandLine.java:103)
	at picard.cmdline.PicardCommandLine.main(PicardCommandLine.java:113)
/hpc/pmc_vanboxtel/projects/TallFlow/2_Code/MIXCR/
IMPORTANT: MiXCR will use at most 5132MB of RAM,
           use -Xmx to change automatically set heap size (i.e. -Xmx50g to set heap size to 50 Gb)
====================
Running:
mixcr align --report /hpc/pmc_vanboxtel/projects/TallFlow/3_Output/MIXCR4.3.2/Output/pt2229-DX1BM-ALLBULK-DNCD1aPos/pt2229-DX1BM-ALLBULK-DNCD1aPos_Receptor.align.report.txt --json-report /hpc/pmc_vanboxtel/projects/TallFlow/3_Output/MIXCR4.3.2/Output/pt2229-DX1BM-ALLBULK-DNCD1aPos/pt2229-DX1BM-ALLBULK-DNCD1aPos_Receptor.align.report.json --preset rnaseq-full-length --dna --species hsa /hpc/pmc_vanboxtel/projects/TallFlow/3_Output/MIXCR4.3.2/input/fastq/Merged/pt2229-DX1BM-ALLBULK-DNCD1aPos_R1.fastq /hpc/pmc_vanboxtel/projects/TallFlow/3_Output/MIXCR4.3.2/input/fastq/Merged/pt2229-DX1BM-ALLBULK-DNCD1aPos_R2.fastq /hpc/pmc_vanboxtel/projects/TallFlow/3_Output/MIXCR4.3.2/Output/pt2229-DX1BM-ALLBULK-DNCD1aPos/pt2229-DX1BM-ALLBULK-DNCD1aPos_Receptor.vdjca
Alignment: 0%
Alignment: 10.7%  ETA: 00:08:10
Alignment: 21.3%  ETA: 00:07:27
Alignment: 32%  ETA: 00:06:19
Alignment: 42.6%  ETA: 00:04:59
Alignment: 53.3%  ETA: 00:04:34
Alignment: 63.9%  ETA: 00:02:56
Alignment: 74.6%  ETA: 00:02:13
Alignment: 85.2%  ETA: 00:01:18
Alignment: 95.9%  ETA: 00:00:22
============== Align Report ==============
Analysis time: 9.16m
Total sequencing reads: 1581392
Successfully aligned reads: 18693 (1.18%)
Alignment failed: no hits (not TCR/IG?): 1279782 (80.93%)
Alignment failed: no CDR3 parts: 159443 (10.08%)
Alignment failed: low total score: 123474 (7.81%)
Overlapped: 170548 (10.78%)
Overlapped and aligned: 417 (0.03%)
Overlapped and not aligned: 170131 (10.76%)
Alignment-aided overlaps, percent of overlapped and aligned: 7 (1.68%)
No CDR3 parts alignments, percent of successfully aligned: 2662 (14.24%)
Partial aligned reads, percent of successfully aligned: 15949 (85.32%)
V gene chimeras: 295 (0.02%)
J gene chimeras: 175 (0.01%)
Paired-end alignment conflicts eliminated: 33 (0%)
Realigned with forced non-floating bound: 2821702 (178.43%)
Realigned with forced non-floating right bound in left read: 6318 (0.4%)
Realigned with forced non-floating left bound in right read: 6318 (0.4%)
TRA chains: 1765 (9.44%)
TRA non-functional: 11 (0.62%)
TRB chains: 3355 (17.95%)
TRB non-functional: 0 (0%)
TRD chains: 89 (0.48%)
TRD non-functional: 23 (25.84%)
TRG chains: 121 (0.65%)
TRG non-functional: 28 (23.14%)
TRAD chains: 1437 (7.69%)
TRAD non-functional: 0 (0%)
IGH chains: 5085 (27.2%)
IGH non-functional: 0 (0%)
IGK chains: 3150 (16.85%)
IGK non-functional: 0 (0%)
IGL chains: 3691 (19.75%)
IGL non-functional: 0 (0%)
Trimming report:
  R1 reads trimmed left: 1612 (0.1%)
  R1 reads trimmed right: 8 (0%)
  Average R1 nucleotides trimmed left: 0.0020475631595455145
  Average R1 nucleotides trimmed right: 3.2503010006374133E-4
  R2 reads trimmed left: 531 (0.03%)
  R2 reads trimmed right: 5 (0%)
  Average R2 nucleotides trimmed left: 7.328986108441171E-4
  Average R2 nucleotides trimmed right: 9.801491344334611E-5
====================
Running:
mixcr assemblePartial --report /hpc/pmc_vanboxtel/projects/TallFlow/3_Output/MIXCR4.3.2/Output/pt2229-DX1BM-ALLBULK-DNCD1aPos/pt2229-DX1BM-ALLBULK-DNCD1aPos_Receptor.assemblePartial.report.txt --json-report /hpc/pmc_vanboxtel/projects/TallFlow/3_Output/MIXCR4.3.2/Output/pt2229-DX1BM-ALLBULK-DNCD1aPos/pt2229-DX1BM-ALLBULK-DNCD1aPos_Receptor.assemblePartial.report.json /hpc/pmc_vanboxtel/projects/TallFlow/3_Output/MIXCR4.3.2/Output/pt2229-DX1BM-ALLBULK-DNCD1aPos/pt2229-DX1BM-ALLBULK-DNCD1aPos_Receptor.vdjca /hpc/pmc_vanboxtel/projects/TallFlow/3_Output/MIXCR4.3.2/Output/pt2229-DX1BM-ALLBULK-DNCD1aPos/pt2229-DX1BM-ALLBULK-DNCD1aPos_Receptor.passembled.1.vdjca
Building index: 0%
Searching for overlaps: 0%
Searching for overlaps: 74.6%  ETA: 00:00:00
============== AssemblePartial Report ==============
Analysis time: 1.81s
Total alignments analysed: 18692
Number of output alignments: 18689 (99.98%)
Alignments already with CDR3 (no overlapping is performed): 88 (0.47%)
Successfully overlapped alignments: 3 (0.02%)
Left parts with too small N-region (failed to extract k-mer): 2236 (11.96%)
Extracted k-mer diversity: 45779
Dropped due to wildcard in k-mer: 0 (0%)
Dropped due to too short NRegion parts in overlap: 27 (0.14%)
Dropped overlaps with empty N region due to no complete NDN coverage: 0 (0%)
Number of left-side alignments: 11793 (63.09%)
Number of right-side alignments: 3698 (19.78%)
Complex overlaps: 0 (0%)
Over-overlaps: 17 (0.09%)
Partial alignments written to output: 18598 (99.5%)
====================
Running:
mixcr assemblePartial --report /hpc/pmc_vanboxtel/projects/TallFlow/3_Output/MIXCR4.3.2/Output/pt2229-DX1BM-ALLBULK-DNCD1aPos/pt2229-DX1BM-ALLBULK-DNCD1aPos_Receptor.assemblePartial.report.txt --json-report /hpc/pmc_vanboxtel/projects/TallFlow/3_Output/MIXCR4.3.2/Output/pt2229-DX1BM-ALLBULK-DNCD1aPos/pt2229-DX1BM-ALLBULK-DNCD1aPos_Receptor.assemblePartial.report.json /hpc/pmc_vanboxtel/projects/TallFlow/3_Output/MIXCR4.3.2/Output/pt2229-DX1BM-ALLBULK-DNCD1aPos/pt2229-DX1BM-ALLBULK-DNCD1aPos_Receptor.passembled.1.vdjca /hpc/pmc_vanboxtel/projects/TallFlow/3_Output/MIXCR4.3.2/Output/pt2229-DX1BM-ALLBULK-DNCD1aPos/pt2229-DX1BM-ALLBULK-DNCD1aPos_Receptor.passembled.2.vdjca
Building index: 0%
Searching for overlaps: 0%
Searching for overlaps: 51.9%  ETA: 00:00:00
============== AssemblePartial Report ==============
Analysis time: 1.46s
Total alignments analysed: 18689
Number of output alignments: 18689 (100%)
Alignments already with CDR3 (no overlapping is performed): 91 (0.49%)
Successfully overlapped alignments: 0 (0%)
Left parts with too small N-region (failed to extract k-mer): 2236 (11.96%)
Extracted k-mer diversity: 45750
Dropped due to wildcard in k-mer: 0 (0%)
Dropped due to too short NRegion parts in overlap: 27 (0.14%)
Dropped overlaps with empty N region due to no complete NDN coverage: 0 (0%)
Number of left-side alignments: 11790 (63.09%)
Number of right-side alignments: 3695 (19.77%)
Complex overlaps: 0 (0%)
Over-overlaps: 17 (0.09%)
Partial alignments written to output: 18598 (99.51%)
====================
Running:
mixcr extend --report /hpc/pmc_vanboxtel/projects/TallFlow/3_Output/MIXCR4.3.2/Output/pt2229-DX1BM-ALLBULK-DNCD1aPos/pt2229-DX1BM-ALLBULK-DNCD1aPos_Receptor.extend.report.txt --json-report /hpc/pmc_vanboxtel/projects/TallFlow/3_Output/MIXCR4.3.2/Output/pt2229-DX1BM-ALLBULK-DNCD1aPos/pt2229-DX1BM-ALLBULK-DNCD1aPos_Receptor.extend.report.json /hpc/pmc_vanboxtel/projects/TallFlow/3_Output/MIXCR4.3.2/Output/pt2229-DX1BM-ALLBULK-DNCD1aPos/pt2229-DX1BM-ALLBULK-DNCD1aPos_Receptor.passembled.2.vdjca /hpc/pmc_vanboxtel/projects/TallFlow/3_Output/MIXCR4.3.2/Output/pt2229-DX1BM-ALLBULK-DNCD1aPos/pt2229-DX1BM-ALLBULK-DNCD1aPos_Receptor.extended.vdjca
Extending alignments: 0%
============== Extend Report ==============
Analysis time: 533ms
Extended alignments count: 6 (0.03%)
V extensions total: 0 (0%)
V extensions with merged targets: 0 (0%)
J extensions total: 6 (0.03%)
J extensions with merged targets: 0 (0%)
V+J extensions: 0 (0%)
Mean V extension length: NaN
Mean J extension length: 4.833333333333333
====================
Running:
mixcr assemble --report /hpc/pmc_vanboxtel/projects/TallFlow/3_Output/MIXCR4.3.2/Output/pt2229-DX1BM-ALLBULK-DNCD1aPos/pt2229-DX1BM-ALLBULK-DNCD1aPos_Receptor.assemble.report.txt --json-report /hpc/pmc_vanboxtel/projects/TallFlow/3_Output/MIXCR4.3.2/Output/pt2229-DX1BM-ALLBULK-DNCD1aPos/pt2229-DX1BM-ALLBULK-DNCD1aPos_Receptor.assemble.report.json /hpc/pmc_vanboxtel/projects/TallFlow/3_Output/MIXCR4.3.2/Output/pt2229-DX1BM-ALLBULK-DNCD1aPos/pt2229-DX1BM-ALLBULK-DNCD1aPos_Receptor.extended.vdjca /hpc/pmc_vanboxtel/projects/TallFlow/3_Output/MIXCR4.3.2/Output/pt2229-DX1BM-ALLBULK-DNCD1aPos/pt2229-DX1BM-ALLBULK-DNCD1aPos_Receptor.clna
Initialization: progress unknown
Initialization: progress unknown
============== Assemble Report ==============
Analysis time: 542ms
Final clonotype count: 9
Reads used in clonotypes, percent of total: 94 (0.01%)
Average number of reads per clonotype: 10.44
Reads dropped due to the lack of a clone sequence, percent of total: 18598 (1.18%)
Reads dropped due to a too short clonal sequence, percent of total: 0 (0%)
Reads dropped due to low quality, percent of total: 0 (0%)
Reads dropped due to failed mapping, percent of total: 0 (0%)
Reads dropped with low quality clones, percent of total: 0 (0%)
Reads used in clonotypes before clustering, percent of total: 94 (0.01%)
Number of reads used as a core, percent of used: 88 (93.62%)
Mapped low quality reads, percent of used: 6 (6.38%)
Reads clustered in PCR error correction, percent of used: 0 (0%)
Reads pre-clustered due to the similar VJC-lists, percent of used: 0 (0%)
Clonotypes dropped as low quality: 0
Clonotypes eliminated by PCR error correction: 0
Clonotypes pre-clustered due to the similar VJC-lists: 0
Clones dropped in post filtering: 0 (0%)
Reads dropped in post filtering: 0.0 (0%)
Alignments filtered by tag prefix: 0 (0%)
TRA chains: 4 (44.44%)
TRA non-functional: 3 (75%)
TRB chains: 2 (22.22%)
TRB non-functional: 0 (0%)
TRD chains: 1 (11.11%)
TRD non-functional: 1 (100%)
TRG chains: 2 (22.22%)
TRG non-functional: 2 (100%)
====================
Running:
mixcr assembleContigs --report /hpc/pmc_vanboxtel/projects/TallFlow/3_Output/MIXCR4.3.2/Output/pt2229-DX1BM-ALLBULK-DNCD1aPos/pt2229-DX1BM-ALLBULK-DNCD1aPos_Receptor.assembleContigs.report.txt --json-report /hpc/pmc_vanboxtel/projects/TallFlow/3_Output/MIXCR4.3.2/Output/pt2229-DX1BM-ALLBULK-DNCD1aPos/pt2229-DX1BM-ALLBULK-DNCD1aPos_Receptor.assembleContigs.report.json /hpc/pmc_vanboxtel/projects/TallFlow/3_Output/MIXCR4.3.2/Output/pt2229-DX1BM-ALLBULK-DNCD1aPos/pt2229-DX1BM-ALLBULK-DNCD1aPos_Receptor.clna /hpc/pmc_vanboxtel/projects/TallFlow/3_Output/MIXCR4.3.2/Output/pt2229-DX1BM-ALLBULK-DNCD1aPos/pt2229-DX1BM-ALLBULK-DNCD1aPos_Receptor.contigs.clns
Assembling contigs: 0%
============== AssembleContigs Report ==============
Analysis time: 330ms
Initial clonotype count: 9
Final clonotype count: 9 (100%)
Canceled assemblies: 0 (0%)
Number of premature termination assembly events, percent of number of initial clonotypes: 0.0 (0%)
Longest contig length: 820
Clustered variants: 0 (0%)
Reads in clustered variants: 0.0 (0%)
Reads in divided (newly created) clones: 0.0 (0%)
Clones with ambiguous letters in splitting region: 0 (0%)
Reads in clones with ambiguous letters in splitting region: 0.0 (0%)
Average number of ambiguous letters per clone with ambiguous letters in splitting region: NaN
====================
Running:
mixcr exportClones /hpc/pmc_vanboxtel/projects/TallFlow/3_Output/MIXCR4.3.2/Output/pt2229-DX1BM-ALLBULK-DNCD1aPos/pt2229-DX1BM-ALLBULK-DNCD1aPos_Receptor.contigs.clns /hpc/pmc_vanboxtel/projects/TallFlow/3_Output/MIXCR4.3.2/Output/pt2229-DX1BM-ALLBULK-DNCD1aPos/pt2229-DX1BM-ALLBULK-DNCD1aPos_Receptor.clones.tsv
Exporting TRB
Exporting clones: 0%
WARNING: Filtered 2 of 9 clones (77.78%).
WARNING: Filtered 23.0 of 94.0 reads (75.53%).
Exporting TRAD
Exporting clones: 0%
WARNING: Filtered 5 of 9 clones (44.44%).
WARNING: Filtered 41.0 of 94.0 reads (56.38%).
Exporting TRG
Exporting clones: 0%
WARNING: Filtered 2 of 9 clones (77.78%).
WARNING: Filtered 30.0 of 94.0 reads (68.09%).
Analysis finished successfully.
IMPORTANT: MiXCR will use at most 12000MB of RAM,
           use -Xmx to change automatically set heap size (i.e. -Xmx50g to set heap size to 50 Gb)
IMPORTANT: MiXCR will use at most 12000MB of RAM,
           use -Xmx to change automatically set heap size (i.e. -Xmx50g to set heap size to 50 Gb)
IMPORTANT: MiXCR will use at most 12000MB of RAM,
           use -Xmx to change automatically set heap size (i.e. -Xmx50g to set heap size to 50 Gb)
