INFO	2023-05-03 17:11:55	SamToFastq	

********** NOTE: Picard's command line syntax is changing.
**********
********** For more information, please see:
********** https://github.com/broadinstitute/picard/wiki/Command-Line-Syntax-Transition-For-Users-(Pre-Transition)
**********
********** The command line looks like this in the new syntax:
**********
**********    SamToFastq -INPUT /hpc/pmc_vanboxtel/projects/TallFlow/3_Output/MIXCR4.3.2/input/bam/pt2322-DX1BM-MONOBULK_dedup.bam -OUTPUT_DIR /hpc/pmc_vanboxtel/projects/TallFlow/3_Output/MIXCR4.3.2/input/fastq -RG_TAG ID -OUTPUT_PER_RG true
**********


17:11:55.739 INFO  NativeLibraryLoader - Loading libgkl_compression.so from jar:file:/hpc/local/CentOS7/pmc_vanboxtel/bin/picard-2.24.1/picard.jar!/com/intel/gkl/native/libgkl_compression.so
[Wed May 03 17:11:55 CEST 2023] SamToFastq INPUT=/hpc/pmc_vanboxtel/projects/TallFlow/3_Output/MIXCR4.3.2/input/bam/pt2322-DX1BM-MONOBULK_dedup.bam OUTPUT_PER_RG=true RG_TAG=ID OUTPUT_DIR=/hpc/pmc_vanboxtel/projects/TallFlow/3_Output/MIXCR4.3.2/input/fastq    COMPRESS_OUTPUTS_PER_RG=false RE_REVERSE=true INTERLEAVE=false INCLUDE_NON_PF_READS=false CLIPPING_MIN_LENGTH=0 READ1_TRIM=0 READ2_TRIM=0 INCLUDE_NON_PRIMARY_ALIGNMENTS=false VERBOSITY=INFO QUIET=false VALIDATION_STRINGENCY=STRICT COMPRESSION_LEVEL=5 MAX_RECORDS_IN_RAM=500000 CREATE_INDEX=false CREATE_MD5_FILE=false GA4GH_CLIENT_SECRETS=client_secrets.json USE_JDK_DEFLATER=false USE_JDK_INFLATER=false
[Wed May 03 17:11:55 CEST 2023] Executing as rhagelaar@n0075.compute.hpc on Linux 3.10.0-1160.62.1.el7.x86_64 amd64; Java HotSpot(TM) 64-Bit Server VM 1.8.0_60-b27; Deflater: Intel; Inflater: Intel; Provider GCS is not available; Picard version: 2.24.1
INFO	2023-05-03 17:12:07	SamToFastq	Processed     1,000,000 records.  Elapsed time: 00:00:11s.  Time for last 1,000,000:   11s.  Last read position: 7:38,357,053
INFO	2023-05-03 17:12:18	SamToFastq	Processed     2,000,000 records.  Elapsed time: 00:00:22s.  Time for last 1,000,000:   11s.  Last read position: 14:22,272,304
INFO	2023-05-03 17:12:29	SamToFastq	Processed     3,000,000 records.  Elapsed time: 00:00:33s.  Time for last 1,000,000:   11s.  Last read position: 22:22,696,542
[Wed May 03 17:12:33 CEST 2023] picard.sam.SamToFastq done. Elapsed time: 0.63 minutes.
Runtime.totalMemory()=8235515904
To get help, see http://broadinstitute.github.io/picard/index.html#GettingHelp
Exception in thread "main" htsjdk.samtools.SAMFormatException: SAM validation error: ERROR::MATE_NOT_FOUND:Found 69633 unpaired mates
	at htsjdk.samtools.SAMUtils.processValidationError(SAMUtils.java:469)
	at picard.sam.SamToFastq.doWork(SamToFastq.java:225)
	at picard.cmdline.CommandLineProgram.instanceMain(CommandLineProgram.java:304)
	at picard.cmdline.PicardCommandLine.instanceMain(PicardCommandLine.java:103)
	at picard.cmdline.PicardCommandLine.main(PicardCommandLine.java:113)
/hpc/pmc_vanboxtel/projects/TallFlow/2_Code/MIXCR/
IMPORTANT: MiXCR will use at most 4285MB of RAM,
           use -Xmx to change automatically set heap size (i.e. -Xmx50g to set heap size to 50 Gb)
====================
Running:
mixcr align --report /hpc/pmc_vanboxtel/projects/TallFlow/3_Output/MIXCR4.3.2/Output/pt2322-DX1BM-MONOBULK/pt2322-DX1BM-MONOBULK_Receptor.align.report.txt --json-report /hpc/pmc_vanboxtel/projects/TallFlow/3_Output/MIXCR4.3.2/Output/pt2322-DX1BM-MONOBULK/pt2322-DX1BM-MONOBULK_Receptor.align.report.json --preset rnaseq-full-length --dna --species hsa /hpc/pmc_vanboxtel/projects/TallFlow/3_Output/MIXCR4.3.2/input/fastq/Merged/pt2322-DX1BM-MONOBULK_R1.fastq /hpc/pmc_vanboxtel/projects/TallFlow/3_Output/MIXCR4.3.2/input/fastq/Merged/pt2322-DX1BM-MONOBULK_R2.fastq /hpc/pmc_vanboxtel/projects/TallFlow/3_Output/MIXCR4.3.2/Output/pt2322-DX1BM-MONOBULK/pt2322-DX1BM-MONOBULK_Receptor.vdjca
Alignment: 0%
Alignment: 10.7%  ETA: 00:09:40
Alignment: 21.5%  ETA: 00:09:11
Alignment: 32.2%  ETA: 00:07:27
Alignment: 43%  ETA: 00:06:07
Alignment: 53.7%  ETA: 00:05:19
Alignment: 64.5%  ETA: 00:03:45
Alignment: 75.2%  ETA: 00:02:50
Alignment: 86%  ETA: 00:01:30
Alignment: 96.7%  ETA: 00:00:22
============== Align Report ==============
Analysis time: 11.28m
Total sequencing reads: 1568289
Successfully aligned reads: 20085 (1.28%)
Alignment failed: no hits (not TCR/IG?): 1265415 (80.69%)
Alignment failed: no CDR3 parts: 160014 (10.2%)
Alignment failed: low total score: 122775 (7.83%)
Overlapped: 132705 (8.46%)
Overlapped and aligned: 345 (0.02%)
Overlapped and not aligned: 132360 (8.44%)
Alignment-aided overlaps, percent of overlapped and aligned: 11 (3.19%)
No CDR3 parts alignments, percent of successfully aligned: 2628 (13.08%)
Partial aligned reads, percent of successfully aligned: 17457 (86.92%)
V gene chimeras: 295 (0.02%)
J gene chimeras: 239 (0.02%)
Paired-end alignment conflicts eliminated: 37 (0%)
Realigned with forced non-floating bound: 2871190 (183.08%)
Realigned with forced non-floating right bound in left read: 6175 (0.39%)
Realigned with forced non-floating left bound in right read: 6175 (0.39%)
TRA chains: 2227 (11.09%)
TRA non-functional: 0 (0%)
TRB chains: 3384 (16.85%)
TRB non-functional: 0 (0%)
TRD chains: 174 (0.87%)
TRD non-functional: 0 (0%)
TRG chains: 751 (3.74%)
TRG non-functional: 0 (0%)
TRAD chains: 2416 (12.03%)
TRAD non-functional: 0 (0%)
IGH chains: 4361 (21.71%)
IGH non-functional: 0 (0%)
IGK chains: 3427 (17.06%)
IGK non-functional: 0 (0%)
IGL chains: 3345 (16.65%)
IGL non-functional: 0 (0%)
Trimming report:
  R1 reads trimmed left: 1890 (0.12%)
  R1 reads trimmed right: 0 (0%)
  Average R1 nucleotides trimmed left: 0.0023847645427596573
  Average R1 nucleotides trimmed right: 0.0
  R2 reads trimmed left: 75 (0%)
  R2 reads trimmed right: 2 (0%)
  Average R2 nucleotides trimmed left: 7.587887181508E-5
  Average R2 nucleotides trimmed right: 1.2752751565559664E-6
====================
Running:
mixcr assemblePartial --report /hpc/pmc_vanboxtel/projects/TallFlow/3_Output/MIXCR4.3.2/Output/pt2322-DX1BM-MONOBULK/pt2322-DX1BM-MONOBULK_Receptor.assemblePartial.report.txt --json-report /hpc/pmc_vanboxtel/projects/TallFlow/3_Output/MIXCR4.3.2/Output/pt2322-DX1BM-MONOBULK/pt2322-DX1BM-MONOBULK_Receptor.assemblePartial.report.json /hpc/pmc_vanboxtel/projects/TallFlow/3_Output/MIXCR4.3.2/Output/pt2322-DX1BM-MONOBULK/pt2322-DX1BM-MONOBULK_Receptor.vdjca /hpc/pmc_vanboxtel/projects/TallFlow/3_Output/MIXCR4.3.2/Output/pt2322-DX1BM-MONOBULK/pt2322-DX1BM-MONOBULK_Receptor.passembled.1.vdjca
Building index: 0%
Searching for overlaps: 0%
Searching for overlaps: 53.4%  ETA: 00:00:00
============== AssemblePartial Report ==============
Analysis time: 2.57s
Total alignments analysed: 20084
Number of output alignments: 20084 (100%)
Alignments already with CDR3 (no overlapping is performed): 0 (0%)
Successfully overlapped alignments: 0 (0%)
Left parts with too small N-region (failed to extract k-mer): 2363 (11.77%)
Extracted k-mer diversity: 46695
Dropped due to wildcard in k-mer: 0 (0%)
Dropped due to too short NRegion parts in overlap: 1 (0%)
Dropped overlaps with empty N region due to no complete NDN coverage: 0 (0%)
Number of left-side alignments: 12231 (60.9%)
Number of right-side alignments: 4709 (23.45%)
Complex overlaps: 0 (0%)
Over-overlaps: 15 (0.07%)
Partial alignments written to output: 20084 (100%)
====================
Running:
mixcr assemblePartial --report /hpc/pmc_vanboxtel/projects/TallFlow/3_Output/MIXCR4.3.2/Output/pt2322-DX1BM-MONOBULK/pt2322-DX1BM-MONOBULK_Receptor.assemblePartial.report.txt --json-report /hpc/pmc_vanboxtel/projects/TallFlow/3_Output/MIXCR4.3.2/Output/pt2322-DX1BM-MONOBULK/pt2322-DX1BM-MONOBULK_Receptor.assemblePartial.report.json /hpc/pmc_vanboxtel/projects/TallFlow/3_Output/MIXCR4.3.2/Output/pt2322-DX1BM-MONOBULK/pt2322-DX1BM-MONOBULK_Receptor.passembled.1.vdjca /hpc/pmc_vanboxtel/projects/TallFlow/3_Output/MIXCR4.3.2/Output/pt2322-DX1BM-MONOBULK/pt2322-DX1BM-MONOBULK_Receptor.passembled.2.vdjca
Building index: 0%
Searching for overlaps: 0.1%
============== AssemblePartial Report ==============
Analysis time: 1.22s
Total alignments analysed: 20084
Number of output alignments: 20084 (100%)
Alignments already with CDR3 (no overlapping is performed): 0 (0%)
Successfully overlapped alignments: 0 (0%)
Left parts with too small N-region (failed to extract k-mer): 2363 (11.77%)
Extracted k-mer diversity: 46695
Dropped due to wildcard in k-mer: 0 (0%)
Dropped due to too short NRegion parts in overlap: 1 (0%)
Dropped overlaps with empty N region due to no complete NDN coverage: 0 (0%)
Number of left-side alignments: 12231 (60.9%)
Number of right-side alignments: 4709 (23.45%)
Complex overlaps: 0 (0%)
Over-overlaps: 15 (0.07%)
Partial alignments written to output: 20084 (100%)
====================
Running:
mixcr extend --report /hpc/pmc_vanboxtel/projects/TallFlow/3_Output/MIXCR4.3.2/Output/pt2322-DX1BM-MONOBULK/pt2322-DX1BM-MONOBULK_Receptor.extend.report.txt --json-report /hpc/pmc_vanboxtel/projects/TallFlow/3_Output/MIXCR4.3.2/Output/pt2322-DX1BM-MONOBULK/pt2322-DX1BM-MONOBULK_Receptor.extend.report.json /hpc/pmc_vanboxtel/projects/TallFlow/3_Output/MIXCR4.3.2/Output/pt2322-DX1BM-MONOBULK/pt2322-DX1BM-MONOBULK_Receptor.passembled.2.vdjca /hpc/pmc_vanboxtel/projects/TallFlow/3_Output/MIXCR4.3.2/Output/pt2322-DX1BM-MONOBULK/pt2322-DX1BM-MONOBULK_Receptor.extended.vdjca
Extending alignments: 0%
============== Extend Report ==============
Analysis time: 397ms
Extended alignments count: 0 (0%)
V extensions total: 0 (0%)
V extensions with merged targets: 0 (0%)
J extensions total: 0 (0%)
J extensions with merged targets: 0 (0%)
V+J extensions: 0 (0%)
Mean V extension length: NaN
Mean J extension length: NaN
====================
Running:
mixcr assemble --report /hpc/pmc_vanboxtel/projects/TallFlow/3_Output/MIXCR4.3.2/Output/pt2322-DX1BM-MONOBULK/pt2322-DX1BM-MONOBULK_Receptor.assemble.report.txt --json-report /hpc/pmc_vanboxtel/projects/TallFlow/3_Output/MIXCR4.3.2/Output/pt2322-DX1BM-MONOBULK/pt2322-DX1BM-MONOBULK_Receptor.assemble.report.json /hpc/pmc_vanboxtel/projects/TallFlow/3_Output/MIXCR4.3.2/Output/pt2322-DX1BM-MONOBULK/pt2322-DX1BM-MONOBULK_Receptor.extended.vdjca /hpc/pmc_vanboxtel/projects/TallFlow/3_Output/MIXCR4.3.2/Output/pt2322-DX1BM-MONOBULK/pt2322-DX1BM-MONOBULK_Receptor.clna
Initialization: progress unknown
Initialization: progress unknown
============== Assemble Report ==============
Analysis time: 506ms
Final clonotype count: 0
Reads used in clonotypes, percent of total: 0 (0%)
Average number of reads per clonotype: NaN
Reads dropped due to the lack of a clone sequence, percent of total: 20084 (1.28%)
Reads dropped due to a too short clonal sequence, percent of total: 0 (0%)
Reads dropped due to low quality, percent of total: 0 (0%)
Reads dropped due to failed mapping, percent of total: 0 (0%)
Reads dropped with low quality clones, percent of total: 0 (0%)
Reads used in clonotypes before clustering, percent of total: 0 (0%)
Number of reads used as a core, percent of used: 0 (NaN%)
Mapped low quality reads, percent of used: 0 (NaN%)
Reads clustered in PCR error correction, percent of used: 0 (NaN%)
Reads pre-clustered due to the similar VJC-lists, percent of used: 0 (NaN%)
Clonotypes dropped as low quality: 0
Clonotypes eliminated by PCR error correction: 0
Clonotypes pre-clustered due to the similar VJC-lists: 0
Clones dropped in post filtering: 0 (NaN%)
Reads dropped in post filtering: 0.0 (0%)
Alignments filtered by tag prefix: 0 (0%)
====================
Running:
mixcr assembleContigs --report /hpc/pmc_vanboxtel/projects/TallFlow/3_Output/MIXCR4.3.2/Output/pt2322-DX1BM-MONOBULK/pt2322-DX1BM-MONOBULK_Receptor.assembleContigs.report.txt --json-report /hpc/pmc_vanboxtel/projects/TallFlow/3_Output/MIXCR4.3.2/Output/pt2322-DX1BM-MONOBULK/pt2322-DX1BM-MONOBULK_Receptor.assembleContigs.report.json /hpc/pmc_vanboxtel/projects/TallFlow/3_Output/MIXCR4.3.2/Output/pt2322-DX1BM-MONOBULK/pt2322-DX1BM-MONOBULK_Receptor.clna /hpc/pmc_vanboxtel/projects/TallFlow/3_Output/MIXCR4.3.2/Output/pt2322-DX1BM-MONOBULK/pt2322-DX1BM-MONOBULK_Receptor.contigs.clns
Assembling contigs: 0%
============== AssembleContigs Report ==============
Analysis time: 68ms
Initial clonotype count: 0
Final clonotype count: 0 (NaN%)
Canceled assemblies: 0 (NaN%)
Number of premature termination assembly events, percent of number of initial clonotypes: 0.0 (NaN%)
Longest contig length: 0
Clustered variants: 0 (NaN%)
Reads in clustered variants: 0.0 (NaN%)
Reads in divided (newly created) clones: 0.0 (NaN%)
Clones with ambiguous letters in splitting region: 0 (NaN%)
Reads in clones with ambiguous letters in splitting region: 0.0 (NaN%)
Average number of ambiguous letters per clone with ambiguous letters in splitting region: NaN
====================
Running:
mixcr exportClones /hpc/pmc_vanboxtel/projects/TallFlow/3_Output/MIXCR4.3.2/Output/pt2322-DX1BM-MONOBULK/pt2322-DX1BM-MONOBULK_Receptor.contigs.clns /hpc/pmc_vanboxtel/projects/TallFlow/3_Output/MIXCR4.3.2/Output/pt2322-DX1BM-MONOBULK/pt2322-DX1BM-MONOBULK_Receptor.clones.tsv
Analysis finished successfully.
IMPORTANT: MiXCR will use at most 4194MB of RAM,
           use -Xmx to change automatically set heap size (i.e. -Xmx50g to set heap size to 50 Gb)
IMPORTANT: MiXCR will use at most 4068MB of RAM,
           use -Xmx to change automatically set heap size (i.e. -Xmx50g to set heap size to 50 Gb)
IMPORTANT: MiXCR will use at most 3938MB of RAM,
           use -Xmx to change automatically set heap size (i.e. -Xmx50g to set heap size to 50 Gb)
