INFO	2023-05-03 17:12:04	SamToFastq	

********** NOTE: Picard's command line syntax is changing.
**********
********** For more information, please see:
********** https://github.com/broadinstitute/picard/wiki/Command-Line-Syntax-Transition-For-Users-(Pre-Transition)
**********
********** The command line looks like this in the new syntax:
**********
**********    SamToFastq -INPUT /hpc/pmc_vanboxtel/projects/TallFlow/3_Output/MIXCR4.3.2/input/bam/pt2322-DX1BM-TALL12_dedup.bam -OUTPUT_DIR /hpc/pmc_vanboxtel/projects/TallFlow/3_Output/MIXCR4.3.2/input/fastq -RG_TAG ID -OUTPUT_PER_RG true
**********


17:12:05.471 INFO  NativeLibraryLoader - Loading libgkl_compression.so from jar:file:/hpc/local/CentOS7/pmc_vanboxtel/bin/picard-2.24.1/picard.jar!/com/intel/gkl/native/libgkl_compression.so
[Wed May 03 17:12:05 CEST 2023] SamToFastq INPUT=/hpc/pmc_vanboxtel/projects/TallFlow/3_Output/MIXCR4.3.2/input/bam/pt2322-DX1BM-TALL12_dedup.bam OUTPUT_PER_RG=true RG_TAG=ID OUTPUT_DIR=/hpc/pmc_vanboxtel/projects/TallFlow/3_Output/MIXCR4.3.2/input/fastq    COMPRESS_OUTPUTS_PER_RG=false RE_REVERSE=true INTERLEAVE=false INCLUDE_NON_PF_READS=false CLIPPING_MIN_LENGTH=0 READ1_TRIM=0 READ2_TRIM=0 INCLUDE_NON_PRIMARY_ALIGNMENTS=false VERBOSITY=INFO QUIET=false VALIDATION_STRINGENCY=STRICT COMPRESSION_LEVEL=5 MAX_RECORDS_IN_RAM=500000 CREATE_INDEX=false CREATE_MD5_FILE=false GA4GH_CLIENT_SECRETS=client_secrets.json USE_JDK_DEFLATER=false USE_JDK_INFLATER=false
[Wed May 03 17:12:05 CEST 2023] Executing as rhagelaar@n0081.compute.hpc on Linux 3.10.0-1160.83.1.el7.x86_64 amd64; Java HotSpot(TM) 64-Bit Server VM 1.8.0_60-b27; Deflater: Intel; Inflater: Intel; Provider GCS is not available; Picard version: 2.24.1
INFO	2023-05-03 17:12:16	SamToFastq	Processed     1,000,000 records.  Elapsed time: 00:00:11s.  Time for last 1,000,000:   11s.  Last read position: 14:22,633,657
[Wed May 03 17:12:22 CEST 2023] picard.sam.SamToFastq done. Elapsed time: 0.29 minutes.
Runtime.totalMemory()=5798625280
To get help, see http://broadinstitute.github.io/picard/index.html#GettingHelp
Exception in thread "main" htsjdk.samtools.SAMFormatException: SAM validation error: ERROR::MATE_NOT_FOUND:Found 34059 unpaired mates
	at htsjdk.samtools.SAMUtils.processValidationError(SAMUtils.java:469)
	at picard.sam.SamToFastq.doWork(SamToFastq.java:225)
	at picard.cmdline.CommandLineProgram.instanceMain(CommandLineProgram.java:304)
	at picard.cmdline.PicardCommandLine.instanceMain(PicardCommandLine.java:103)
	at picard.cmdline.PicardCommandLine.main(PicardCommandLine.java:113)
/hpc/pmc_vanboxtel/projects/TallFlow/2_Code/MIXCR/
IMPORTANT: MiXCR will use at most 6766MB of RAM,
           use -Xmx to change automatically set heap size (i.e. -Xmx50g to set heap size to 50 Gb)
====================
Running:
mixcr align --report /hpc/pmc_vanboxtel/projects/TallFlow/3_Output/MIXCR4.3.2/Output/pt2322-DX1BM-TALL12/pt2322-DX1BM-TALL12_Receptor.align.report.txt --json-report /hpc/pmc_vanboxtel/projects/TallFlow/3_Output/MIXCR4.3.2/Output/pt2322-DX1BM-TALL12/pt2322-DX1BM-TALL12_Receptor.align.report.json --preset rnaseq-full-length --dna --species hsa /hpc/pmc_vanboxtel/projects/TallFlow/3_Output/MIXCR4.3.2/input/fastq/Merged/pt2322-DX1BM-TALL12_R1.fastq /hpc/pmc_vanboxtel/projects/TallFlow/3_Output/MIXCR4.3.2/input/fastq/Merged/pt2322-DX1BM-TALL12_R2.fastq /hpc/pmc_vanboxtel/projects/TallFlow/3_Output/MIXCR4.3.2/Output/pt2322-DX1BM-TALL12/pt2322-DX1BM-TALL12_Receptor.vdjca
Alignment: 0%
Alignment: 10.6%  ETA: 00:04:06
Alignment: 21.1%  ETA: 00:03:24
Alignment: 31.7%  ETA: 00:03:02
Alignment: 42.2%  ETA: 00:02:11
Alignment: 52.8%  ETA: 00:01:56
Alignment: 63.3%  ETA: 00:01:24
Alignment: 73.9%  ETA: 00:01:04
Alignment: 84.5%  ETA: 00:00:38
Alignment: 95%  ETA: 00:00:11
============== Align Report ==============
Analysis time: 4.26m
Total sequencing reads: 683991
Successfully aligned reads: 7806 (1.14%)
Alignment failed: no hits (not TCR/IG?): 567329 (82.94%)
Alignment failed: no CDR3 parts: 59862 (8.75%)
Alignment failed: low total score: 48994 (7.16%)
Overlapped: 91662 (13.4%)
Overlapped and aligned: 244 (0.04%)
Overlapped and not aligned: 91418 (13.37%)
Alignment-aided overlaps, percent of overlapped and aligned: 4 (1.64%)
No CDR3 parts alignments, percent of successfully aligned: 1123 (14.39%)
Partial aligned reads, percent of successfully aligned: 6669 (85.43%)
V gene chimeras: 122 (0.02%)
J gene chimeras: 31 (0%)
Paired-end alignment conflicts eliminated: 26 (0%)
Realigned with forced non-floating bound: 1184666 (173.2%)
Realigned with forced non-floating right bound in left read: 2004 (0.29%)
Realigned with forced non-floating left bound in right read: 2004 (0.29%)
TRA chains: 1102 (14.12%)
TRA non-functional: 0 (0%)
TRB chains: 256 (3.28%)
TRB non-functional: 0 (0%)
TRD chains: 85 (1.09%)
TRD non-functional: 4 (4.71%)
TRG chains: 162 (2.08%)
TRG non-functional: 0 (0%)
TRAD chains: 772 (9.89%)
TRAD non-functional: 0 (0%)
IGH chains: 1985 (25.43%)
IGH non-functional: 0 (0%)
IGK chains: 2084 (26.7%)
IGK non-functional: 0 (0%)
IGL chains: 1360 (17.42%)
IGL non-functional: 0 (0%)
Trimming report:
  R1 reads trimmed left: 747 (0.11%)
  R1 reads trimmed right: 5 (0%)
  Average R1 nucleotides trimmed left: 0.0022251754774551126
  Average R1 nucleotides trimmed right: 8.041041475691932E-5
  R2 reads trimmed left: 228 (0.03%)
  R2 reads trimmed right: 8 (0%)
  Average R2 nucleotides trimmed left: 4.8684851116462057E-4
  Average R2 nucleotides trimmed right: 3.3187571181492154E-4
====================
Running:
mixcr assemblePartial --report /hpc/pmc_vanboxtel/projects/TallFlow/3_Output/MIXCR4.3.2/Output/pt2322-DX1BM-TALL12/pt2322-DX1BM-TALL12_Receptor.assemblePartial.report.txt --json-report /hpc/pmc_vanboxtel/projects/TallFlow/3_Output/MIXCR4.3.2/Output/pt2322-DX1BM-TALL12/pt2322-DX1BM-TALL12_Receptor.assemblePartial.report.json /hpc/pmc_vanboxtel/projects/TallFlow/3_Output/MIXCR4.3.2/Output/pt2322-DX1BM-TALL12/pt2322-DX1BM-TALL12_Receptor.vdjca /hpc/pmc_vanboxtel/projects/TallFlow/3_Output/MIXCR4.3.2/Output/pt2322-DX1BM-TALL12/pt2322-DX1BM-TALL12_Receptor.passembled.1.vdjca
Building index: 0%
Searching for overlaps: 0%
============== AssemblePartial Report ==============
Analysis time: 895ms
Total alignments analysed: 7804
Number of output alignments: 7803 (99.99%)
Alignments already with CDR3 (no overlapping is performed): 18 (0.23%)
Successfully overlapped alignments: 1 (0.01%)
Left parts with too small N-region (failed to extract k-mer): 840 (10.76%)
Extracted k-mer diversity: 34267
Dropped due to wildcard in k-mer: 0 (0%)
Dropped due to too short NRegion parts in overlap: 0 (0%)
Dropped overlaps with empty N region due to no complete NDN coverage: 0 (0%)
Number of left-side alignments: 4747 (60.83%)
Number of right-side alignments: 1798 (23.04%)
Complex overlaps: 0 (0%)
Over-overlaps: 9 (0.12%)
Partial alignments written to output: 7784 (99.74%)
====================
Running:
mixcr assemblePartial --report /hpc/pmc_vanboxtel/projects/TallFlow/3_Output/MIXCR4.3.2/Output/pt2322-DX1BM-TALL12/pt2322-DX1BM-TALL12_Receptor.assemblePartial.report.txt --json-report /hpc/pmc_vanboxtel/projects/TallFlow/3_Output/MIXCR4.3.2/Output/pt2322-DX1BM-TALL12/pt2322-DX1BM-TALL12_Receptor.assemblePartial.report.json /hpc/pmc_vanboxtel/projects/TallFlow/3_Output/MIXCR4.3.2/Output/pt2322-DX1BM-TALL12/pt2322-DX1BM-TALL12_Receptor.passembled.1.vdjca /hpc/pmc_vanboxtel/projects/TallFlow/3_Output/MIXCR4.3.2/Output/pt2322-DX1BM-TALL12/pt2322-DX1BM-TALL12_Receptor.passembled.2.vdjca
Building index: 40.5%
Searching for overlaps: 0%
============== AssemblePartial Report ==============
Analysis time: 756ms
Total alignments analysed: 7803
Number of output alignments: 7803 (100%)
Alignments already with CDR3 (no overlapping is performed): 19 (0.24%)
Successfully overlapped alignments: 0 (0%)
Left parts with too small N-region (failed to extract k-mer): 840 (10.77%)
Extracted k-mer diversity: 34257
Dropped due to wildcard in k-mer: 0 (0%)
Dropped due to too short NRegion parts in overlap: 0 (0%)
Dropped overlaps with empty N region due to no complete NDN coverage: 0 (0%)
Number of left-side alignments: 4746 (60.82%)
Number of right-side alignments: 1797 (23.03%)
Complex overlaps: 0 (0%)
Over-overlaps: 10 (0.13%)
Partial alignments written to output: 7784 (99.76%)
====================
Running:
mixcr extend --report /hpc/pmc_vanboxtel/projects/TallFlow/3_Output/MIXCR4.3.2/Output/pt2322-DX1BM-TALL12/pt2322-DX1BM-TALL12_Receptor.extend.report.txt --json-report /hpc/pmc_vanboxtel/projects/TallFlow/3_Output/MIXCR4.3.2/Output/pt2322-DX1BM-TALL12/pt2322-DX1BM-TALL12_Receptor.extend.report.json /hpc/pmc_vanboxtel/projects/TallFlow/3_Output/MIXCR4.3.2/Output/pt2322-DX1BM-TALL12/pt2322-DX1BM-TALL12_Receptor.passembled.2.vdjca /hpc/pmc_vanboxtel/projects/TallFlow/3_Output/MIXCR4.3.2/Output/pt2322-DX1BM-TALL12/pt2322-DX1BM-TALL12_Receptor.extended.vdjca
Extending alignments: 0%
============== Extend Report ==============
Analysis time: 200ms
Extended alignments count: 4 (0.05%)
V extensions total: 1 (0.01%)
V extensions with merged targets: 0 (0%)
J extensions total: 3 (0.04%)
J extensions with merged targets: 0 (0%)
V+J extensions: 0 (0%)
Mean V extension length: 2.0
Mean J extension length: 6.333333333333333
====================
Running:
mixcr assemble --report /hpc/pmc_vanboxtel/projects/TallFlow/3_Output/MIXCR4.3.2/Output/pt2322-DX1BM-TALL12/pt2322-DX1BM-TALL12_Receptor.assemble.report.txt --json-report /hpc/pmc_vanboxtel/projects/TallFlow/3_Output/MIXCR4.3.2/Output/pt2322-DX1BM-TALL12/pt2322-DX1BM-TALL12_Receptor.assemble.report.json /hpc/pmc_vanboxtel/projects/TallFlow/3_Output/MIXCR4.3.2/Output/pt2322-DX1BM-TALL12/pt2322-DX1BM-TALL12_Receptor.extended.vdjca /hpc/pmc_vanboxtel/projects/TallFlow/3_Output/MIXCR4.3.2/Output/pt2322-DX1BM-TALL12/pt2322-DX1BM-TALL12_Receptor.clna
Initialization: progress unknown
Initialization: progress unknown
============== Assemble Report ==============
Analysis time: 559ms
Final clonotype count: 3
Reads used in clonotypes, percent of total: 20 (0%)
Average number of reads per clonotype: 6.67
Reads dropped due to the lack of a clone sequence, percent of total: 7784 (1.14%)
Reads dropped due to a too short clonal sequence, percent of total: 0 (0%)
Reads dropped due to low quality, percent of total: 0 (0%)
Reads dropped due to failed mapping, percent of total: 0 (0%)
Reads dropped with low quality clones, percent of total: 0 (0%)
Reads used in clonotypes before clustering, percent of total: 20 (0%)
Number of reads used as a core, percent of used: 20 (100%)
Mapped low quality reads, percent of used: 0 (0%)
Reads clustered in PCR error correction, percent of used: 0 (0%)
Reads pre-clustered due to the similar VJC-lists, percent of used: 0 (0%)
Clonotypes dropped as low quality: 0
Clonotypes eliminated by PCR error correction: 0
Clonotypes pre-clustered due to the similar VJC-lists: 0
Clones dropped in post filtering: 0 (0%)
Reads dropped in post filtering: 0.0 (0%)
Alignments filtered by tag prefix: 0 (0%)
TRB chains: 1 (33.33%)
TRB non-functional: 0 (0%)
TRD chains: 1 (33.33%)
TRD non-functional: 1 (100%)
TRG chains: 1 (33.33%)
TRG non-functional: 0 (0%)
====================
Running:
mixcr assembleContigs --report /hpc/pmc_vanboxtel/projects/TallFlow/3_Output/MIXCR4.3.2/Output/pt2322-DX1BM-TALL12/pt2322-DX1BM-TALL12_Receptor.assembleContigs.report.txt --json-report /hpc/pmc_vanboxtel/projects/TallFlow/3_Output/MIXCR4.3.2/Output/pt2322-DX1BM-TALL12/pt2322-DX1BM-TALL12_Receptor.assembleContigs.report.json /hpc/pmc_vanboxtel/projects/TallFlow/3_Output/MIXCR4.3.2/Output/pt2322-DX1BM-TALL12/pt2322-DX1BM-TALL12_Receptor.clna /hpc/pmc_vanboxtel/projects/TallFlow/3_Output/MIXCR4.3.2/Output/pt2322-DX1BM-TALL12/pt2322-DX1BM-TALL12_Receptor.contigs.clns
Assembling contigs: 0%
============== AssembleContigs Report ==============
Analysis time: 234ms
Initial clonotype count: 3
Final clonotype count: 3 (100%)
Canceled assemblies: 0 (0%)
Number of premature termination assembly events, percent of number of initial clonotypes: 0.0 (0%)
Longest contig length: 744
Clustered variants: 0 (0%)
Reads in clustered variants: 0.0 (0%)
Reads in divided (newly created) clones: 0.0 (0%)
Clones with ambiguous letters in splitting region: 0 (0%)
Reads in clones with ambiguous letters in splitting region: 0.0 (0%)
Average number of ambiguous letters per clone with ambiguous letters in splitting region: NaN
====================
Running:
mixcr exportClones /hpc/pmc_vanboxtel/projects/TallFlow/3_Output/MIXCR4.3.2/Output/pt2322-DX1BM-TALL12/pt2322-DX1BM-TALL12_Receptor.contigs.clns /hpc/pmc_vanboxtel/projects/TallFlow/3_Output/MIXCR4.3.2/Output/pt2322-DX1BM-TALL12/pt2322-DX1BM-TALL12_Receptor.clones.tsv
Exporting TRB
Exporting clones: 0%
WARNING: Filtered 1 of 3 clones (66.67%).
WARNING: Filtered 2.0 of 20.0 reads (90%).
Exporting TRAD
Exporting clones: 0%
WARNING: Filtered 1 of 3 clones (66.67%).
WARNING: Filtered 8.0 of 20.0 reads (60%).
Exporting TRG
Exporting clones: 0%
WARNING: Filtered 1 of 3 clones (66.67%).
WARNING: Filtered 10.0 of 20.0 reads (50%).
Analysis finished successfully.
IMPORTANT: MiXCR will use at most 12000MB of RAM,
           use -Xmx to change automatically set heap size (i.e. -Xmx50g to set heap size to 50 Gb)
IMPORTANT: MiXCR will use at most 12000MB of RAM,
           use -Xmx to change automatically set heap size (i.e. -Xmx50g to set heap size to 50 Gb)
IMPORTANT: MiXCR will use at most 12000MB of RAM,
           use -Xmx to change automatically set heap size (i.e. -Xmx50g to set heap size to 50 Gb)
