INFO	2023-05-03 17:02:45	SamToFastq	

********** NOTE: Picard's command line syntax is changing.
**********
********** For more information, please see:
********** https://github.com/broadinstitute/picard/wiki/Command-Line-Syntax-Transition-For-Users-(Pre-Transition)
**********
********** The command line looks like this in the new syntax:
**********
**********    SamToFastq -INPUT /hpc/pmc_vanboxtel/projects/TallFlow/3_Output/MIXCR4.3.2/input/bam/pt2283D-DX1BM-TALL5_dedup.bam -OUTPUT_DIR /hpc/pmc_vanboxtel/projects/TallFlow/3_Output/MIXCR4.3.2/input/fastq -RG_TAG ID -OUTPUT_PER_RG true
**********


17:02:45.264 INFO  NativeLibraryLoader - Loading libgkl_compression.so from jar:file:/hpc/local/CentOS7/pmc_vanboxtel/bin/picard-2.24.1/picard.jar!/com/intel/gkl/native/libgkl_compression.so
[Wed May 03 17:02:45 CEST 2023] SamToFastq INPUT=/hpc/pmc_vanboxtel/projects/TallFlow/3_Output/MIXCR4.3.2/input/bam/pt2283D-DX1BM-TALL5_dedup.bam OUTPUT_PER_RG=true RG_TAG=ID OUTPUT_DIR=/hpc/pmc_vanboxtel/projects/TallFlow/3_Output/MIXCR4.3.2/input/fastq    COMPRESS_OUTPUTS_PER_RG=false RE_REVERSE=true INTERLEAVE=false INCLUDE_NON_PF_READS=false CLIPPING_MIN_LENGTH=0 READ1_TRIM=0 READ2_TRIM=0 INCLUDE_NON_PRIMARY_ALIGNMENTS=false VERBOSITY=INFO QUIET=false VALIDATION_STRINGENCY=STRICT COMPRESSION_LEVEL=5 MAX_RECORDS_IN_RAM=500000 CREATE_INDEX=false CREATE_MD5_FILE=false GA4GH_CLIENT_SECRETS=client_secrets.json USE_JDK_DEFLATER=false USE_JDK_INFLATER=false
[Wed May 03 17:02:45 CEST 2023] Executing as rhagelaar@n0091.compute.hpc on Linux 3.10.0-1160.83.1.el7.x86_64 amd64; Java HotSpot(TM) 64-Bit Server VM 1.8.0_60-b27; Deflater: Intel; Inflater: Intel; Provider GCS is not available; Picard version: 2.24.1
INFO	2023-05-03 17:02:55	SamToFastq	Processed     1,000,000 records.  Elapsed time: 00:00:10s.  Time for last 1,000,000:   10s.  Last read position: 14:105,569,454
[Wed May 03 17:02:59 CEST 2023] picard.sam.SamToFastq done. Elapsed time: 0.24 minutes.
Runtime.totalMemory()=5803343872
To get help, see http://broadinstitute.github.io/picard/index.html#GettingHelp
Exception in thread "main" htsjdk.samtools.SAMFormatException: SAM validation error: ERROR::MATE_NOT_FOUND:Found 30433 unpaired mates
	at htsjdk.samtools.SAMUtils.processValidationError(SAMUtils.java:469)
	at picard.sam.SamToFastq.doWork(SamToFastq.java:225)
	at picard.cmdline.CommandLineProgram.instanceMain(CommandLineProgram.java:304)
	at picard.cmdline.PicardCommandLine.instanceMain(PicardCommandLine.java:103)
	at picard.cmdline.PicardCommandLine.main(PicardCommandLine.java:113)
/hpc/pmc_vanboxtel/projects/TallFlow/2_Code/MIXCR/
IMPORTANT: MiXCR will use at most 2905MB of RAM,
           use -Xmx to change automatically set heap size (i.e. -Xmx50g to set heap size to 50 Gb)
====================
Running:
mixcr align --report /hpc/pmc_vanboxtel/projects/TallFlow/3_Output/MIXCR4.3.2/Output/pt2283D-DX1BM-TALL5/pt2283D-DX1BM-TALL5_Receptor.align.report.txt --json-report /hpc/pmc_vanboxtel/projects/TallFlow/3_Output/MIXCR4.3.2/Output/pt2283D-DX1BM-TALL5/pt2283D-DX1BM-TALL5_Receptor.align.report.json --preset rnaseq-full-length --dna --species hsa /hpc/pmc_vanboxtel/projects/TallFlow/3_Output/MIXCR4.3.2/input/fastq/Merged/pt2283D-DX1BM-TALL5_R1.fastq /hpc/pmc_vanboxtel/projects/TallFlow/3_Output/MIXCR4.3.2/input/fastq/Merged/pt2283D-DX1BM-TALL5_R2.fastq /hpc/pmc_vanboxtel/projects/TallFlow/3_Output/MIXCR4.3.2/Output/pt2283D-DX1BM-TALL5/pt2283D-DX1BM-TALL5_Receptor.vdjca
Alignment: 0%
Alignment: 11.3%  ETA: 00:03:02
Alignment: 22.5%  ETA: 00:03:07
Alignment: 33.8%  ETA: 00:02:39
Alignment: 45.1%  ETA: 00:02:02
Alignment: 56.4%  ETA: 00:01:48
Alignment: 67.6%  ETA: 00:01:12
Alignment: 78.9%  ETA: 00:00:52
Alignment: 90.2%  ETA: 00:00:22
============== Align Report ==============
Analysis time: 4m
Total sequencing reads: 640680
Successfully aligned reads: 9256 (1.44%)
Alignment failed: no hits (not TCR/IG?): 532276 (83.08%)
Alignment failed: no CDR3 parts: 55719 (8.7%)
Alignment failed: low total score: 43429 (6.78%)
Overlapped: 90252 (14.09%)
Overlapped and aligned: 227 (0.04%)
Overlapped and not aligned: 90025 (14.05%)
Alignment-aided overlaps, percent of overlapped and aligned: 8 (3.52%)
No CDR3 parts alignments, percent of successfully aligned: 1164 (12.58%)
Partial aligned reads, percent of successfully aligned: 8079 (87.28%)
V gene chimeras: 128 (0.02%)
J gene chimeras: 29 (0%)
Paired-end alignment conflicts eliminated: 21 (0%)
Realigned with forced non-floating bound: 1100872 (171.83%)
Realigned with forced non-floating right bound in left read: 1821 (0.28%)
Realigned with forced non-floating left bound in right read: 1821 (0.28%)
TRA chains: 1621 (17.51%)
TRA non-functional: 2 (0.12%)
TRB chains: 1357 (14.66%)
TRB non-functional: 0 (0%)
TRD chains: 35 (0.38%)
TRD non-functional: 0 (0%)
TRG chains: 243 (2.63%)
TRG non-functional: 1 (0.41%)
TRAD chains: 888 (9.59%)
TRAD non-functional: 0 (0%)
IGH chains: 2176 (23.51%)
IGH non-functional: 0 (0%)
IGK chains: 1717 (18.55%)
IGK non-functional: 0 (0%)
IGL chains: 1219 (13.17%)
IGL non-functional: 0 (0%)
Trimming report:
  R1 reads trimmed left: 1267 (0.2%)
  R1 reads trimmed right: 10 (0%)
  Average R1 nucleotides trimmed left: 0.003914590747330961
  Average R1 nucleotides trimmed right: 1.560841605793844E-5
  R2 reads trimmed left: 451 (0.07%)
  R2 reads trimmed right: 1 (0%)
  Average R2 nucleotides trimmed left: 7.772991196853343E-4
  Average R2 nucleotides trimmed right: 1.5608416057938441E-6
====================
Running:
mixcr assemblePartial --report /hpc/pmc_vanboxtel/projects/TallFlow/3_Output/MIXCR4.3.2/Output/pt2283D-DX1BM-TALL5/pt2283D-DX1BM-TALL5_Receptor.assemblePartial.report.txt --json-report /hpc/pmc_vanboxtel/projects/TallFlow/3_Output/MIXCR4.3.2/Output/pt2283D-DX1BM-TALL5/pt2283D-DX1BM-TALL5_Receptor.assemblePartial.report.json /hpc/pmc_vanboxtel/projects/TallFlow/3_Output/MIXCR4.3.2/Output/pt2283D-DX1BM-TALL5/pt2283D-DX1BM-TALL5_Receptor.vdjca /hpc/pmc_vanboxtel/projects/TallFlow/3_Output/MIXCR4.3.2/Output/pt2283D-DX1BM-TALL5/pt2283D-DX1BM-TALL5_Receptor.passembled.1.vdjca
Building index: 0%
Searching for overlaps: 0%
============== AssemblePartial Report ==============
Analysis time: 788ms
Total alignments analysed: 9255
Number of output alignments: 9255 (100%)
Alignments already with CDR3 (no overlapping is performed): 13 (0.14%)
Successfully overlapped alignments: 0 (0%)
Left parts with too small N-region (failed to extract k-mer): 955 (10.32%)
Extracted k-mer diversity: 41887
Dropped due to wildcard in k-mer: 0 (0%)
Dropped due to too short NRegion parts in overlap: 2 (0.02%)
Dropped overlaps with empty N region due to no complete NDN coverage: 0 (0%)
Number of left-side alignments: 5600 (60.51%)
Number of right-side alignments: 2250 (24.31%)
Complex overlaps: 0 (0%)
Over-overlaps: 8 (0.09%)
Partial alignments written to output: 9242 (99.86%)
====================
Running:
mixcr assemblePartial --report /hpc/pmc_vanboxtel/projects/TallFlow/3_Output/MIXCR4.3.2/Output/pt2283D-DX1BM-TALL5/pt2283D-DX1BM-TALL5_Receptor.assemblePartial.report.txt --json-report /hpc/pmc_vanboxtel/projects/TallFlow/3_Output/MIXCR4.3.2/Output/pt2283D-DX1BM-TALL5/pt2283D-DX1BM-TALL5_Receptor.assemblePartial.report.json /hpc/pmc_vanboxtel/projects/TallFlow/3_Output/MIXCR4.3.2/Output/pt2283D-DX1BM-TALL5/pt2283D-DX1BM-TALL5_Receptor.passembled.1.vdjca /hpc/pmc_vanboxtel/projects/TallFlow/3_Output/MIXCR4.3.2/Output/pt2283D-DX1BM-TALL5/pt2283D-DX1BM-TALL5_Receptor.passembled.2.vdjca
Building index: 0%
Searching for overlaps: 0%
============== AssemblePartial Report ==============
Analysis time: 895ms
Total alignments analysed: 9255
Number of output alignments: 9255 (100%)
Alignments already with CDR3 (no overlapping is performed): 13 (0.14%)
Successfully overlapped alignments: 0 (0%)
Left parts with too small N-region (failed to extract k-mer): 955 (10.32%)
Extracted k-mer diversity: 41887
Dropped due to wildcard in k-mer: 0 (0%)
Dropped due to too short NRegion parts in overlap: 2 (0.02%)
Dropped overlaps with empty N region due to no complete NDN coverage: 0 (0%)
Number of left-side alignments: 5600 (60.51%)
Number of right-side alignments: 2250 (24.31%)
Complex overlaps: 0 (0%)
Over-overlaps: 8 (0.09%)
Partial alignments written to output: 9242 (99.86%)
====================
Running:
mixcr extend --report /hpc/pmc_vanboxtel/projects/TallFlow/3_Output/MIXCR4.3.2/Output/pt2283D-DX1BM-TALL5/pt2283D-DX1BM-TALL5_Receptor.extend.report.txt --json-report /hpc/pmc_vanboxtel/projects/TallFlow/3_Output/MIXCR4.3.2/Output/pt2283D-DX1BM-TALL5/pt2283D-DX1BM-TALL5_Receptor.extend.report.json /hpc/pmc_vanboxtel/projects/TallFlow/3_Output/MIXCR4.3.2/Output/pt2283D-DX1BM-TALL5/pt2283D-DX1BM-TALL5_Receptor.passembled.2.vdjca /hpc/pmc_vanboxtel/projects/TallFlow/3_Output/MIXCR4.3.2/Output/pt2283D-DX1BM-TALL5/pt2283D-DX1BM-TALL5_Receptor.extended.vdjca
Extending alignments: 0%
============== Extend Report ==============
Analysis time: 212ms
Extended alignments count: 0 (0%)
V extensions total: 0 (0%)
V extensions with merged targets: 0 (0%)
J extensions total: 0 (0%)
J extensions with merged targets: 0 (0%)
V+J extensions: 0 (0%)
Mean V extension length: NaN
Mean J extension length: NaN
====================
Running:
mixcr assemble --report /hpc/pmc_vanboxtel/projects/TallFlow/3_Output/MIXCR4.3.2/Output/pt2283D-DX1BM-TALL5/pt2283D-DX1BM-TALL5_Receptor.assemble.report.txt --json-report /hpc/pmc_vanboxtel/projects/TallFlow/3_Output/MIXCR4.3.2/Output/pt2283D-DX1BM-TALL5/pt2283D-DX1BM-TALL5_Receptor.assemble.report.json /hpc/pmc_vanboxtel/projects/TallFlow/3_Output/MIXCR4.3.2/Output/pt2283D-DX1BM-TALL5/pt2283D-DX1BM-TALL5_Receptor.extended.vdjca /hpc/pmc_vanboxtel/projects/TallFlow/3_Output/MIXCR4.3.2/Output/pt2283D-DX1BM-TALL5/pt2283D-DX1BM-TALL5_Receptor.clna
Initialization: progress unknown
Initialization: progress unknown
============== Assemble Report ==============
Analysis time: 298ms
Final clonotype count: 3
Reads used in clonotypes, percent of total: 7 (0%)
Average number of reads per clonotype: 2.33
Reads dropped due to the lack of a clone sequence, percent of total: 9242 (1.44%)
Reads dropped due to a too short clonal sequence, percent of total: 0 (0%)
Reads dropped due to low quality, percent of total: 0 (0%)
Reads dropped due to failed mapping, percent of total: 6 (0%)
Reads dropped with low quality clones, percent of total: 0 (0%)
Reads used in clonotypes before clustering, percent of total: 7 (0%)
Number of reads used as a core, percent of used: 7 (100%)
Mapped low quality reads, percent of used: 0 (0%)
Reads clustered in PCR error correction, percent of used: 0 (0%)
Reads pre-clustered due to the similar VJC-lists, percent of used: 0 (0%)
Clonotypes dropped as low quality: 0
Clonotypes eliminated by PCR error correction: 0
Clonotypes pre-clustered due to the similar VJC-lists: 0
Clones dropped in post filtering: 0 (0%)
Reads dropped in post filtering: 0.0 (0%)
Alignments filtered by tag prefix: 0 (0%)
TRA chains: 1 (33.33%)
TRA non-functional: 1 (100%)
TRB chains: 1 (33.33%)
TRB non-functional: 0 (0%)
TRG chains: 1 (33.33%)
TRG non-functional: 0 (0%)
====================
Running:
mixcr assembleContigs --report /hpc/pmc_vanboxtel/projects/TallFlow/3_Output/MIXCR4.3.2/Output/pt2283D-DX1BM-TALL5/pt2283D-DX1BM-TALL5_Receptor.assembleContigs.report.txt --json-report /hpc/pmc_vanboxtel/projects/TallFlow/3_Output/MIXCR4.3.2/Output/pt2283D-DX1BM-TALL5/pt2283D-DX1BM-TALL5_Receptor.assembleContigs.report.json /hpc/pmc_vanboxtel/projects/TallFlow/3_Output/MIXCR4.3.2/Output/pt2283D-DX1BM-TALL5/pt2283D-DX1BM-TALL5_Receptor.clna /hpc/pmc_vanboxtel/projects/TallFlow/3_Output/MIXCR4.3.2/Output/pt2283D-DX1BM-TALL5/pt2283D-DX1BM-TALL5_Receptor.contigs.clns
Assembling contigs: 0%
============== AssembleContigs Report ==============
Analysis time: 187ms
Initial clonotype count: 3
Final clonotype count: 3 (100%)
Canceled assemblies: 0 (0%)
Number of premature termination assembly events, percent of number of initial clonotypes: 0.0 (0%)
Longest contig length: 485
Clustered variants: 0 (0%)
Reads in clustered variants: 0.0 (0%)
Reads in divided (newly created) clones: 0.0 (0%)
Clones with ambiguous letters in splitting region: 0 (0%)
Reads in clones with ambiguous letters in splitting region: 0.0 (0%)
Average number of ambiguous letters per clone with ambiguous letters in splitting region: NaN
====================
Running:
mixcr exportClones /hpc/pmc_vanboxtel/projects/TallFlow/3_Output/MIXCR4.3.2/Output/pt2283D-DX1BM-TALL5/pt2283D-DX1BM-TALL5_Receptor.contigs.clns /hpc/pmc_vanboxtel/projects/TallFlow/3_Output/MIXCR4.3.2/Output/pt2283D-DX1BM-TALL5/pt2283D-DX1BM-TALL5_Receptor.clones.tsv
Exporting TRB
Exporting clones: 0%
WARNING: Filtered 1 of 3 clones (66.67%).
WARNING: Filtered 2.0 of 7.0 reads (71.43%).
Exporting TRAD
Exporting clones: 0%
WARNING: Filtered 1 of 3 clones (66.67%).
WARNING: Filtered 2.0 of 7.0 reads (71.43%).
Exporting TRG
WARNING: Filtered 1 of 3 clones (66.67%).
WARNING: Filtered 3.0 of 7.0 reads (57.14%).
Analysis finished successfully.
IMPORTANT: MiXCR will use at most 4099MB of RAM,
           use -Xmx to change automatically set heap size (i.e. -Xmx50g to set heap size to 50 Gb)
IMPORTANT: MiXCR will use at most 3866MB of RAM,
           use -Xmx to change automatically set heap size (i.e. -Xmx50g to set heap size to 50 Gb)
IMPORTANT: MiXCR will use at most 6338MB of RAM,
           use -Xmx to change automatically set heap size (i.e. -Xmx50g to set heap size to 50 Gb)
