INFO	2023-05-03 17:10:10	SamToFastq	

********** NOTE: Picard's command line syntax is changing.
**********
********** For more information, please see:
********** https://github.com/broadinstitute/picard/wiki/Command-Line-Syntax-Transition-For-Users-(Pre-Transition)
**********
********** The command line looks like this in the new syntax:
**********
**********    SamToFastq -INPUT /hpc/pmc_vanboxtel/projects/TallFlow/3_Output/MIXCR4.3.2/input/bam/pt2283D-DX1BM-ALLBULK-DP_dedup.bam -OUTPUT_DIR /hpc/pmc_vanboxtel/projects/TallFlow/3_Output/MIXCR4.3.2/input/fastq -RG_TAG ID -OUTPUT_PER_RG true
**********


17:10:11.157 INFO  NativeLibraryLoader - Loading libgkl_compression.so from jar:file:/hpc/local/CentOS7/pmc_vanboxtel/bin/picard-2.24.1/picard.jar!/com/intel/gkl/native/libgkl_compression.so
[Wed May 03 17:10:11 CEST 2023] SamToFastq INPUT=/hpc/pmc_vanboxtel/projects/TallFlow/3_Output/MIXCR4.3.2/input/bam/pt2283D-DX1BM-ALLBULK-DP_dedup.bam OUTPUT_PER_RG=true RG_TAG=ID OUTPUT_DIR=/hpc/pmc_vanboxtel/projects/TallFlow/3_Output/MIXCR4.3.2/input/fastq    COMPRESS_OUTPUTS_PER_RG=false RE_REVERSE=true INTERLEAVE=false INCLUDE_NON_PF_READS=false CLIPPING_MIN_LENGTH=0 READ1_TRIM=0 READ2_TRIM=0 INCLUDE_NON_PRIMARY_ALIGNMENTS=false VERBOSITY=INFO QUIET=false VALIDATION_STRINGENCY=STRICT COMPRESSION_LEVEL=5 MAX_RECORDS_IN_RAM=500000 CREATE_INDEX=false CREATE_MD5_FILE=false GA4GH_CLIENT_SECRETS=client_secrets.json USE_JDK_DEFLATER=false USE_JDK_INFLATER=false
[Wed May 03 17:10:11 CEST 2023] Executing as rhagelaar@n0114.compute.hpc on Linux 3.10.0-1160.81.1.el7.x86_64 amd64; Java HotSpot(TM) 64-Bit Server VM 1.8.0_60-b27; Deflater: Intel; Inflater: Intel; Provider GCS is not available; Picard version: 2.24.1
INFO	2023-05-03 17:10:20	SamToFastq	Processed     1,000,000 records.  Elapsed time: 00:00:08s.  Time for last 1,000,000:    8s.  Last read position: 7:38,911,265
INFO	2023-05-03 17:10:27	SamToFastq	Processed     2,000,000 records.  Elapsed time: 00:00:15s.  Time for last 1,000,000:    7s.  Last read position: 14:105,435,455
[Wed May 03 17:10:33 CEST 2023] picard.sam.SamToFastq done. Elapsed time: 0.38 minutes.
Runtime.totalMemory()=5855248384
To get help, see http://broadinstitute.github.io/picard/index.html#GettingHelp
Exception in thread "main" htsjdk.samtools.SAMFormatException: SAM validation error: ERROR::MATE_NOT_FOUND:Found 61655 unpaired mates
	at htsjdk.samtools.SAMUtils.processValidationError(SAMUtils.java:469)
	at picard.sam.SamToFastq.doWork(SamToFastq.java:225)
	at picard.cmdline.CommandLineProgram.instanceMain(CommandLineProgram.java:304)
	at picard.cmdline.PicardCommandLine.instanceMain(PicardCommandLine.java:103)
	at picard.cmdline.PicardCommandLine.main(PicardCommandLine.java:113)
/hpc/pmc_vanboxtel/projects/TallFlow/2_Code/MIXCR/
IMPORTANT: MiXCR will use at most 9724MB of RAM,
           use -Xmx to change automatically set heap size (i.e. -Xmx50g to set heap size to 50 Gb)
====================
Running:
mixcr align --report /hpc/pmc_vanboxtel/projects/TallFlow/3_Output/MIXCR4.3.2/Output/pt2283D-DX1BM-ALLBULK-DP/pt2283D-DX1BM-ALLBULK-DP_Receptor.align.report.txt --json-report /hpc/pmc_vanboxtel/projects/TallFlow/3_Output/MIXCR4.3.2/Output/pt2283D-DX1BM-ALLBULK-DP/pt2283D-DX1BM-ALLBULK-DP_Receptor.align.report.json --preset rnaseq-full-length --dna --species hsa /hpc/pmc_vanboxtel/projects/TallFlow/3_Output/MIXCR4.3.2/input/fastq/Merged/pt2283D-DX1BM-ALLBULK-DP_R1.fastq /hpc/pmc_vanboxtel/projects/TallFlow/3_Output/MIXCR4.3.2/input/fastq/Merged/pt2283D-DX1BM-ALLBULK-DP_R2.fastq /hpc/pmc_vanboxtel/projects/TallFlow/3_Output/MIXCR4.3.2/Output/pt2283D-DX1BM-ALLBULK-DP/pt2283D-DX1BM-ALLBULK-DP_Receptor.vdjca
Alignment: 0%
Alignment: 10.7%  ETA: 00:05:40
Alignment: 21.4%  ETA: 00:05:23
Alignment: 32.1%  ETA: 00:04:26
Alignment: 42.8%  ETA: 00:03:33
Alignment: 53.5%  ETA: 00:03:11
Alignment: 64.2%  ETA: 00:02:10
Alignment: 74.9%  ETA: 00:01:41
Alignment: 85.6%  ETA: 00:00:53
Alignment: 96.3%  ETA: 00:00:14
============== Align Report ==============
Analysis time: 6.61m
Total sequencing reads: 1349857
Successfully aligned reads: 16253 (1.2%)
Alignment failed: no hits (not TCR/IG?): 1095568 (81.16%)
Alignment failed: no CDR3 parts: 135985 (10.07%)
Alignment failed: low total score: 102051 (7.56%)
Overlapped: 148325 (10.99%)
Overlapped and aligned: 404 (0.03%)
Overlapped and not aligned: 147921 (10.96%)
Alignment-aided overlaps, percent of overlapped and aligned: 16 (3.96%)
No CDR3 parts alignments, percent of successfully aligned: 2054 (12.64%)
Partial aligned reads, percent of successfully aligned: 14123 (86.89%)
V gene chimeras: 220 (0.02%)
J gene chimeras: 94 (0.01%)
Paired-end alignment conflicts eliminated: 63 (0%)
Realigned with forced non-floating bound: 2403096 (178.03%)
Realigned with forced non-floating right bound in left read: 5756 (0.43%)
Realigned with forced non-floating left bound in right read: 5756 (0.43%)
TRA chains: 1932 (11.89%)
TRA non-functional: 9 (0.47%)
TRB chains: 2146 (13.2%)
TRB non-functional: 0 (0%)
TRD chains: 74 (0.46%)
TRD non-functional: 4 (5.41%)
TRG chains: 328 (2.02%)
TRG non-functional: 14 (4.27%)
TRAD chains: 1940 (11.94%)
TRAD non-functional: 0 (0%)
IGH chains: 4240 (26.09%)
IGH non-functional: 0 (0%)
IGK chains: 2744 (16.88%)
IGK non-functional: 0 (0%)
IGL chains: 2849 (17.53%)
IGL non-functional: 2 (0.07%)
Trimming report:
  R1 reads trimmed left: 2717 (0.2%)
  R1 reads trimmed right: 19 (0%)
  Average R1 nucleotides trimmed left: 0.00396930934165619
  Average R1 nucleotides trimmed right: 1.4075565041334007E-5
  R2 reads trimmed left: 1063 (0.08%)
  R2 reads trimmed right: 0 (0%)
  Average R2 nucleotides trimmed left: 8.630543827975852E-4
  Average R2 nucleotides trimmed right: 0.0
====================
Running:
mixcr assemblePartial --report /hpc/pmc_vanboxtel/projects/TallFlow/3_Output/MIXCR4.3.2/Output/pt2283D-DX1BM-ALLBULK-DP/pt2283D-DX1BM-ALLBULK-DP_Receptor.assemblePartial.report.txt --json-report /hpc/pmc_vanboxtel/projects/TallFlow/3_Output/MIXCR4.3.2/Output/pt2283D-DX1BM-ALLBULK-DP/pt2283D-DX1BM-ALLBULK-DP_Receptor.assemblePartial.report.json /hpc/pmc_vanboxtel/projects/TallFlow/3_Output/MIXCR4.3.2/Output/pt2283D-DX1BM-ALLBULK-DP/pt2283D-DX1BM-ALLBULK-DP_Receptor.vdjca /hpc/pmc_vanboxtel/projects/TallFlow/3_Output/MIXCR4.3.2/Output/pt2283D-DX1BM-ALLBULK-DP/pt2283D-DX1BM-ALLBULK-DP_Receptor.passembled.1.vdjca
Building index: 0%
Searching for overlaps: 0%
Searching for overlaps: 96.5%  ETA: 00:00:00
============== AssemblePartial Report ==============
Analysis time: 1.44s
Total alignments analysed: 16251
Number of output alignments: 16249 (99.99%)
Alignments already with CDR3 (no overlapping is performed): 81 (0.5%)
Successfully overlapped alignments: 2 (0.01%)
Left parts with too small N-region (failed to extract k-mer): 1920 (11.81%)
Extracted k-mer diversity: 44617
Dropped due to wildcard in k-mer: 0 (0%)
Dropped due to too short NRegion parts in overlap: 8 (0.05%)
Dropped overlaps with empty N region due to no complete NDN coverage: 0 (0%)
Number of left-side alignments: 10256 (63.11%)
Number of right-side alignments: 3361 (20.68%)
Complex overlaps: 0 (0%)
Over-overlaps: 43 (0.26%)
Partial alignments written to output: 16166 (99.48%)
====================
Running:
mixcr assemblePartial --report /hpc/pmc_vanboxtel/projects/TallFlow/3_Output/MIXCR4.3.2/Output/pt2283D-DX1BM-ALLBULK-DP/pt2283D-DX1BM-ALLBULK-DP_Receptor.assemblePartial.report.txt --json-report /hpc/pmc_vanboxtel/projects/TallFlow/3_Output/MIXCR4.3.2/Output/pt2283D-DX1BM-ALLBULK-DP/pt2283D-DX1BM-ALLBULK-DP_Receptor.assemblePartial.report.json /hpc/pmc_vanboxtel/projects/TallFlow/3_Output/MIXCR4.3.2/Output/pt2283D-DX1BM-ALLBULK-DP/pt2283D-DX1BM-ALLBULK-DP_Receptor.passembled.1.vdjca /hpc/pmc_vanboxtel/projects/TallFlow/3_Output/MIXCR4.3.2/Output/pt2283D-DX1BM-ALLBULK-DP/pt2283D-DX1BM-ALLBULK-DP_Receptor.passembled.2.vdjca
Building index: 10.6%
Searching for overlaps: 0%
Searching for overlaps: 24.8%  ETA: 00:00:03
============== AssemblePartial Report ==============
Analysis time: 1.87s
Total alignments analysed: 16249
Number of output alignments: 16249 (100%)
Alignments already with CDR3 (no overlapping is performed): 82 (0.5%)
Successfully overlapped alignments: 0 (0%)
Left parts with too small N-region (failed to extract k-mer): 1919 (11.81%)
Extracted k-mer diversity: 44647
Dropped due to wildcard in k-mer: 0 (0%)
Dropped due to too short NRegion parts in overlap: 8 (0.05%)
Dropped overlaps with empty N region due to no complete NDN coverage: 0 (0%)
Number of left-side alignments: 10255 (63.11%)
Number of right-side alignments: 3359 (20.67%)
Complex overlaps: 0 (0%)
Over-overlaps: 43 (0.26%)
Partial alignments written to output: 16167 (99.5%)
====================
Running:
mixcr extend --report /hpc/pmc_vanboxtel/projects/TallFlow/3_Output/MIXCR4.3.2/Output/pt2283D-DX1BM-ALLBULK-DP/pt2283D-DX1BM-ALLBULK-DP_Receptor.extend.report.txt --json-report /hpc/pmc_vanboxtel/projects/TallFlow/3_Output/MIXCR4.3.2/Output/pt2283D-DX1BM-ALLBULK-DP/pt2283D-DX1BM-ALLBULK-DP_Receptor.extend.report.json /hpc/pmc_vanboxtel/projects/TallFlow/3_Output/MIXCR4.3.2/Output/pt2283D-DX1BM-ALLBULK-DP/pt2283D-DX1BM-ALLBULK-DP_Receptor.passembled.2.vdjca /hpc/pmc_vanboxtel/projects/TallFlow/3_Output/MIXCR4.3.2/Output/pt2283D-DX1BM-ALLBULK-DP/pt2283D-DX1BM-ALLBULK-DP_Receptor.extended.vdjca
Extending alignments: 0%
============== Extend Report ==============
Analysis time: 293ms
Extended alignments count: 6 (0.04%)
V extensions total: 0 (0%)
V extensions with merged targets: 0 (0%)
J extensions total: 6 (0.04%)
J extensions with merged targets: 0 (0%)
V+J extensions: 0 (0%)
Mean V extension length: NaN
Mean J extension length: 6.666666666666667
====================
Running:
mixcr assemble --report /hpc/pmc_vanboxtel/projects/TallFlow/3_Output/MIXCR4.3.2/Output/pt2283D-DX1BM-ALLBULK-DP/pt2283D-DX1BM-ALLBULK-DP_Receptor.assemble.report.txt --json-report /hpc/pmc_vanboxtel/projects/TallFlow/3_Output/MIXCR4.3.2/Output/pt2283D-DX1BM-ALLBULK-DP/pt2283D-DX1BM-ALLBULK-DP_Receptor.assemble.report.json /hpc/pmc_vanboxtel/projects/TallFlow/3_Output/MIXCR4.3.2/Output/pt2283D-DX1BM-ALLBULK-DP/pt2283D-DX1BM-ALLBULK-DP_Receptor.extended.vdjca /hpc/pmc_vanboxtel/projects/TallFlow/3_Output/MIXCR4.3.2/Output/pt2283D-DX1BM-ALLBULK-DP/pt2283D-DX1BM-ALLBULK-DP_Receptor.clna
Initialization: progress unknown
Initialization: progress unknown
============== Assemble Report ==============
Analysis time: 430ms
Final clonotype count: 14
Reads used in clonotypes, percent of total: 68 (0.01%)
Average number of reads per clonotype: 4.86
Reads dropped due to the lack of a clone sequence, percent of total: 16167 (1.2%)
Reads dropped due to a too short clonal sequence, percent of total: 1 (0%)
Reads dropped due to low quality, percent of total: 0 (0%)
Reads dropped due to failed mapping, percent of total: 14 (0%)
Reads dropped with low quality clones, percent of total: 0 (0%)
Reads used in clonotypes before clustering, percent of total: 68 (0.01%)
Number of reads used as a core, percent of used: 68 (100%)
Mapped low quality reads, percent of used: 0 (0%)
Reads clustered in PCR error correction, percent of used: 0 (0%)
Reads pre-clustered due to the similar VJC-lists, percent of used: 0 (0%)
Clonotypes dropped as low quality: 0
Clonotypes eliminated by PCR error correction: 0
Clonotypes pre-clustered due to the similar VJC-lists: 0
Clones dropped in post filtering: 0 (0%)
Reads dropped in post filtering: 0.0 (0%)
Alignments filtered by tag prefix: 0 (0%)
TRA chains: 9 (64.29%)
TRA non-functional: 4 (44.44%)
TRB chains: 1 (7.14%)
TRB non-functional: 0 (0%)
TRD chains: 1 (7.14%)
TRD non-functional: 1 (100%)
TRG chains: 2 (14.29%)
TRG non-functional: 1 (50%)
IGK chains: 1 (7.14%)
IGK non-functional: 0 (0%)
====================
Running:
mixcr assembleContigs --report /hpc/pmc_vanboxtel/projects/TallFlow/3_Output/MIXCR4.3.2/Output/pt2283D-DX1BM-ALLBULK-DP/pt2283D-DX1BM-ALLBULK-DP_Receptor.assembleContigs.report.txt --json-report /hpc/pmc_vanboxtel/projects/TallFlow/3_Output/MIXCR4.3.2/Output/pt2283D-DX1BM-ALLBULK-DP/pt2283D-DX1BM-ALLBULK-DP_Receptor.assembleContigs.report.json /hpc/pmc_vanboxtel/projects/TallFlow/3_Output/MIXCR4.3.2/Output/pt2283D-DX1BM-ALLBULK-DP/pt2283D-DX1BM-ALLBULK-DP_Receptor.clna /hpc/pmc_vanboxtel/projects/TallFlow/3_Output/MIXCR4.3.2/Output/pt2283D-DX1BM-ALLBULK-DP/pt2283D-DX1BM-ALLBULK-DP_Receptor.contigs.clns
Assembling contigs: 0%
============== AssembleContigs Report ==============
Analysis time: 258ms
Initial clonotype count: 14
Final clonotype count: 14 (100%)
Canceled assemblies: 0 (0%)
Number of premature termination assembly events, percent of number of initial clonotypes: 0.0 (0%)
Longest contig length: 785
Clustered variants: 0 (0%)
Reads in clustered variants: 0.0 (0%)
Reads in divided (newly created) clones: 0.0 (0%)
Clones with ambiguous letters in splitting region: 0 (0%)
Reads in clones with ambiguous letters in splitting region: 0.0 (0%)
Average number of ambiguous letters per clone with ambiguous letters in splitting region: NaN
====================
Running:
mixcr exportClones /hpc/pmc_vanboxtel/projects/TallFlow/3_Output/MIXCR4.3.2/Output/pt2283D-DX1BM-ALLBULK-DP/pt2283D-DX1BM-ALLBULK-DP_Receptor.contigs.clns /hpc/pmc_vanboxtel/projects/TallFlow/3_Output/MIXCR4.3.2/Output/pt2283D-DX1BM-ALLBULK-DP/pt2283D-DX1BM-ALLBULK-DP_Receptor.clones.tsv
Exporting TRB
Exporting clones: 0%
WARNING: Filtered 1 of 14 clones (92.86%).
WARNING: Filtered 14.0 of 68.0 reads (79.41%).
Exporting TRAD
Exporting clones: 0%
WARNING: Filtered 10 of 14 clones (28.57%).
WARNING: Filtered 18.0 of 68.0 reads (73.53%).
Exporting TRG
Exporting clones: 0%
WARNING: Filtered 2 of 14 clones (85.71%).
WARNING: Filtered 35.0 of 68.0 reads (48.53%).
Exporting IGK
Exporting clones: 0%
WARNING: Filtered 1 of 14 clones (92.86%).
WARNING: Filtered 1.0 of 68.0 reads (98.53%).
Analysis finished successfully.
IMPORTANT: MiXCR will use at most 6665MB of RAM,
           use -Xmx to change automatically set heap size (i.e. -Xmx50g to set heap size to 50 Gb)
IMPORTANT: MiXCR will use at most 6580MB of RAM,
           use -Xmx to change automatically set heap size (i.e. -Xmx50g to set heap size to 50 Gb)
IMPORTANT: MiXCR will use at most 6448MB of RAM,
           use -Xmx to change automatically set heap size (i.e. -Xmx50g to set heap size to 50 Gb)
