INFO	2023-05-03 17:01:42	SamToFastq	

********** NOTE: Picard's command line syntax is changing.
**********
********** For more information, please see:
********** https://github.com/broadinstitute/picard/wiki/Command-Line-Syntax-Transition-For-Users-(Pre-Transition)
**********
********** The command line looks like this in the new syntax:
**********
**********    SamToFastq -INPUT /hpc/pmc_vanboxtel/projects/TallFlow/3_Output/MIXCR4.3.2/input/bam/pt2283D-DX1BM-TALL7_dedup.bam -OUTPUT_DIR /hpc/pmc_vanboxtel/projects/TallFlow/3_Output/MIXCR4.3.2/input/fastq -RG_TAG ID -OUTPUT_PER_RG true
**********


17:01:42.493 INFO  NativeLibraryLoader - Loading libgkl_compression.so from jar:file:/hpc/local/CentOS7/pmc_vanboxtel/bin/picard-2.24.1/picard.jar!/com/intel/gkl/native/libgkl_compression.so
[Wed May 03 17:01:42 CEST 2023] SamToFastq INPUT=/hpc/pmc_vanboxtel/projects/TallFlow/3_Output/MIXCR4.3.2/input/bam/pt2283D-DX1BM-TALL7_dedup.bam OUTPUT_PER_RG=true RG_TAG=ID OUTPUT_DIR=/hpc/pmc_vanboxtel/projects/TallFlow/3_Output/MIXCR4.3.2/input/fastq    COMPRESS_OUTPUTS_PER_RG=false RE_REVERSE=true INTERLEAVE=false INCLUDE_NON_PF_READS=false CLIPPING_MIN_LENGTH=0 READ1_TRIM=0 READ2_TRIM=0 INCLUDE_NON_PRIMARY_ALIGNMENTS=false VERBOSITY=INFO QUIET=false VALIDATION_STRINGENCY=STRICT COMPRESSION_LEVEL=5 MAX_RECORDS_IN_RAM=500000 CREATE_INDEX=false CREATE_MD5_FILE=false GA4GH_CLIENT_SECRETS=client_secrets.json USE_JDK_DEFLATER=false USE_JDK_INFLATER=false
[Wed May 03 17:01:42 CEST 2023] Executing as rhagelaar@n0114.compute.hpc on Linux 3.10.0-1160.81.1.el7.x86_64 amd64; Java HotSpot(TM) 64-Bit Server VM 1.8.0_60-b27; Deflater: Intel; Inflater: Intel; Provider GCS is not available; Picard version: 2.24.1
INFO	2023-05-03 17:01:50	SamToFastq	Processed     1,000,000 records.  Elapsed time: 00:00:07s.  Time for last 1,000,000:    7s.  Last read position: 14:22,132,869
[Wed May 03 17:01:55 CEST 2023] picard.sam.SamToFastq done. Elapsed time: 0.21 minutes.
Runtime.totalMemory()=5758255104
To get help, see http://broadinstitute.github.io/picard/index.html#GettingHelp
Exception in thread "main" htsjdk.samtools.SAMFormatException: SAM validation error: ERROR::MATE_NOT_FOUND:Found 21518 unpaired mates
	at htsjdk.samtools.SAMUtils.processValidationError(SAMUtils.java:469)
	at picard.sam.SamToFastq.doWork(SamToFastq.java:225)
	at picard.cmdline.CommandLineProgram.instanceMain(CommandLineProgram.java:304)
	at picard.cmdline.PicardCommandLine.instanceMain(PicardCommandLine.java:103)
	at picard.cmdline.PicardCommandLine.main(PicardCommandLine.java:113)
/hpc/pmc_vanboxtel/projects/TallFlow/2_Code/MIXCR/
IMPORTANT: MiXCR will use at most 7552MB of RAM,
           use -Xmx to change automatically set heap size (i.e. -Xmx50g to set heap size to 50 Gb)
====================
Running:
mixcr align --report /hpc/pmc_vanboxtel/projects/TallFlow/3_Output/MIXCR4.3.2/Output/pt2283D-DX1BM-TALL7/pt2283D-DX1BM-TALL7_Receptor.align.report.txt --json-report /hpc/pmc_vanboxtel/projects/TallFlow/3_Output/MIXCR4.3.2/Output/pt2283D-DX1BM-TALL7/pt2283D-DX1BM-TALL7_Receptor.align.report.json --preset rnaseq-full-length --dna --species hsa /hpc/pmc_vanboxtel/projects/TallFlow/3_Output/MIXCR4.3.2/input/fastq/Merged/pt2283D-DX1BM-TALL7_R1.fastq /hpc/pmc_vanboxtel/projects/TallFlow/3_Output/MIXCR4.3.2/input/fastq/Merged/pt2283D-DX1BM-TALL7_R2.fastq /hpc/pmc_vanboxtel/projects/TallFlow/3_Output/MIXCR4.3.2/Output/pt2283D-DX1BM-TALL7/pt2283D-DX1BM-TALL7_Receptor.vdjca
Alignment: 0%
Alignment: 11.3%  ETA: 00:03:19
Alignment: 22.6%  ETA: 00:02:58
Alignment: 33.9%  ETA: 00:02:38
Alignment: 45.2%  ETA: 00:01:58
Alignment: 56.5%  ETA: 00:01:40
Alignment: 67.8%  ETA: 00:01:11
Alignment: 79.1%  ETA: 00:00:48
Alignment: 90.4%  ETA: 00:00:21
============== Align Report ==============
Analysis time: 3.9m
Total sequencing reads: 745257
Successfully aligned reads: 12059 (1.62%)
Alignment failed: no hits (not TCR/IG?): 600224 (80.54%)
Alignment failed: no CDR3 parts: 76429 (10.26%)
Alignment failed: low total score: 56545 (7.59%)
Overlapped: 37355 (5.01%)
Overlapped and aligned: 243 (0.03%)
Overlapped and not aligned: 37112 (4.98%)
Alignment-aided overlaps, percent of overlapped and aligned: 8 (3.29%)
No CDR3 parts alignments, percent of successfully aligned: 1597 (13.24%)
Partial aligned reads, percent of successfully aligned: 10408 (86.31%)
V gene chimeras: 125 (0.02%)
J gene chimeras: 56 (0.01%)
Paired-end alignment conflicts eliminated: 25 (0%)
Realigned with forced non-floating bound: 1415820 (189.98%)
Realigned with forced non-floating right bound in left read: 2315 (0.31%)
Realigned with forced non-floating left bound in right read: 2315 (0.31%)
TRA chains: 1946 (16.14%)
TRA non-functional: 20 (1.03%)
TRB chains: 2154 (17.86%)
TRB non-functional: 0 (0%)
TRD chains: 63 (0.52%)
TRD non-functional: 0 (0%)
TRG chains: 164 (1.36%)
TRG non-functional: 8 (4.88%)
TRAD chains: 1675 (13.89%)
TRAD non-functional: 0 (0%)
IGH chains: 2520 (20.9%)
IGH non-functional: 1 (0.04%)
IGK chains: 1867 (15.48%)
IGK non-functional: 0 (0%)
IGL chains: 1670 (13.85%)
IGL non-functional: 0 (0%)
Trimming report:
  R1 reads trimmed left: 1546 (0.21%)
  R1 reads trimmed right: 11 (0%)
  Average R1 nucleotides trimmed left: 0.004068395197898175
  Average R1 nucleotides trimmed right: 1.4760008963350898E-5
  R2 reads trimmed left: 550 (0.07%)
  R2 reads trimmed right: 1 (0%)
  Average R2 nucleotides trimmed left: 8.171677689709724E-4
  Average R2 nucleotides trimmed right: 1.3418189966682634E-6
====================
Running:
mixcr assemblePartial --report /hpc/pmc_vanboxtel/projects/TallFlow/3_Output/MIXCR4.3.2/Output/pt2283D-DX1BM-TALL7/pt2283D-DX1BM-TALL7_Receptor.assemblePartial.report.txt --json-report /hpc/pmc_vanboxtel/projects/TallFlow/3_Output/MIXCR4.3.2/Output/pt2283D-DX1BM-TALL7/pt2283D-DX1BM-TALL7_Receptor.assemblePartial.report.json /hpc/pmc_vanboxtel/projects/TallFlow/3_Output/MIXCR4.3.2/Output/pt2283D-DX1BM-TALL7/pt2283D-DX1BM-TALL7_Receptor.vdjca /hpc/pmc_vanboxtel/projects/TallFlow/3_Output/MIXCR4.3.2/Output/pt2283D-DX1BM-TALL7/pt2283D-DX1BM-TALL7_Receptor.passembled.1.vdjca
Building index: 0%
Searching for overlaps: 0%
============== AssemblePartial Report ==============
Analysis time: 749ms
Total alignments analysed: 12058
Number of output alignments: 12058 (100%)
Alignments already with CDR3 (no overlapping is performed): 53 (0.44%)
Successfully overlapped alignments: 0 (0%)
Left parts with too small N-region (failed to extract k-mer): 1216 (10.08%)
Extracted k-mer diversity: 47164
Dropped due to wildcard in k-mer: 0 (0%)
Dropped due to too short NRegion parts in overlap: 0 (0%)
Dropped overlaps with empty N region due to no complete NDN coverage: 0 (0%)
Number of left-side alignments: 7377 (61.18%)
Number of right-side alignments: 2751 (22.81%)
Complex overlaps: 0 (0%)
Over-overlaps: 8 (0.07%)
Partial alignments written to output: 12005 (99.56%)
====================
Running:
mixcr assemblePartial --report /hpc/pmc_vanboxtel/projects/TallFlow/3_Output/MIXCR4.3.2/Output/pt2283D-DX1BM-TALL7/pt2283D-DX1BM-TALL7_Receptor.assemblePartial.report.txt --json-report /hpc/pmc_vanboxtel/projects/TallFlow/3_Output/MIXCR4.3.2/Output/pt2283D-DX1BM-TALL7/pt2283D-DX1BM-TALL7_Receptor.assemblePartial.report.json /hpc/pmc_vanboxtel/projects/TallFlow/3_Output/MIXCR4.3.2/Output/pt2283D-DX1BM-TALL7/pt2283D-DX1BM-TALL7_Receptor.passembled.1.vdjca /hpc/pmc_vanboxtel/projects/TallFlow/3_Output/MIXCR4.3.2/Output/pt2283D-DX1BM-TALL7/pt2283D-DX1BM-TALL7_Receptor.passembled.2.vdjca
Building index: 0%
Searching for overlaps: 0%
============== AssemblePartial Report ==============
Analysis time: 835ms
Total alignments analysed: 12058
Number of output alignments: 12058 (100%)
Alignments already with CDR3 (no overlapping is performed): 53 (0.44%)
Successfully overlapped alignments: 0 (0%)
Left parts with too small N-region (failed to extract k-mer): 1216 (10.08%)
Extracted k-mer diversity: 47164
Dropped due to wildcard in k-mer: 0 (0%)
Dropped due to too short NRegion parts in overlap: 0 (0%)
Dropped overlaps with empty N region due to no complete NDN coverage: 0 (0%)
Number of left-side alignments: 7377 (61.18%)
Number of right-side alignments: 2751 (22.81%)
Complex overlaps: 0 (0%)
Over-overlaps: 8 (0.07%)
Partial alignments written to output: 12005 (99.56%)
====================
Running:
mixcr extend --report /hpc/pmc_vanboxtel/projects/TallFlow/3_Output/MIXCR4.3.2/Output/pt2283D-DX1BM-TALL7/pt2283D-DX1BM-TALL7_Receptor.extend.report.txt --json-report /hpc/pmc_vanboxtel/projects/TallFlow/3_Output/MIXCR4.3.2/Output/pt2283D-DX1BM-TALL7/pt2283D-DX1BM-TALL7_Receptor.extend.report.json /hpc/pmc_vanboxtel/projects/TallFlow/3_Output/MIXCR4.3.2/Output/pt2283D-DX1BM-TALL7/pt2283D-DX1BM-TALL7_Receptor.passembled.2.vdjca /hpc/pmc_vanboxtel/projects/TallFlow/3_Output/MIXCR4.3.2/Output/pt2283D-DX1BM-TALL7/pt2283D-DX1BM-TALL7_Receptor.extended.vdjca
Extending alignments: 0%
============== Extend Report ==============
Analysis time: 202ms
Extended alignments count: 0 (0%)
V extensions total: 0 (0%)
V extensions with merged targets: 0 (0%)
J extensions total: 0 (0%)
J extensions with merged targets: 0 (0%)
V+J extensions: 0 (0%)
Mean V extension length: NaN
Mean J extension length: NaN
====================
Running:
mixcr assemble --report /hpc/pmc_vanboxtel/projects/TallFlow/3_Output/MIXCR4.3.2/Output/pt2283D-DX1BM-TALL7/pt2283D-DX1BM-TALL7_Receptor.assemble.report.txt --json-report /hpc/pmc_vanboxtel/projects/TallFlow/3_Output/MIXCR4.3.2/Output/pt2283D-DX1BM-TALL7/pt2283D-DX1BM-TALL7_Receptor.assemble.report.json /hpc/pmc_vanboxtel/projects/TallFlow/3_Output/MIXCR4.3.2/Output/pt2283D-DX1BM-TALL7/pt2283D-DX1BM-TALL7_Receptor.extended.vdjca /hpc/pmc_vanboxtel/projects/TallFlow/3_Output/MIXCR4.3.2/Output/pt2283D-DX1BM-TALL7/pt2283D-DX1BM-TALL7_Receptor.clna
Initialization: progress unknown
Initialization: progress unknown
============== Assemble Report ==============
Analysis time: 403ms
Final clonotype count: 3
Reads used in clonotypes, percent of total: 24 (0%)
Average number of reads per clonotype: 8
Reads dropped due to the lack of a clone sequence, percent of total: 12005 (1.61%)
Reads dropped due to a too short clonal sequence, percent of total: 20 (0%)
Reads dropped due to low quality, percent of total: 0 (0%)
Reads dropped due to failed mapping, percent of total: 9 (0%)
Reads dropped with low quality clones, percent of total: 0 (0%)
Reads used in clonotypes before clustering, percent of total: 24 (0%)
Number of reads used as a core, percent of used: 24 (100%)
Mapped low quality reads, percent of used: 0 (0%)
Reads clustered in PCR error correction, percent of used: 0 (0%)
Reads pre-clustered due to the similar VJC-lists, percent of used: 0 (0%)
Clonotypes dropped as low quality: 0
Clonotypes eliminated by PCR error correction: 0
Clonotypes pre-clustered due to the similar VJC-lists: 0
Clones dropped in post filtering: 0 (0%)
Reads dropped in post filtering: 0.0 (0%)
Alignments filtered by tag prefix: 0 (0%)
TRB chains: 1 (33.33%)
TRB non-functional: 0 (0%)
TRG chains: 2 (66.67%)
TRG non-functional: 1 (50%)
====================
Running:
mixcr assembleContigs --report /hpc/pmc_vanboxtel/projects/TallFlow/3_Output/MIXCR4.3.2/Output/pt2283D-DX1BM-TALL7/pt2283D-DX1BM-TALL7_Receptor.assembleContigs.report.txt --json-report /hpc/pmc_vanboxtel/projects/TallFlow/3_Output/MIXCR4.3.2/Output/pt2283D-DX1BM-TALL7/pt2283D-DX1BM-TALL7_Receptor.assembleContigs.report.json /hpc/pmc_vanboxtel/projects/TallFlow/3_Output/MIXCR4.3.2/Output/pt2283D-DX1BM-TALL7/pt2283D-DX1BM-TALL7_Receptor.clna /hpc/pmc_vanboxtel/projects/TallFlow/3_Output/MIXCR4.3.2/Output/pt2283D-DX1BM-TALL7/pt2283D-DX1BM-TALL7_Receptor.contigs.clns
Assembling contigs: 0%
============== AssembleContigs Report ==============
Analysis time: 184ms
Initial clonotype count: 3
Final clonotype count: 3 (100%)
Canceled assemblies: 0 (0%)
Number of premature termination assembly events, percent of number of initial clonotypes: 0.0 (0%)
Longest contig length: 617
Clustered variants: 0 (0%)
Reads in clustered variants: 0.0 (0%)
Reads in divided (newly created) clones: 0.0 (0%)
Clones with ambiguous letters in splitting region: 0 (0%)
Reads in clones with ambiguous letters in splitting region: 0.0 (0%)
Average number of ambiguous letters per clone with ambiguous letters in splitting region: NaN
====================
Running:
mixcr exportClones /hpc/pmc_vanboxtel/projects/TallFlow/3_Output/MIXCR4.3.2/Output/pt2283D-DX1BM-TALL7/pt2283D-DX1BM-TALL7_Receptor.contigs.clns /hpc/pmc_vanboxtel/projects/TallFlow/3_Output/MIXCR4.3.2/Output/pt2283D-DX1BM-TALL7/pt2283D-DX1BM-TALL7_Receptor.clones.tsv
Exporting TRB
Exporting clones: 0%
WARNING: Filtered 1 of 3 clones (66.67%).
WARNING: Filtered 12.0 of 24.0 reads (50%).
Exporting TRG
Exporting clones: 0%
WARNING: Filtered 2 of 3 clones (33.33%).
WARNING: Filtered 12.0 of 24.0 reads (50%).
Analysis finished successfully.
IMPORTANT: MiXCR will use at most 4274MB of RAM,
           use -Xmx to change automatically set heap size (i.e. -Xmx50g to set heap size to 50 Gb)
IMPORTANT: MiXCR will use at most 3858MB of RAM,
           use -Xmx to change automatically set heap size (i.e. -Xmx50g to set heap size to 50 Gb)
IMPORTANT: MiXCR will use at most 3522MB of RAM,
           use -Xmx to change automatically set heap size (i.e. -Xmx50g to set heap size to 50 Gb)
