INFO	2023-05-03 17:18:28	SamToFastq	

********** NOTE: Picard's command line syntax is changing.
**********
********** For more information, please see:
********** https://github.com/broadinstitute/picard/wiki/Command-Line-Syntax-Transition-For-Users-(Pre-Transition)
**********
********** The command line looks like this in the new syntax:
**********
**********    SamToFastq -INPUT /hpc/pmc_vanboxtel/projects/TallFlow/3_Output/MIXCR4.3.2/input/bam/pt2229-DX1BM-ALLBULK_dedup.bam -OUTPUT_DIR /hpc/pmc_vanboxtel/projects/TallFlow/3_Output/MIXCR4.3.2/input/fastq -RG_TAG ID -OUTPUT_PER_RG true
**********


17:18:29.128 INFO  NativeLibraryLoader - Loading libgkl_compression.so from jar:file:/hpc/local/CentOS7/pmc_vanboxtel/bin/picard-2.24.1/picard.jar!/com/intel/gkl/native/libgkl_compression.so
[Wed May 03 17:18:29 CEST 2023] SamToFastq INPUT=/hpc/pmc_vanboxtel/projects/TallFlow/3_Output/MIXCR4.3.2/input/bam/pt2229-DX1BM-ALLBULK_dedup.bam OUTPUT_PER_RG=true RG_TAG=ID OUTPUT_DIR=/hpc/pmc_vanboxtel/projects/TallFlow/3_Output/MIXCR4.3.2/input/fastq    COMPRESS_OUTPUTS_PER_RG=false RE_REVERSE=true INTERLEAVE=false INCLUDE_NON_PF_READS=false CLIPPING_MIN_LENGTH=0 READ1_TRIM=0 READ2_TRIM=0 INCLUDE_NON_PRIMARY_ALIGNMENTS=false VERBOSITY=INFO QUIET=false VALIDATION_STRINGENCY=STRICT COMPRESSION_LEVEL=5 MAX_RECORDS_IN_RAM=500000 CREATE_INDEX=false CREATE_MD5_FILE=false GA4GH_CLIENT_SECRETS=client_secrets.json USE_JDK_DEFLATER=false USE_JDK_INFLATER=false
[Wed May 03 17:18:29 CEST 2023] Executing as rhagelaar@n0114.compute.hpc on Linux 3.10.0-1160.81.1.el7.x86_64 amd64; Java HotSpot(TM) 64-Bit Server VM 1.8.0_60-b27; Deflater: Intel; Inflater: Intel; Provider GCS is not available; Picard version: 2.24.1
INFO	2023-05-03 17:18:37	SamToFastq	Processed     1,000,000 records.  Elapsed time: 00:00:08s.  Time for last 1,000,000:    8s.  Last read position: 7:142,258,218
INFO	2023-05-03 17:18:45	SamToFastq	Processed     2,000,000 records.  Elapsed time: 00:00:15s.  Time for last 1,000,000:    7s.  Last read position: 14:105,850,239
[Wed May 03 17:18:50 CEST 2023] picard.sam.SamToFastq done. Elapsed time: 0.36 minutes.
Runtime.totalMemory()=5835849728
To get help, see http://broadinstitute.github.io/picard/index.html#GettingHelp
Exception in thread "main" htsjdk.samtools.SAMFormatException: SAM validation error: ERROR::MATE_NOT_FOUND:Found 45631 unpaired mates
	at htsjdk.samtools.SAMUtils.processValidationError(SAMUtils.java:469)
	at picard.sam.SamToFastq.doWork(SamToFastq.java:225)
	at picard.cmdline.CommandLineProgram.instanceMain(CommandLineProgram.java:304)
	at picard.cmdline.PicardCommandLine.instanceMain(PicardCommandLine.java:103)
	at picard.cmdline.PicardCommandLine.main(PicardCommandLine.java:113)
/hpc/pmc_vanboxtel/projects/TallFlow/2_Code/MIXCR/
IMPORTANT: MiXCR will use at most 5372MB of RAM,
           use -Xmx to change automatically set heap size (i.e. -Xmx50g to set heap size to 50 Gb)
====================
Running:
mixcr align --report /hpc/pmc_vanboxtel/projects/TallFlow/3_Output/MIXCR4.3.2/Output/pt2229-DX1BM-ALLBULK/pt2229-DX1BM-ALLBULK_Receptor.align.report.txt --json-report /hpc/pmc_vanboxtel/projects/TallFlow/3_Output/MIXCR4.3.2/Output/pt2229-DX1BM-ALLBULK/pt2229-DX1BM-ALLBULK_Receptor.align.report.json --preset rnaseq-full-length --dna --species hsa /hpc/pmc_vanboxtel/projects/TallFlow/3_Output/MIXCR4.3.2/input/fastq/Merged/pt2229-DX1BM-ALLBULK_R1.fastq /hpc/pmc_vanboxtel/projects/TallFlow/3_Output/MIXCR4.3.2/input/fastq/Merged/pt2229-DX1BM-ALLBULK_R2.fastq /hpc/pmc_vanboxtel/projects/TallFlow/3_Output/MIXCR4.3.2/Output/pt2229-DX1BM-ALLBULK/pt2229-DX1BM-ALLBULK_Receptor.vdjca
Alignment: 0%
Alignment: 10.2%  ETA: 00:05:37
Alignment: 20.4%  ETA: 00:05:29
Alignment: 30.6%  ETA: 00:04:26
Alignment: 40.8%  ETA: 00:03:46
Alignment: 50.9%  ETA: 00:03:13
Alignment: 61.1%  ETA: 00:02:28
Alignment: 71.3%  ETA: 00:01:50
Alignment: 81.5%  ETA: 00:01:11
Alignment: 91.7%  ETA: 00:00:32
============== Align Report ==============
Analysis time: 6.58m
Total sequencing reads: 1299302
Successfully aligned reads: 15103 (1.16%)
Alignment failed: no hits (not TCR/IG?): 1050462 (80.85%)
Alignment failed: no CDR3 parts: 131882 (10.15%)
Alignment failed: low total score: 101855 (7.84%)
Overlapped: 122765 (9.45%)
Overlapped and aligned: 272 (0.02%)
Overlapped and not aligned: 122493 (9.43%)
Alignment-aided overlaps, percent of overlapped and aligned: 4 (1.47%)
No CDR3 parts alignments, percent of successfully aligned: 2135 (14.14%)
Partial aligned reads, percent of successfully aligned: 12894 (85.37%)
V gene chimeras: 281 (0.02%)
J gene chimeras: 170 (0.01%)
Paired-end alignment conflicts eliminated: 25 (0%)
Realigned with forced non-floating bound: 2353082 (181.1%)
Realigned with forced non-floating right bound in left read: 5033 (0.39%)
Realigned with forced non-floating left bound in right read: 5033 (0.39%)
TRA chains: 1476 (9.77%)
TRA non-functional: 6 (0.41%)
TRB chains: 2716 (17.98%)
TRB non-functional: 0 (0%)
TRD chains: 80 (0.53%)
TRD non-functional: 13 (16.25%)
TRG chains: 101 (0.67%)
TRG non-functional: 26 (25.74%)
TRAD chains: 1147 (7.59%)
TRAD non-functional: 0 (0%)
IGH chains: 4068 (26.94%)
IGH non-functional: 0 (0%)
IGK chains: 2640 (17.48%)
IGK non-functional: 0 (0%)
IGL chains: 2875 (19.04%)
IGL non-functional: 0 (0%)
Trimming report:
  R1 reads trimmed left: 1256 (0.1%)
  R1 reads trimmed right: 0 (0%)
  Average R1 nucleotides trimmed left: 0.0017971187606884312
  Average R1 nucleotides trimmed right: 0.0
  R2 reads trimmed left: 223 (0.02%)
  R2 reads trimmed right: 4 (0%)
  Average R2 nucleotides trimmed left: 1.9625922225933616E-4
  Average R2 nucleotides trimmed right: 3.0785760354405673E-6
====================
Running:
mixcr assemblePartial --report /hpc/pmc_vanboxtel/projects/TallFlow/3_Output/MIXCR4.3.2/Output/pt2229-DX1BM-ALLBULK/pt2229-DX1BM-ALLBULK_Receptor.assemblePartial.report.txt --json-report /hpc/pmc_vanboxtel/projects/TallFlow/3_Output/MIXCR4.3.2/Output/pt2229-DX1BM-ALLBULK/pt2229-DX1BM-ALLBULK_Receptor.assemblePartial.report.json /hpc/pmc_vanboxtel/projects/TallFlow/3_Output/MIXCR4.3.2/Output/pt2229-DX1BM-ALLBULK/pt2229-DX1BM-ALLBULK_Receptor.vdjca /hpc/pmc_vanboxtel/projects/TallFlow/3_Output/MIXCR4.3.2/Output/pt2229-DX1BM-ALLBULK/pt2229-DX1BM-ALLBULK_Receptor.passembled.1.vdjca
Building index: 0%
Searching for overlaps: 0%
Searching for overlaps: 89.6%  ETA: 00:00:00
============== AssemblePartial Report ==============
Analysis time: 1.46s
Total alignments analysed: 15102
Number of output alignments: 15096 (99.96%)
Alignments already with CDR3 (no overlapping is performed): 80 (0.53%)
Successfully overlapped alignments: 6 (0.04%)
Left parts with too small N-region (failed to extract k-mer): 1864 (12.34%)
Extracted k-mer diversity: 41433
Dropped due to wildcard in k-mer: 0 (0%)
Dropped due to too short NRegion parts in overlap: 14 (0.09%)
Dropped overlaps with empty N region due to no complete NDN coverage: 0 (0%)
Number of left-side alignments: 9429 (62.44%)
Number of right-side alignments: 3052 (20.21%)
Complex overlaps: 0 (0%)
Over-overlaps: 16 (0.11%)
Partial alignments written to output: 15010 (99.39%)
====================
Running:
mixcr assemblePartial --report /hpc/pmc_vanboxtel/projects/TallFlow/3_Output/MIXCR4.3.2/Output/pt2229-DX1BM-ALLBULK/pt2229-DX1BM-ALLBULK_Receptor.assemblePartial.report.txt --json-report /hpc/pmc_vanboxtel/projects/TallFlow/3_Output/MIXCR4.3.2/Output/pt2229-DX1BM-ALLBULK/pt2229-DX1BM-ALLBULK_Receptor.assemblePartial.report.json /hpc/pmc_vanboxtel/projects/TallFlow/3_Output/MIXCR4.3.2/Output/pt2229-DX1BM-ALLBULK/pt2229-DX1BM-ALLBULK_Receptor.passembled.1.vdjca /hpc/pmc_vanboxtel/projects/TallFlow/3_Output/MIXCR4.3.2/Output/pt2229-DX1BM-ALLBULK/pt2229-DX1BM-ALLBULK_Receptor.passembled.2.vdjca
Building index: 0%
Searching for overlaps: 0%
============== AssemblePartial Report ==============
Analysis time: 690ms
Total alignments analysed: 15096
Number of output alignments: 15096 (100%)
Alignments already with CDR3 (no overlapping is performed): 86 (0.57%)
Successfully overlapped alignments: 0 (0%)
Left parts with too small N-region (failed to extract k-mer): 1864 (12.35%)
Extracted k-mer diversity: 41343
Dropped due to wildcard in k-mer: 0 (0%)
Dropped due to too short NRegion parts in overlap: 11 (0.07%)
Dropped overlaps with empty N region due to no complete NDN coverage: 0 (0%)
Number of left-side alignments: 9423 (62.42%)
Number of right-side alignments: 3046 (20.18%)
Complex overlaps: 0 (0%)
Over-overlaps: 16 (0.11%)
Partial alignments written to output: 15010 (99.43%)
====================
Running:
mixcr extend --report /hpc/pmc_vanboxtel/projects/TallFlow/3_Output/MIXCR4.3.2/Output/pt2229-DX1BM-ALLBULK/pt2229-DX1BM-ALLBULK_Receptor.extend.report.txt --json-report /hpc/pmc_vanboxtel/projects/TallFlow/3_Output/MIXCR4.3.2/Output/pt2229-DX1BM-ALLBULK/pt2229-DX1BM-ALLBULK_Receptor.extend.report.json /hpc/pmc_vanboxtel/projects/TallFlow/3_Output/MIXCR4.3.2/Output/pt2229-DX1BM-ALLBULK/pt2229-DX1BM-ALLBULK_Receptor.passembled.2.vdjca /hpc/pmc_vanboxtel/projects/TallFlow/3_Output/MIXCR4.3.2/Output/pt2229-DX1BM-ALLBULK/pt2229-DX1BM-ALLBULK_Receptor.extended.vdjca
Extending alignments: 0%
============== Extend Report ==============
Analysis time: 258ms
Extended alignments count: 6 (0.04%)
V extensions total: 1 (0.01%)
V extensions with merged targets: 0 (0%)
J extensions total: 5 (0.03%)
J extensions with merged targets: 0 (0%)
V+J extensions: 0 (0%)
Mean V extension length: 5.0
Mean J extension length: 4.2
====================
Running:
mixcr assemble --report /hpc/pmc_vanboxtel/projects/TallFlow/3_Output/MIXCR4.3.2/Output/pt2229-DX1BM-ALLBULK/pt2229-DX1BM-ALLBULK_Receptor.assemble.report.txt --json-report /hpc/pmc_vanboxtel/projects/TallFlow/3_Output/MIXCR4.3.2/Output/pt2229-DX1BM-ALLBULK/pt2229-DX1BM-ALLBULK_Receptor.assemble.report.json /hpc/pmc_vanboxtel/projects/TallFlow/3_Output/MIXCR4.3.2/Output/pt2229-DX1BM-ALLBULK/pt2229-DX1BM-ALLBULK_Receptor.extended.vdjca /hpc/pmc_vanboxtel/projects/TallFlow/3_Output/MIXCR4.3.2/Output/pt2229-DX1BM-ALLBULK/pt2229-DX1BM-ALLBULK_Receptor.clna
Initialization: progress unknown
Initialization: progress unknown
============== Assemble Report ==============
Analysis time: 416ms
Final clonotype count: 8
Reads used in clonotypes, percent of total: 89 (0.01%)
Average number of reads per clonotype: 11.12
Reads dropped due to the lack of a clone sequence, percent of total: 15010 (1.16%)
Reads dropped due to a too short clonal sequence, percent of total: 0 (0%)
Reads dropped due to low quality, percent of total: 0 (0%)
Reads dropped due to failed mapping, percent of total: 3 (0%)
Reads dropped with low quality clones, percent of total: 0 (0%)
Reads used in clonotypes before clustering, percent of total: 89 (0.01%)
Number of reads used as a core, percent of used: 84 (94.38%)
Mapped low quality reads, percent of used: 5 (5.62%)
Reads clustered in PCR error correction, percent of used: 0 (0%)
Reads pre-clustered due to the similar VJC-lists, percent of used: 0 (0%)
Clonotypes dropped as low quality: 0
Clonotypes eliminated by PCR error correction: 0
Clonotypes pre-clustered due to the similar VJC-lists: 0
Clones dropped in post filtering: 0 (0%)
Reads dropped in post filtering: 0.0 (0%)
Alignments filtered by tag prefix: 0 (0%)
TRA chains: 2 (25%)
TRA non-functional: 1 (50%)
TRB chains: 2 (25%)
TRB non-functional: 0 (0%)
TRD chains: 1 (12.5%)
TRD non-functional: 1 (100%)
TRG chains: 2 (25%)
TRG non-functional: 2 (100%)
IGL chains: 1 (12.5%)
IGL non-functional: 0 (0%)
====================
Running:
mixcr assembleContigs --report /hpc/pmc_vanboxtel/projects/TallFlow/3_Output/MIXCR4.3.2/Output/pt2229-DX1BM-ALLBULK/pt2229-DX1BM-ALLBULK_Receptor.assembleContigs.report.txt --json-report /hpc/pmc_vanboxtel/projects/TallFlow/3_Output/MIXCR4.3.2/Output/pt2229-DX1BM-ALLBULK/pt2229-DX1BM-ALLBULK_Receptor.assembleContigs.report.json /hpc/pmc_vanboxtel/projects/TallFlow/3_Output/MIXCR4.3.2/Output/pt2229-DX1BM-ALLBULK/pt2229-DX1BM-ALLBULK_Receptor.clna /hpc/pmc_vanboxtel/projects/TallFlow/3_Output/MIXCR4.3.2/Output/pt2229-DX1BM-ALLBULK/pt2229-DX1BM-ALLBULK_Receptor.contigs.clns
Assembling contigs: 0%
============== AssembleContigs Report ==============
Analysis time: 280ms
Initial clonotype count: 8
Final clonotype count: 8 (100%)
Canceled assemblies: 0 (0%)
Number of premature termination assembly events, percent of number of initial clonotypes: 0.0 (0%)
Longest contig length: 814
Clustered variants: 0 (0%)
Reads in clustered variants: 0.0 (0%)
Reads in divided (newly created) clones: 0.0 (0%)
Clones with ambiguous letters in splitting region: 0 (0%)
Reads in clones with ambiguous letters in splitting region: 0.0 (0%)
Average number of ambiguous letters per clone with ambiguous letters in splitting region: NaN
====================
Running:
mixcr exportClones /hpc/pmc_vanboxtel/projects/TallFlow/3_Output/MIXCR4.3.2/Output/pt2229-DX1BM-ALLBULK/pt2229-DX1BM-ALLBULK_Receptor.contigs.clns /hpc/pmc_vanboxtel/projects/TallFlow/3_Output/MIXCR4.3.2/Output/pt2229-DX1BM-ALLBULK/pt2229-DX1BM-ALLBULK_Receptor.clones.tsv
Exporting TRB
Exporting clones: 0%
WARNING: Filtered 2 of 8 clones (75%).
WARNING: Filtered 26.0 of 89.0 reads (70.79%).
Exporting TRAD
Exporting clones: 0%
WARNING: Filtered 3 of 8 clones (62.5%).
WARNING: Filtered 30.0 of 89.0 reads (66.29%).
Exporting TRG
Exporting clones: 0%
WARNING: Filtered 2 of 8 clones (75%).
WARNING: Filtered 32.0 of 89.0 reads (64.04%).
Exporting IGL
Exporting clones: 0%
WARNING: Filtered 1 of 8 clones (87.5%).
WARNING: Filtered 1.0 of 89.0 reads (98.88%).
Analysis finished successfully.
IMPORTANT: MiXCR will use at most 4250MB of RAM,
           use -Xmx to change automatically set heap size (i.e. -Xmx50g to set heap size to 50 Gb)
IMPORTANT: MiXCR will use at most 3899MB of RAM,
           use -Xmx to change automatically set heap size (i.e. -Xmx50g to set heap size to 50 Gb)
IMPORTANT: MiXCR will use at most 3389MB of RAM,
           use -Xmx to change automatically set heap size (i.e. -Xmx50g to set heap size to 50 Gb)
