basename: missing operand
Try 'basename --help' for more information.
Please enter the license:
Exception in thread "main" java.util.NoSuchElementException: No line found
	at java.util.Scanner.nextLine(Scanner.java:1540)
	at com.milaboratory.milm.MiXCRMain.main(MiXCRMain.java:19)
	at com.milaboratory.mixcr.cli.Main.main(Main.java:57)
=== No License ===

To use MiXCR, please, provide a valid license.

If you already have a license, activate it by calling:
  mixcr activate-license

You can also activate the license via a special file, environment
variable or other means, please check the docs at
  https://github.com/milaboratory/mixcr/wiki/Using-license

Academic users can quickly get a license at
  https://licensing.milaboratories.com.

Commercial trial license may be requested at
  https://licensing.milaboratories.com
or by email to
  licensing@milaboratories.com.
