INFO	2023-05-03 16:59:48	SamToFastq	

********** NOTE: Picard's command line syntax is changing.
**********
********** For more information, please see:
********** https://github.com/broadinstitute/picard/wiki/Command-Line-Syntax-Transition-For-Users-(Pre-Transition)
**********
********** The command line looks like this in the new syntax:
**********
**********    SamToFastq -INPUT /hpc/pmc_vanboxtel/projects/TallFlow/3_Output/MIXCR4.3.2/input/bam/pt2283D-DX1BM-TALL2_dedup.bam -OUTPUT_DIR /hpc/pmc_vanboxtel/projects/TallFlow/3_Output/MIXCR4.3.2/input/fastq -RG_TAG ID -OUTPUT_PER_RG true
**********


16:59:48.470 INFO  NativeLibraryLoader - Loading libgkl_compression.so from jar:file:/hpc/local/CentOS7/pmc_vanboxtel/bin/picard-2.24.1/picard.jar!/com/intel/gkl/native/libgkl_compression.so
[Wed May 03 16:59:48 CEST 2023] SamToFastq INPUT=/hpc/pmc_vanboxtel/projects/TallFlow/3_Output/MIXCR4.3.2/input/bam/pt2283D-DX1BM-TALL2_dedup.bam OUTPUT_PER_RG=true RG_TAG=ID OUTPUT_DIR=/hpc/pmc_vanboxtel/projects/TallFlow/3_Output/MIXCR4.3.2/input/fastq    COMPRESS_OUTPUTS_PER_RG=false RE_REVERSE=true INTERLEAVE=false INCLUDE_NON_PF_READS=false CLIPPING_MIN_LENGTH=0 READ1_TRIM=0 READ2_TRIM=0 INCLUDE_NON_PRIMARY_ALIGNMENTS=false VERBOSITY=INFO QUIET=false VALIDATION_STRINGENCY=STRICT COMPRESSION_LEVEL=5 MAX_RECORDS_IN_RAM=500000 CREATE_INDEX=false CREATE_MD5_FILE=false GA4GH_CLIENT_SECRETS=client_secrets.json USE_JDK_DEFLATER=false USE_JDK_INFLATER=false
[Wed May 03 16:59:48 CEST 2023] Executing as rhagelaar@n0123.compute.hpc on Linux 3.10.0-1160.81.1.el7.x86_64 amd64; Java HotSpot(TM) 64-Bit Server VM 1.8.0_60-b27; Deflater: Intel; Inflater: Intel; Provider GCS is not available; Picard version: 2.24.1
INFO	2023-05-03 16:59:57	SamToFastq	Processed     1,000,000 records.  Elapsed time: 00:00:09s.  Time for last 1,000,000:    9s.  Last read position: 14:22,357,057
[Wed May 03 17:00:02 CEST 2023] picard.sam.SamToFastq done. Elapsed time: 0.24 minutes.
Runtime.totalMemory()=5774508032
To get help, see http://broadinstitute.github.io/picard/index.html#GettingHelp
Exception in thread "main" htsjdk.samtools.SAMFormatException: SAM validation error: ERROR::MATE_NOT_FOUND:Found 23957 unpaired mates
	at htsjdk.samtools.SAMUtils.processValidationError(SAMUtils.java:469)
	at picard.sam.SamToFastq.doWork(SamToFastq.java:225)
	at picard.cmdline.CommandLineProgram.instanceMain(CommandLineProgram.java:304)
	at picard.cmdline.PicardCommandLine.instanceMain(PicardCommandLine.java:103)
	at picard.cmdline.PicardCommandLine.main(PicardCommandLine.java:113)
/hpc/pmc_vanboxtel/projects/TallFlow/2_Code/MIXCR/
IMPORTANT: MiXCR will use at most 12000MB of RAM,
           use -Xmx to change automatically set heap size (i.e. -Xmx50g to set heap size to 50 Gb)
====================
Running:
mixcr align --report /hpc/pmc_vanboxtel/projects/TallFlow/3_Output/MIXCR4.3.2/Output/pt2283D-DX1BM-TALL2/pt2283D-DX1BM-TALL2_Receptor.align.report.txt --json-report /hpc/pmc_vanboxtel/projects/TallFlow/3_Output/MIXCR4.3.2/Output/pt2283D-DX1BM-TALL2/pt2283D-DX1BM-TALL2_Receptor.align.report.json --preset rnaseq-full-length --dna --species hsa /hpc/pmc_vanboxtel/projects/TallFlow/3_Output/MIXCR4.3.2/input/fastq/Merged/pt2283D-DX1BM-TALL2_R1.fastq /hpc/pmc_vanboxtel/projects/TallFlow/3_Output/MIXCR4.3.2/input/fastq/Merged/pt2283D-DX1BM-TALL2_R2.fastq /hpc/pmc_vanboxtel/projects/TallFlow/3_Output/MIXCR4.3.2/Output/pt2283D-DX1BM-TALL2/pt2283D-DX1BM-TALL2_Receptor.vdjca
Alignment: 0%
Alignment: 11.3%  ETA: 00:03:50
Alignment: 22.6%  ETA: 00:03:24
Alignment: 33.9%  ETA: 00:02:57
Alignment: 45.2%  ETA: 00:02:10
Alignment: 56.5%  ETA: 00:01:43
Alignment: 67.8%  ETA: 00:01:14
Alignment: 79.1%  ETA: 00:00:50
Alignment: 90.4%  ETA: 00:00:22
============== Align Report ==============
Analysis time: 4.18m
Total sequencing reads: 745344
Successfully aligned reads: 11645 (1.56%)
Alignment failed: no hits (not TCR/IG?): 609381 (81.76%)
Alignment failed: no CDR3 parts: 71539 (9.6%)
Alignment failed: low total score: 52779 (7.08%)
Overlapped: 62227 (8.35%)
Overlapped and aligned: 368 (0.05%)
Overlapped and not aligned: 61859 (8.3%)
Alignment-aided overlaps, percent of overlapped and aligned: 6 (1.63%)
No CDR3 parts alignments, percent of successfully aligned: 1595 (13.7%)
Partial aligned reads, percent of successfully aligned: 10009 (85.95%)
V gene chimeras: 164 (0.02%)
J gene chimeras: 48 (0.01%)
Paired-end alignment conflicts eliminated: 21 (0%)
Realigned with forced non-floating bound: 1366246 (183.3%)
Realigned with forced non-floating right bound in left read: 2266 (0.3%)
Realigned with forced non-floating left bound in right read: 2266 (0.3%)
TRA chains: 1622 (13.93%)
TRA non-functional: 0 (0%)
TRB chains: 1875 (16.1%)
TRB non-functional: 2 (0.11%)
TRD chains: 59 (0.51%)
TRD non-functional: 8 (13.56%)
TRG chains: 184 (1.58%)
TRG non-functional: 11 (5.98%)
TRAD chains: 1058 (9.09%)
TRAD non-functional: 0 (0%)
IGH chains: 3011 (25.86%)
IGH non-functional: 1 (0.03%)
IGK chains: 2155 (18.51%)
IGK non-functional: 0 (0%)
IGL chains: 1681 (14.44%)
IGL non-functional: 1 (0.06%)
Trimming report:
  R1 reads trimmed left: 1496 (0.2%)
  R1 reads trimmed right: 10 (0%)
  Average R1 nucleotides trimmed left: 0.003978028936974068
  Average R1 nucleotides trimmed right: 1.3416623733470719E-5
  R2 reads trimmed left: 587 (0.08%)
  R2 reads trimmed right: 0 (0%)
  Average R2 nucleotides trimmed left: 8.600055813154731E-4
  Average R2 nucleotides trimmed right: 0.0
====================
Running:
mixcr assemblePartial --report /hpc/pmc_vanboxtel/projects/TallFlow/3_Output/MIXCR4.3.2/Output/pt2283D-DX1BM-TALL2/pt2283D-DX1BM-TALL2_Receptor.assemblePartial.report.txt --json-report /hpc/pmc_vanboxtel/projects/TallFlow/3_Output/MIXCR4.3.2/Output/pt2283D-DX1BM-TALL2/pt2283D-DX1BM-TALL2_Receptor.assemblePartial.report.json /hpc/pmc_vanboxtel/projects/TallFlow/3_Output/MIXCR4.3.2/Output/pt2283D-DX1BM-TALL2/pt2283D-DX1BM-TALL2_Receptor.vdjca /hpc/pmc_vanboxtel/projects/TallFlow/3_Output/MIXCR4.3.2/Output/pt2283D-DX1BM-TALL2/pt2283D-DX1BM-TALL2_Receptor.passembled.1.vdjca
Building index: 0%
Searching for overlaps: 0%
============== AssemblePartial Report ==============
Analysis time: 983ms
Total alignments analysed: 11644
Number of output alignments: 11641 (99.97%)
Alignments already with CDR3 (no overlapping is performed): 41 (0.35%)
Successfully overlapped alignments: 3 (0.03%)
Left parts with too small N-region (failed to extract k-mer): 1225 (10.52%)
Extracted k-mer diversity: 47296
Dropped due to wildcard in k-mer: 0 (0%)
Dropped due to too short NRegion parts in overlap: 1 (0.01%)
Dropped overlaps with empty N region due to no complete NDN coverage: 0 (0%)
Number of left-side alignments: 7311 (62.79%)
Number of right-side alignments: 2446 (21.01%)
Complex overlaps: 0 (0%)
Over-overlaps: 10 (0.09%)
Partial alignments written to output: 11597 (99.6%)
====================
Running:
mixcr assemblePartial --report /hpc/pmc_vanboxtel/projects/TallFlow/3_Output/MIXCR4.3.2/Output/pt2283D-DX1BM-TALL2/pt2283D-DX1BM-TALL2_Receptor.assemblePartial.report.txt --json-report /hpc/pmc_vanboxtel/projects/TallFlow/3_Output/MIXCR4.3.2/Output/pt2283D-DX1BM-TALL2/pt2283D-DX1BM-TALL2_Receptor.assemblePartial.report.json /hpc/pmc_vanboxtel/projects/TallFlow/3_Output/MIXCR4.3.2/Output/pt2283D-DX1BM-TALL2/pt2283D-DX1BM-TALL2_Receptor.passembled.1.vdjca /hpc/pmc_vanboxtel/projects/TallFlow/3_Output/MIXCR4.3.2/Output/pt2283D-DX1BM-TALL2/pt2283D-DX1BM-TALL2_Receptor.passembled.2.vdjca
Building index: 0%
Searching for overlaps: 0%
============== AssemblePartial Report ==============
Analysis time: 775ms
Total alignments analysed: 11641
Number of output alignments: 11641 (100%)
Alignments already with CDR3 (no overlapping is performed): 44 (0.38%)
Successfully overlapped alignments: 0 (0%)
Left parts with too small N-region (failed to extract k-mer): 1225 (10.52%)
Extracted k-mer diversity: 47286
Dropped due to wildcard in k-mer: 0 (0%)
Dropped due to too short NRegion parts in overlap: 1 (0.01%)
Dropped overlaps with empty N region due to no complete NDN coverage: 0 (0%)
Number of left-side alignments: 7308 (62.78%)
Number of right-side alignments: 2443 (20.99%)
Complex overlaps: 0 (0%)
Over-overlaps: 10 (0.09%)
Partial alignments written to output: 11597 (99.62%)
====================
Running:
mixcr extend --report /hpc/pmc_vanboxtel/projects/TallFlow/3_Output/MIXCR4.3.2/Output/pt2283D-DX1BM-TALL2/pt2283D-DX1BM-TALL2_Receptor.extend.report.txt --json-report /hpc/pmc_vanboxtel/projects/TallFlow/3_Output/MIXCR4.3.2/Output/pt2283D-DX1BM-TALL2/pt2283D-DX1BM-TALL2_Receptor.extend.report.json /hpc/pmc_vanboxtel/projects/TallFlow/3_Output/MIXCR4.3.2/Output/pt2283D-DX1BM-TALL2/pt2283D-DX1BM-TALL2_Receptor.passembled.2.vdjca /hpc/pmc_vanboxtel/projects/TallFlow/3_Output/MIXCR4.3.2/Output/pt2283D-DX1BM-TALL2/pt2283D-DX1BM-TALL2_Receptor.extended.vdjca
Extending alignments: 0%
============== Extend Report ==============
Analysis time: 220ms
Extended alignments count: 1 (0.01%)
V extensions total: 0 (0%)
V extensions with merged targets: 0 (0%)
J extensions total: 1 (0.01%)
J extensions with merged targets: 0 (0%)
V+J extensions: 0 (0%)
Mean V extension length: NaN
Mean J extension length: 11.0
====================
Running:
mixcr assemble --report /hpc/pmc_vanboxtel/projects/TallFlow/3_Output/MIXCR4.3.2/Output/pt2283D-DX1BM-TALL2/pt2283D-DX1BM-TALL2_Receptor.assemble.report.txt --json-report /hpc/pmc_vanboxtel/projects/TallFlow/3_Output/MIXCR4.3.2/Output/pt2283D-DX1BM-TALL2/pt2283D-DX1BM-TALL2_Receptor.assemble.report.json /hpc/pmc_vanboxtel/projects/TallFlow/3_Output/MIXCR4.3.2/Output/pt2283D-DX1BM-TALL2/pt2283D-DX1BM-TALL2_Receptor.extended.vdjca /hpc/pmc_vanboxtel/projects/TallFlow/3_Output/MIXCR4.3.2/Output/pt2283D-DX1BM-TALL2/pt2283D-DX1BM-TALL2_Receptor.clna
Initialization: progress unknown
Initialization: progress unknown
============== Assemble Report ==============
Analysis time: 377ms
Final clonotype count: 4
Reads used in clonotypes, percent of total: 33 (0%)
Average number of reads per clonotype: 8.25
Reads dropped due to the lack of a clone sequence, percent of total: 11597 (1.56%)
Reads dropped due to a too short clonal sequence, percent of total: 0 (0%)
Reads dropped due to low quality, percent of total: 0 (0%)
Reads dropped due to failed mapping, percent of total: 14 (0%)
Reads dropped with low quality clones, percent of total: 0 (0%)
Reads used in clonotypes before clustering, percent of total: 33 (0%)
Number of reads used as a core, percent of used: 31 (93.94%)
Mapped low quality reads, percent of used: 2 (6.06%)
Reads clustered in PCR error correction, percent of used: 0 (0%)
Reads pre-clustered due to the similar VJC-lists, percent of used: 0 (0%)
Clonotypes dropped as low quality: 0
Clonotypes eliminated by PCR error correction: 0
Clonotypes pre-clustered due to the similar VJC-lists: 0
Clones dropped in post filtering: 0 (0%)
Reads dropped in post filtering: 0.0 (0%)
Alignments filtered by tag prefix: 0 (0%)
TRB chains: 2 (50%)
TRB non-functional: 1 (50%)
TRD chains: 1 (25%)
TRD non-functional: 1 (100%)
TRG chains: 1 (25%)
TRG non-functional: 1 (100%)
====================
Running:
mixcr assembleContigs --report /hpc/pmc_vanboxtel/projects/TallFlow/3_Output/MIXCR4.3.2/Output/pt2283D-DX1BM-TALL2/pt2283D-DX1BM-TALL2_Receptor.assembleContigs.report.txt --json-report /hpc/pmc_vanboxtel/projects/TallFlow/3_Output/MIXCR4.3.2/Output/pt2283D-DX1BM-TALL2/pt2283D-DX1BM-TALL2_Receptor.assembleContigs.report.json /hpc/pmc_vanboxtel/projects/TallFlow/3_Output/MIXCR4.3.2/Output/pt2283D-DX1BM-TALL2/pt2283D-DX1BM-TALL2_Receptor.clna /hpc/pmc_vanboxtel/projects/TallFlow/3_Output/MIXCR4.3.2/Output/pt2283D-DX1BM-TALL2/pt2283D-DX1BM-TALL2_Receptor.contigs.clns
Assembling contigs: 0%
============== AssembleContigs Report ==============
Analysis time: 174ms
Initial clonotype count: 4
Final clonotype count: 4 (100%)
Canceled assemblies: 0 (0%)
Number of premature termination assembly events, percent of number of initial clonotypes: 0.0 (0%)
Longest contig length: 770
Clustered variants: 0 (0%)
Reads in clustered variants: 0.0 (0%)
Reads in divided (newly created) clones: 0.0 (0%)
Clones with ambiguous letters in splitting region: 0 (0%)
Reads in clones with ambiguous letters in splitting region: 0.0 (0%)
Average number of ambiguous letters per clone with ambiguous letters in splitting region: NaN
====================
Running:
mixcr exportClones /hpc/pmc_vanboxtel/projects/TallFlow/3_Output/MIXCR4.3.2/Output/pt2283D-DX1BM-TALL2/pt2283D-DX1BM-TALL2_Receptor.contigs.clns /hpc/pmc_vanboxtel/projects/TallFlow/3_Output/MIXCR4.3.2/Output/pt2283D-DX1BM-TALL2/pt2283D-DX1BM-TALL2_Receptor.clones.tsv
Exporting TRB
Exporting clones: 0%
WARNING: Filtered 2 of 4 clones (50%).
WARNING: Filtered 13.0 of 33.0 reads (60.61%).
Exporting TRAD
Exporting clones: 0%
WARNING: Filtered 1 of 4 clones (75%).
WARNING: Filtered 7.0 of 33.0 reads (78.79%).
Exporting TRG
Exporting clones: 0%
WARNING: Filtered 1 of 4 clones (75%).
WARNING: Filtered 13.0 of 33.0 reads (60.61%).
Analysis finished successfully.
IMPORTANT: MiXCR will use at most 12000MB of RAM,
           use -Xmx to change automatically set heap size (i.e. -Xmx50g to set heap size to 50 Gb)
IMPORTANT: MiXCR will use at most 12000MB of RAM,
           use -Xmx to change automatically set heap size (i.e. -Xmx50g to set heap size to 50 Gb)
IMPORTANT: MiXCR will use at most 12000MB of RAM,
           use -Xmx to change automatically set heap size (i.e. -Xmx50g to set heap size to 50 Gb)
