Please enter the license:
Exception in thread "main" java.util.NoSuchElementException: No line found
	at java.util.Scanner.nextLine(Scanner.java:1540)
	at com.milaboratory.milm.MiXCRMain.main(MiXCRMain.java:19)
	at com.milaboratory.mixcr.cli.Main.main(Main.java:57)
NOTE: report file is not specified, using /hpc/pmc_vanboxtel/projects/TallFlow/3_Output/MIXCR/pt2229-DX1BM-ALLBULK-DP/Output/pt2229-DX1BM-ALLBULK-DP/pt2229-DX1BM-ALLBULK-DP_TCR.report to write report.
Alignment: 0%
Alignment: 10.7%  ETA: 00:05:47
Alignment: 21.4%  ETA: 00:05:32
Alignment: 32%  ETA: 00:04:40
Alignment: 42.7%  ETA: 00:03:45
Alignment: 53.4%  ETA: 00:03:20
Alignment: 64.1%  ETA: 00:02:21
Alignment: 74.8%  ETA: 00:01:46
Alignment: 85.4%  ETA: 00:00:58
Alignment: 96.1%  ETA: 00:00:16
============= Report ==============
Analysis time: 6.95m
Total sequencing reads: 1352510
Successfully aligned reads: 15760 (1.17%)
Paired-end alignment conflicts eliminated: 10 (0%)
Alignment failed, no hits (not TCR/IG?): 1096417 (81.07%)
Alignment failed because of absence of CDR3 parts: 135265 (10%)
Alignment failed because of low total score: 105068 (7.77%)
Overlapped: 72098 (5.33%)
Overlapped and aligned: 477 (0.04%)
Alignment-aided overlaps: 66 (13.84%)
Overlapped and not aligned: 71621 (5.3%)
No CDR3 parts alignments, percent of successfully aligned: 2099 (13.32%)
Partial aligned reads, percent of successfully aligned: 13572 (86.12%)
V gene chimeras: 242 (0.02%)
J gene chimeras: 128 (0.01%)
TRA chains: 1617 (10.26%)
TRB chains: 2739 (17.38%)
TRD chains: 74 (0.47%)
TRG chains: 116 (0.74%)
TRA,TRD chains: 1273 (8.08%)
IGH chains: 4190 (26.59%)
IGK chains: 2816 (17.87%)
IGL chains: 2935 (18.62%)
Realigned with forced non-floating bound: 2560956 (189.35%)
Realigned with forced non-floating right bound in left read: 8158 (0.6%)
Realigned with forced non-floating left bound in right read: 8158 (0.6%)
Building index: 0%
Searching for overlaps: 0%
============= Report ==============
Analysis time: 1.18s
Total alignments analysed: 15760
Number of output alignments: 15748 (99.92%)
Alignments already with CDR3 (no overlapping is performed): 89 (0.56%)
Successfully overlapped alignments: 12 (0.08%)
Left parts with too small N-region (failed to extract k-mer): 1867 (11.85%)
Extracted k-mer diversity: 49149
Dropped due to wildcard in k-mer: 0 (0%)
Dropped due to too short NRegion parts in overlap: 10 (0.06%)
Dropped overlaps with empty N region due to no complete NDN coverage: 2 (0.01%)
Number of left-side alignments: 10012 (63.53%)
Number of right-side alignments: 3061 (19.42%)
Complex overlaps: 0 (0%)
Over-overlaps: 12 (0.08%)
Partial alignments written to output: 15647 (99.28%)
Building index: 3.4%
Searching for overlaps: 0%
============= Report ==============
Analysis time: 816ms
Total alignments analysed: 15748
Number of output alignments: 15748 (100%)
Alignments already with CDR3 (no overlapping is performed): 100 (0.64%)
Successfully overlapped alignments: 0 (0%)
Left parts with too small N-region (failed to extract k-mer): 1867 (11.86%)
Extracted k-mer diversity: 49155
Dropped due to wildcard in k-mer: 0 (0%)
Dropped due to too short NRegion parts in overlap: 9 (0.06%)
Dropped overlaps with empty N region due to no complete NDN coverage: 1 (0.01%)
Number of left-side alignments: 10001 (63.51%)
Number of right-side alignments: 3049 (19.36%)
Complex overlaps: 0 (0%)
Over-overlaps: 12 (0.08%)
Partial alignments written to output: 15648 (99.36%)
Extending alignments: 0%
============= Report ==============
Analysis time: 237ms
Extended alignments count: 7 (0.04%)
V extensions total: 1 (0.01%)
V extensions with merged targets: 0 (0%)
J extensions total: 6 (0.04%)
J extensions with merged targets: 0 (0%)
V+J extensions: 0 (0%)
Mean V extension length: 1.0
Mean J extension length: 7.833333333333333
-t / --threads is deprecated for "mixcr assemble ..." and ignored for this call...
Initialization: progress unknown
============= Report ==============
Analysis time: 174ms
Final clonotype count: 21
Average number of reads per clonotype: 4.52
Reads used in clonotypes, percent of total: 95 (0.01%)
Reads used in clonotypes before clustering, percent of total: 95 (0.01%)
Number of reads used as a core, percent of used: 92 (96.84%)
Mapped low quality reads, percent of used: 3 (3.16%)
Reads clustered in PCR error correction, percent of used: 0 (0%)
Reads pre-clustered due to the similar VJC-lists, percent of used: 0 (0%)
Reads dropped due to the lack of a clone sequence, percent of total: 0 (0%)
Reads dropped due to low quality, percent of total: 0 (0%)
Reads dropped due to failed mapping, percent of total: 22 (0%)
Reads dropped with low quality clones, percent of total: 0 (0%)
Clonotypes eliminated by PCR error correction: 0
Clonotypes dropped as low quality: 0
Clonotypes pre-clustered due to the similar VJC-lists: 0
Clonotypes dropped in fine filtering: 0
Partially aligned reads attached to clones by tags: 0 (0%)
Partially aligned reads with ambiguous clone attachments by tags: 0 (0%)
Partially aligned reads failed to attach to clones by tags: 0 (0%)
TRA chains: 14 (66.67%)
TRB chains: 3 (14.29%)
TRD chains: 1 (4.76%)
TRG chains: 3 (14.29%)
Exporting clones: 0%
Exporting clones: 0%
Filtered 15 of 21 clones (28.57%).
Filtered 33.0 of 95.0 reads (65.26%).
Exporting clones: 0%
Filtered 3 of 21 clones (85.71%).
Filtered 26.0 of 95.0 reads (72.63%).
Exporting clones: 0%
Filtered 3 of 21 clones (85.71%).
Filtered 36.0 of 95.0 reads (62.11%).
Exporting clones: 0%
Filtered 15 of 21 clones (28.57%).
Filtered 33.0 of 95.0 reads (65.26%).
Filtered 0 of 21 clones (100%).
Filtered 0.0 of 95.0 reads (100%).
Filtered 0 of 21 clones (100%).
Filtered 0.0 of 95.0 reads (100%).
Filtered 0 of 21 clones (100%).
Filtered 0.0 of 95.0 reads (100%).
