INFO	2023-05-03 17:01:52	SamToFastq	

********** NOTE: Picard's command line syntax is changing.
**********
********** For more information, please see:
********** https://github.com/broadinstitute/picard/wiki/Command-Line-Syntax-Transition-For-Users-(Pre-Transition)
**********
********** The command line looks like this in the new syntax:
**********
**********    SamToFastq -INPUT /hpc/pmc_vanboxtel/projects/TallFlow/3_Output/MIXCR4.3.2/input/bam/pt2283D-DX1BM-TALL10_dedup.bam -OUTPUT_DIR /hpc/pmc_vanboxtel/projects/TallFlow/3_Output/MIXCR4.3.2/input/fastq -RG_TAG ID -OUTPUT_PER_RG true
**********


17:01:52.411 INFO  NativeLibraryLoader - Loading libgkl_compression.so from jar:file:/hpc/local/CentOS7/pmc_vanboxtel/bin/picard-2.24.1/picard.jar!/com/intel/gkl/native/libgkl_compression.so
[Wed May 03 17:01:52 CEST 2023] SamToFastq INPUT=/hpc/pmc_vanboxtel/projects/TallFlow/3_Output/MIXCR4.3.2/input/bam/pt2283D-DX1BM-TALL10_dedup.bam OUTPUT_PER_RG=true RG_TAG=ID OUTPUT_DIR=/hpc/pmc_vanboxtel/projects/TallFlow/3_Output/MIXCR4.3.2/input/fastq    COMPRESS_OUTPUTS_PER_RG=false RE_REVERSE=true INTERLEAVE=false INCLUDE_NON_PF_READS=false CLIPPING_MIN_LENGTH=0 READ1_TRIM=0 READ2_TRIM=0 INCLUDE_NON_PRIMARY_ALIGNMENTS=false VERBOSITY=INFO QUIET=false VALIDATION_STRINGENCY=STRICT COMPRESSION_LEVEL=5 MAX_RECORDS_IN_RAM=500000 CREATE_INDEX=false CREATE_MD5_FILE=false GA4GH_CLIENT_SECRETS=client_secrets.json USE_JDK_DEFLATER=false USE_JDK_INFLATER=false
[Wed May 03 17:01:52 CEST 2023] Executing as rhagelaar@n0123.compute.hpc on Linux 3.10.0-1160.81.1.el7.x86_64 amd64; Java HotSpot(TM) 64-Bit Server VM 1.8.0_60-b27; Deflater: Intel; Inflater: Intel; Provider GCS is not available; Picard version: 2.24.1
INFO	2023-05-03 17:02:01	SamToFastq	Processed     1,000,000 records.  Elapsed time: 00:00:08s.  Time for last 1,000,000:    8s.  Last read position: 7:38,513,144
INFO	2023-05-03 17:02:08	SamToFastq	Processed     2,000,000 records.  Elapsed time: 00:00:15s.  Time for last 1,000,000:    7s.  Last read position: 14:22,401,132
[Wed May 03 17:02:16 CEST 2023] picard.sam.SamToFastq done. Elapsed time: 0.40 minutes.
Runtime.totalMemory()=10104602624
To get help, see http://broadinstitute.github.io/picard/index.html#GettingHelp
Exception in thread "main" htsjdk.samtools.SAMFormatException: SAM validation error: ERROR::MATE_NOT_FOUND:Found 52305 unpaired mates
	at htsjdk.samtools.SAMUtils.processValidationError(SAMUtils.java:469)
	at picard.sam.SamToFastq.doWork(SamToFastq.java:225)
	at picard.cmdline.CommandLineProgram.instanceMain(CommandLineProgram.java:304)
	at picard.cmdline.PicardCommandLine.instanceMain(PicardCommandLine.java:103)
	at picard.cmdline.PicardCommandLine.main(PicardCommandLine.java:113)
/hpc/pmc_vanboxtel/projects/TallFlow/2_Code/MIXCR/
IMPORTANT: MiXCR will use at most 12000MB of RAM,
           use -Xmx to change automatically set heap size (i.e. -Xmx50g to set heap size to 50 Gb)
====================
Running:
mixcr align --report /hpc/pmc_vanboxtel/projects/TallFlow/3_Output/MIXCR4.3.2/Output/pt2283D-DX1BM-TALL10/pt2283D-DX1BM-TALL10_Receptor.align.report.txt --json-report /hpc/pmc_vanboxtel/projects/TallFlow/3_Output/MIXCR4.3.2/Output/pt2283D-DX1BM-TALL10/pt2283D-DX1BM-TALL10_Receptor.align.report.json --preset rnaseq-full-length --dna --species hsa /hpc/pmc_vanboxtel/projects/TallFlow/3_Output/MIXCR4.3.2/input/fastq/Merged/pt2283D-DX1BM-TALL10_R1.fastq /hpc/pmc_vanboxtel/projects/TallFlow/3_Output/MIXCR4.3.2/input/fastq/Merged/pt2283D-DX1BM-TALL10_R2.fastq /hpc/pmc_vanboxtel/projects/TallFlow/3_Output/MIXCR4.3.2/Output/pt2283D-DX1BM-TALL10/pt2283D-DX1BM-TALL10_Receptor.vdjca
Alignment: 0%
Alignment: 10.6%  ETA: 00:05:55
Alignment: 21.2%  ETA: 00:05:19
Alignment: 31.8%  ETA: 00:04:30
Alignment: 42.5%  ETA: 00:03:42
Alignment: 53.1%  ETA: 00:02:57
Alignment: 63.7%  ETA: 00:02:20
Alignment: 74.3%  ETA: 00:01:41
Alignment: 84.9%  ETA: 00:00:56
Alignment: 95.5%  ETA: 00:00:17
============== Align Report ==============
Analysis time: 6.6m
Total sequencing reads: 1360563
Successfully aligned reads: 20671 (1.52%)
Alignment failed: no hits (not TCR/IG?): 1117295 (82.12%)
Alignment failed: no CDR3 parts: 128672 (9.46%)
Alignment failed: low total score: 93925 (6.9%)
Overlapped: 150642 (11.07%)
Overlapped and aligned: 536 (0.04%)
Overlapped and not aligned: 150106 (11.03%)
Alignment-aided overlaps, percent of overlapped and aligned: 15 (2.8%)
No CDR3 parts alignments, percent of successfully aligned: 2657 (12.85%)
Partial aligned reads, percent of successfully aligned: 17916 (86.67%)
V gene chimeras: 292 (0.02%)
J gene chimeras: 97 (0.01%)
Paired-end alignment conflicts eliminated: 61 (0%)
Realigned with forced non-floating bound: 2419872 (177.86%)
Realigned with forced non-floating right bound in left read: 4149 (0.3%)
Realigned with forced non-floating left bound in right read: 4149 (0.3%)
TRA chains: 3227 (15.61%)
TRA non-functional: 0 (0%)
TRB chains: 3029 (14.65%)
TRB non-functional: 0 (0%)
TRD chains: 130 (0.63%)
TRD non-functional: 36 (27.69%)
TRG chains: 369 (1.79%)
TRG non-functional: 33 (8.94%)
TRAD chains: 3388 (16.39%)
TRAD non-functional: 0 (0%)
IGH chains: 4359 (21.09%)
IGH non-functional: 0 (0%)
IGK chains: 3500 (16.93%)
IGK non-functional: 0 (0%)
IGL chains: 2669 (12.91%)
IGL non-functional: 0 (0%)
Trimming report:
  R1 reads trimmed left: 1519 (0.11%)
  R1 reads trimmed right: 14 (0%)
  Average R1 nucleotides trimmed left: 0.002320362967389235
  Average R1 nucleotides trimmed right: 9.701866065738962E-5
  R2 reads trimmed left: 1062 (0.08%)
  R2 reads trimmed right: 7 (0%)
  Average R2 nucleotides trimmed left: 0.001048830520894659
  Average R2 nucleotides trimmed right: 6.173914769106612E-5
====================
Running:
mixcr assemblePartial --report /hpc/pmc_vanboxtel/projects/TallFlow/3_Output/MIXCR4.3.2/Output/pt2283D-DX1BM-TALL10/pt2283D-DX1BM-TALL10_Receptor.assemblePartial.report.txt --json-report /hpc/pmc_vanboxtel/projects/TallFlow/3_Output/MIXCR4.3.2/Output/pt2283D-DX1BM-TALL10/pt2283D-DX1BM-TALL10_Receptor.assemblePartial.report.json /hpc/pmc_vanboxtel/projects/TallFlow/3_Output/MIXCR4.3.2/Output/pt2283D-DX1BM-TALL10/pt2283D-DX1BM-TALL10_Receptor.vdjca /hpc/pmc_vanboxtel/projects/TallFlow/3_Output/MIXCR4.3.2/Output/pt2283D-DX1BM-TALL10/pt2283D-DX1BM-TALL10_Receptor.passembled.1.vdjca
Building index: 0%
Searching for overlaps: 0%
Searching for overlaps: 71.7%  ETA: 00:00:00
============== AssemblePartial Report ==============
Analysis time: 1.7s
Total alignments analysed: 20666
Number of output alignments: 20663 (99.99%)
Alignments already with CDR3 (no overlapping is performed): 108 (0.52%)
Successfully overlapped alignments: 3 (0.01%)
Left parts with too small N-region (failed to extract k-mer): 2182 (10.56%)
Extracted k-mer diversity: 59453
Dropped due to wildcard in k-mer: 0 (0%)
Dropped due to too short NRegion parts in overlap: 3 (0.01%)
Dropped overlaps with empty N region due to no complete NDN coverage: 0 (0%)
Number of left-side alignments: 12683 (61.37%)
Number of right-side alignments: 4731 (22.89%)
Complex overlaps: 0 (0%)
Over-overlaps: 24 (0.12%)
Partial alignments written to output: 20552 (99.45%)
====================
Running:
mixcr assemblePartial --report /hpc/pmc_vanboxtel/projects/TallFlow/3_Output/MIXCR4.3.2/Output/pt2283D-DX1BM-TALL10/pt2283D-DX1BM-TALL10_Receptor.assemblePartial.report.txt --json-report /hpc/pmc_vanboxtel/projects/TallFlow/3_Output/MIXCR4.3.2/Output/pt2283D-DX1BM-TALL10/pt2283D-DX1BM-TALL10_Receptor.assemblePartial.report.json /hpc/pmc_vanboxtel/projects/TallFlow/3_Output/MIXCR4.3.2/Output/pt2283D-DX1BM-TALL10/pt2283D-DX1BM-TALL10_Receptor.passembled.1.vdjca /hpc/pmc_vanboxtel/projects/TallFlow/3_Output/MIXCR4.3.2/Output/pt2283D-DX1BM-TALL10/pt2283D-DX1BM-TALL10_Receptor.passembled.2.vdjca
Building index: 0%
Searching for overlaps: 0%
============== AssemblePartial Report ==============
Analysis time: 1.19s
Total alignments analysed: 20663
Number of output alignments: 20663 (100%)
Alignments already with CDR3 (no overlapping is performed): 110 (0.53%)
Successfully overlapped alignments: 0 (0%)
Left parts with too small N-region (failed to extract k-mer): 2181 (10.56%)
Extracted k-mer diversity: 59442
Dropped due to wildcard in k-mer: 0 (0%)
Dropped due to too short NRegion parts in overlap: 3 (0.01%)
Dropped overlaps with empty N region due to no complete NDN coverage: 0 (0%)
Number of left-side alignments: 12681 (61.37%)
Number of right-side alignments: 4728 (22.88%)
Complex overlaps: 0 (0%)
Over-overlaps: 24 (0.12%)
Partial alignments written to output: 20553 (99.47%)
====================
Running:
mixcr extend --report /hpc/pmc_vanboxtel/projects/TallFlow/3_Output/MIXCR4.3.2/Output/pt2283D-DX1BM-TALL10/pt2283D-DX1BM-TALL10_Receptor.extend.report.txt --json-report /hpc/pmc_vanboxtel/projects/TallFlow/3_Output/MIXCR4.3.2/Output/pt2283D-DX1BM-TALL10/pt2283D-DX1BM-TALL10_Receptor.extend.report.json /hpc/pmc_vanboxtel/projects/TallFlow/3_Output/MIXCR4.3.2/Output/pt2283D-DX1BM-TALL10/pt2283D-DX1BM-TALL10_Receptor.passembled.2.vdjca /hpc/pmc_vanboxtel/projects/TallFlow/3_Output/MIXCR4.3.2/Output/pt2283D-DX1BM-TALL10/pt2283D-DX1BM-TALL10_Receptor.extended.vdjca
Extending alignments: 0%
============== Extend Report ==============
Analysis time: 380ms
Extended alignments count: 10 (0.05%)
V extensions total: 1 (0%)
V extensions with merged targets: 0 (0%)
J extensions total: 9 (0.04%)
J extensions with merged targets: 0 (0%)
V+J extensions: 0 (0%)
Mean V extension length: 1.0
Mean J extension length: 7.666666666666667
====================
Running:
mixcr assemble --report /hpc/pmc_vanboxtel/projects/TallFlow/3_Output/MIXCR4.3.2/Output/pt2283D-DX1BM-TALL10/pt2283D-DX1BM-TALL10_Receptor.assemble.report.txt --json-report /hpc/pmc_vanboxtel/projects/TallFlow/3_Output/MIXCR4.3.2/Output/pt2283D-DX1BM-TALL10/pt2283D-DX1BM-TALL10_Receptor.assemble.report.json /hpc/pmc_vanboxtel/projects/TallFlow/3_Output/MIXCR4.3.2/Output/pt2283D-DX1BM-TALL10/pt2283D-DX1BM-TALL10_Receptor.extended.vdjca /hpc/pmc_vanboxtel/projects/TallFlow/3_Output/MIXCR4.3.2/Output/pt2283D-DX1BM-TALL10/pt2283D-DX1BM-TALL10_Receptor.clna
Initialization: progress unknown
Initialization: progress unknown
============== Assemble Report ==============
Analysis time: 393ms
Final clonotype count: 4
Reads used in clonotypes, percent of total: 110 (0.01%)
Average number of reads per clonotype: 27.5
Reads dropped due to the lack of a clone sequence, percent of total: 20553 (1.51%)
Reads dropped due to a too short clonal sequence, percent of total: 0 (0%)
Reads dropped due to low quality, percent of total: 0 (0%)
Reads dropped due to failed mapping, percent of total: 1 (0%)
Reads dropped with low quality clones, percent of total: 0 (0%)
Reads used in clonotypes before clustering, percent of total: 111 (0.01%)
Number of reads used as a core, percent of used: 106 (95.5%)
Mapped low quality reads, percent of used: 5 (4.5%)
Reads clustered in PCR error correction, percent of used: 1 (0.9%)
Reads pre-clustered due to the similar VJC-lists, percent of used: 0 (0%)
Clonotypes dropped as low quality: 0
Clonotypes eliminated by PCR error correction: 1
Clonotypes pre-clustered due to the similar VJC-lists: 0
Clones dropped in post filtering: 0 (0%)
Reads dropped in post filtering: 0.0 (0%)
Alignments filtered by tag prefix: 0 (0%)
TRB chains: 1 (25%)
TRB non-functional: 0 (0%)
TRD chains: 1 (25%)
TRD non-functional: 1 (100%)
TRG chains: 2 (50%)
TRG non-functional: 1 (50%)
====================
Running:
mixcr assembleContigs --report /hpc/pmc_vanboxtel/projects/TallFlow/3_Output/MIXCR4.3.2/Output/pt2283D-DX1BM-TALL10/pt2283D-DX1BM-TALL10_Receptor.assembleContigs.report.txt --json-report /hpc/pmc_vanboxtel/projects/TallFlow/3_Output/MIXCR4.3.2/Output/pt2283D-DX1BM-TALL10/pt2283D-DX1BM-TALL10_Receptor.assembleContigs.report.json /hpc/pmc_vanboxtel/projects/TallFlow/3_Output/MIXCR4.3.2/Output/pt2283D-DX1BM-TALL10/pt2283D-DX1BM-TALL10_Receptor.clna /hpc/pmc_vanboxtel/projects/TallFlow/3_Output/MIXCR4.3.2/Output/pt2283D-DX1BM-TALL10/pt2283D-DX1BM-TALL10_Receptor.contigs.clns
Assembling contigs: 0%
============== AssembleContigs Report ==============
Analysis time: 238ms
Initial clonotype count: 4
Final clonotype count: 4 (100%)
Canceled assemblies: 0 (0%)
Number of premature termination assembly events, percent of number of initial clonotypes: 0.0 (0%)
Longest contig length: 694
Clustered variants: 0 (0%)
Reads in clustered variants: 0.0 (0%)
Reads in divided (newly created) clones: 0.0 (0%)
Clones with ambiguous letters in splitting region: 0 (0%)
Reads in clones with ambiguous letters in splitting region: 0.0 (0%)
Average number of ambiguous letters per clone with ambiguous letters in splitting region: NaN
====================
Running:
mixcr exportClones /hpc/pmc_vanboxtel/projects/TallFlow/3_Output/MIXCR4.3.2/Output/pt2283D-DX1BM-TALL10/pt2283D-DX1BM-TALL10_Receptor.contigs.clns /hpc/pmc_vanboxtel/projects/TallFlow/3_Output/MIXCR4.3.2/Output/pt2283D-DX1BM-TALL10/pt2283D-DX1BM-TALL10_Receptor.clones.tsv
Exporting TRB
Exporting clones: 0%
WARNING: Filtered 1 of 4 clones (75%).
WARNING: Filtered 19.0 of 110.0 reads (82.73%).
Exporting TRAD
Exporting clones: 0%
WARNING: Filtered 1 of 4 clones (75%).
WARNING: Filtered 45.0 of 110.0 reads (59.09%).
Exporting TRG
Exporting clones: 50%
WARNING: Filtered 2 of 4 clones (50%).
WARNING: Filtered 46.0 of 110.0 reads (58.18%).
Analysis finished successfully.
IMPORTANT: MiXCR will use at most 12000MB of RAM,
           use -Xmx to change automatically set heap size (i.e. -Xmx50g to set heap size to 50 Gb)
IMPORTANT: MiXCR will use at most 11859MB of RAM,
           use -Xmx to change automatically set heap size (i.e. -Xmx50g to set heap size to 50 Gb)
IMPORTANT: MiXCR will use at most 11651MB of RAM,
           use -Xmx to change automatically set heap size (i.e. -Xmx50g to set heap size to 50 Gb)
