INFO	2023-05-03 17:02:23	SamToFastq	

********** NOTE: Picard's command line syntax is changing.
**********
********** For more information, please see:
********** https://github.com/broadinstitute/picard/wiki/Command-Line-Syntax-Transition-For-Users-(Pre-Transition)
**********
********** The command line looks like this in the new syntax:
**********
**********    SamToFastq -INPUT /hpc/pmc_vanboxtel/projects/TallFlow/3_Output/MIXCR4.3.2/input/bam/pt2283D-DX1BM-TALL4_dedup.bam -OUTPUT_DIR /hpc/pmc_vanboxtel/projects/TallFlow/3_Output/MIXCR4.3.2/input/fastq -RG_TAG ID -OUTPUT_PER_RG true
**********


17:02:23.433 INFO  NativeLibraryLoader - Loading libgkl_compression.so from jar:file:/hpc/local/CentOS7/pmc_vanboxtel/bin/picard-2.24.1/picard.jar!/com/intel/gkl/native/libgkl_compression.so
[Wed May 03 17:02:23 CEST 2023] SamToFastq INPUT=/hpc/pmc_vanboxtel/projects/TallFlow/3_Output/MIXCR4.3.2/input/bam/pt2283D-DX1BM-TALL4_dedup.bam OUTPUT_PER_RG=true RG_TAG=ID OUTPUT_DIR=/hpc/pmc_vanboxtel/projects/TallFlow/3_Output/MIXCR4.3.2/input/fastq    COMPRESS_OUTPUTS_PER_RG=false RE_REVERSE=true INTERLEAVE=false INCLUDE_NON_PF_READS=false CLIPPING_MIN_LENGTH=0 READ1_TRIM=0 READ2_TRIM=0 INCLUDE_NON_PRIMARY_ALIGNMENTS=false VERBOSITY=INFO QUIET=false VALIDATION_STRINGENCY=STRICT COMPRESSION_LEVEL=5 MAX_RECORDS_IN_RAM=500000 CREATE_INDEX=false CREATE_MD5_FILE=false GA4GH_CLIENT_SECRETS=client_secrets.json USE_JDK_DEFLATER=false USE_JDK_INFLATER=false
[Wed May 03 17:02:23 CEST 2023] Executing as rhagelaar@n0091.compute.hpc on Linux 3.10.0-1160.83.1.el7.x86_64 amd64; Java HotSpot(TM) 64-Bit Server VM 1.8.0_60-b27; Deflater: Intel; Inflater: Intel; Provider GCS is not available; Picard version: 2.24.1
INFO	2023-05-03 17:02:34	SamToFastq	Processed     1,000,000 records.  Elapsed time: 00:00:10s.  Time for last 1,000,000:   10s.  Last read position: 14:105,123,685
[Wed May 03 17:02:38 CEST 2023] picard.sam.SamToFastq done. Elapsed time: 0.26 minutes.
Runtime.totalMemory()=5792858112
To get help, see http://broadinstitute.github.io/picard/index.html#GettingHelp
Exception in thread "main" htsjdk.samtools.SAMFormatException: SAM validation error: ERROR::MATE_NOT_FOUND:Found 29672 unpaired mates
	at htsjdk.samtools.SAMUtils.processValidationError(SAMUtils.java:469)
	at picard.sam.SamToFastq.doWork(SamToFastq.java:225)
	at picard.cmdline.CommandLineProgram.instanceMain(CommandLineProgram.java:304)
	at picard.cmdline.PicardCommandLine.instanceMain(PicardCommandLine.java:103)
	at picard.cmdline.PicardCommandLine.main(PicardCommandLine.java:113)
/hpc/pmc_vanboxtel/projects/TallFlow/2_Code/MIXCR/
IMPORTANT: MiXCR will use at most 3178MB of RAM,
           use -Xmx to change automatically set heap size (i.e. -Xmx50g to set heap size to 50 Gb)
====================
Running:
mixcr align --report /hpc/pmc_vanboxtel/projects/TallFlow/3_Output/MIXCR4.3.2/Output/pt2283D-DX1BM-TALL4/pt2283D-DX1BM-TALL4_Receptor.align.report.txt --json-report /hpc/pmc_vanboxtel/projects/TallFlow/3_Output/MIXCR4.3.2/Output/pt2283D-DX1BM-TALL4/pt2283D-DX1BM-TALL4_Receptor.align.report.json --preset rnaseq-full-length --dna --species hsa /hpc/pmc_vanboxtel/projects/TallFlow/3_Output/MIXCR4.3.2/input/fastq/Merged/pt2283D-DX1BM-TALL4_R1.fastq /hpc/pmc_vanboxtel/projects/TallFlow/3_Output/MIXCR4.3.2/input/fastq/Merged/pt2283D-DX1BM-TALL4_R2.fastq /hpc/pmc_vanboxtel/projects/TallFlow/3_Output/MIXCR4.3.2/Output/pt2283D-DX1BM-TALL4/pt2283D-DX1BM-TALL4_Receptor.vdjca
Alignment: 0%
Alignment: 11.1%  ETA: 00:04:07
Alignment: 22.3%  ETA: 00:03:15
Alignment: 32.5%  ETA: 00:03:11
Alignment: 42.7%  ETA: 00:02:11
Alignment: 53.9%  ETA: 00:02:00
Alignment: 65%  ETA: 00:01:27
Alignment: 76.2%  ETA: 00:01:02
Alignment: 87.3%  ETA: 00:00:29
Alignment: 98.5%  ETA: 00:00:03
============== Align Report ==============
Analysis time: 4.42m
Total sequencing reads: 647809
Successfully aligned reads: 7758 (1.2%)
Alignment failed: no hits (not TCR/IG?): 538859 (83.18%)
Alignment failed: no CDR3 parts: 56202 (8.68%)
Alignment failed: low total score: 44990 (6.94%)
Overlapped: 90106 (13.91%)
Overlapped and aligned: 175 (0.03%)
Overlapped and not aligned: 89931 (13.88%)
Alignment-aided overlaps, percent of overlapped and aligned: 7 (4%)
No CDR3 parts alignments, percent of successfully aligned: 1162 (14.98%)
Partial aligned reads, percent of successfully aligned: 6559 (84.54%)
V gene chimeras: 117 (0.02%)
J gene chimeras: 19 (0%)
Paired-end alignment conflicts eliminated: 18 (0%)
Realigned with forced non-floating bound: 1115420 (172.18%)
Realigned with forced non-floating right bound in left read: 1841 (0.28%)
Realigned with forced non-floating left bound in right read: 1841 (0.28%)
TRA chains: 997 (12.85%)
TRA non-functional: 10 (1%)
TRB chains: 1083 (13.96%)
TRB non-functional: 0 (0%)
TRD chains: 26 (0.34%)
TRD non-functional: 0 (0%)
TRG chains: 138 (1.78%)
TRG non-functional: 7 (5.07%)
TRAD chains: 715 (9.22%)
TRAD non-functional: 0 (0%)
IGH chains: 1893 (24.4%)
IGH non-functional: 0 (0%)
IGK chains: 1674 (21.58%)
IGK non-functional: 0 (0%)
IGL chains: 1232 (15.88%)
IGL non-functional: 0 (0%)
Trimming report:
  R1 reads trimmed left: 1303 (0.2%)
  R1 reads trimmed right: 4 (0%)
  Average R1 nucleotides trimmed left: 0.00395023841904018
  Average R1 nucleotides trimmed right: 6.174659506119859E-6
  R2 reads trimmed left: 502 (0.08%)
  R2 reads trimmed right: 0 (0%)
  Average R2 nucleotides trimmed left: 8.459283523384207E-4
  Average R2 nucleotides trimmed right: 0.0
====================
Running:
mixcr assemblePartial --report /hpc/pmc_vanboxtel/projects/TallFlow/3_Output/MIXCR4.3.2/Output/pt2283D-DX1BM-TALL4/pt2283D-DX1BM-TALL4_Receptor.assemblePartial.report.txt --json-report /hpc/pmc_vanboxtel/projects/TallFlow/3_Output/MIXCR4.3.2/Output/pt2283D-DX1BM-TALL4/pt2283D-DX1BM-TALL4_Receptor.assemblePartial.report.json /hpc/pmc_vanboxtel/projects/TallFlow/3_Output/MIXCR4.3.2/Output/pt2283D-DX1BM-TALL4/pt2283D-DX1BM-TALL4_Receptor.vdjca /hpc/pmc_vanboxtel/projects/TallFlow/3_Output/MIXCR4.3.2/Output/pt2283D-DX1BM-TALL4/pt2283D-DX1BM-TALL4_Receptor.passembled.1.vdjca
Building index: 0%
Searching for overlaps: 0%
============== AssemblePartial Report ==============
Analysis time: 866ms
Total alignments analysed: 7758
Number of output alignments: 7755 (99.96%)
Alignments already with CDR3 (no overlapping is performed): 40 (0.52%)
Successfully overlapped alignments: 3 (0.04%)
Left parts with too small N-region (failed to extract k-mer): 844 (10.88%)
Extracted k-mer diversity: 40035
Dropped due to wildcard in k-mer: 0 (0%)
Dropped due to too short NRegion parts in overlap: 0 (0%)
Dropped overlaps with empty N region due to no complete NDN coverage: 0 (0%)
Number of left-side alignments: 4828 (62.23%)
Number of right-side alignments: 1543 (19.89%)
Complex overlaps: 0 (0%)
Over-overlaps: 8 (0.1%)
Partial alignments written to output: 7712 (99.41%)
====================
Running:
mixcr assemblePartial --report /hpc/pmc_vanboxtel/projects/TallFlow/3_Output/MIXCR4.3.2/Output/pt2283D-DX1BM-TALL4/pt2283D-DX1BM-TALL4_Receptor.assemblePartial.report.txt --json-report /hpc/pmc_vanboxtel/projects/TallFlow/3_Output/MIXCR4.3.2/Output/pt2283D-DX1BM-TALL4/pt2283D-DX1BM-TALL4_Receptor.assemblePartial.report.json /hpc/pmc_vanboxtel/projects/TallFlow/3_Output/MIXCR4.3.2/Output/pt2283D-DX1BM-TALL4/pt2283D-DX1BM-TALL4_Receptor.passembled.1.vdjca /hpc/pmc_vanboxtel/projects/TallFlow/3_Output/MIXCR4.3.2/Output/pt2283D-DX1BM-TALL4/pt2283D-DX1BM-TALL4_Receptor.passembled.2.vdjca
Building index: 0%
Searching for overlaps: 0%
============== AssemblePartial Report ==============
Analysis time: 772ms
Total alignments analysed: 7755
Number of output alignments: 7755 (100%)
Alignments already with CDR3 (no overlapping is performed): 43 (0.55%)
Successfully overlapped alignments: 0 (0%)
Left parts with too small N-region (failed to extract k-mer): 844 (10.88%)
Extracted k-mer diversity: 40020
Dropped due to wildcard in k-mer: 0 (0%)
Dropped due to too short NRegion parts in overlap: 0 (0%)
Dropped overlaps with empty N region due to no complete NDN coverage: 0 (0%)
Number of left-side alignments: 4825 (62.22%)
Number of right-side alignments: 1540 (19.86%)
Complex overlaps: 0 (0%)
Over-overlaps: 8 (0.1%)
Partial alignments written to output: 7712 (99.45%)
====================
Running:
mixcr extend --report /hpc/pmc_vanboxtel/projects/TallFlow/3_Output/MIXCR4.3.2/Output/pt2283D-DX1BM-TALL4/pt2283D-DX1BM-TALL4_Receptor.extend.report.txt --json-report /hpc/pmc_vanboxtel/projects/TallFlow/3_Output/MIXCR4.3.2/Output/pt2283D-DX1BM-TALL4/pt2283D-DX1BM-TALL4_Receptor.extend.report.json /hpc/pmc_vanboxtel/projects/TallFlow/3_Output/MIXCR4.3.2/Output/pt2283D-DX1BM-TALL4/pt2283D-DX1BM-TALL4_Receptor.passembled.2.vdjca /hpc/pmc_vanboxtel/projects/TallFlow/3_Output/MIXCR4.3.2/Output/pt2283D-DX1BM-TALL4/pt2283D-DX1BM-TALL4_Receptor.extended.vdjca
Extending alignments: 0%
============== Extend Report ==============
Analysis time: 257ms
Extended alignments count: 3 (0.04%)
V extensions total: 0 (0%)
V extensions with merged targets: 0 (0%)
J extensions total: 3 (0.04%)
J extensions with merged targets: 0 (0%)
V+J extensions: 0 (0%)
Mean V extension length: NaN
Mean J extension length: 5.333333333333333
====================
Running:
mixcr assemble --report /hpc/pmc_vanboxtel/projects/TallFlow/3_Output/MIXCR4.3.2/Output/pt2283D-DX1BM-TALL4/pt2283D-DX1BM-TALL4_Receptor.assemble.report.txt --json-report /hpc/pmc_vanboxtel/projects/TallFlow/3_Output/MIXCR4.3.2/Output/pt2283D-DX1BM-TALL4/pt2283D-DX1BM-TALL4_Receptor.assemble.report.json /hpc/pmc_vanboxtel/projects/TallFlow/3_Output/MIXCR4.3.2/Output/pt2283D-DX1BM-TALL4/pt2283D-DX1BM-TALL4_Receptor.extended.vdjca /hpc/pmc_vanboxtel/projects/TallFlow/3_Output/MIXCR4.3.2/Output/pt2283D-DX1BM-TALL4/pt2283D-DX1BM-TALL4_Receptor.clna
Assembling initial clonotypes: 0%
Initialization: progress unknown
============== Assemble Report ==============
Analysis time: 628ms
Final clonotype count: 5
Reads used in clonotypes, percent of total: 44 (0.01%)
Average number of reads per clonotype: 8.8
Reads dropped due to the lack of a clone sequence, percent of total: 7712 (1.19%)
Reads dropped due to a too short clonal sequence, percent of total: 0 (0%)
Reads dropped due to low quality, percent of total: 0 (0%)
Reads dropped due to failed mapping, percent of total: 2 (0%)
Reads dropped with low quality clones, percent of total: 0 (0%)
Reads used in clonotypes before clustering, percent of total: 44 (0.01%)
Number of reads used as a core, percent of used: 44 (100%)
Mapped low quality reads, percent of used: 0 (0%)
Reads clustered in PCR error correction, percent of used: 0 (0%)
Reads pre-clustered due to the similar VJC-lists, percent of used: 0 (0%)
Clonotypes dropped as low quality: 0
Clonotypes eliminated by PCR error correction: 0
Clonotypes pre-clustered due to the similar VJC-lists: 0
Clones dropped in post filtering: 0 (0%)
Reads dropped in post filtering: 0.0 (0%)
Alignments filtered by tag prefix: 0 (0%)
TRA chains: 2 (40%)
TRA non-functional: 2 (100%)
TRB chains: 1 (20%)
TRB non-functional: 0 (0%)
TRG chains: 2 (40%)
TRG non-functional: 1 (50%)
====================
Running:
mixcr assembleContigs --report /hpc/pmc_vanboxtel/projects/TallFlow/3_Output/MIXCR4.3.2/Output/pt2283D-DX1BM-TALL4/pt2283D-DX1BM-TALL4_Receptor.assembleContigs.report.txt --json-report /hpc/pmc_vanboxtel/projects/TallFlow/3_Output/MIXCR4.3.2/Output/pt2283D-DX1BM-TALL4/pt2283D-DX1BM-TALL4_Receptor.assembleContigs.report.json /hpc/pmc_vanboxtel/projects/TallFlow/3_Output/MIXCR4.3.2/Output/pt2283D-DX1BM-TALL4/pt2283D-DX1BM-TALL4_Receptor.clna /hpc/pmc_vanboxtel/projects/TallFlow/3_Output/MIXCR4.3.2/Output/pt2283D-DX1BM-TALL4/pt2283D-DX1BM-TALL4_Receptor.contigs.clns
Assembling contigs: 0%
============== AssembleContigs Report ==============
Analysis time: 353ms
Initial clonotype count: 5
Final clonotype count: 5 (100%)
Canceled assemblies: 0 (0%)
Number of premature termination assembly events, percent of number of initial clonotypes: 0.0 (0%)
Longest contig length: 709
Clustered variants: 0 (0%)
Reads in clustered variants: 0.0 (0%)
Reads in divided (newly created) clones: 0.0 (0%)
Clones with ambiguous letters in splitting region: 0 (0%)
Reads in clones with ambiguous letters in splitting region: 0.0 (0%)
Average number of ambiguous letters per clone with ambiguous letters in splitting region: NaN
====================
Running:
mixcr exportClones /hpc/pmc_vanboxtel/projects/TallFlow/3_Output/MIXCR4.3.2/Output/pt2283D-DX1BM-TALL4/pt2283D-DX1BM-TALL4_Receptor.contigs.clns /hpc/pmc_vanboxtel/projects/TallFlow/3_Output/MIXCR4.3.2/Output/pt2283D-DX1BM-TALL4/pt2283D-DX1BM-TALL4_Receptor.clones.tsv
Exporting TRB
Exporting clones: 0%
WARNING: Filtered 1 of 5 clones (80%).
WARNING: Filtered 7.0 of 44.0 reads (84.09%).
Exporting TRAD
WARNING: Filtered 2 of 5 clones (60%).
WARNING: Filtered 15.0 of 44.0 reads (65.91%).
Exporting TRG
Exporting clones: 0%
WARNING: Filtered 2 of 5 clones (60%).
WARNING: Filtered 22.0 of 44.0 reads (50%).
Analysis finished successfully.
IMPORTANT: MiXCR will use at most 6620MB of RAM,
           use -Xmx to change automatically set heap size (i.e. -Xmx50g to set heap size to 50 Gb)
IMPORTANT: MiXCR will use at most 6177MB of RAM,
           use -Xmx to change automatically set heap size (i.e. -Xmx50g to set heap size to 50 Gb)
IMPORTANT: MiXCR will use at most 6440MB of RAM,
           use -Xmx to change automatically set heap size (i.e. -Xmx50g to set heap size to 50 Gb)
