INFO	2023-05-03 17:18:15	SamToFastq	

********** NOTE: Picard's command line syntax is changing.
**********
********** For more information, please see:
********** https://github.com/broadinstitute/picard/wiki/Command-Line-Syntax-Transition-For-Users-(Pre-Transition)
**********
********** The command line looks like this in the new syntax:
**********
**********    SamToFastq -INPUT /hpc/pmc_vanboxtel/projects/TallFlow/3_Output/MIXCR4.3.2/input/bam/pt2322-DX1BM-TALL9_dedup.bam -OUTPUT_DIR /hpc/pmc_vanboxtel/projects/TallFlow/3_Output/MIXCR4.3.2/input/fastq -RG_TAG ID -OUTPUT_PER_RG true
**********


17:18:15.938 INFO  NativeLibraryLoader - Loading libgkl_compression.so from jar:file:/hpc/local/CentOS7/pmc_vanboxtel/bin/picard-2.24.1/picard.jar!/com/intel/gkl/native/libgkl_compression.so
[Wed May 03 17:18:15 CEST 2023] SamToFastq INPUT=/hpc/pmc_vanboxtel/projects/TallFlow/3_Output/MIXCR4.3.2/input/bam/pt2322-DX1BM-TALL9_dedup.bam OUTPUT_PER_RG=true RG_TAG=ID OUTPUT_DIR=/hpc/pmc_vanboxtel/projects/TallFlow/3_Output/MIXCR4.3.2/input/fastq    COMPRESS_OUTPUTS_PER_RG=false RE_REVERSE=true INTERLEAVE=false INCLUDE_NON_PF_READS=false CLIPPING_MIN_LENGTH=0 READ1_TRIM=0 READ2_TRIM=0 INCLUDE_NON_PRIMARY_ALIGNMENTS=false VERBOSITY=INFO QUIET=false VALIDATION_STRINGENCY=STRICT COMPRESSION_LEVEL=5 MAX_RECORDS_IN_RAM=500000 CREATE_INDEX=false CREATE_MD5_FILE=false GA4GH_CLIENT_SECRETS=client_secrets.json USE_JDK_DEFLATER=false USE_JDK_INFLATER=false
[Wed May 03 17:18:15 CEST 2023] Executing as rhagelaar@n0123.compute.hpc on Linux 3.10.0-1160.81.1.el7.x86_64 amd64; Java HotSpot(TM) 64-Bit Server VM 1.8.0_60-b27; Deflater: Intel; Inflater: Intel; Provider GCS is not available; Picard version: 2.24.1
INFO	2023-05-03 17:18:25	SamToFastq	Processed     1,000,000 records.  Elapsed time: 00:00:09s.  Time for last 1,000,000:    9s.  Last read position: 14:106,153,215
[Wed May 03 17:18:28 CEST 2023] picard.sam.SamToFastq done. Elapsed time: 0.21 minutes.
Runtime.totalMemory()=3670540288
To get help, see http://broadinstitute.github.io/picard/index.html#GettingHelp
Exception in thread "main" htsjdk.samtools.SAMFormatException: SAM validation error: ERROR::MATE_NOT_FOUND:Found 24634 unpaired mates
	at htsjdk.samtools.SAMUtils.processValidationError(SAMUtils.java:469)
	at picard.sam.SamToFastq.doWork(SamToFastq.java:225)
	at picard.cmdline.CommandLineProgram.instanceMain(CommandLineProgram.java:304)
	at picard.cmdline.PicardCommandLine.instanceMain(PicardCommandLine.java:103)
	at picard.cmdline.PicardCommandLine.main(PicardCommandLine.java:113)
/hpc/pmc_vanboxtel/projects/TallFlow/2_Code/MIXCR/
IMPORTANT: MiXCR will use at most 6973MB of RAM,
           use -Xmx to change automatically set heap size (i.e. -Xmx50g to set heap size to 50 Gb)
====================
Running:
mixcr align --report /hpc/pmc_vanboxtel/projects/TallFlow/3_Output/MIXCR4.3.2/Output/pt2322-DX1BM-TALL9/pt2322-DX1BM-TALL9_Receptor.align.report.txt --json-report /hpc/pmc_vanboxtel/projects/TallFlow/3_Output/MIXCR4.3.2/Output/pt2322-DX1BM-TALL9/pt2322-DX1BM-TALL9_Receptor.align.report.json --preset rnaseq-full-length --dna --species hsa /hpc/pmc_vanboxtel/projects/TallFlow/3_Output/MIXCR4.3.2/input/fastq/Merged/pt2322-DX1BM-TALL9_R1.fastq /hpc/pmc_vanboxtel/projects/TallFlow/3_Output/MIXCR4.3.2/input/fastq/Merged/pt2322-DX1BM-TALL9_R2.fastq /hpc/pmc_vanboxtel/projects/TallFlow/3_Output/MIXCR4.3.2/Output/pt2322-DX1BM-TALL9/pt2322-DX1BM-TALL9_Receptor.vdjca
Alignment: 0%
Alignment: 11.9%  ETA: 00:03:04
Alignment: 23.9%  ETA: 00:02:35
Alignment: 35.8%  ETA: 00:02:04
Alignment: 47.7%  ETA: 00:01:45
Alignment: 59.6%  ETA: 00:01:21
Alignment: 71.6%  ETA: 00:00:55
Alignment: 83.5%  ETA: 00:00:32
Alignment: 95.4%  ETA: 00:00:09
============== Align Report ==============
Analysis time: 3.48m
Total sequencing reads: 605568
Successfully aligned reads: 7935 (1.31%)
Alignment failed: no hits (not TCR/IG?): 495387 (81.81%)
Alignment failed: no CDR3 parts: 57135 (9.43%)
Alignment failed: low total score: 45111 (7.45%)
Overlapped: 57945 (9.57%)
Overlapped and aligned: 206 (0.03%)
Overlapped and not aligned: 57739 (9.53%)
Alignment-aided overlaps, percent of overlapped and aligned: 2 (0.97%)
No CDR3 parts alignments, percent of successfully aligned: 1175 (14.81%)
Partial aligned reads, percent of successfully aligned: 6738 (84.91%)
V gene chimeras: 118 (0.02%)
J gene chimeras: 34 (0.01%)
Paired-end alignment conflicts eliminated: 20 (0%)
Realigned with forced non-floating bound: 1095250 (180.86%)
Realigned with forced non-floating right bound in left read: 1817 (0.3%)
Realigned with forced non-floating left bound in right read: 1817 (0.3%)
TRA chains: 1178 (14.85%)
TRA non-functional: 0 (0%)
TRB chains: 836 (10.54%)
TRB non-functional: 0 (0%)
TRD chains: 108 (1.36%)
TRD non-functional: 3 (2.78%)
TRG chains: 53 (0.67%)
TRG non-functional: 0 (0%)
TRAD chains: 487 (6.14%)
TRAD non-functional: 0 (0%)
IGH chains: 2177 (27.44%)
IGH non-functional: 0 (0%)
IGK chains: 1779 (22.42%)
IGK non-functional: 0 (0%)
IGL chains: 1317 (16.6%)
IGL non-functional: 0 (0%)
Trimming report:
  R1 reads trimmed left: 744 (0.12%)
  R1 reads trimmed right: 5 (0%)
  Average R1 nucleotides trimmed left: 0.0024357297611498625
  Average R1 nucleotides trimmed right: 6.109966180511519E-5
  R2 reads trimmed left: 222 (0.04%)
  R2 reads trimmed right: 4 (0%)
  Average R2 nucleotides trimmed left: 4.590731346438385E-4
  Average R2 nucleotides trimmed right: 3.121036778693722E-4
====================
Running:
mixcr assemblePartial --report /hpc/pmc_vanboxtel/projects/TallFlow/3_Output/MIXCR4.3.2/Output/pt2322-DX1BM-TALL9/pt2322-DX1BM-TALL9_Receptor.assemblePartial.report.txt --json-report /hpc/pmc_vanboxtel/projects/TallFlow/3_Output/MIXCR4.3.2/Output/pt2322-DX1BM-TALL9/pt2322-DX1BM-TALL9_Receptor.assemblePartial.report.json /hpc/pmc_vanboxtel/projects/TallFlow/3_Output/MIXCR4.3.2/Output/pt2322-DX1BM-TALL9/pt2322-DX1BM-TALL9_Receptor.vdjca /hpc/pmc_vanboxtel/projects/TallFlow/3_Output/MIXCR4.3.2/Output/pt2322-DX1BM-TALL9/pt2322-DX1BM-TALL9_Receptor.passembled.1.vdjca
Building index: 0%
Searching for overlaps: 0%
============== AssemblePartial Report ==============
Analysis time: 785ms
Total alignments analysed: 7935
Number of output alignments: 7934 (99.99%)
Alignments already with CDR3 (no overlapping is performed): 23 (0.29%)
Successfully overlapped alignments: 1 (0.01%)
Left parts with too small N-region (failed to extract k-mer): 855 (10.78%)
Extracted k-mer diversity: 33820
Dropped due to wildcard in k-mer: 0 (0%)
Dropped due to too short NRegion parts in overlap: 0 (0%)
Dropped overlaps with empty N region due to no complete NDN coverage: 0 (0%)
Number of left-side alignments: 4649 (58.59%)
Number of right-side alignments: 1945 (24.51%)
Complex overlaps: 0 (0%)
Over-overlaps: 5 (0.06%)
Partial alignments written to output: 7910 (99.68%)
====================
Running:
mixcr assemblePartial --report /hpc/pmc_vanboxtel/projects/TallFlow/3_Output/MIXCR4.3.2/Output/pt2322-DX1BM-TALL9/pt2322-DX1BM-TALL9_Receptor.assemblePartial.report.txt --json-report /hpc/pmc_vanboxtel/projects/TallFlow/3_Output/MIXCR4.3.2/Output/pt2322-DX1BM-TALL9/pt2322-DX1BM-TALL9_Receptor.assemblePartial.report.json /hpc/pmc_vanboxtel/projects/TallFlow/3_Output/MIXCR4.3.2/Output/pt2322-DX1BM-TALL9/pt2322-DX1BM-TALL9_Receptor.passembled.1.vdjca /hpc/pmc_vanboxtel/projects/TallFlow/3_Output/MIXCR4.3.2/Output/pt2322-DX1BM-TALL9/pt2322-DX1BM-TALL9_Receptor.passembled.2.vdjca
Building index: 0%
Searching for overlaps: 0%
============== AssemblePartial Report ==============
Analysis time: 680ms
Total alignments analysed: 7934
Number of output alignments: 7934 (100%)
Alignments already with CDR3 (no overlapping is performed): 24 (0.3%)
Successfully overlapped alignments: 0 (0%)
Left parts with too small N-region (failed to extract k-mer): 855 (10.78%)
Extracted k-mer diversity: 33820
Dropped due to wildcard in k-mer: 0 (0%)
Dropped due to too short NRegion parts in overlap: 0 (0%)
Dropped overlaps with empty N region due to no complete NDN coverage: 0 (0%)
Number of left-side alignments: 4648 (58.58%)
Number of right-side alignments: 1944 (24.5%)
Complex overlaps: 0 (0%)
Over-overlaps: 5 (0.06%)
Partial alignments written to output: 7910 (99.7%)
====================
Running:
mixcr extend --report /hpc/pmc_vanboxtel/projects/TallFlow/3_Output/MIXCR4.3.2/Output/pt2322-DX1BM-TALL9/pt2322-DX1BM-TALL9_Receptor.extend.report.txt --json-report /hpc/pmc_vanboxtel/projects/TallFlow/3_Output/MIXCR4.3.2/Output/pt2322-DX1BM-TALL9/pt2322-DX1BM-TALL9_Receptor.extend.report.json /hpc/pmc_vanboxtel/projects/TallFlow/3_Output/MIXCR4.3.2/Output/pt2322-DX1BM-TALL9/pt2322-DX1BM-TALL9_Receptor.passembled.2.vdjca /hpc/pmc_vanboxtel/projects/TallFlow/3_Output/MIXCR4.3.2/Output/pt2322-DX1BM-TALL9/pt2322-DX1BM-TALL9_Receptor.extended.vdjca
Extending alignments: 0%
============== Extend Report ==============
Analysis time: 277ms
Extended alignments count: 1 (0.01%)
V extensions total: 0 (0%)
V extensions with merged targets: 0 (0%)
J extensions total: 1 (0.01%)
J extensions with merged targets: 1 (0.01%)
V+J extensions: 0 (0%)
Mean V extension length: NaN
Mean J extension length: 3.0
====================
Running:
mixcr assemble --report /hpc/pmc_vanboxtel/projects/TallFlow/3_Output/MIXCR4.3.2/Output/pt2322-DX1BM-TALL9/pt2322-DX1BM-TALL9_Receptor.assemble.report.txt --json-report /hpc/pmc_vanboxtel/projects/TallFlow/3_Output/MIXCR4.3.2/Output/pt2322-DX1BM-TALL9/pt2322-DX1BM-TALL9_Receptor.assemble.report.json /hpc/pmc_vanboxtel/projects/TallFlow/3_Output/MIXCR4.3.2/Output/pt2322-DX1BM-TALL9/pt2322-DX1BM-TALL9_Receptor.extended.vdjca /hpc/pmc_vanboxtel/projects/TallFlow/3_Output/MIXCR4.3.2/Output/pt2322-DX1BM-TALL9/pt2322-DX1BM-TALL9_Receptor.clna
Initialization: progress unknown
Initialization: progress unknown
============== Assemble Report ==============
Analysis time: 462ms
Final clonotype count: 3
Reads used in clonotypes, percent of total: 25 (0%)
Average number of reads per clonotype: 8.33
Reads dropped due to the lack of a clone sequence, percent of total: 7910 (1.31%)
Reads dropped due to a too short clonal sequence, percent of total: 0 (0%)
Reads dropped due to low quality, percent of total: 0 (0%)
Reads dropped due to failed mapping, percent of total: 0 (0%)
Reads dropped with low quality clones, percent of total: 0 (0%)
Reads used in clonotypes before clustering, percent of total: 25 (0%)
Number of reads used as a core, percent of used: 23 (92%)
Mapped low quality reads, percent of used: 2 (8%)
Reads clustered in PCR error correction, percent of used: 0 (0%)
Reads pre-clustered due to the similar VJC-lists, percent of used: 0 (0%)
Clonotypes dropped as low quality: 0
Clonotypes eliminated by PCR error correction: 0
Clonotypes pre-clustered due to the similar VJC-lists: 0
Clones dropped in post filtering: 0 (0%)
Reads dropped in post filtering: 0.0 (0%)
Alignments filtered by tag prefix: 0 (0%)
TRB chains: 1 (33.33%)
TRB non-functional: 0 (0%)
TRD chains: 1 (33.33%)
TRD non-functional: 1 (100%)
TRG chains: 1 (33.33%)
TRG non-functional: 0 (0%)
====================
Running:
mixcr assembleContigs --report /hpc/pmc_vanboxtel/projects/TallFlow/3_Output/MIXCR4.3.2/Output/pt2322-DX1BM-TALL9/pt2322-DX1BM-TALL9_Receptor.assembleContigs.report.txt --json-report /hpc/pmc_vanboxtel/projects/TallFlow/3_Output/MIXCR4.3.2/Output/pt2322-DX1BM-TALL9/pt2322-DX1BM-TALL9_Receptor.assembleContigs.report.json /hpc/pmc_vanboxtel/projects/TallFlow/3_Output/MIXCR4.3.2/Output/pt2322-DX1BM-TALL9/pt2322-DX1BM-TALL9_Receptor.clna /hpc/pmc_vanboxtel/projects/TallFlow/3_Output/MIXCR4.3.2/Output/pt2322-DX1BM-TALL9/pt2322-DX1BM-TALL9_Receptor.contigs.clns
Assembling contigs: 0%
============== AssembleContigs Report ==============
Analysis time: 302ms
Initial clonotype count: 3
Final clonotype count: 3 (100%)
Canceled assemblies: 0 (0%)
Number of premature termination assembly events, percent of number of initial clonotypes: 0.0 (0%)
Longest contig length: 613
Clustered variants: 0 (0%)
Reads in clustered variants: 0.0 (0%)
Reads in divided (newly created) clones: 0.0 (0%)
Clones with ambiguous letters in splitting region: 0 (0%)
Reads in clones with ambiguous letters in splitting region: 0.0 (0%)
Average number of ambiguous letters per clone with ambiguous letters in splitting region: NaN
====================
Running:
mixcr exportClones /hpc/pmc_vanboxtel/projects/TallFlow/3_Output/MIXCR4.3.2/Output/pt2322-DX1BM-TALL9/pt2322-DX1BM-TALL9_Receptor.contigs.clns /hpc/pmc_vanboxtel/projects/TallFlow/3_Output/MIXCR4.3.2/Output/pt2322-DX1BM-TALL9/pt2322-DX1BM-TALL9_Receptor.clones.tsv
Exporting TRB
Exporting clones: 0%
WARNING: Filtered 1 of 3 clones (66.67%).
WARNING: Filtered 6.0 of 25.0 reads (76%).
Exporting TRAD
Exporting clones: 0%
WARNING: Filtered 1 of 3 clones (66.67%).
WARNING: Filtered 5.0 of 25.0 reads (80%).
Exporting TRG
Exporting clones: 0%
WARNING: Filtered 1 of 3 clones (66.67%).
WARNING: Filtered 14.0 of 25.0 reads (44%).
Analysis finished successfully.
IMPORTANT: MiXCR will use at most 4206MB of RAM,
           use -Xmx to change automatically set heap size (i.e. -Xmx50g to set heap size to 50 Gb)
IMPORTANT: MiXCR will use at most 2650MB of RAM,
           use -Xmx to change automatically set heap size (i.e. -Xmx50g to set heap size to 50 Gb)
IMPORTANT: MiXCR will use at most 1528MB of RAM,
           use -Xmx to change automatically set heap size (i.e. -Xmx50g to set heap size to 50 Gb)
