INFO	2023-05-03 17:26:12	SamToFastq	

********** NOTE: Picard's command line syntax is changing.
**********
********** For more information, please see:
********** https://github.com/broadinstitute/picard/wiki/Command-Line-Syntax-Transition-For-Users-(Pre-Transition)
**********
********** The command line looks like this in the new syntax:
**********
**********    SamToFastq -INPUT /hpc/pmc_vanboxtel/projects/TallFlow/3_Output/MIXCR4.3.2/input/bam/pt2229-DX1BM-TALL6_dedup.bam -OUTPUT_DIR /hpc/pmc_vanboxtel/projects/TallFlow/3_Output/MIXCR4.3.2/input/fastq -RG_TAG ID -OUTPUT_PER_RG true
**********


17:26:13.147 INFO  NativeLibraryLoader - Loading libgkl_compression.so from jar:file:/hpc/local/CentOS7/pmc_vanboxtel/bin/picard-2.24.1/picard.jar!/com/intel/gkl/native/libgkl_compression.so
[Wed May 03 17:26:13 CEST 2023] SamToFastq INPUT=/hpc/pmc_vanboxtel/projects/TallFlow/3_Output/MIXCR4.3.2/input/bam/pt2229-DX1BM-TALL6_dedup.bam OUTPUT_PER_RG=true RG_TAG=ID OUTPUT_DIR=/hpc/pmc_vanboxtel/projects/TallFlow/3_Output/MIXCR4.3.2/input/fastq    COMPRESS_OUTPUTS_PER_RG=false RE_REVERSE=true INTERLEAVE=false INCLUDE_NON_PF_READS=false CLIPPING_MIN_LENGTH=0 READ1_TRIM=0 READ2_TRIM=0 INCLUDE_NON_PRIMARY_ALIGNMENTS=false VERBOSITY=INFO QUIET=false VALIDATION_STRINGENCY=STRICT COMPRESSION_LEVEL=5 MAX_RECORDS_IN_RAM=500000 CREATE_INDEX=false CREATE_MD5_FILE=false GA4GH_CLIENT_SECRETS=client_secrets.json USE_JDK_DEFLATER=false USE_JDK_INFLATER=false
[Wed May 03 17:26:13 CEST 2023] Executing as rhagelaar@n0095.compute.hpc on Linux 3.10.0-1160.83.1.el7.x86_64 amd64; Java HotSpot(TM) 64-Bit Server VM 1.8.0_60-b27; Deflater: Intel; Inflater: Intel; Provider GCS is not available; Picard version: 2.24.1
INFO	2023-05-03 17:26:22	SamToFastq	Processed     1,000,000 records.  Elapsed time: 00:00:09s.  Time for last 1,000,000:    9s.  Last read position: 14:21,968,242
[Wed May 03 17:26:27 CEST 2023] picard.sam.SamToFastq done. Elapsed time: 0.24 minutes.
Runtime.totalMemory()=5780799488
To get help, see http://broadinstitute.github.io/picard/index.html#GettingHelp
Exception in thread "main" htsjdk.samtools.SAMFormatException: SAM validation error: ERROR::MATE_NOT_FOUND:Found 26741 unpaired mates
	at htsjdk.samtools.SAMUtils.processValidationError(SAMUtils.java:469)
	at picard.sam.SamToFastq.doWork(SamToFastq.java:225)
	at picard.cmdline.CommandLineProgram.instanceMain(CommandLineProgram.java:304)
	at picard.cmdline.PicardCommandLine.instanceMain(PicardCommandLine.java:103)
	at picard.cmdline.PicardCommandLine.main(PicardCommandLine.java:113)
/hpc/pmc_vanboxtel/projects/TallFlow/2_Code/MIXCR/
IMPORTANT: MiXCR will use at most 12000MB of RAM,
           use -Xmx to change automatically set heap size (i.e. -Xmx50g to set heap size to 50 Gb)
====================
Running:
mixcr align --report /hpc/pmc_vanboxtel/projects/TallFlow/3_Output/MIXCR4.3.2/Output/pt2229-DX1BM-TALL6/pt2229-DX1BM-TALL6_Receptor.align.report.txt --json-report /hpc/pmc_vanboxtel/projects/TallFlow/3_Output/MIXCR4.3.2/Output/pt2229-DX1BM-TALL6/pt2229-DX1BM-TALL6_Receptor.align.report.json --preset rnaseq-full-length --dna --species hsa /hpc/pmc_vanboxtel/projects/TallFlow/3_Output/MIXCR4.3.2/input/fastq/Merged/pt2229-DX1BM-TALL6_R1.fastq /hpc/pmc_vanboxtel/projects/TallFlow/3_Output/MIXCR4.3.2/input/fastq/Merged/pt2229-DX1BM-TALL6_R2.fastq /hpc/pmc_vanboxtel/projects/TallFlow/3_Output/MIXCR4.3.2/Output/pt2229-DX1BM-TALL6/pt2229-DX1BM-TALL6_Receptor.vdjca
Alignment: 0%
Alignment: 11.1%  ETA: 00:03:54
Alignment: 22.2%  ETA: 00:03:49
Alignment: 33.3%  ETA: 00:03:06
Alignment: 44.4%  ETA: 00:02:26
Alignment: 55.4%  ETA: 00:02:04
Alignment: 66.5%  ETA: 00:01:28
Alignment: 77.6%  ETA: 00:01:02
Alignment: 88.7%  ETA: 00:00:28
Alignment: 99.8%  ETA: 00:00:00
============== Align Report ==============
Analysis time: 4.66m
Total sequencing reads: 759803
Successfully aligned reads: 10164 (1.34%)
Alignment failed: no hits (not TCR/IG?): 617168 (81.23%)
Alignment failed: no CDR3 parts: 74833 (9.85%)
Alignment failed: low total score: 57638 (7.59%)
Overlapped: 59707 (7.86%)
Overlapped and aligned: 204 (0.03%)
Overlapped and not aligned: 59503 (7.83%)
Alignment-aided overlaps, percent of overlapped and aligned: 3 (1.47%)
No CDR3 parts alignments, percent of successfully aligned: 1571 (15.46%)
Partial aligned reads, percent of successfully aligned: 8544 (84.06%)
V gene chimeras: 153 (0.02%)
J gene chimeras: 72 (0.01%)
Paired-end alignment conflicts eliminated: 21 (0%)
Realigned with forced non-floating bound: 1400198 (184.28%)
Realigned with forced non-floating right bound in left read: 2433 (0.32%)
Realigned with forced non-floating left bound in right read: 2433 (0.32%)
TRA chains: 1073 (10.56%)
TRA non-functional: 4 (0.37%)
TRB chains: 1556 (15.31%)
TRB non-functional: 0 (0%)
TRD chains: 48 (0.47%)
TRD non-functional: 9 (18.75%)
TRG chains: 93 (0.91%)
TRG non-functional: 25 (26.88%)
TRAD chains: 803 (7.9%)
TRAD non-functional: 0 (0%)
IGH chains: 2771 (27.26%)
IGH non-functional: 0 (0%)
IGK chains: 2168 (21.33%)
IGK non-functional: 0 (0%)
IGL chains: 1652 (16.25%)
IGL non-functional: 0 (0%)
Trimming report:
  R1 reads trimmed left: 878 (0.12%)
  R1 reads trimmed right: 8 (0%)
  Average R1 nucleotides trimmed left: 0.0023098092531879974
  Average R1 nucleotides trimmed right: 1.1055497280216056E-4
  R2 reads trimmed left: 267 (0.04%)
  R2 reads trimmed right: 12 (0%)
  Average R2 nucleotides trimmed left: 5.356651658390398E-4
  Average R2 nucleotides trimmed right: 5.698845621825658E-4
====================
Running:
mixcr assemblePartial --report /hpc/pmc_vanboxtel/projects/TallFlow/3_Output/MIXCR4.3.2/Output/pt2229-DX1BM-TALL6/pt2229-DX1BM-TALL6_Receptor.assemblePartial.report.txt --json-report /hpc/pmc_vanboxtel/projects/TallFlow/3_Output/MIXCR4.3.2/Output/pt2229-DX1BM-TALL6/pt2229-DX1BM-TALL6_Receptor.assemblePartial.report.json /hpc/pmc_vanboxtel/projects/TallFlow/3_Output/MIXCR4.3.2/Output/pt2229-DX1BM-TALL6/pt2229-DX1BM-TALL6_Receptor.vdjca /hpc/pmc_vanboxtel/projects/TallFlow/3_Output/MIXCR4.3.2/Output/pt2229-DX1BM-TALL6/pt2229-DX1BM-TALL6_Receptor.passembled.1.vdjca
Building index: 0%
Searching for overlaps: 0%
============== AssemblePartial Report ==============
Analysis time: 1s
Total alignments analysed: 10164
Number of output alignments: 10161 (99.97%)
Alignments already with CDR3 (no overlapping is performed): 52 (0.51%)
Successfully overlapped alignments: 3 (0.03%)
Left parts with too small N-region (failed to extract k-mer): 1176 (11.57%)
Extracted k-mer diversity: 41910
Dropped due to wildcard in k-mer: 0 (0%)
Dropped due to too short NRegion parts in overlap: 14 (0.14%)
Dropped overlaps with empty N region due to no complete NDN coverage: 0 (0%)
Number of left-side alignments: 6328 (62.26%)
Number of right-side alignments: 2011 (19.79%)
Complex overlaps: 0 (0%)
Over-overlaps: 20 (0.2%)
Partial alignments written to output: 10106 (99.43%)
====================
Running:
mixcr assemblePartial --report /hpc/pmc_vanboxtel/projects/TallFlow/3_Output/MIXCR4.3.2/Output/pt2229-DX1BM-TALL6/pt2229-DX1BM-TALL6_Receptor.assemblePartial.report.txt --json-report /hpc/pmc_vanboxtel/projects/TallFlow/3_Output/MIXCR4.3.2/Output/pt2229-DX1BM-TALL6/pt2229-DX1BM-TALL6_Receptor.assemblePartial.report.json /hpc/pmc_vanboxtel/projects/TallFlow/3_Output/MIXCR4.3.2/Output/pt2229-DX1BM-TALL6/pt2229-DX1BM-TALL6_Receptor.passembled.1.vdjca /hpc/pmc_vanboxtel/projects/TallFlow/3_Output/MIXCR4.3.2/Output/pt2229-DX1BM-TALL6/pt2229-DX1BM-TALL6_Receptor.passembled.2.vdjca
Building index: 42.9%
Searching for overlaps: 0%
============== AssemblePartial Report ==============
Analysis time: 903ms
Total alignments analysed: 10161
Number of output alignments: 10161 (100%)
Alignments already with CDR3 (no overlapping is performed): 55 (0.54%)
Successfully overlapped alignments: 0 (0%)
Left parts with too small N-region (failed to extract k-mer): 1176 (11.57%)
Extracted k-mer diversity: 41893
Dropped due to wildcard in k-mer: 0 (0%)
Dropped due to too short NRegion parts in overlap: 14 (0.14%)
Dropped overlaps with empty N region due to no complete NDN coverage: 0 (0%)
Number of left-side alignments: 6325 (62.25%)
Number of right-side alignments: 2008 (19.76%)
Complex overlaps: 0 (0%)
Over-overlaps: 20 (0.2%)
Partial alignments written to output: 10106 (99.46%)
====================
Running:
mixcr extend --report /hpc/pmc_vanboxtel/projects/TallFlow/3_Output/MIXCR4.3.2/Output/pt2229-DX1BM-TALL6/pt2229-DX1BM-TALL6_Receptor.extend.report.txt --json-report /hpc/pmc_vanboxtel/projects/TallFlow/3_Output/MIXCR4.3.2/Output/pt2229-DX1BM-TALL6/pt2229-DX1BM-TALL6_Receptor.extend.report.json /hpc/pmc_vanboxtel/projects/TallFlow/3_Output/MIXCR4.3.2/Output/pt2229-DX1BM-TALL6/pt2229-DX1BM-TALL6_Receptor.passembled.2.vdjca /hpc/pmc_vanboxtel/projects/TallFlow/3_Output/MIXCR4.3.2/Output/pt2229-DX1BM-TALL6/pt2229-DX1BM-TALL6_Receptor.extended.vdjca
Extending alignments: 0%
============== Extend Report ==============
Analysis time: 227ms
Extended alignments count: 3 (0.03%)
V extensions total: 1 (0.01%)
V extensions with merged targets: 0 (0%)
J extensions total: 2 (0.02%)
J extensions with merged targets: 0 (0%)
V+J extensions: 0 (0%)
Mean V extension length: 2.0
Mean J extension length: 3.5
====================
Running:
mixcr assemble --report /hpc/pmc_vanboxtel/projects/TallFlow/3_Output/MIXCR4.3.2/Output/pt2229-DX1BM-TALL6/pt2229-DX1BM-TALL6_Receptor.assemble.report.txt --json-report /hpc/pmc_vanboxtel/projects/TallFlow/3_Output/MIXCR4.3.2/Output/pt2229-DX1BM-TALL6/pt2229-DX1BM-TALL6_Receptor.assemble.report.json /hpc/pmc_vanboxtel/projects/TallFlow/3_Output/MIXCR4.3.2/Output/pt2229-DX1BM-TALL6/pt2229-DX1BM-TALL6_Receptor.extended.vdjca /hpc/pmc_vanboxtel/projects/TallFlow/3_Output/MIXCR4.3.2/Output/pt2229-DX1BM-TALL6/pt2229-DX1BM-TALL6_Receptor.clna
Initialization: progress unknown
Initialization: progress unknown
============== Assemble Report ==============
Analysis time: 364ms
Final clonotype count: 6
Reads used in clonotypes, percent of total: 56 (0.01%)
Average number of reads per clonotype: 9.33
Reads dropped due to the lack of a clone sequence, percent of total: 10106 (1.33%)
Reads dropped due to a too short clonal sequence, percent of total: 0 (0%)
Reads dropped due to low quality, percent of total: 0 (0%)
Reads dropped due to failed mapping, percent of total: 2 (0%)
Reads dropped with low quality clones, percent of total: 0 (0%)
Reads used in clonotypes before clustering, percent of total: 56 (0.01%)
Number of reads used as a core, percent of used: 56 (100%)
Mapped low quality reads, percent of used: 0 (0%)
Reads clustered in PCR error correction, percent of used: 0 (0%)
Reads pre-clustered due to the similar VJC-lists, percent of used: 0 (0%)
Clonotypes dropped as low quality: 0
Clonotypes eliminated by PCR error correction: 0
Clonotypes pre-clustered due to the similar VJC-lists: 0
Clones dropped in post filtering: 0 (0%)
Reads dropped in post filtering: 0.0 (0%)
Alignments filtered by tag prefix: 0 (0%)
TRA chains: 1 (16.67%)
TRA non-functional: 1 (100%)
TRB chains: 2 (33.33%)
TRB non-functional: 0 (0%)
TRD chains: 1 (16.67%)
TRD non-functional: 1 (100%)
TRG chains: 2 (33.33%)
TRG non-functional: 2 (100%)
====================
Running:
mixcr assembleContigs --report /hpc/pmc_vanboxtel/projects/TallFlow/3_Output/MIXCR4.3.2/Output/pt2229-DX1BM-TALL6/pt2229-DX1BM-TALL6_Receptor.assembleContigs.report.txt --json-report /hpc/pmc_vanboxtel/projects/TallFlow/3_Output/MIXCR4.3.2/Output/pt2229-DX1BM-TALL6/pt2229-DX1BM-TALL6_Receptor.assembleContigs.report.json /hpc/pmc_vanboxtel/projects/TallFlow/3_Output/MIXCR4.3.2/Output/pt2229-DX1BM-TALL6/pt2229-DX1BM-TALL6_Receptor.clna /hpc/pmc_vanboxtel/projects/TallFlow/3_Output/MIXCR4.3.2/Output/pt2229-DX1BM-TALL6/pt2229-DX1BM-TALL6_Receptor.contigs.clns
Assembling contigs: 0%
============== AssembleContigs Report ==============
Analysis time: 307ms
Initial clonotype count: 6
Final clonotype count: 6 (100%)
Canceled assemblies: 0 (0%)
Number of premature termination assembly events, percent of number of initial clonotypes: 0.0 (0%)
Longest contig length: 776
Clustered variants: 0 (0%)
Reads in clustered variants: 0.0 (0%)
Reads in divided (newly created) clones: 0.0 (0%)
Clones with ambiguous letters in splitting region: 0 (0%)
Reads in clones with ambiguous letters in splitting region: 0.0 (0%)
Average number of ambiguous letters per clone with ambiguous letters in splitting region: NaN
====================
Running:
mixcr exportClones /hpc/pmc_vanboxtel/projects/TallFlow/3_Output/MIXCR4.3.2/Output/pt2229-DX1BM-TALL6/pt2229-DX1BM-TALL6_Receptor.contigs.clns /hpc/pmc_vanboxtel/projects/TallFlow/3_Output/MIXCR4.3.2/Output/pt2229-DX1BM-TALL6/pt2229-DX1BM-TALL6_Receptor.clones.tsv
Exporting TRB
Exporting clones: 0%
WARNING: Filtered 2 of 6 clones (66.67%).
WARNING: Filtered 13.0 of 56.0 reads (76.79%).
Exporting TRAD
Exporting clones: 0%
WARNING: Filtered 2 of 6 clones (66.67%).
WARNING: Filtered 17.0 of 56.0 reads (69.64%).
Exporting TRG
Exporting clones: 0%
WARNING: Filtered 2 of 6 clones (66.67%).
WARNING: Filtered 26.0 of 56.0 reads (53.57%).
Analysis finished successfully.
IMPORTANT: MiXCR will use at most 12000MB of RAM,
           use -Xmx to change automatically set heap size (i.e. -Xmx50g to set heap size to 50 Gb)
IMPORTANT: MiXCR will use at most 12000MB of RAM,
           use -Xmx to change automatically set heap size (i.e. -Xmx50g to set heap size to 50 Gb)
IMPORTANT: MiXCR will use at most 12000MB of RAM,
           use -Xmx to change automatically set heap size (i.e. -Xmx50g to set heap size to 50 Gb)
