INFO	2023-05-03 17:09:43	SamToFastq	

********** NOTE: Picard's command line syntax is changing.
**********
********** For more information, please see:
********** https://github.com/broadinstitute/picard/wiki/Command-Line-Syntax-Transition-For-Users-(Pre-Transition)
**********
********** The command line looks like this in the new syntax:
**********
**********    SamToFastq -INPUT /hpc/pmc_vanboxtel/projects/TallFlow/3_Output/MIXCR4.3.2/input/bam/pt2283D-DX1BM-ALLBULK-DN_dedup.bam -OUTPUT_DIR /hpc/pmc_vanboxtel/projects/TallFlow/3_Output/MIXCR4.3.2/input/fastq -RG_TAG ID -OUTPUT_PER_RG true
**********


17:09:43.320 INFO  NativeLibraryLoader - Loading libgkl_compression.so from jar:file:/hpc/local/CentOS7/pmc_vanboxtel/bin/picard-2.24.1/picard.jar!/com/intel/gkl/native/libgkl_compression.so
[Wed May 03 17:09:43 CEST 2023] SamToFastq INPUT=/hpc/pmc_vanboxtel/projects/TallFlow/3_Output/MIXCR4.3.2/input/bam/pt2283D-DX1BM-ALLBULK-DN_dedup.bam OUTPUT_PER_RG=true RG_TAG=ID OUTPUT_DIR=/hpc/pmc_vanboxtel/projects/TallFlow/3_Output/MIXCR4.3.2/input/fastq    COMPRESS_OUTPUTS_PER_RG=false RE_REVERSE=true INTERLEAVE=false INCLUDE_NON_PF_READS=false CLIPPING_MIN_LENGTH=0 READ1_TRIM=0 READ2_TRIM=0 INCLUDE_NON_PRIMARY_ALIGNMENTS=false VERBOSITY=INFO QUIET=false VALIDATION_STRINGENCY=STRICT COMPRESSION_LEVEL=5 MAX_RECORDS_IN_RAM=500000 CREATE_INDEX=false CREATE_MD5_FILE=false GA4GH_CLIENT_SECRETS=client_secrets.json USE_JDK_DEFLATER=false USE_JDK_INFLATER=false
[Wed May 03 17:09:43 CEST 2023] Executing as rhagelaar@n0123.compute.hpc on Linux 3.10.0-1160.81.1.el7.x86_64 amd64; Java HotSpot(TM) 64-Bit Server VM 1.8.0_60-b27; Deflater: Intel; Inflater: Intel; Provider GCS is not available; Picard version: 2.24.1
INFO	2023-05-03 17:09:52	SamToFastq	Processed     1,000,000 records.  Elapsed time: 00:00:08s.  Time for last 1,000,000:    8s.  Last read position: 7:142,037,412
INFO	2023-05-03 17:09:59	SamToFastq	Processed     2,000,000 records.  Elapsed time: 00:00:15s.  Time for last 1,000,000:    6s.  Last read position: 14:105,909,199
[Wed May 03 17:10:04 CEST 2023] picard.sam.SamToFastq done. Elapsed time: 0.35 minutes.
Runtime.totalMemory()=5856821248
To get help, see http://broadinstitute.github.io/picard/index.html#GettingHelp
Exception in thread "main" htsjdk.samtools.SAMFormatException: SAM validation error: ERROR::MATE_NOT_FOUND:Found 61679 unpaired mates
	at htsjdk.samtools.SAMUtils.processValidationError(SAMUtils.java:469)
	at picard.sam.SamToFastq.doWork(SamToFastq.java:225)
	at picard.cmdline.CommandLineProgram.instanceMain(CommandLineProgram.java:304)
	at picard.cmdline.PicardCommandLine.instanceMain(PicardCommandLine.java:103)
	at picard.cmdline.PicardCommandLine.main(PicardCommandLine.java:113)
/hpc/pmc_vanboxtel/projects/TallFlow/2_Code/MIXCR/
IMPORTANT: MiXCR will use at most 12000MB of RAM,
           use -Xmx to change automatically set heap size (i.e. -Xmx50g to set heap size to 50 Gb)
====================
Running:
mixcr align --report /hpc/pmc_vanboxtel/projects/TallFlow/3_Output/MIXCR4.3.2/Output/pt2283D-DX1BM-ALLBULK-DN/pt2283D-DX1BM-ALLBULK-DN_Receptor.align.report.txt --json-report /hpc/pmc_vanboxtel/projects/TallFlow/3_Output/MIXCR4.3.2/Output/pt2283D-DX1BM-ALLBULK-DN/pt2283D-DX1BM-ALLBULK-DN_Receptor.align.report.json --preset rnaseq-full-length --dna --species hsa /hpc/pmc_vanboxtel/projects/TallFlow/3_Output/MIXCR4.3.2/input/fastq/Merged/pt2283D-DX1BM-ALLBULK-DN_R1.fastq /hpc/pmc_vanboxtel/projects/TallFlow/3_Output/MIXCR4.3.2/input/fastq/Merged/pt2283D-DX1BM-ALLBULK-DN_R2.fastq /hpc/pmc_vanboxtel/projects/TallFlow/3_Output/MIXCR4.3.2/Output/pt2283D-DX1BM-ALLBULK-DN/pt2283D-DX1BM-ALLBULK-DN_Receptor.vdjca
Alignment: 0%
Alignment: 10.6%  ETA: 00:05:30
Alignment: 21.2%  ETA: 00:05:13
Alignment: 31.8%  ETA: 00:04:26
Alignment: 42.3%  ETA: 00:03:54
Alignment: 52.9%  ETA: 00:03:15
Alignment: 63.5%  ETA: 00:02:22
Alignment: 74.1%  ETA: 00:01:50
Alignment: 84.7%  ETA: 00:00:56
Alignment: 95.3%  ETA: 00:00:18
============== Align Report ==============
Analysis time: 6.7m
Total sequencing reads: 1250824
Successfully aligned reads: 14953 (1.2%)
Alignment failed: no hits (not TCR/IG?): 1018470 (81.42%)
Alignment failed: no CDR3 parts: 124806 (9.98%)
Alignment failed: low total score: 92595 (7.4%)
Overlapped: 159210 (12.73%)
Overlapped and aligned: 554 (0.04%)
Overlapped and not aligned: 158656 (12.68%)
Alignment-aided overlaps, percent of overlapped and aligned: 13 (2.35%)
No CDR3 parts alignments, percent of successfully aligned: 1891 (12.65%)
Partial aligned reads, percent of successfully aligned: 12989 (86.87%)
V gene chimeras: 238 (0.02%)
J gene chimeras: 86 (0.01%)
Paired-end alignment conflicts eliminated: 77 (0.01%)
Realigned with forced non-floating bound: 2183254 (174.55%)
Realigned with forced non-floating right bound in left read: 5904 (0.47%)
Realigned with forced non-floating left bound in right read: 5904 (0.47%)
TRA chains: 1681 (11.24%)
TRA non-functional: 7 (0.42%)
TRB chains: 1898 (12.69%)
TRB non-functional: 0 (0%)
TRD chains: 59 (0.39%)
TRD non-functional: 4 (6.78%)
TRG chains: 344 (2.3%)
TRG non-functional: 12 (3.49%)
TRAD chains: 1653 (11.05%)
TRAD non-functional: 0 (0%)
IGH chains: 3917 (26.2%)
IGH non-functional: 1 (0.03%)
IGK chains: 2679 (17.92%)
IGK non-functional: 0 (0%)
IGL chains: 2722 (18.2%)
IGL non-functional: 1 (0.04%)
Trimming report:
  R1 reads trimmed left: 2440 (0.2%)
  R1 reads trimmed right: 26 (0%)
  Average R1 nucleotides trimmed left: 0.0038526603263128946
  Average R1 nucleotides trimmed right: 4.956732521921549E-5
  R2 reads trimmed left: 918 (0.07%)
  R2 reads trimmed right: 10 (0%)
  Average R2 nucleotides trimmed left: 8.130640281926154E-4
  Average R2 nucleotides trimmed right: 7.994729874067014E-6
====================
Running:
mixcr assemblePartial --report /hpc/pmc_vanboxtel/projects/TallFlow/3_Output/MIXCR4.3.2/Output/pt2283D-DX1BM-ALLBULK-DN/pt2283D-DX1BM-ALLBULK-DN_Receptor.assemblePartial.report.txt --json-report /hpc/pmc_vanboxtel/projects/TallFlow/3_Output/MIXCR4.3.2/Output/pt2283D-DX1BM-ALLBULK-DN/pt2283D-DX1BM-ALLBULK-DN_Receptor.assemblePartial.report.json /hpc/pmc_vanboxtel/projects/TallFlow/3_Output/MIXCR4.3.2/Output/pt2283D-DX1BM-ALLBULK-DN/pt2283D-DX1BM-ALLBULK-DN_Receptor.vdjca /hpc/pmc_vanboxtel/projects/TallFlow/3_Output/MIXCR4.3.2/Output/pt2283D-DX1BM-ALLBULK-DN/pt2283D-DX1BM-ALLBULK-DN_Receptor.passembled.1.vdjca
Building index: 0%
Searching for overlaps: 0%
Searching for overlaps: 76.2%  ETA: 00:00:00
============== AssemblePartial Report ==============
Analysis time: 1.69s
Total alignments analysed: 14952
Number of output alignments: 14948 (99.97%)
Alignments already with CDR3 (no overlapping is performed): 82 (0.55%)
Successfully overlapped alignments: 4 (0.03%)
Left parts with too small N-region (failed to extract k-mer): 1725 (11.54%)
Extracted k-mer diversity: 44347
Dropped due to wildcard in k-mer: 0 (0%)
Dropped due to too short NRegion parts in overlap: 4 (0.03%)
Dropped overlaps with empty N region due to no complete NDN coverage: 0 (0%)
Number of left-side alignments: 9527 (63.72%)
Number of right-side alignments: 2940 (19.66%)
Complex overlaps: 0 (0%)
Over-overlaps: 76 (0.51%)
Partial alignments written to output: 14862 (99.4%)
====================
Running:
mixcr assemblePartial --report /hpc/pmc_vanboxtel/projects/TallFlow/3_Output/MIXCR4.3.2/Output/pt2283D-DX1BM-ALLBULK-DN/pt2283D-DX1BM-ALLBULK-DN_Receptor.assemblePartial.report.txt --json-report /hpc/pmc_vanboxtel/projects/TallFlow/3_Output/MIXCR4.3.2/Output/pt2283D-DX1BM-ALLBULK-DN/pt2283D-DX1BM-ALLBULK-DN_Receptor.assemblePartial.report.json /hpc/pmc_vanboxtel/projects/TallFlow/3_Output/MIXCR4.3.2/Output/pt2283D-DX1BM-ALLBULK-DN/pt2283D-DX1BM-ALLBULK-DN_Receptor.passembled.1.vdjca /hpc/pmc_vanboxtel/projects/TallFlow/3_Output/MIXCR4.3.2/Output/pt2283D-DX1BM-ALLBULK-DN/pt2283D-DX1BM-ALLBULK-DN_Receptor.passembled.2.vdjca
Building index: 0%
Searching for overlaps: 0%
Searching for overlaps: 16.6%  ETA: 00:00:05
Searching for overlaps: 34.8%  ETA: 00:00:03
============== AssemblePartial Report ==============
Analysis time: 2.44s
Total alignments analysed: 14948
Number of output alignments: 14948 (100%)
Alignments already with CDR3 (no overlapping is performed): 86 (0.58%)
Successfully overlapped alignments: 0 (0%)
Left parts with too small N-region (failed to extract k-mer): 1725 (11.54%)
Extracted k-mer diversity: 44342
Dropped due to wildcard in k-mer: 0 (0%)
Dropped due to too short NRegion parts in overlap: 4 (0.03%)
Dropped overlaps with empty N region due to no complete NDN coverage: 0 (0%)
Number of left-side alignments: 9523 (63.71%)
Number of right-side alignments: 2936 (19.64%)
Complex overlaps: 0 (0%)
Over-overlaps: 76 (0.51%)
Partial alignments written to output: 14862 (99.42%)
====================
Running:
mixcr extend --report /hpc/pmc_vanboxtel/projects/TallFlow/3_Output/MIXCR4.3.2/Output/pt2283D-DX1BM-ALLBULK-DN/pt2283D-DX1BM-ALLBULK-DN_Receptor.extend.report.txt --json-report /hpc/pmc_vanboxtel/projects/TallFlow/3_Output/MIXCR4.3.2/Output/pt2283D-DX1BM-ALLBULK-DN/pt2283D-DX1BM-ALLBULK-DN_Receptor.extend.report.json /hpc/pmc_vanboxtel/projects/TallFlow/3_Output/MIXCR4.3.2/Output/pt2283D-DX1BM-ALLBULK-DN/pt2283D-DX1BM-ALLBULK-DN_Receptor.passembled.2.vdjca /hpc/pmc_vanboxtel/projects/TallFlow/3_Output/MIXCR4.3.2/Output/pt2283D-DX1BM-ALLBULK-DN/pt2283D-DX1BM-ALLBULK-DN_Receptor.extended.vdjca
Extending alignments: 0%
============== Extend Report ==============
Analysis time: 458ms
Extended alignments count: 9 (0.06%)
V extensions total: 0 (0%)
V extensions with merged targets: 0 (0%)
J extensions total: 9 (0.06%)
J extensions with merged targets: 1 (0.01%)
V+J extensions: 0 (0%)
Mean V extension length: NaN
Mean J extension length: 3.888888888888889
====================
Running:
mixcr assemble --report /hpc/pmc_vanboxtel/projects/TallFlow/3_Output/MIXCR4.3.2/Output/pt2283D-DX1BM-ALLBULK-DN/pt2283D-DX1BM-ALLBULK-DN_Receptor.assemble.report.txt --json-report /hpc/pmc_vanboxtel/projects/TallFlow/3_Output/MIXCR4.3.2/Output/pt2283D-DX1BM-ALLBULK-DN/pt2283D-DX1BM-ALLBULK-DN_Receptor.assemble.report.json /hpc/pmc_vanboxtel/projects/TallFlow/3_Output/MIXCR4.3.2/Output/pt2283D-DX1BM-ALLBULK-DN/pt2283D-DX1BM-ALLBULK-DN_Receptor.extended.vdjca /hpc/pmc_vanboxtel/projects/TallFlow/3_Output/MIXCR4.3.2/Output/pt2283D-DX1BM-ALLBULK-DN/pt2283D-DX1BM-ALLBULK-DN_Receptor.clna
Initialization: progress unknown
Initialization: progress unknown
============== Assemble Report ==============
Analysis time: 404ms
Final clonotype count: 12
Reads used in clonotypes, percent of total: 69 (0.01%)
Average number of reads per clonotype: 5.75
Reads dropped due to the lack of a clone sequence, percent of total: 14862 (1.19%)
Reads dropped due to a too short clonal sequence, percent of total: 0 (0%)
Reads dropped due to low quality, percent of total: 0 (0%)
Reads dropped due to failed mapping, percent of total: 21 (0%)
Reads dropped with low quality clones, percent of total: 0 (0%)
Reads used in clonotypes before clustering, percent of total: 69 (0.01%)
Number of reads used as a core, percent of used: 69 (100%)
Mapped low quality reads, percent of used: 0 (0%)
Reads clustered in PCR error correction, percent of used: 0 (0%)
Reads pre-clustered due to the similar VJC-lists, percent of used: 0 (0%)
Clonotypes dropped as low quality: 0
Clonotypes eliminated by PCR error correction: 0
Clonotypes pre-clustered due to the similar VJC-lists: 0
Clones dropped in post filtering: 0 (0%)
Reads dropped in post filtering: 0.0 (0%)
Alignments filtered by tag prefix: 0 (0%)
TRA chains: 7 (58.33%)
TRA non-functional: 5 (71.43%)
TRB chains: 2 (16.67%)
TRB non-functional: 0 (0%)
TRD chains: 1 (8.33%)
TRD non-functional: 1 (100%)
TRG chains: 2 (16.67%)
TRG non-functional: 1 (50%)
====================
Running:
mixcr assembleContigs --report /hpc/pmc_vanboxtel/projects/TallFlow/3_Output/MIXCR4.3.2/Output/pt2283D-DX1BM-ALLBULK-DN/pt2283D-DX1BM-ALLBULK-DN_Receptor.assembleContigs.report.txt --json-report /hpc/pmc_vanboxtel/projects/TallFlow/3_Output/MIXCR4.3.2/Output/pt2283D-DX1BM-ALLBULK-DN/pt2283D-DX1BM-ALLBULK-DN_Receptor.assembleContigs.report.json /hpc/pmc_vanboxtel/projects/TallFlow/3_Output/MIXCR4.3.2/Output/pt2283D-DX1BM-ALLBULK-DN/pt2283D-DX1BM-ALLBULK-DN_Receptor.clna /hpc/pmc_vanboxtel/projects/TallFlow/3_Output/MIXCR4.3.2/Output/pt2283D-DX1BM-ALLBULK-DN/pt2283D-DX1BM-ALLBULK-DN_Receptor.contigs.clns
Assembling contigs: 0%
============== AssembleContigs Report ==============
Analysis time: 282ms
Initial clonotype count: 12
Final clonotype count: 12 (100%)
Canceled assemblies: 0 (0%)
Number of premature termination assembly events, percent of number of initial clonotypes: 0.0 (0%)
Longest contig length: 721
Clustered variants: 0 (0%)
Reads in clustered variants: 0.0 (0%)
Reads in divided (newly created) clones: 0.0 (0%)
Clones with ambiguous letters in splitting region: 0 (0%)
Reads in clones with ambiguous letters in splitting region: 0.0 (0%)
Average number of ambiguous letters per clone with ambiguous letters in splitting region: NaN
====================
Running:
mixcr exportClones /hpc/pmc_vanboxtel/projects/TallFlow/3_Output/MIXCR4.3.2/Output/pt2283D-DX1BM-ALLBULK-DN/pt2283D-DX1BM-ALLBULK-DN_Receptor.contigs.clns /hpc/pmc_vanboxtel/projects/TallFlow/3_Output/MIXCR4.3.2/Output/pt2283D-DX1BM-ALLBULK-DN/pt2283D-DX1BM-ALLBULK-DN_Receptor.clones.tsv
Exporting TRB
Exporting clones: 0%
WARNING: Filtered 2 of 12 clones (83.33%).
WARNING: Filtered 25.0 of 69.0 reads (63.77%).
Exporting TRAD
Exporting clones: 0%
WARNING: Filtered 8 of 12 clones (33.33%).
WARNING: Filtered 15.0 of 69.0 reads (78.26%).
Exporting TRG
Exporting clones: 0%
WARNING: Filtered 2 of 12 clones (83.33%).
WARNING: Filtered 29.0 of 69.0 reads (57.97%).
Analysis finished successfully.
IMPORTANT: MiXCR will use at most 11399MB of RAM,
           use -Xmx to change automatically set heap size (i.e. -Xmx50g to set heap size to 50 Gb)
IMPORTANT: MiXCR will use at most 10192MB of RAM,
           use -Xmx to change automatically set heap size (i.e. -Xmx50g to set heap size to 50 Gb)
IMPORTANT: MiXCR will use at most 10050MB of RAM,
           use -Xmx to change automatically set heap size (i.e. -Xmx50g to set heap size to 50 Gb)
