INFO	2023-05-03 17:20:49	SamToFastq	

********** NOTE: Picard's command line syntax is changing.
**********
********** For more information, please see:
********** https://github.com/broadinstitute/picard/wiki/Command-Line-Syntax-Transition-For-Users-(Pre-Transition)
**********
********** The command line looks like this in the new syntax:
**********
**********    SamToFastq -INPUT /hpc/pmc_vanboxtel/projects/TallFlow/3_Output/MIXCR4.3.2/input/bam/pt2283R-DX1BM-ALLBULK-DP_dedup.bam -OUTPUT_DIR /hpc/pmc_vanboxtel/projects/TallFlow/3_Output/MIXCR4.3.2/input/fastq -RG_TAG ID -OUTPUT_PER_RG true
**********


17:20:50.052 INFO  NativeLibraryLoader - Loading libgkl_compression.so from jar:file:/hpc/local/CentOS7/pmc_vanboxtel/bin/picard-2.24.1/picard.jar!/com/intel/gkl/native/libgkl_compression.so
[Wed May 03 17:20:50 CEST 2023] SamToFastq INPUT=/hpc/pmc_vanboxtel/projects/TallFlow/3_Output/MIXCR4.3.2/input/bam/pt2283R-DX1BM-ALLBULK-DP_dedup.bam OUTPUT_PER_RG=true RG_TAG=ID OUTPUT_DIR=/hpc/pmc_vanboxtel/projects/TallFlow/3_Output/MIXCR4.3.2/input/fastq    COMPRESS_OUTPUTS_PER_RG=false RE_REVERSE=true INTERLEAVE=false INCLUDE_NON_PF_READS=false CLIPPING_MIN_LENGTH=0 READ1_TRIM=0 READ2_TRIM=0 INCLUDE_NON_PRIMARY_ALIGNMENTS=false VERBOSITY=INFO QUIET=false VALIDATION_STRINGENCY=STRICT COMPRESSION_LEVEL=5 MAX_RECORDS_IN_RAM=500000 CREATE_INDEX=false CREATE_MD5_FILE=false GA4GH_CLIENT_SECRETS=client_secrets.json USE_JDK_DEFLATER=false USE_JDK_INFLATER=false
[Wed May 03 17:20:50 CEST 2023] Executing as rhagelaar@n0092.compute.hpc on Linux 3.10.0-1160.83.1.el7.x86_64 amd64; Java HotSpot(TM) 64-Bit Server VM 1.8.0_60-b27; Deflater: Intel; Inflater: Intel; Provider GCS is not available; Picard version: 2.24.1
INFO	2023-05-03 17:21:03	SamToFastq	Processed     1,000,000 records.  Elapsed time: 00:00:13s.  Time for last 1,000,000:   13s.  Last read position: 7:142,073,745
INFO	2023-05-03 17:21:14	SamToFastq	Processed     2,000,000 records.  Elapsed time: 00:00:24s.  Time for last 1,000,000:   11s.  Last read position: 14:106,264,699
[Wed May 03 17:21:21 CEST 2023] picard.sam.SamToFastq done. Elapsed time: 0.53 minutes.
Runtime.totalMemory()=5847908352
To get help, see http://broadinstitute.github.io/picard/index.html#GettingHelp
Exception in thread "main" htsjdk.samtools.SAMFormatException: SAM validation error: ERROR::MATE_NOT_FOUND:Found 54398 unpaired mates
	at htsjdk.samtools.SAMUtils.processValidationError(SAMUtils.java:469)
	at picard.sam.SamToFastq.doWork(SamToFastq.java:225)
	at picard.cmdline.CommandLineProgram.instanceMain(CommandLineProgram.java:304)
	at picard.cmdline.PicardCommandLine.instanceMain(PicardCommandLine.java:103)
	at picard.cmdline.PicardCommandLine.main(PicardCommandLine.java:113)
/hpc/pmc_vanboxtel/projects/TallFlow/2_Code/MIXCR/
IMPORTANT: MiXCR will use at most 12000MB of RAM,
           use -Xmx to change automatically set heap size (i.e. -Xmx50g to set heap size to 50 Gb)
====================
Running:
mixcr align --report /hpc/pmc_vanboxtel/projects/TallFlow/3_Output/MIXCR4.3.2/Output/pt2283R-DX1BM-ALLBULK-DP/pt2283R-DX1BM-ALLBULK-DP_Receptor.align.report.txt --json-report /hpc/pmc_vanboxtel/projects/TallFlow/3_Output/MIXCR4.3.2/Output/pt2283R-DX1BM-ALLBULK-DP/pt2283R-DX1BM-ALLBULK-DP_Receptor.align.report.json --preset rnaseq-full-length --dna --species hsa /hpc/pmc_vanboxtel/projects/TallFlow/3_Output/MIXCR4.3.2/input/fastq/Merged/pt2283R-DX1BM-ALLBULK-DP_R1.fastq /hpc/pmc_vanboxtel/projects/TallFlow/3_Output/MIXCR4.3.2/input/fastq/Merged/pt2283R-DX1BM-ALLBULK-DP_R2.fastq /hpc/pmc_vanboxtel/projects/TallFlow/3_Output/MIXCR4.3.2/Output/pt2283R-DX1BM-ALLBULK-DP/pt2283R-DX1BM-ALLBULK-DP_Receptor.vdjca
Alignment: 0%
Alignment: 10.6%  ETA: 00:06:51
Alignment: 21.1%  ETA: 00:06:37
Alignment: 31.7%  ETA: 00:05:30
Alignment: 42.2%  ETA: 00:04:22
Alignment: 52.8%  ETA: 00:04:01
Alignment: 63.3%  ETA: 00:02:39
Alignment: 73.9%  ETA: 00:02:08
Alignment: 84.5%  ETA: 00:01:12
Alignment: 95%  ETA: 00:00:24
============== Align Report ==============
Analysis time: 8.11m
Total sequencing reads: 1254071
Successfully aligned reads: 12110 (0.97%)
Alignment failed: no hits (not TCR/IG?): 1014924 (80.93%)
Alignment failed: no CDR3 parts: 126367 (10.08%)
Alignment failed: low total score: 100670 (8.03%)
Overlapped: 130676 (10.42%)
Overlapped and aligned: 246 (0.02%)
Overlapped and not aligned: 130430 (10.4%)
Alignment-aided overlaps, percent of overlapped and aligned: 9 (3.66%)
No CDR3 parts alignments, percent of successfully aligned: 1831 (15.12%)
Partial aligned reads, percent of successfully aligned: 10155 (83.86%)
V gene chimeras: 259 (0.02%)
J gene chimeras: 68 (0.01%)
Paired-end alignment conflicts eliminated: 29 (0%)
Realigned with forced non-floating bound: 2246808 (179.16%)
Realigned with forced non-floating right bound in left read: 5295 (0.42%)
Realigned with forced non-floating left bound in right read: 5295 (0.42%)
TRA chains: 454 (3.75%)
TRA non-functional: 37 (8.15%)
TRB chains: 1018 (8.41%)
TRB non-functional: 14 (1.38%)
TRG chains: 153 (1.26%)
TRG non-functional: 40 (26.14%)
TRAD chains: 323 (2.67%)
TRAD non-functional: 0 (0%)
IGH chains: 4519 (37.32%)
IGH non-functional: 2 (0.04%)
IGK chains: 2665 (22.01%)
IGK non-functional: 1 (0.04%)
IGL chains: 2978 (24.59%)
IGL non-functional: 1 (0.03%)
Trimming report:
  R1 reads trimmed left: 2463 (0.2%)
  R1 reads trimmed right: 9 (0%)
  Average R1 nucleotides trimmed left: 0.00385783580036537
  Average R1 nucleotides trimmed right: 7.1766271606631526E-6
  R2 reads trimmed left: 906 (0.07%)
  R2 reads trimmed right: 2 (0%)
  Average R2 nucleotides trimmed left: 7.862393756015409E-4
  Average R2 nucleotides trimmed right: 1.5948060357029227E-6
====================
Running:
mixcr assemblePartial --report /hpc/pmc_vanboxtel/projects/TallFlow/3_Output/MIXCR4.3.2/Output/pt2283R-DX1BM-ALLBULK-DP/pt2283R-DX1BM-ALLBULK-DP_Receptor.assemblePartial.report.txt --json-report /hpc/pmc_vanboxtel/projects/TallFlow/3_Output/MIXCR4.3.2/Output/pt2283R-DX1BM-ALLBULK-DP/pt2283R-DX1BM-ALLBULK-DP_Receptor.assemblePartial.report.json /hpc/pmc_vanboxtel/projects/TallFlow/3_Output/MIXCR4.3.2/Output/pt2283R-DX1BM-ALLBULK-DP/pt2283R-DX1BM-ALLBULK-DP_Receptor.vdjca /hpc/pmc_vanboxtel/projects/TallFlow/3_Output/MIXCR4.3.2/Output/pt2283R-DX1BM-ALLBULK-DP/pt2283R-DX1BM-ALLBULK-DP_Receptor.passembled.1.vdjca
Building index: 0%
Searching for overlaps: 0%
Searching for overlaps: 99.3%  ETA: 00:00:00
============== AssemblePartial Report ==============
Analysis time: 1.43s
Total alignments analysed: 12109
Number of output alignments: 12104 (99.96%)
Alignments already with CDR3 (no overlapping is performed): 134 (1.11%)
Successfully overlapped alignments: 5 (0.04%)
Left parts with too small N-region (failed to extract k-mer): 1616 (13.35%)
Extracted k-mer diversity: 34057
Dropped due to wildcard in k-mer: 0 (0%)
Dropped due to too short NRegion parts in overlap: 3 (0.02%)
Dropped overlaps with empty N region due to no complete NDN coverage: 0 (0%)
Number of left-side alignments: 8081 (66.74%)
Number of right-side alignments: 1693 (13.98%)
Complex overlaps: 0 (0%)
Over-overlaps: 17 (0.14%)
Partial alignments written to output: 11965 (98.81%)
====================
Running:
mixcr assemblePartial --report /hpc/pmc_vanboxtel/projects/TallFlow/3_Output/MIXCR4.3.2/Output/pt2283R-DX1BM-ALLBULK-DP/pt2283R-DX1BM-ALLBULK-DP_Receptor.assemblePartial.report.txt --json-report /hpc/pmc_vanboxtel/projects/TallFlow/3_Output/MIXCR4.3.2/Output/pt2283R-DX1BM-ALLBULK-DP/pt2283R-DX1BM-ALLBULK-DP_Receptor.assemblePartial.report.json /hpc/pmc_vanboxtel/projects/TallFlow/3_Output/MIXCR4.3.2/Output/pt2283R-DX1BM-ALLBULK-DP/pt2283R-DX1BM-ALLBULK-DP_Receptor.passembled.1.vdjca /hpc/pmc_vanboxtel/projects/TallFlow/3_Output/MIXCR4.3.2/Output/pt2283R-DX1BM-ALLBULK-DP/pt2283R-DX1BM-ALLBULK-DP_Receptor.passembled.2.vdjca
Building index: 0%
Searching for overlaps: 0.1%
Searching for overlaps: 32.7%  ETA: 00:00:02
============== AssemblePartial Report ==============
Analysis time: 1.25s
Total alignments analysed: 12104
Number of output alignments: 12104 (100%)
Alignments already with CDR3 (no overlapping is performed): 139 (1.15%)
Successfully overlapped alignments: 0 (0%)
Left parts with too small N-region (failed to extract k-mer): 1616 (13.35%)
Extracted k-mer diversity: 34027
Dropped due to wildcard in k-mer: 0 (0%)
Dropped due to too short NRegion parts in overlap: 3 (0.02%)
Dropped overlaps with empty N region due to no complete NDN coverage: 0 (0%)
Number of left-side alignments: 8076 (66.72%)
Number of right-side alignments: 1688 (13.95%)
Complex overlaps: 0 (0%)
Over-overlaps: 17 (0.14%)
Partial alignments written to output: 11965 (98.85%)
====================
Running:
mixcr extend --report /hpc/pmc_vanboxtel/projects/TallFlow/3_Output/MIXCR4.3.2/Output/pt2283R-DX1BM-ALLBULK-DP/pt2283R-DX1BM-ALLBULK-DP_Receptor.extend.report.txt --json-report /hpc/pmc_vanboxtel/projects/TallFlow/3_Output/MIXCR4.3.2/Output/pt2283R-DX1BM-ALLBULK-DP/pt2283R-DX1BM-ALLBULK-DP_Receptor.extend.report.json /hpc/pmc_vanboxtel/projects/TallFlow/3_Output/MIXCR4.3.2/Output/pt2283R-DX1BM-ALLBULK-DP/pt2283R-DX1BM-ALLBULK-DP_Receptor.passembled.2.vdjca /hpc/pmc_vanboxtel/projects/TallFlow/3_Output/MIXCR4.3.2/Output/pt2283R-DX1BM-ALLBULK-DP/pt2283R-DX1BM-ALLBULK-DP_Receptor.extended.vdjca
Extending alignments: 0%
============== Extend Report ==============
Analysis time: 294ms
Extended alignments count: 8 (0.07%)
V extensions total: 1 (0.01%)
V extensions with merged targets: 0 (0%)
J extensions total: 7 (0.06%)
J extensions with merged targets: 0 (0%)
V+J extensions: 0 (0%)
Mean V extension length: 2.0
Mean J extension length: 6.142857142857143
====================
Running:
mixcr assemble --report /hpc/pmc_vanboxtel/projects/TallFlow/3_Output/MIXCR4.3.2/Output/pt2283R-DX1BM-ALLBULK-DP/pt2283R-DX1BM-ALLBULK-DP_Receptor.assemble.report.txt --json-report /hpc/pmc_vanboxtel/projects/TallFlow/3_Output/MIXCR4.3.2/Output/pt2283R-DX1BM-ALLBULK-DP/pt2283R-DX1BM-ALLBULK-DP_Receptor.assemble.report.json /hpc/pmc_vanboxtel/projects/TallFlow/3_Output/MIXCR4.3.2/Output/pt2283R-DX1BM-ALLBULK-DP/pt2283R-DX1BM-ALLBULK-DP_Receptor.extended.vdjca /hpc/pmc_vanboxtel/projects/TallFlow/3_Output/MIXCR4.3.2/Output/pt2283R-DX1BM-ALLBULK-DP/pt2283R-DX1BM-ALLBULK-DP_Receptor.clna
Initialization: progress unknown
Initialization: progress unknown
============== Assemble Report ==============
Analysis time: 484ms
Final clonotype count: 16
Reads used in clonotypes, percent of total: 120 (0.01%)
Average number of reads per clonotype: 7.5
Reads dropped due to the lack of a clone sequence, percent of total: 11969 (0.95%)
Reads dropped due to a too short clonal sequence, percent of total: 0 (0%)
Reads dropped due to low quality, percent of total: 0 (0%)
Reads dropped due to failed mapping, percent of total: 20 (0%)
Reads dropped with low quality clones, percent of total: 0 (0%)
Reads used in clonotypes before clustering, percent of total: 120 (0.01%)
Number of reads used as a core, percent of used: 118 (98.33%)
Mapped low quality reads, percent of used: 2 (1.67%)
Reads clustered in PCR error correction, percent of used: 0 (0%)
Reads pre-clustered due to the similar VJC-lists, percent of used: 0 (0%)
Clonotypes dropped as low quality: 0
Clonotypes eliminated by PCR error correction: 0
Clonotypes pre-clustered due to the similar VJC-lists: 0
Clones dropped in post filtering: 0 (0%)
Reads dropped in post filtering: 0.0 (0%)
Alignments filtered by tag prefix: 0 (0%)
TRA chains: 12 (75%)
TRA non-functional: 12 (100%)
TRB chains: 2 (12.5%)
TRB non-functional: 1 (50%)
TRG chains: 2 (12.5%)
TRG non-functional: 2 (100%)
====================
Running:
mixcr assembleContigs --report /hpc/pmc_vanboxtel/projects/TallFlow/3_Output/MIXCR4.3.2/Output/pt2283R-DX1BM-ALLBULK-DP/pt2283R-DX1BM-ALLBULK-DP_Receptor.assembleContigs.report.txt --json-report /hpc/pmc_vanboxtel/projects/TallFlow/3_Output/MIXCR4.3.2/Output/pt2283R-DX1BM-ALLBULK-DP/pt2283R-DX1BM-ALLBULK-DP_Receptor.assembleContigs.report.json /hpc/pmc_vanboxtel/projects/TallFlow/3_Output/MIXCR4.3.2/Output/pt2283R-DX1BM-ALLBULK-DP/pt2283R-DX1BM-ALLBULK-DP_Receptor.clna /hpc/pmc_vanboxtel/projects/TallFlow/3_Output/MIXCR4.3.2/Output/pt2283R-DX1BM-ALLBULK-DP/pt2283R-DX1BM-ALLBULK-DP_Receptor.contigs.clns
Assembling contigs: 0%
============== AssembleContigs Report ==============
Analysis time: 328ms
Initial clonotype count: 16
Final clonotype count: 16 (100%)
Canceled assemblies: 0 (0%)
Number of premature termination assembly events, percent of number of initial clonotypes: 0.0 (0%)
Longest contig length: 875
Clustered variants: 0 (0%)
Reads in clustered variants: 0.0 (0%)
Reads in divided (newly created) clones: 0.0 (0%)
Clones with ambiguous letters in splitting region: 0 (0%)
Reads in clones with ambiguous letters in splitting region: 0.0 (0%)
Average number of ambiguous letters per clone with ambiguous letters in splitting region: NaN
====================
Running:
mixcr exportClones /hpc/pmc_vanboxtel/projects/TallFlow/3_Output/MIXCR4.3.2/Output/pt2283R-DX1BM-ALLBULK-DP/pt2283R-DX1BM-ALLBULK-DP_Receptor.contigs.clns /hpc/pmc_vanboxtel/projects/TallFlow/3_Output/MIXCR4.3.2/Output/pt2283R-DX1BM-ALLBULK-DP/pt2283R-DX1BM-ALLBULK-DP_Receptor.clones.tsv
Exporting TRB
Exporting clones: 0%
WARNING: Filtered 2 of 16 clones (87.5%).
WARNING: Filtered 36.0 of 120.0 reads (70%).
Exporting TRAD
Exporting clones: 0%
WARNING: Filtered 12 of 16 clones (25%).
WARNING: Filtered 41.0 of 120.0 reads (65.83%).
Exporting TRG
Exporting clones: 0%
WARNING: Filtered 2 of 16 clones (87.5%).
WARNING: Filtered 43.0 of 120.0 reads (64.17%).
Analysis finished successfully.
IMPORTANT: MiXCR will use at most 12000MB of RAM,
           use -Xmx to change automatically set heap size (i.e. -Xmx50g to set heap size to 50 Gb)
IMPORTANT: MiXCR will use at most 12000MB of RAM,
           use -Xmx to change automatically set heap size (i.e. -Xmx50g to set heap size to 50 Gb)
IMPORTANT: MiXCR will use at most 12000MB of RAM,
           use -Xmx to change automatically set heap size (i.e. -Xmx50g to set heap size to 50 Gb)
