INFO	2023-05-03 17:15:28	SamToFastq	

********** NOTE: Picard's command line syntax is changing.
**********
********** For more information, please see:
********** https://github.com/broadinstitute/picard/wiki/Command-Line-Syntax-Transition-For-Users-(Pre-Transition)
**********
********** The command line looks like this in the new syntax:
**********
**********    SamToFastq -INPUT /hpc/pmc_vanboxtel/projects/TallFlow/3_Output/MIXCR4.3.2/input/bam/pt2322-DX1BM-TALL4_dedup.bam -OUTPUT_DIR /hpc/pmc_vanboxtel/projects/TallFlow/3_Output/MIXCR4.3.2/input/fastq -RG_TAG ID -OUTPUT_PER_RG true
**********


17:15:29.208 INFO  NativeLibraryLoader - Loading libgkl_compression.so from jar:file:/hpc/local/CentOS7/pmc_vanboxtel/bin/picard-2.24.1/picard.jar!/com/intel/gkl/native/libgkl_compression.so
[Wed May 03 17:15:29 CEST 2023] SamToFastq INPUT=/hpc/pmc_vanboxtel/projects/TallFlow/3_Output/MIXCR4.3.2/input/bam/pt2322-DX1BM-TALL4_dedup.bam OUTPUT_PER_RG=true RG_TAG=ID OUTPUT_DIR=/hpc/pmc_vanboxtel/projects/TallFlow/3_Output/MIXCR4.3.2/input/fastq    COMPRESS_OUTPUTS_PER_RG=false RE_REVERSE=true INTERLEAVE=false INCLUDE_NON_PF_READS=false CLIPPING_MIN_LENGTH=0 READ1_TRIM=0 READ2_TRIM=0 INCLUDE_NON_PRIMARY_ALIGNMENTS=false VERBOSITY=INFO QUIET=false VALIDATION_STRINGENCY=STRICT COMPRESSION_LEVEL=5 MAX_RECORDS_IN_RAM=500000 CREATE_INDEX=false CREATE_MD5_FILE=false GA4GH_CLIENT_SECRETS=client_secrets.json USE_JDK_DEFLATER=false USE_JDK_INFLATER=false
[Wed May 03 17:15:29 CEST 2023] Executing as rhagelaar@n0095.compute.hpc on Linux 3.10.0-1160.83.1.el7.x86_64 amd64; Java HotSpot(TM) 64-Bit Server VM 1.8.0_60-b27; Deflater: Intel; Inflater: Intel; Provider GCS is not available; Picard version: 2.24.1
INFO	2023-05-03 17:15:38	SamToFastq	Processed     1,000,000 records.  Elapsed time: 00:00:09s.  Time for last 1,000,000:    9s.  Last read position: 14:22,465,694
[Wed May 03 17:15:42 CEST 2023] picard.sam.SamToFastq done. Elapsed time: 0.22 minutes.
Runtime.totalMemory()=5780799488
To get help, see http://broadinstitute.github.io/picard/index.html#GettingHelp
Exception in thread "main" htsjdk.samtools.SAMFormatException: SAM validation error: ERROR::MATE_NOT_FOUND:Found 26210 unpaired mates
	at htsjdk.samtools.SAMUtils.processValidationError(SAMUtils.java:469)
	at picard.sam.SamToFastq.doWork(SamToFastq.java:225)
	at picard.cmdline.CommandLineProgram.instanceMain(CommandLineProgram.java:304)
	at picard.cmdline.PicardCommandLine.instanceMain(PicardCommandLine.java:103)
	at picard.cmdline.PicardCommandLine.main(PicardCommandLine.java:113)
/hpc/pmc_vanboxtel/projects/TallFlow/2_Code/MIXCR/
IMPORTANT: MiXCR will use at most 12000MB of RAM,
           use -Xmx to change automatically set heap size (i.e. -Xmx50g to set heap size to 50 Gb)
====================
Running:
mixcr align --report /hpc/pmc_vanboxtel/projects/TallFlow/3_Output/MIXCR4.3.2/Output/pt2322-DX1BM-TALL4/pt2322-DX1BM-TALL4_Receptor.align.report.txt --json-report /hpc/pmc_vanboxtel/projects/TallFlow/3_Output/MIXCR4.3.2/Output/pt2322-DX1BM-TALL4/pt2322-DX1BM-TALL4_Receptor.align.report.json --preset rnaseq-full-length --dna --species hsa /hpc/pmc_vanboxtel/projects/TallFlow/3_Output/MIXCR4.3.2/input/fastq/Merged/pt2322-DX1BM-TALL4_R1.fastq /hpc/pmc_vanboxtel/projects/TallFlow/3_Output/MIXCR4.3.2/input/fastq/Merged/pt2322-DX1BM-TALL4_R2.fastq /hpc/pmc_vanboxtel/projects/TallFlow/3_Output/MIXCR4.3.2/Output/pt2322-DX1BM-TALL4/pt2322-DX1BM-TALL4_Receptor.vdjca
Alignment: 0%
Alignment: 10.8%  ETA: 00:03:39
Alignment: 21.5%  ETA: 00:03:18
Alignment: 32.3%  ETA: 00:02:50
Alignment: 43%  ETA: 00:02:09
Alignment: 53.8%  ETA: 00:01:52
Alignment: 64.5%  ETA: 00:01:19
Alignment: 75.3%  ETA: 00:00:55
Alignment: 86.1%  ETA: 00:00:31
Alignment: 96.8%  ETA: 00:00:06
============== Align Report ==============
Analysis time: 4.01m
Total sequencing reads: 671371
Successfully aligned reads: 8825 (1.31%)
Alignment failed: no hits (not TCR/IG?): 548337 (81.67%)
Alignment failed: no CDR3 parts: 64077 (9.54%)
Alignment failed: low total score: 50132 (7.47%)
Overlapped: 52865 (7.87%)
Overlapped and aligned: 164 (0.02%)
Overlapped and not aligned: 52701 (7.85%)
Alignment-aided overlaps, percent of overlapped and aligned: 2 (1.22%)
No CDR3 parts alignments, percent of successfully aligned: 1083 (12.27%)
Partial aligned reads, percent of successfully aligned: 7713 (87.4%)
V gene chimeras: 148 (0.02%)
J gene chimeras: 103 (0.02%)
Paired-end alignment conflicts eliminated: 7 (0%)
Realigned with forced non-floating bound: 1237016 (184.25%)
Realigned with forced non-floating right bound in left read: 2060 (0.31%)
Realigned with forced non-floating left bound in right read: 2060 (0.31%)
TRA chains: 1299 (14.72%)
TRA non-functional: 0 (0%)
TRB chains: 1201 (13.61%)
TRB non-functional: 0 (0%)
TRD chains: 99 (1.12%)
TRD non-functional: 1 (1.01%)
TRG chains: 128 (1.45%)
TRG non-functional: 0 (0%)
TRAD chains: 509 (5.77%)
TRAD non-functional: 0 (0%)
IGH chains: 2926 (33.16%)
IGH non-functional: 0 (0%)
IGK chains: 2206 (25%)
IGK non-functional: 0 (0%)
IGL chains: 457 (5.18%)
IGL non-functional: 0 (0%)
Trimming report:
  R1 reads trimmed left: 731 (0.11%)
  R1 reads trimmed right: 7 (0%)
  Average R1 nucleotides trimmed left: 0.0021955074020176624
  Average R1 nucleotides trimmed right: 7.894293914988882E-5
  R2 reads trimmed left: 211 (0.03%)
  R2 reads trimmed right: 8 (0%)
  Average R2 nucleotides trimmed left: 4.125885687645132E-4
  Average R2 nucleotides trimmed right: 3.693933756447627E-4
====================
Running:
mixcr assemblePartial --report /hpc/pmc_vanboxtel/projects/TallFlow/3_Output/MIXCR4.3.2/Output/pt2322-DX1BM-TALL4/pt2322-DX1BM-TALL4_Receptor.assemblePartial.report.txt --json-report /hpc/pmc_vanboxtel/projects/TallFlow/3_Output/MIXCR4.3.2/Output/pt2322-DX1BM-TALL4/pt2322-DX1BM-TALL4_Receptor.assemblePartial.report.json /hpc/pmc_vanboxtel/projects/TallFlow/3_Output/MIXCR4.3.2/Output/pt2322-DX1BM-TALL4/pt2322-DX1BM-TALL4_Receptor.vdjca /hpc/pmc_vanboxtel/projects/TallFlow/3_Output/MIXCR4.3.2/Output/pt2322-DX1BM-TALL4/pt2322-DX1BM-TALL4_Receptor.passembled.1.vdjca
Building index: 0%
Searching for overlaps: 0%
============== AssemblePartial Report ==============
Analysis time: 769ms
Total alignments analysed: 8825
Number of output alignments: 8825 (100%)
Alignments already with CDR3 (no overlapping is performed): 29 (0.33%)
Successfully overlapped alignments: 0 (0%)
Left parts with too small N-region (failed to extract k-mer): 877 (9.94%)
Extracted k-mer diversity: 35327
Dropped due to wildcard in k-mer: 0 (0%)
Dropped due to too short NRegion parts in overlap: 5 (0.06%)
Dropped overlaps with empty N region due to no complete NDN coverage: 0 (0%)
Number of left-side alignments: 5401 (61.2%)
Number of right-side alignments: 2128 (24.11%)
Complex overlaps: 0 (0%)
Over-overlaps: 11 (0.12%)
Partial alignments written to output: 8796 (99.67%)
====================
Running:
mixcr assemblePartial --report /hpc/pmc_vanboxtel/projects/TallFlow/3_Output/MIXCR4.3.2/Output/pt2322-DX1BM-TALL4/pt2322-DX1BM-TALL4_Receptor.assemblePartial.report.txt --json-report /hpc/pmc_vanboxtel/projects/TallFlow/3_Output/MIXCR4.3.2/Output/pt2322-DX1BM-TALL4/pt2322-DX1BM-TALL4_Receptor.assemblePartial.report.json /hpc/pmc_vanboxtel/projects/TallFlow/3_Output/MIXCR4.3.2/Output/pt2322-DX1BM-TALL4/pt2322-DX1BM-TALL4_Receptor.passembled.1.vdjca /hpc/pmc_vanboxtel/projects/TallFlow/3_Output/MIXCR4.3.2/Output/pt2322-DX1BM-TALL4/pt2322-DX1BM-TALL4_Receptor.passembled.2.vdjca
Building index: 0%
Searching for overlaps: 0%
============== AssemblePartial Report ==============
Analysis time: 575ms
Total alignments analysed: 8825
Number of output alignments: 8825 (100%)
Alignments already with CDR3 (no overlapping is performed): 29 (0.33%)
Successfully overlapped alignments: 0 (0%)
Left parts with too small N-region (failed to extract k-mer): 877 (9.94%)
Extracted k-mer diversity: 35327
Dropped due to wildcard in k-mer: 0 (0%)
Dropped due to too short NRegion parts in overlap: 5 (0.06%)
Dropped overlaps with empty N region due to no complete NDN coverage: 0 (0%)
Number of left-side alignments: 5401 (61.2%)
Number of right-side alignments: 2128 (24.11%)
Complex overlaps: 0 (0%)
Over-overlaps: 11 (0.12%)
Partial alignments written to output: 8796 (99.67%)
====================
Running:
mixcr extend --report /hpc/pmc_vanboxtel/projects/TallFlow/3_Output/MIXCR4.3.2/Output/pt2322-DX1BM-TALL4/pt2322-DX1BM-TALL4_Receptor.extend.report.txt --json-report /hpc/pmc_vanboxtel/projects/TallFlow/3_Output/MIXCR4.3.2/Output/pt2322-DX1BM-TALL4/pt2322-DX1BM-TALL4_Receptor.extend.report.json /hpc/pmc_vanboxtel/projects/TallFlow/3_Output/MIXCR4.3.2/Output/pt2322-DX1BM-TALL4/pt2322-DX1BM-TALL4_Receptor.passembled.2.vdjca /hpc/pmc_vanboxtel/projects/TallFlow/3_Output/MIXCR4.3.2/Output/pt2322-DX1BM-TALL4/pt2322-DX1BM-TALL4_Receptor.extended.vdjca
Extending alignments: 0%
============== Extend Report ==============
Analysis time: 198ms
Extended alignments count: 0 (0%)
V extensions total: 0 (0%)
V extensions with merged targets: 0 (0%)
J extensions total: 0 (0%)
J extensions with merged targets: 0 (0%)
V+J extensions: 0 (0%)
Mean V extension length: NaN
Mean J extension length: NaN
====================
Running:
mixcr assemble --report /hpc/pmc_vanboxtel/projects/TallFlow/3_Output/MIXCR4.3.2/Output/pt2322-DX1BM-TALL4/pt2322-DX1BM-TALL4_Receptor.assemble.report.txt --json-report /hpc/pmc_vanboxtel/projects/TallFlow/3_Output/MIXCR4.3.2/Output/pt2322-DX1BM-TALL4/pt2322-DX1BM-TALL4_Receptor.assemble.report.json /hpc/pmc_vanboxtel/projects/TallFlow/3_Output/MIXCR4.3.2/Output/pt2322-DX1BM-TALL4/pt2322-DX1BM-TALL4_Receptor.extended.vdjca /hpc/pmc_vanboxtel/projects/TallFlow/3_Output/MIXCR4.3.2/Output/pt2322-DX1BM-TALL4/pt2322-DX1BM-TALL4_Receptor.clna
Initialization: progress unknown
Initialization: progress unknown
============== Assemble Report ==============
Analysis time: 401ms
Final clonotype count: 4
Reads used in clonotypes, percent of total: 29 (0%)
Average number of reads per clonotype: 7.25
Reads dropped due to the lack of a clone sequence, percent of total: 8796 (1.31%)
Reads dropped due to a too short clonal sequence, percent of total: 0 (0%)
Reads dropped due to low quality, percent of total: 0 (0%)
Reads dropped due to failed mapping, percent of total: 0 (0%)
Reads dropped with low quality clones, percent of total: 0 (0%)
Reads used in clonotypes before clustering, percent of total: 29 (0%)
Number of reads used as a core, percent of used: 29 (100%)
Mapped low quality reads, percent of used: 0 (0%)
Reads clustered in PCR error correction, percent of used: 0 (0%)
Reads pre-clustered due to the similar VJC-lists, percent of used: 0 (0%)
Clonotypes dropped as low quality: 0
Clonotypes eliminated by PCR error correction: 0
Clonotypes pre-clustered due to the similar VJC-lists: 0
Clones dropped in post filtering: 0 (0%)
Reads dropped in post filtering: 0.0 (0%)
Alignments filtered by tag prefix: 0 (0%)
TRB chains: 2 (50%)
TRB non-functional: 0 (0%)
TRD chains: 1 (25%)
TRD non-functional: 1 (100%)
TRG chains: 1 (25%)
TRG non-functional: 0 (0%)
====================
Running:
mixcr assembleContigs --report /hpc/pmc_vanboxtel/projects/TallFlow/3_Output/MIXCR4.3.2/Output/pt2322-DX1BM-TALL4/pt2322-DX1BM-TALL4_Receptor.assembleContigs.report.txt --json-report /hpc/pmc_vanboxtel/projects/TallFlow/3_Output/MIXCR4.3.2/Output/pt2322-DX1BM-TALL4/pt2322-DX1BM-TALL4_Receptor.assembleContigs.report.json /hpc/pmc_vanboxtel/projects/TallFlow/3_Output/MIXCR4.3.2/Output/pt2322-DX1BM-TALL4/pt2322-DX1BM-TALL4_Receptor.clna /hpc/pmc_vanboxtel/projects/TallFlow/3_Output/MIXCR4.3.2/Output/pt2322-DX1BM-TALL4/pt2322-DX1BM-TALL4_Receptor.contigs.clns
Assembling contigs: 0%
============== AssembleContigs Report ==============
Analysis time: 183ms
Initial clonotype count: 4
Final clonotype count: 4 (100%)
Canceled assemblies: 0 (0%)
Number of premature termination assembly events, percent of number of initial clonotypes: 0.0 (0%)
Longest contig length: 803
Clustered variants: 0 (0%)
Reads in clustered variants: 0.0 (0%)
Reads in divided (newly created) clones: 0.0 (0%)
Clones with ambiguous letters in splitting region: 0 (0%)
Reads in clones with ambiguous letters in splitting region: 0.0 (0%)
Average number of ambiguous letters per clone with ambiguous letters in splitting region: NaN
====================
Running:
mixcr exportClones /hpc/pmc_vanboxtel/projects/TallFlow/3_Output/MIXCR4.3.2/Output/pt2322-DX1BM-TALL4/pt2322-DX1BM-TALL4_Receptor.contigs.clns /hpc/pmc_vanboxtel/projects/TallFlow/3_Output/MIXCR4.3.2/Output/pt2322-DX1BM-TALL4/pt2322-DX1BM-TALL4_Receptor.clones.tsv
Exporting TRB
Exporting clones: 0%
WARNING: Filtered 2 of 4 clones (50%).
WARNING: Filtered 26.0 of 29.0 reads (10.34%).
Exporting TRAD
Exporting clones: 0%
WARNING: Filtered 1 of 4 clones (75%).
WARNING: Filtered 1.0 of 29.0 reads (96.55%).
Exporting TRG
Exporting clones: 0%
WARNING: Filtered 1 of 4 clones (75%).
WARNING: Filtered 2.0 of 29.0 reads (93.1%).
Analysis finished successfully.
IMPORTANT: MiXCR will use at most 12000MB of RAM,
           use -Xmx to change automatically set heap size (i.e. -Xmx50g to set heap size to 50 Gb)
IMPORTANT: MiXCR will use at most 12000MB of RAM,
           use -Xmx to change automatically set heap size (i.e. -Xmx50g to set heap size to 50 Gb)
IMPORTANT: MiXCR will use at most 12000MB of RAM,
           use -Xmx to change automatically set heap size (i.e. -Xmx50g to set heap size to 50 Gb)
