INFO	2023-05-03 17:11:59	SamToFastq	

********** NOTE: Picard's command line syntax is changing.
**********
********** For more information, please see:
********** https://github.com/broadinstitute/picard/wiki/Command-Line-Syntax-Transition-For-Users-(Pre-Transition)
**********
********** The command line looks like this in the new syntax:
**********
**********    SamToFastq -INPUT /hpc/pmc_vanboxtel/projects/TallFlow/3_Output/MIXCR4.3.2/input/bam/pt2322-DX1BM-TALL1_dedup.bam -OUTPUT_DIR /hpc/pmc_vanboxtel/projects/TallFlow/3_Output/MIXCR4.3.2/input/fastq -RG_TAG ID -OUTPUT_PER_RG true
**********


17:11:59.723 INFO  NativeLibraryLoader - Loading libgkl_compression.so from jar:file:/hpc/local/CentOS7/pmc_vanboxtel/bin/picard-2.24.1/picard.jar!/com/intel/gkl/native/libgkl_compression.so
[Wed May 03 17:11:59 CEST 2023] SamToFastq INPUT=/hpc/pmc_vanboxtel/projects/TallFlow/3_Output/MIXCR4.3.2/input/bam/pt2322-DX1BM-TALL1_dedup.bam OUTPUT_PER_RG=true RG_TAG=ID OUTPUT_DIR=/hpc/pmc_vanboxtel/projects/TallFlow/3_Output/MIXCR4.3.2/input/fastq    COMPRESS_OUTPUTS_PER_RG=false RE_REVERSE=true INTERLEAVE=false INCLUDE_NON_PF_READS=false CLIPPING_MIN_LENGTH=0 READ1_TRIM=0 READ2_TRIM=0 INCLUDE_NON_PRIMARY_ALIGNMENTS=false VERBOSITY=INFO QUIET=false VALIDATION_STRINGENCY=STRICT COMPRESSION_LEVEL=5 MAX_RECORDS_IN_RAM=500000 CREATE_INDEX=false CREATE_MD5_FILE=false GA4GH_CLIENT_SECRETS=client_secrets.json USE_JDK_DEFLATER=false USE_JDK_INFLATER=false
[Wed May 03 17:11:59 CEST 2023] Executing as rhagelaar@n0085.compute.hpc on Linux 3.10.0-1160.83.1.el7.x86_64 amd64; Java HotSpot(TM) 64-Bit Server VM 1.8.0_60-b27; Deflater: Intel; Inflater: Intel; Provider GCS is not available; Picard version: 2.24.1
INFO	2023-05-03 17:12:12	SamToFastq	Processed     1,000,000 records.  Elapsed time: 00:00:12s.  Time for last 1,000,000:   12s.  Last read position: 22:22,928,129
[Wed May 03 17:12:13 CEST 2023] picard.sam.SamToFastq done. Elapsed time: 0.23 minutes.
Runtime.totalMemory()=3670540288
To get help, see http://broadinstitute.github.io/picard/index.html#GettingHelp
Exception in thread "main" htsjdk.samtools.SAMFormatException: SAM validation error: ERROR::MATE_NOT_FOUND:Found 20443 unpaired mates
	at htsjdk.samtools.SAMUtils.processValidationError(SAMUtils.java:469)
	at picard.sam.SamToFastq.doWork(SamToFastq.java:225)
	at picard.cmdline.CommandLineProgram.instanceMain(CommandLineProgram.java:304)
	at picard.cmdline.PicardCommandLine.instanceMain(PicardCommandLine.java:103)
	at picard.cmdline.PicardCommandLine.main(PicardCommandLine.java:113)
/hpc/pmc_vanboxtel/projects/TallFlow/2_Code/MIXCR/
IMPORTANT: MiXCR will use at most 12000MB of RAM,
           use -Xmx to change automatically set heap size (i.e. -Xmx50g to set heap size to 50 Gb)
====================
Running:
mixcr align --report /hpc/pmc_vanboxtel/projects/TallFlow/3_Output/MIXCR4.3.2/Output/pt2322-DX1BM-TALL1/pt2322-DX1BM-TALL1_Receptor.align.report.txt --json-report /hpc/pmc_vanboxtel/projects/TallFlow/3_Output/MIXCR4.3.2/Output/pt2322-DX1BM-TALL1/pt2322-DX1BM-TALL1_Receptor.align.report.json --preset rnaseq-full-length --dna --species hsa /hpc/pmc_vanboxtel/projects/TallFlow/3_Output/MIXCR4.3.2/input/fastq/Merged/pt2322-DX1BM-TALL1_R1.fastq /hpc/pmc_vanboxtel/projects/TallFlow/3_Output/MIXCR4.3.2/input/fastq/Merged/pt2322-DX1BM-TALL1_R2.fastq /hpc/pmc_vanboxtel/projects/TallFlow/3_Output/MIXCR4.3.2/Output/pt2322-DX1BM-TALL1/pt2322-DX1BM-TALL1_Receptor.vdjca
Alignment: 0%
Alignment: 12.2%  ETA: 00:03:03
Alignment: 24.4%  ETA: 00:02:26
Alignment: 36.6%  ETA: 00:02:08
Alignment: 48.9%  ETA: 00:01:36
Alignment: 61.1%  ETA: 00:01:13
Alignment: 73.3%  ETA: 00:00:46
Alignment: 85.5%  ETA: 00:00:27
Alignment: 97.7%  ETA: 00:00:04
============== Align Report ==============
Analysis time: 3.31m
Total sequencing reads: 492739
Successfully aligned reads: 6487 (1.32%)
Alignment failed: no hits (not TCR/IG?): 405911 (82.38%)
Alignment failed: no CDR3 parts: 44877 (9.11%)
Alignment failed: low total score: 35464 (7.2%)
Overlapped: 50471 (10.24%)
Overlapped and aligned: 202 (0.04%)
Overlapped and not aligned: 50269 (10.2%)
Alignment-aided overlaps, percent of overlapped and aligned: 0 (0%)
No CDR3 parts alignments, percent of successfully aligned: 735 (11.33%)
Partial aligned reads, percent of successfully aligned: 5737 (88.44%)
V gene chimeras: 81 (0.02%)
J gene chimeras: 53 (0.01%)
Paired-end alignment conflicts eliminated: 12 (0%)
Realigned with forced non-floating bound: 884536 (179.51%)
Realigned with forced non-floating right bound in left read: 1544 (0.31%)
Realigned with forced non-floating left bound in right read: 1544 (0.31%)
TRA chains: 1124 (17.33%)
TRA non-functional: 0 (0%)
TRB chains: 777 (11.98%)
TRB non-functional: 0 (0%)
TRD chains: 90 (1.39%)
TRD non-functional: 2 (2.22%)
TRG chains: 129 (1.99%)
TRG non-functional: 0 (0%)
TRAD chains: 486 (7.49%)
TRAD non-functional: 0 (0%)
IGH chains: 1326 (20.44%)
IGH non-functional: 0 (0%)
IGK chains: 1351 (20.83%)
IGK non-functional: 0 (0%)
IGL chains: 1204 (18.56%)
IGL non-functional: 0 (0%)
Trimming report:
  R1 reads trimmed left: 577 (0.12%)
  R1 reads trimmed right: 0 (0%)
  Average R1 nucleotides trimmed left: 0.0023237454311511776
  Average R1 nucleotides trimmed right: 0.0
  R2 reads trimmed left: 21 (0%)
  R2 reads trimmed right: 2 (0%)
  Average R2 nucleotides trimmed left: 7.914940769859905E-5
  Average R2 nucleotides trimmed right: 4.0589439845435416E-6
====================
Running:
mixcr assemblePartial --report /hpc/pmc_vanboxtel/projects/TallFlow/3_Output/MIXCR4.3.2/Output/pt2322-DX1BM-TALL1/pt2322-DX1BM-TALL1_Receptor.assemblePartial.report.txt --json-report /hpc/pmc_vanboxtel/projects/TallFlow/3_Output/MIXCR4.3.2/Output/pt2322-DX1BM-TALL1/pt2322-DX1BM-TALL1_Receptor.assemblePartial.report.json /hpc/pmc_vanboxtel/projects/TallFlow/3_Output/MIXCR4.3.2/Output/pt2322-DX1BM-TALL1/pt2322-DX1BM-TALL1_Receptor.vdjca /hpc/pmc_vanboxtel/projects/TallFlow/3_Output/MIXCR4.3.2/Output/pt2322-DX1BM-TALL1/pt2322-DX1BM-TALL1_Receptor.passembled.1.vdjca
Building index: 0%
Searching for overlaps: 0%
============== AssemblePartial Report ==============
Analysis time: 777ms
Total alignments analysed: 6484
Number of output alignments: 6484 (100%)
Alignments already with CDR3 (no overlapping is performed): 15 (0.23%)
Successfully overlapped alignments: 0 (0%)
Left parts with too small N-region (failed to extract k-mer): 711 (10.97%)
Extracted k-mer diversity: 31518
Dropped due to wildcard in k-mer: 0 (0%)
Dropped due to too short NRegion parts in overlap: 2 (0.03%)
Dropped overlaps with empty N region due to no complete NDN coverage: 0 (0%)
Number of left-side alignments: 3789 (58.44%)
Number of right-side alignments: 1763 (27.19%)
Complex overlaps: 0 (0%)
Over-overlaps: 4 (0.06%)
Partial alignments written to output: 6469 (99.77%)
====================
Running:
mixcr assemblePartial --report /hpc/pmc_vanboxtel/projects/TallFlow/3_Output/MIXCR4.3.2/Output/pt2322-DX1BM-TALL1/pt2322-DX1BM-TALL1_Receptor.assemblePartial.report.txt --json-report /hpc/pmc_vanboxtel/projects/TallFlow/3_Output/MIXCR4.3.2/Output/pt2322-DX1BM-TALL1/pt2322-DX1BM-TALL1_Receptor.assemblePartial.report.json /hpc/pmc_vanboxtel/projects/TallFlow/3_Output/MIXCR4.3.2/Output/pt2322-DX1BM-TALL1/pt2322-DX1BM-TALL1_Receptor.passembled.1.vdjca /hpc/pmc_vanboxtel/projects/TallFlow/3_Output/MIXCR4.3.2/Output/pt2322-DX1BM-TALL1/pt2322-DX1BM-TALL1_Receptor.passembled.2.vdjca
Building index: 0%
Searching for overlaps: 0%
============== AssemblePartial Report ==============
Analysis time: 569ms
Total alignments analysed: 6484
Number of output alignments: 6484 (100%)
Alignments already with CDR3 (no overlapping is performed): 15 (0.23%)
Successfully overlapped alignments: 0 (0%)
Left parts with too small N-region (failed to extract k-mer): 711 (10.97%)
Extracted k-mer diversity: 31518
Dropped due to wildcard in k-mer: 0 (0%)
Dropped due to too short NRegion parts in overlap: 2 (0.03%)
Dropped overlaps with empty N region due to no complete NDN coverage: 0 (0%)
Number of left-side alignments: 3789 (58.44%)
Number of right-side alignments: 1763 (27.19%)
Complex overlaps: 0 (0%)
Over-overlaps: 4 (0.06%)
Partial alignments written to output: 6469 (99.77%)
====================
Running:
mixcr extend --report /hpc/pmc_vanboxtel/projects/TallFlow/3_Output/MIXCR4.3.2/Output/pt2322-DX1BM-TALL1/pt2322-DX1BM-TALL1_Receptor.extend.report.txt --json-report /hpc/pmc_vanboxtel/projects/TallFlow/3_Output/MIXCR4.3.2/Output/pt2322-DX1BM-TALL1/pt2322-DX1BM-TALL1_Receptor.extend.report.json /hpc/pmc_vanboxtel/projects/TallFlow/3_Output/MIXCR4.3.2/Output/pt2322-DX1BM-TALL1/pt2322-DX1BM-TALL1_Receptor.passembled.2.vdjca /hpc/pmc_vanboxtel/projects/TallFlow/3_Output/MIXCR4.3.2/Output/pt2322-DX1BM-TALL1/pt2322-DX1BM-TALL1_Receptor.extended.vdjca
Extending alignments: 0%
============== Extend Report ==============
Analysis time: 184ms
Extended alignments count: 0 (0%)
V extensions total: 0 (0%)
V extensions with merged targets: 0 (0%)
J extensions total: 0 (0%)
J extensions with merged targets: 0 (0%)
V+J extensions: 0 (0%)
Mean V extension length: NaN
Mean J extension length: NaN
====================
Running:
mixcr assemble --report /hpc/pmc_vanboxtel/projects/TallFlow/3_Output/MIXCR4.3.2/Output/pt2322-DX1BM-TALL1/pt2322-DX1BM-TALL1_Receptor.assemble.report.txt --json-report /hpc/pmc_vanboxtel/projects/TallFlow/3_Output/MIXCR4.3.2/Output/pt2322-DX1BM-TALL1/pt2322-DX1BM-TALL1_Receptor.assemble.report.json /hpc/pmc_vanboxtel/projects/TallFlow/3_Output/MIXCR4.3.2/Output/pt2322-DX1BM-TALL1/pt2322-DX1BM-TALL1_Receptor.extended.vdjca /hpc/pmc_vanboxtel/projects/TallFlow/3_Output/MIXCR4.3.2/Output/pt2322-DX1BM-TALL1/pt2322-DX1BM-TALL1_Receptor.clna
Initialization: progress unknown
Initialization: progress unknown
============== Assemble Report ==============
Analysis time: 371ms
Final clonotype count: 3
Reads used in clonotypes, percent of total: 15 (0%)
Average number of reads per clonotype: 5
Reads dropped due to the lack of a clone sequence, percent of total: 6469 (1.31%)
Reads dropped due to a too short clonal sequence, percent of total: 0 (0%)
Reads dropped due to low quality, percent of total: 0 (0%)
Reads dropped due to failed mapping, percent of total: 0 (0%)
Reads dropped with low quality clones, percent of total: 0 (0%)
Reads used in clonotypes before clustering, percent of total: 15 (0%)
Number of reads used as a core, percent of used: 14 (93.33%)
Mapped low quality reads, percent of used: 1 (6.67%)
Reads clustered in PCR error correction, percent of used: 0 (0%)
Reads pre-clustered due to the similar VJC-lists, percent of used: 0 (0%)
Clonotypes dropped as low quality: 0
Clonotypes eliminated by PCR error correction: 0
Clonotypes pre-clustered due to the similar VJC-lists: 0
Clones dropped in post filtering: 0 (0%)
Reads dropped in post filtering: 0.0 (0%)
Alignments filtered by tag prefix: 0 (0%)
TRB chains: 1 (33.33%)
TRB non-functional: 0 (0%)
TRD chains: 1 (33.33%)
TRD non-functional: 1 (100%)
TRG chains: 1 (33.33%)
TRG non-functional: 0 (0%)
====================
Running:
mixcr assembleContigs --report /hpc/pmc_vanboxtel/projects/TallFlow/3_Output/MIXCR4.3.2/Output/pt2322-DX1BM-TALL1/pt2322-DX1BM-TALL1_Receptor.assembleContigs.report.txt --json-report /hpc/pmc_vanboxtel/projects/TallFlow/3_Output/MIXCR4.3.2/Output/pt2322-DX1BM-TALL1/pt2322-DX1BM-TALL1_Receptor.assembleContigs.report.json /hpc/pmc_vanboxtel/projects/TallFlow/3_Output/MIXCR4.3.2/Output/pt2322-DX1BM-TALL1/pt2322-DX1BM-TALL1_Receptor.clna /hpc/pmc_vanboxtel/projects/TallFlow/3_Output/MIXCR4.3.2/Output/pt2322-DX1BM-TALL1/pt2322-DX1BM-TALL1_Receptor.contigs.clns
Assembling contigs: 0%
============== AssembleContigs Report ==============
Analysis time: 263ms
Initial clonotype count: 3
Final clonotype count: 3 (100%)
Canceled assemblies: 0 (0%)
Number of premature termination assembly events, percent of number of initial clonotypes: 0.0 (0%)
Longest contig length: 450
Clustered variants: 0 (0%)
Reads in clustered variants: 0.0 (0%)
Reads in divided (newly created) clones: 0.0 (0%)
Clones with ambiguous letters in splitting region: 0 (0%)
Reads in clones with ambiguous letters in splitting region: 0.0 (0%)
Average number of ambiguous letters per clone with ambiguous letters in splitting region: NaN
====================
Running:
mixcr exportClones /hpc/pmc_vanboxtel/projects/TallFlow/3_Output/MIXCR4.3.2/Output/pt2322-DX1BM-TALL1/pt2322-DX1BM-TALL1_Receptor.contigs.clns /hpc/pmc_vanboxtel/projects/TallFlow/3_Output/MIXCR4.3.2/Output/pt2322-DX1BM-TALL1/pt2322-DX1BM-TALL1_Receptor.clones.tsv
Exporting TRB
Exporting clones: 0%
WARNING: Filtered 1 of 3 clones (66.67%).
WARNING: Filtered 7.0 of 15.0 reads (53.33%).
Exporting TRAD
Exporting clones: 0%
WARNING: Filtered 1 of 3 clones (66.67%).
WARNING: Filtered 2.0 of 15.0 reads (86.67%).
Exporting TRG
Exporting clones: 0%
WARNING: Filtered 1 of 3 clones (66.67%).
WARNING: Filtered 6.0 of 15.0 reads (60%).
Analysis finished successfully.
IMPORTANT: MiXCR will use at most 12000MB of RAM,
           use -Xmx to change automatically set heap size (i.e. -Xmx50g to set heap size to 50 Gb)
IMPORTANT: MiXCR will use at most 12000MB of RAM,
           use -Xmx to change automatically set heap size (i.e. -Xmx50g to set heap size to 50 Gb)
IMPORTANT: MiXCR will use at most 12000MB of RAM,
           use -Xmx to change automatically set heap size (i.e. -Xmx50g to set heap size to 50 Gb)
