INFO	2023-05-03 16:59:58	SamToFastq	

********** NOTE: Picard's command line syntax is changing.
**********
********** For more information, please see:
********** https://github.com/broadinstitute/picard/wiki/Command-Line-Syntax-Transition-For-Users-(Pre-Transition)
**********
********** The command line looks like this in the new syntax:
**********
**********    SamToFastq -INPUT /hpc/pmc_vanboxtel/projects/TallFlow/3_Output/MIXCR4.3.2/input/bam/pt2283D-DX1BM-TALL3_dedup.bam -OUTPUT_DIR /hpc/pmc_vanboxtel/projects/TallFlow/3_Output/MIXCR4.3.2/input/fastq -RG_TAG ID -OUTPUT_PER_RG true
**********


16:59:58.905 INFO  NativeLibraryLoader - Loading libgkl_compression.so from jar:file:/hpc/local/CentOS7/pmc_vanboxtel/bin/picard-2.24.1/picard.jar!/com/intel/gkl/native/libgkl_compression.so
[Wed May 03 16:59:58 CEST 2023] SamToFastq INPUT=/hpc/pmc_vanboxtel/projects/TallFlow/3_Output/MIXCR4.3.2/input/bam/pt2283D-DX1BM-TALL3_dedup.bam OUTPUT_PER_RG=true RG_TAG=ID OUTPUT_DIR=/hpc/pmc_vanboxtel/projects/TallFlow/3_Output/MIXCR4.3.2/input/fastq    COMPRESS_OUTPUTS_PER_RG=false RE_REVERSE=true INTERLEAVE=false INCLUDE_NON_PF_READS=false CLIPPING_MIN_LENGTH=0 READ1_TRIM=0 READ2_TRIM=0 INCLUDE_NON_PRIMARY_ALIGNMENTS=false VERBOSITY=INFO QUIET=false VALIDATION_STRINGENCY=STRICT COMPRESSION_LEVEL=5 MAX_RECORDS_IN_RAM=500000 CREATE_INDEX=false CREATE_MD5_FILE=false GA4GH_CLIENT_SECRETS=client_secrets.json USE_JDK_DEFLATER=false USE_JDK_INFLATER=false
[Wed May 03 16:59:58 CEST 2023] Executing as rhagelaar@n0123.compute.hpc on Linux 3.10.0-1160.81.1.el7.x86_64 amd64; Java HotSpot(TM) 64-Bit Server VM 1.8.0_60-b27; Deflater: Intel; Inflater: Intel; Provider GCS is not available; Picard version: 2.24.1
INFO	2023-05-03 17:00:08	SamToFastq	Processed     1,000,000 records.  Elapsed time: 00:00:09s.  Time for last 1,000,000:    9s.  Last read position: 14:105,569,147
[Wed May 03 17:00:12 CEST 2023] picard.sam.SamToFastq done. Elapsed time: 0.23 minutes.
Runtime.totalMemory()=3670540288
To get help, see http://broadinstitute.github.io/picard/index.html#GettingHelp
Exception in thread "main" htsjdk.samtools.SAMFormatException: SAM validation error: ERROR::MATE_NOT_FOUND:Found 29605 unpaired mates
	at htsjdk.samtools.SAMUtils.processValidationError(SAMUtils.java:469)
	at picard.sam.SamToFastq.doWork(SamToFastq.java:225)
	at picard.cmdline.CommandLineProgram.instanceMain(CommandLineProgram.java:304)
	at picard.cmdline.PicardCommandLine.instanceMain(PicardCommandLine.java:103)
	at picard.cmdline.PicardCommandLine.main(PicardCommandLine.java:113)
/hpc/pmc_vanboxtel/projects/TallFlow/2_Code/MIXCR/
IMPORTANT: MiXCR will use at most 12000MB of RAM,
           use -Xmx to change automatically set heap size (i.e. -Xmx50g to set heap size to 50 Gb)
====================
Running:
mixcr align --report /hpc/pmc_vanboxtel/projects/TallFlow/3_Output/MIXCR4.3.2/Output/pt2283D-DX1BM-TALL3/pt2283D-DX1BM-TALL3_Receptor.align.report.txt --json-report /hpc/pmc_vanboxtel/projects/TallFlow/3_Output/MIXCR4.3.2/Output/pt2283D-DX1BM-TALL3/pt2283D-DX1BM-TALL3_Receptor.align.report.json --preset rnaseq-full-length --dna --species hsa /hpc/pmc_vanboxtel/projects/TallFlow/3_Output/MIXCR4.3.2/input/fastq/Merged/pt2283D-DX1BM-TALL3_R1.fastq /hpc/pmc_vanboxtel/projects/TallFlow/3_Output/MIXCR4.3.2/input/fastq/Merged/pt2283D-DX1BM-TALL3_R2.fastq /hpc/pmc_vanboxtel/projects/TallFlow/3_Output/MIXCR4.3.2/Output/pt2283D-DX1BM-TALL3/pt2283D-DX1BM-TALL3_Receptor.vdjca
Alignment: 0%
Alignment: 11.8%  ETA: 00:03:03
Alignment: 23.7%  ETA: 00:02:49
Alignment: 35.5%  ETA: 00:02:16
Alignment: 47.3%  ETA: 00:01:47
Alignment: 59.2%  ETA: 00:01:23
Alignment: 71%  ETA: 00:00:51
Alignment: 82.8%  ETA: 00:00:34
Alignment: 94.7%  ETA: 00:00:09
============== Align Report ==============
Analysis time: 3.47m
Total sequencing reads: 610323
Successfully aligned reads: 7886 (1.29%)
Alignment failed: no hits (not TCR/IG?): 510124 (83.58%)
Alignment failed: no CDR3 parts: 52001 (8.52%)
Alignment failed: low total score: 40312 (6.61%)
Overlapped: 102510 (16.8%)
Overlapped and aligned: 239 (0.04%)
Overlapped and not aligned: 102271 (16.76%)
Alignment-aided overlaps, percent of overlapped and aligned: 3 (1.26%)
No CDR3 parts alignments, percent of successfully aligned: 927 (11.76%)
Partial aligned reads, percent of successfully aligned: 6933 (87.92%)
V gene chimeras: 110 (0.02%)
J gene chimeras: 29 (0%)
Paired-end alignment conflicts eliminated: 27 (0%)
Realigned with forced non-floating bound: 1015632 (166.41%)
Realigned with forced non-floating right bound in left read: 1709 (0.28%)
Realigned with forced non-floating left bound in right read: 1709 (0.28%)
TRA chains: 1183 (15%)
TRA non-functional: 0 (0%)
TRB chains: 850 (10.78%)
TRB non-functional: 0 (0%)
TRD chains: 33 (0.42%)
TRD non-functional: 5 (15.15%)
TRG chains: 196 (2.49%)
TRG non-functional: 10 (5.1%)
TRAD chains: 912 (11.56%)
TRAD non-functional: 0 (0%)
IGH chains: 2103 (26.67%)
IGH non-functional: 0 (0%)
IGK chains: 1506 (19.1%)
IGK non-functional: 0 (0%)
IGL chains: 1103 (13.99%)
IGL non-functional: 0 (0%)
Trimming report:
  R1 reads trimmed left: 1285 (0.21%)
  R1 reads trimmed right: 10 (0%)
  Average R1 nucleotides trimmed left: 0.004151899895629036
  Average R1 nucleotides trimmed right: 1.6384766754652864E-5
  R2 reads trimmed left: 493 (0.08%)
  R2 reads trimmed right: 1 (0%)
  Average R2 nucleotides trimmed left: 8.602002546192754E-4
  Average R2 nucleotides trimmed right: 1.6384766754652865E-6
====================
Running:
mixcr assemblePartial --report /hpc/pmc_vanboxtel/projects/TallFlow/3_Output/MIXCR4.3.2/Output/pt2283D-DX1BM-TALL3/pt2283D-DX1BM-TALL3_Receptor.assemblePartial.report.txt --json-report /hpc/pmc_vanboxtel/projects/TallFlow/3_Output/MIXCR4.3.2/Output/pt2283D-DX1BM-TALL3/pt2283D-DX1BM-TALL3_Receptor.assemblePartial.report.json /hpc/pmc_vanboxtel/projects/TallFlow/3_Output/MIXCR4.3.2/Output/pt2283D-DX1BM-TALL3/pt2283D-DX1BM-TALL3_Receptor.vdjca /hpc/pmc_vanboxtel/projects/TallFlow/3_Output/MIXCR4.3.2/Output/pt2283D-DX1BM-TALL3/pt2283D-DX1BM-TALL3_Receptor.passembled.1.vdjca
Building index: 0%
Searching for overlaps: 0%
============== AssemblePartial Report ==============
Analysis time: 750ms
Total alignments analysed: 7886
Number of output alignments: 7885 (99.99%)
Alignments already with CDR3 (no overlapping is performed): 26 (0.33%)
Successfully overlapped alignments: 1 (0.01%)
Left parts with too small N-region (failed to extract k-mer): 844 (10.7%)
Extracted k-mer diversity: 38834
Dropped due to wildcard in k-mer: 0 (0%)
Dropped due to too short NRegion parts in overlap: 0 (0%)
Dropped overlaps with empty N region due to no complete NDN coverage: 0 (0%)
Number of left-side alignments: 4969 (63.01%)
Number of right-side alignments: 1748 (22.17%)
Complex overlaps: 0 (0%)
Over-overlaps: 6 (0.08%)
Partial alignments written to output: 7858 (99.64%)
====================
Running:
mixcr assemblePartial --report /hpc/pmc_vanboxtel/projects/TallFlow/3_Output/MIXCR4.3.2/Output/pt2283D-DX1BM-TALL3/pt2283D-DX1BM-TALL3_Receptor.assemblePartial.report.txt --json-report /hpc/pmc_vanboxtel/projects/TallFlow/3_Output/MIXCR4.3.2/Output/pt2283D-DX1BM-TALL3/pt2283D-DX1BM-TALL3_Receptor.assemblePartial.report.json /hpc/pmc_vanboxtel/projects/TallFlow/3_Output/MIXCR4.3.2/Output/pt2283D-DX1BM-TALL3/pt2283D-DX1BM-TALL3_Receptor.passembled.1.vdjca /hpc/pmc_vanboxtel/projects/TallFlow/3_Output/MIXCR4.3.2/Output/pt2283D-DX1BM-TALL3/pt2283D-DX1BM-TALL3_Receptor.passembled.2.vdjca
Building index: 0%
Searching for overlaps: 0%
============== AssemblePartial Report ==============
Analysis time: 420ms
Total alignments analysed: 7885
Number of output alignments: 7885 (100%)
Alignments already with CDR3 (no overlapping is performed): 27 (0.34%)
Successfully overlapped alignments: 0 (0%)
Left parts with too small N-region (failed to extract k-mer): 844 (10.7%)
Extracted k-mer diversity: 38825
Dropped due to wildcard in k-mer: 0 (0%)
Dropped due to too short NRegion parts in overlap: 0 (0%)
Dropped overlaps with empty N region due to no complete NDN coverage: 0 (0%)
Number of left-side alignments: 4968 (63.01%)
Number of right-side alignments: 1747 (22.16%)
Complex overlaps: 0 (0%)
Over-overlaps: 6 (0.08%)
Partial alignments written to output: 7858 (99.66%)
====================
Running:
mixcr extend --report /hpc/pmc_vanboxtel/projects/TallFlow/3_Output/MIXCR4.3.2/Output/pt2283D-DX1BM-TALL3/pt2283D-DX1BM-TALL3_Receptor.extend.report.txt --json-report /hpc/pmc_vanboxtel/projects/TallFlow/3_Output/MIXCR4.3.2/Output/pt2283D-DX1BM-TALL3/pt2283D-DX1BM-TALL3_Receptor.extend.report.json /hpc/pmc_vanboxtel/projects/TallFlow/3_Output/MIXCR4.3.2/Output/pt2283D-DX1BM-TALL3/pt2283D-DX1BM-TALL3_Receptor.passembled.2.vdjca /hpc/pmc_vanboxtel/projects/TallFlow/3_Output/MIXCR4.3.2/Output/pt2283D-DX1BM-TALL3/pt2283D-DX1BM-TALL3_Receptor.extended.vdjca
Extending alignments: 0%
============== Extend Report ==============
Analysis time: 182ms
Extended alignments count: 0 (0%)
V extensions total: 0 (0%)
V extensions with merged targets: 0 (0%)
J extensions total: 0 (0%)
J extensions with merged targets: 0 (0%)
V+J extensions: 0 (0%)
Mean V extension length: NaN
Mean J extension length: NaN
====================
Running:
mixcr assemble --report /hpc/pmc_vanboxtel/projects/TallFlow/3_Output/MIXCR4.3.2/Output/pt2283D-DX1BM-TALL3/pt2283D-DX1BM-TALL3_Receptor.assemble.report.txt --json-report /hpc/pmc_vanboxtel/projects/TallFlow/3_Output/MIXCR4.3.2/Output/pt2283D-DX1BM-TALL3/pt2283D-DX1BM-TALL3_Receptor.assemble.report.json /hpc/pmc_vanboxtel/projects/TallFlow/3_Output/MIXCR4.3.2/Output/pt2283D-DX1BM-TALL3/pt2283D-DX1BM-TALL3_Receptor.extended.vdjca /hpc/pmc_vanboxtel/projects/TallFlow/3_Output/MIXCR4.3.2/Output/pt2283D-DX1BM-TALL3/pt2283D-DX1BM-TALL3_Receptor.clna
Initialization: progress unknown
Initialization: progress unknown
============== Assemble Report ==============
Analysis time: 349ms
Final clonotype count: 5
Reads used in clonotypes, percent of total: 26 (0%)
Average number of reads per clonotype: 5.2
Reads dropped due to the lack of a clone sequence, percent of total: 7858 (1.29%)
Reads dropped due to a too short clonal sequence, percent of total: 0 (0%)
Reads dropped due to low quality, percent of total: 0 (0%)
Reads dropped due to failed mapping, percent of total: 2 (0%)
Reads dropped with low quality clones, percent of total: 0 (0%)
Reads used in clonotypes before clustering, percent of total: 26 (0%)
Number of reads used as a core, percent of used: 25 (96.15%)
Mapped low quality reads, percent of used: 1 (3.85%)
Reads clustered in PCR error correction, percent of used: 0 (0%)
Reads pre-clustered due to the similar VJC-lists, percent of used: 0 (0%)
Clonotypes dropped as low quality: 0
Clonotypes eliminated by PCR error correction: 0
Clonotypes pre-clustered due to the similar VJC-lists: 0
Clones dropped in post filtering: 0 (0%)
Reads dropped in post filtering: 0.0 (0%)
Alignments filtered by tag prefix: 0 (0%)
TRB chains: 1 (20%)
TRB non-functional: 0 (0%)
TRD chains: 2 (40%)
TRD non-functional: 2 (100%)
TRG chains: 2 (40%)
TRG non-functional: 1 (50%)
====================
Running:
mixcr assembleContigs --report /hpc/pmc_vanboxtel/projects/TallFlow/3_Output/MIXCR4.3.2/Output/pt2283D-DX1BM-TALL3/pt2283D-DX1BM-TALL3_Receptor.assembleContigs.report.txt --json-report /hpc/pmc_vanboxtel/projects/TallFlow/3_Output/MIXCR4.3.2/Output/pt2283D-DX1BM-TALL3/pt2283D-DX1BM-TALL3_Receptor.assembleContigs.report.json /hpc/pmc_vanboxtel/projects/TallFlow/3_Output/MIXCR4.3.2/Output/pt2283D-DX1BM-TALL3/pt2283D-DX1BM-TALL3_Receptor.clna /hpc/pmc_vanboxtel/projects/TallFlow/3_Output/MIXCR4.3.2/Output/pt2283D-DX1BM-TALL3/pt2283D-DX1BM-TALL3_Receptor.contigs.clns
Assembling contigs: 0%
============== AssembleContigs Report ==============
Analysis time: 153ms
Initial clonotype count: 5
Final clonotype count: 5 (100%)
Canceled assemblies: 0 (0%)
Number of premature termination assembly events, percent of number of initial clonotypes: 0.0 (0%)
Longest contig length: 728
Clustered variants: 0 (0%)
Reads in clustered variants: 0.0 (0%)
Reads in divided (newly created) clones: 0.0 (0%)
Clones with ambiguous letters in splitting region: 0 (0%)
Reads in clones with ambiguous letters in splitting region: 0.0 (0%)
Average number of ambiguous letters per clone with ambiguous letters in splitting region: NaN
====================
Running:
mixcr exportClones /hpc/pmc_vanboxtel/projects/TallFlow/3_Output/MIXCR4.3.2/Output/pt2283D-DX1BM-TALL3/pt2283D-DX1BM-TALL3_Receptor.contigs.clns /hpc/pmc_vanboxtel/projects/TallFlow/3_Output/MIXCR4.3.2/Output/pt2283D-DX1BM-TALL3/pt2283D-DX1BM-TALL3_Receptor.clones.tsv
Exporting TRB
Exporting clones: 0%
WARNING: Filtered 1 of 5 clones (80%).
WARNING: Filtered 2.0 of 26.0 reads (92.31%).
Exporting TRAD
Exporting clones: 0%
WARNING: Filtered 2 of 5 clones (60%).
WARNING: Filtered 5.0 of 26.0 reads (80.77%).
Exporting TRG
Exporting clones: 0%
WARNING: Filtered 2 of 5 clones (60%).
WARNING: Filtered 19.0 of 26.0 reads (26.92%).
Analysis finished successfully.
IMPORTANT: MiXCR will use at most 12000MB of RAM,
           use -Xmx to change automatically set heap size (i.e. -Xmx50g to set heap size to 50 Gb)
IMPORTANT: MiXCR will use at most 12000MB of RAM,
           use -Xmx to change automatically set heap size (i.e. -Xmx50g to set heap size to 50 Gb)
IMPORTANT: MiXCR will use at most 12000MB of RAM,
           use -Xmx to change automatically set heap size (i.e. -Xmx50g to set heap size to 50 Gb)
