INFO	2023-05-03 17:05:20	SamToFastq	

********** NOTE: Picard's command line syntax is changing.
**********
********** For more information, please see:
********** https://github.com/broadinstitute/picard/wiki/Command-Line-Syntax-Transition-For-Users-(Pre-Transition)
**********
********** The command line looks like this in the new syntax:
**********
**********    SamToFastq -INPUT /hpc/pmc_vanboxtel/projects/TallFlow/3_Output/MIXCR4.3.2/input/bam/pt2283D-DX1BM-TALL8_dedup.bam -OUTPUT_DIR /hpc/pmc_vanboxtel/projects/TallFlow/3_Output/MIXCR4.3.2/input/fastq -RG_TAG ID -OUTPUT_PER_RG true
**********


17:05:21.115 INFO  NativeLibraryLoader - Loading libgkl_compression.so from jar:file:/hpc/local/CentOS7/pmc_vanboxtel/bin/picard-2.24.1/picard.jar!/com/intel/gkl/native/libgkl_compression.so
[Wed May 03 17:05:21 CEST 2023] SamToFastq INPUT=/hpc/pmc_vanboxtel/projects/TallFlow/3_Output/MIXCR4.3.2/input/bam/pt2283D-DX1BM-TALL8_dedup.bam OUTPUT_PER_RG=true RG_TAG=ID OUTPUT_DIR=/hpc/pmc_vanboxtel/projects/TallFlow/3_Output/MIXCR4.3.2/input/fastq    COMPRESS_OUTPUTS_PER_RG=false RE_REVERSE=true INTERLEAVE=false INCLUDE_NON_PF_READS=false CLIPPING_MIN_LENGTH=0 READ1_TRIM=0 READ2_TRIM=0 INCLUDE_NON_PRIMARY_ALIGNMENTS=false VERBOSITY=INFO QUIET=false VALIDATION_STRINGENCY=STRICT COMPRESSION_LEVEL=5 MAX_RECORDS_IN_RAM=500000 CREATE_INDEX=false CREATE_MD5_FILE=false GA4GH_CLIENT_SECRETS=client_secrets.json USE_JDK_DEFLATER=false USE_JDK_INFLATER=false
[Wed May 03 17:05:21 CEST 2023] Executing as rhagelaar@n0075.compute.hpc on Linux 3.10.0-1160.62.1.el7.x86_64 amd64; Java HotSpot(TM) 64-Bit Server VM 1.8.0_60-b27; Deflater: Intel; Inflater: Intel; Provider GCS is not available; Picard version: 2.24.1
INFO	2023-05-03 17:05:33	SamToFastq	Processed     1,000,000 records.  Elapsed time: 00:00:12s.  Time for last 1,000,000:   12s.  Last read position: 22:22,340,154
[Wed May 03 17:05:35 CEST 2023] picard.sam.SamToFastq done. Elapsed time: 0.24 minutes.
Runtime.totalMemory()=3670540288
To get help, see http://broadinstitute.github.io/picard/index.html#GettingHelp
Exception in thread "main" htsjdk.samtools.SAMFormatException: SAM validation error: ERROR::MATE_NOT_FOUND:Found 20094 unpaired mates
	at htsjdk.samtools.SAMUtils.processValidationError(SAMUtils.java:469)
	at picard.sam.SamToFastq.doWork(SamToFastq.java:225)
	at picard.cmdline.CommandLineProgram.instanceMain(CommandLineProgram.java:304)
	at picard.cmdline.PicardCommandLine.instanceMain(PicardCommandLine.java:103)
	at picard.cmdline.PicardCommandLine.main(PicardCommandLine.java:113)
/hpc/pmc_vanboxtel/projects/TallFlow/2_Code/MIXCR/
IMPORTANT: MiXCR will use at most 2839MB of RAM,
           use -Xmx to change automatically set heap size (i.e. -Xmx50g to set heap size to 50 Gb)
====================
Running:
mixcr align --report /hpc/pmc_vanboxtel/projects/TallFlow/3_Output/MIXCR4.3.2/Output/pt2283D-DX1BM-TALL8/pt2283D-DX1BM-TALL8_Receptor.align.report.txt --json-report /hpc/pmc_vanboxtel/projects/TallFlow/3_Output/MIXCR4.3.2/Output/pt2283D-DX1BM-TALL8/pt2283D-DX1BM-TALL8_Receptor.align.report.json --preset rnaseq-full-length --dna --species hsa /hpc/pmc_vanboxtel/projects/TallFlow/3_Output/MIXCR4.3.2/input/fastq/Merged/pt2283D-DX1BM-TALL8_R1.fastq /hpc/pmc_vanboxtel/projects/TallFlow/3_Output/MIXCR4.3.2/input/fastq/Merged/pt2283D-DX1BM-TALL8_R2.fastq /hpc/pmc_vanboxtel/projects/TallFlow/3_Output/MIXCR4.3.2/Output/pt2283D-DX1BM-TALL8/pt2283D-DX1BM-TALL8_Receptor.vdjca
Alignment: 0%
Alignment: 11.1%  ETA: 00:03:15
Alignment: 22.1%  ETA: 00:03:03
Alignment: 33.2%  ETA: 00:02:44
Alignment: 44.2%  ETA: 00:02:12
Alignment: 55.3%  ETA: 00:01:49
Alignment: 66.3%  ETA: 00:01:19
Alignment: 77.4%  ETA: 00:00:53
Alignment: 88.4%  ETA: 00:00:30
Alignment: 99.5%  ETA: 00:00:01
============== Align Report ==============
Analysis time: 4.12m
Total sequencing reads: 544396
Successfully aligned reads: 7504 (1.38%)
Alignment failed: no hits (not TCR/IG?): 440237 (80.87%)
Alignment failed: no CDR3 parts: 54844 (10.07%)
Alignment failed: low total score: 41811 (7.68%)
Overlapped: 34644 (6.36%)
Overlapped and aligned: 154 (0.03%)
Overlapped and not aligned: 34490 (6.34%)
Alignment-aided overlaps, percent of overlapped and aligned: 10 (6.49%)
No CDR3 parts alignments, percent of successfully aligned: 893 (11.9%)
Partial aligned reads, percent of successfully aligned: 6597 (87.91%)
V gene chimeras: 110 (0.02%)
J gene chimeras: 29 (0.01%)
Paired-end alignment conflicts eliminated: 15 (0%)
Realigned with forced non-floating bound: 1019524 (187.28%)
Realigned with forced non-floating right bound in left read: 1752 (0.32%)
Realigned with forced non-floating left bound in right read: 1752 (0.32%)
TRA chains: 948 (12.63%)
TRA non-functional: 0 (0%)
TRB chains: 909 (12.11%)
TRB non-functional: 0 (0%)
TRD chains: 39 (0.52%)
TRD non-functional: 3 (7.69%)
TRG chains: 184 (2.45%)
TRG non-functional: 5 (2.72%)
TRAD chains: 835 (11.13%)
TRAD non-functional: 0 (0%)
IGH chains: 1595 (21.26%)
IGH non-functional: 0 (0%)
IGK chains: 1459 (19.44%)
IGK non-functional: 0 (0%)
IGL chains: 1535 (20.46%)
IGL non-functional: 0 (0%)
Trimming report:
  R1 reads trimmed left: 1138 (0.21%)
  R1 reads trimmed right: 2 (0%)
  Average R1 nucleotides trimmed left: 0.004092609056642591
  Average R1 nucleotides trimmed right: 3.6737962806486455E-6
  R2 reads trimmed left: 429 (0.08%)
  R2 reads trimmed right: 0 (0%)
  Average R2 nucleotides trimmed left: 8.578314315314588E-4
  Average R2 nucleotides trimmed right: 0.0
====================
Running:
mixcr assemblePartial --report /hpc/pmc_vanboxtel/projects/TallFlow/3_Output/MIXCR4.3.2/Output/pt2283D-DX1BM-TALL8/pt2283D-DX1BM-TALL8_Receptor.assemblePartial.report.txt --json-report /hpc/pmc_vanboxtel/projects/TallFlow/3_Output/MIXCR4.3.2/Output/pt2283D-DX1BM-TALL8/pt2283D-DX1BM-TALL8_Receptor.assemblePartial.report.json /hpc/pmc_vanboxtel/projects/TallFlow/3_Output/MIXCR4.3.2/Output/pt2283D-DX1BM-TALL8/pt2283D-DX1BM-TALL8_Receptor.vdjca /hpc/pmc_vanboxtel/projects/TallFlow/3_Output/MIXCR4.3.2/Output/pt2283D-DX1BM-TALL8/pt2283D-DX1BM-TALL8_Receptor.passembled.1.vdjca
Building index: 0.3%
Searching for overlaps: 0%
============== AssemblePartial Report ==============
Analysis time: 895ms
Total alignments analysed: 7504
Number of output alignments: 7503 (99.99%)
Alignments already with CDR3 (no overlapping is performed): 18 (0.24%)
Successfully overlapped alignments: 1 (0.01%)
Left parts with too small N-region (failed to extract k-mer): 885 (11.79%)
Extracted k-mer diversity: 39260
Dropped due to wildcard in k-mer: 0 (0%)
Dropped due to too short NRegion parts in overlap: 3 (0.04%)
Dropped overlaps with empty N region due to no complete NDN coverage: 0 (0%)
Number of left-side alignments: 4864 (64.82%)
Number of right-side alignments: 1493 (19.9%)
Complex overlaps: 0 (0%)
Over-overlaps: 5 (0.07%)
Partial alignments written to output: 7484 (99.73%)
====================
Running:
mixcr assemblePartial --report /hpc/pmc_vanboxtel/projects/TallFlow/3_Output/MIXCR4.3.2/Output/pt2283D-DX1BM-TALL8/pt2283D-DX1BM-TALL8_Receptor.assemblePartial.report.txt --json-report /hpc/pmc_vanboxtel/projects/TallFlow/3_Output/MIXCR4.3.2/Output/pt2283D-DX1BM-TALL8/pt2283D-DX1BM-TALL8_Receptor.assemblePartial.report.json /hpc/pmc_vanboxtel/projects/TallFlow/3_Output/MIXCR4.3.2/Output/pt2283D-DX1BM-TALL8/pt2283D-DX1BM-TALL8_Receptor.passembled.1.vdjca /hpc/pmc_vanboxtel/projects/TallFlow/3_Output/MIXCR4.3.2/Output/pt2283D-DX1BM-TALL8/pt2283D-DX1BM-TALL8_Receptor.passembled.2.vdjca
Building index: 0%
Searching for overlaps: 0%
============== AssemblePartial Report ==============
Analysis time: 929ms
Total alignments analysed: 7503
Number of output alignments: 7503 (100%)
Alignments already with CDR3 (no overlapping is performed): 19 (0.25%)
Successfully overlapped alignments: 0 (0%)
Left parts with too small N-region (failed to extract k-mer): 885 (11.8%)
Extracted k-mer diversity: 39255
Dropped due to wildcard in k-mer: 0 (0%)
Dropped due to too short NRegion parts in overlap: 3 (0.04%)
Dropped overlaps with empty N region due to no complete NDN coverage: 0 (0%)
Number of left-side alignments: 4863 (64.81%)
Number of right-side alignments: 1492 (19.89%)
Complex overlaps: 0 (0%)
Over-overlaps: 5 (0.07%)
Partial alignments written to output: 7484 (99.75%)
====================
Running:
mixcr extend --report /hpc/pmc_vanboxtel/projects/TallFlow/3_Output/MIXCR4.3.2/Output/pt2283D-DX1BM-TALL8/pt2283D-DX1BM-TALL8_Receptor.extend.report.txt --json-report /hpc/pmc_vanboxtel/projects/TallFlow/3_Output/MIXCR4.3.2/Output/pt2283D-DX1BM-TALL8/pt2283D-DX1BM-TALL8_Receptor.extend.report.json /hpc/pmc_vanboxtel/projects/TallFlow/3_Output/MIXCR4.3.2/Output/pt2283D-DX1BM-TALL8/pt2283D-DX1BM-TALL8_Receptor.passembled.2.vdjca /hpc/pmc_vanboxtel/projects/TallFlow/3_Output/MIXCR4.3.2/Output/pt2283D-DX1BM-TALL8/pt2283D-DX1BM-TALL8_Receptor.extended.vdjca
Extending alignments: 0%
============== Extend Report ==============
Analysis time: 230ms
Extended alignments count: 4 (0.05%)
V extensions total: 1 (0.01%)
V extensions with merged targets: 0 (0%)
J extensions total: 3 (0.04%)
J extensions with merged targets: 0 (0%)
V+J extensions: 0 (0%)
Mean V extension length: 2.0
Mean J extension length: 3.3333333333333335
====================
Running:
mixcr assemble --report /hpc/pmc_vanboxtel/projects/TallFlow/3_Output/MIXCR4.3.2/Output/pt2283D-DX1BM-TALL8/pt2283D-DX1BM-TALL8_Receptor.assemble.report.txt --json-report /hpc/pmc_vanboxtel/projects/TallFlow/3_Output/MIXCR4.3.2/Output/pt2283D-DX1BM-TALL8/pt2283D-DX1BM-TALL8_Receptor.assemble.report.json /hpc/pmc_vanboxtel/projects/TallFlow/3_Output/MIXCR4.3.2/Output/pt2283D-DX1BM-TALL8/pt2283D-DX1BM-TALL8_Receptor.extended.vdjca /hpc/pmc_vanboxtel/projects/TallFlow/3_Output/MIXCR4.3.2/Output/pt2283D-DX1BM-TALL8/pt2283D-DX1BM-TALL8_Receptor.clna
Initialization: progress unknown
Initialization: progress unknown
============== Assemble Report ==============
Analysis time: 459ms
Final clonotype count: 2
Reads used in clonotypes, percent of total: 14 (0%)
Average number of reads per clonotype: 7
Reads dropped due to the lack of a clone sequence, percent of total: 7484 (1.37%)
Reads dropped due to a too short clonal sequence, percent of total: 0 (0%)
Reads dropped due to low quality, percent of total: 0 (0%)
Reads dropped due to failed mapping, percent of total: 6 (0%)
Reads dropped with low quality clones, percent of total: 0 (0%)
Reads used in clonotypes before clustering, percent of total: 14 (0%)
Number of reads used as a core, percent of used: 14 (100%)
Mapped low quality reads, percent of used: 0 (0%)
Reads clustered in PCR error correction, percent of used: 0 (0%)
Reads pre-clustered due to the similar VJC-lists, percent of used: 0 (0%)
Clonotypes dropped as low quality: 0
Clonotypes eliminated by PCR error correction: 0
Clonotypes pre-clustered due to the similar VJC-lists: 0
Clones dropped in post filtering: 0 (0%)
Reads dropped in post filtering: 0.0 (0%)
Alignments filtered by tag prefix: 0 (0%)
TRD chains: 1 (50%)
TRD non-functional: 1 (100%)
TRG chains: 1 (50%)
TRG non-functional: 1 (100%)
====================
Running:
mixcr assembleContigs --report /hpc/pmc_vanboxtel/projects/TallFlow/3_Output/MIXCR4.3.2/Output/pt2283D-DX1BM-TALL8/pt2283D-DX1BM-TALL8_Receptor.assembleContigs.report.txt --json-report /hpc/pmc_vanboxtel/projects/TallFlow/3_Output/MIXCR4.3.2/Output/pt2283D-DX1BM-TALL8/pt2283D-DX1BM-TALL8_Receptor.assembleContigs.report.json /hpc/pmc_vanboxtel/projects/TallFlow/3_Output/MIXCR4.3.2/Output/pt2283D-DX1BM-TALL8/pt2283D-DX1BM-TALL8_Receptor.clna /hpc/pmc_vanboxtel/projects/TallFlow/3_Output/MIXCR4.3.2/Output/pt2283D-DX1BM-TALL8/pt2283D-DX1BM-TALL8_Receptor.contigs.clns
Assembling contigs: 0%
============== AssembleContigs Report ==============
Analysis time: 290ms
Initial clonotype count: 2
Final clonotype count: 2 (100%)
Canceled assemblies: 0 (0%)
Number of premature termination assembly events, percent of number of initial clonotypes: 0.0 (0%)
Longest contig length: 616
Clustered variants: 0 (0%)
Reads in clustered variants: 0.0 (0%)
Reads in divided (newly created) clones: 0.0 (0%)
Clones with ambiguous letters in splitting region: 0 (0%)
Reads in clones with ambiguous letters in splitting region: 0.0 (0%)
Average number of ambiguous letters per clone with ambiguous letters in splitting region: NaN
====================
Running:
mixcr exportClones /hpc/pmc_vanboxtel/projects/TallFlow/3_Output/MIXCR4.3.2/Output/pt2283D-DX1BM-TALL8/pt2283D-DX1BM-TALL8_Receptor.contigs.clns /hpc/pmc_vanboxtel/projects/TallFlow/3_Output/MIXCR4.3.2/Output/pt2283D-DX1BM-TALL8/pt2283D-DX1BM-TALL8_Receptor.clones.tsv
Exporting TRAD
Exporting clones: 0%
WARNING: Filtered 1 of 2 clones (50%).
WARNING: Filtered 6.0 of 14.0 reads (57.14%).
Exporting TRG
Exporting clones: 0%
WARNING: Filtered 1 of 2 clones (50%).
WARNING: Filtered 8.0 of 14.0 reads (42.86%).
Analysis finished successfully.
IMPORTANT: MiXCR will use at most 3969MB of RAM,
           use -Xmx to change automatically set heap size (i.e. -Xmx50g to set heap size to 50 Gb)
IMPORTANT: MiXCR will use at most 3809MB of RAM,
           use -Xmx to change automatically set heap size (i.e. -Xmx50g to set heap size to 50 Gb)
IMPORTANT: MiXCR will use at most 3677MB of RAM,
           use -Xmx to change automatically set heap size (i.e. -Xmx50g to set heap size to 50 Gb)
