INFO	2023-05-03 17:19:25	SamToFastq	

********** NOTE: Picard's command line syntax is changing.
**********
********** For more information, please see:
********** https://github.com/broadinstitute/picard/wiki/Command-Line-Syntax-Transition-For-Users-(Pre-Transition)
**********
********** The command line looks like this in the new syntax:
**********
**********    SamToFastq -INPUT /hpc/pmc_vanboxtel/projects/TallFlow/3_Output/MIXCR4.3.2/input/bam/pt2283R-DX1BM-ALLBULK-iSPCD4_dedup.bam -OUTPUT_DIR /hpc/pmc_vanboxtel/projects/TallFlow/3_Output/MIXCR4.3.2/input/fastq -RG_TAG ID -OUTPUT_PER_RG true
**********


17:19:26.238 INFO  NativeLibraryLoader - Loading libgkl_compression.so from jar:file:/hpc/local/CentOS7/pmc_vanboxtel/bin/picard-2.24.1/picard.jar!/com/intel/gkl/native/libgkl_compression.so
[Wed May 03 17:19:26 CEST 2023] SamToFastq INPUT=/hpc/pmc_vanboxtel/projects/TallFlow/3_Output/MIXCR4.3.2/input/bam/pt2283R-DX1BM-ALLBULK-iSPCD4_dedup.bam OUTPUT_PER_RG=true RG_TAG=ID OUTPUT_DIR=/hpc/pmc_vanboxtel/projects/TallFlow/3_Output/MIXCR4.3.2/input/fastq    COMPRESS_OUTPUTS_PER_RG=false RE_REVERSE=true INTERLEAVE=false INCLUDE_NON_PF_READS=false CLIPPING_MIN_LENGTH=0 READ1_TRIM=0 READ2_TRIM=0 INCLUDE_NON_PRIMARY_ALIGNMENTS=false VERBOSITY=INFO QUIET=false VALIDATION_STRINGENCY=STRICT COMPRESSION_LEVEL=5 MAX_RECORDS_IN_RAM=500000 CREATE_INDEX=false CREATE_MD5_FILE=false GA4GH_CLIENT_SECRETS=client_secrets.json USE_JDK_DEFLATER=false USE_JDK_INFLATER=false
[Wed May 03 17:19:26 CEST 2023] Executing as rhagelaar@n0091.compute.hpc on Linux 3.10.0-1160.83.1.el7.x86_64 amd64; Java HotSpot(TM) 64-Bit Server VM 1.8.0_60-b27; Deflater: Intel; Inflater: Intel; Provider GCS is not available; Picard version: 2.24.1
INFO	2023-05-03 17:19:36	SamToFastq	Processed     1,000,000 records.  Elapsed time: 00:00:10s.  Time for last 1,000,000:   10s.  Last read position: 7:142,087,139
INFO	2023-05-03 17:19:45	SamToFastq	Processed     2,000,000 records.  Elapsed time: 00:00:19s.  Time for last 1,000,000:    8s.  Last read position: 14:106,309,257
[Wed May 03 17:19:51 CEST 2023] picard.sam.SamToFastq done. Elapsed time: 0.42 minutes.
Runtime.totalMemory()=5846859776
To get help, see http://broadinstitute.github.io/picard/index.html#GettingHelp
Exception in thread "main" htsjdk.samtools.SAMFormatException: SAM validation error: ERROR::MATE_NOT_FOUND:Found 49581 unpaired mates
	at htsjdk.samtools.SAMUtils.processValidationError(SAMUtils.java:469)
	at picard.sam.SamToFastq.doWork(SamToFastq.java:225)
	at picard.cmdline.CommandLineProgram.instanceMain(CommandLineProgram.java:304)
	at picard.cmdline.PicardCommandLine.instanceMain(PicardCommandLine.java:103)
	at picard.cmdline.PicardCommandLine.main(PicardCommandLine.java:113)
/hpc/pmc_vanboxtel/projects/TallFlow/2_Code/MIXCR/
IMPORTANT: MiXCR will use at most 6054MB of RAM,
           use -Xmx to change automatically set heap size (i.e. -Xmx50g to set heap size to 50 Gb)
====================
Running:
mixcr align --report /hpc/pmc_vanboxtel/projects/TallFlow/3_Output/MIXCR4.3.2/Output/pt2283R-DX1BM-ALLBULK-iSPCD4/pt2283R-DX1BM-ALLBULK-iSPCD4_Receptor.align.report.txt --json-report /hpc/pmc_vanboxtel/projects/TallFlow/3_Output/MIXCR4.3.2/Output/pt2283R-DX1BM-ALLBULK-iSPCD4/pt2283R-DX1BM-ALLBULK-iSPCD4_Receptor.align.report.json --preset rnaseq-full-length --dna --species hsa /hpc/pmc_vanboxtel/projects/TallFlow/3_Output/MIXCR4.3.2/input/fastq/Merged/pt2283R-DX1BM-ALLBULK-iSPCD4_R1.fastq /hpc/pmc_vanboxtel/projects/TallFlow/3_Output/MIXCR4.3.2/input/fastq/Merged/pt2283R-DX1BM-ALLBULK-iSPCD4_R2.fastq /hpc/pmc_vanboxtel/projects/TallFlow/3_Output/MIXCR4.3.2/Output/pt2283R-DX1BM-ALLBULK-iSPCD4/pt2283R-DX1BM-ALLBULK-iSPCD4_Receptor.vdjca
Alignment: 0%
Alignment: 10.6%  ETA: 00:06:05
Alignment: 21.2%  ETA: 00:06:20
Alignment: 31.9%  ETA: 00:05:14
Alignment: 42.5%  ETA: 00:04:03
Alignment: 53.1%  ETA: 00:03:47
Alignment: 63.7%  ETA: 00:02:30
Alignment: 74.4%  ETA: 00:02:01
Alignment: 85%  ETA: 00:01:03
Alignment: 95.6%  ETA: 00:00:19
============== Align Report ==============
Analysis time: 7.6m
Total sequencing reads: 1246237
Successfully aligned reads: 11805 (0.95%)
Alignment failed: no hits (not TCR/IG?): 1006961 (80.8%)
Alignment failed: no CDR3 parts: 126175 (10.12%)
Alignment failed: low total score: 101296 (8.13%)
Overlapped: 121235 (9.73%)
Overlapped and aligned: 159 (0.01%)
Overlapped and not aligned: 121076 (9.72%)
Alignment-aided overlaps, percent of overlapped and aligned: 2 (1.26%)
No CDR3 parts alignments, percent of successfully aligned: 1768 (14.98%)
Partial aligned reads, percent of successfully aligned: 9963 (84.4%)
V gene chimeras: 261 (0.02%)
J gene chimeras: 69 (0.01%)
Paired-end alignment conflicts eliminated: 17 (0%)
Realigned with forced non-floating bound: 2250008 (180.54%)
Realigned with forced non-floating right bound in left read: 5013 (0.4%)
Realigned with forced non-floating left bound in right read: 5013 (0.4%)
TRA chains: 439 (3.72%)
TRA non-functional: 26 (5.92%)
TRB chains: 970 (8.22%)
TRB non-functional: 12 (1.24%)
TRD chains: 1 (0.01%)
TRD non-functional: 0 (0%)
TRG chains: 118 (1%)
TRG non-functional: 26 (22.03%)
TRAD chains: 249 (2.11%)
TRAD non-functional: 0 (0%)
IGH chains: 4341 (36.77%)
IGH non-functional: 0 (0%)
IGK chains: 2705 (22.91%)
IGK non-functional: 0 (0%)
IGL chains: 2982 (25.26%)
IGL non-functional: 0 (0%)
Trimming report:
  R1 reads trimmed left: 516 (0.04%)
  R1 reads trimmed right: 23 (0%)
  Average R1 nucleotides trimmed left: 9.083344500283654E-4
  Average R1 nucleotides trimmed right: 7.301981886270429E-5
  R2 reads trimmed left: 146 (0.01%)
  R2 reads trimmed right: 18 (0%)
  Average R2 nucleotides trimmed left: 2.3430535283417198E-4
  Average R2 nucleotides trimmed right: 5.576788363690052E-4
====================
Running:
mixcr assemblePartial --report /hpc/pmc_vanboxtel/projects/TallFlow/3_Output/MIXCR4.3.2/Output/pt2283R-DX1BM-ALLBULK-iSPCD4/pt2283R-DX1BM-ALLBULK-iSPCD4_Receptor.assemblePartial.report.txt --json-report /hpc/pmc_vanboxtel/projects/TallFlow/3_Output/MIXCR4.3.2/Output/pt2283R-DX1BM-ALLBULK-iSPCD4/pt2283R-DX1BM-ALLBULK-iSPCD4_Receptor.assemblePartial.report.json /hpc/pmc_vanboxtel/projects/TallFlow/3_Output/MIXCR4.3.2/Output/pt2283R-DX1BM-ALLBULK-iSPCD4/pt2283R-DX1BM-ALLBULK-iSPCD4_Receptor.vdjca /hpc/pmc_vanboxtel/projects/TallFlow/3_Output/MIXCR4.3.2/Output/pt2283R-DX1BM-ALLBULK-iSPCD4/pt2283R-DX1BM-ALLBULK-iSPCD4_Receptor.passembled.1.vdjca
Building index: 0%
Searching for overlaps: 0%
============== AssemblePartial Report ==============
Analysis time: 1.15s
Total alignments analysed: 11804
Number of output alignments: 11795 (99.92%)
Alignments already with CDR3 (no overlapping is performed): 78 (0.66%)
Successfully overlapped alignments: 9 (0.08%)
Left parts with too small N-region (failed to extract k-mer): 1602 (13.57%)
Extracted k-mer diversity: 33687
Dropped due to wildcard in k-mer: 0 (0%)
Dropped due to too short NRegion parts in overlap: 4 (0.03%)
Dropped overlaps with empty N region due to no complete NDN coverage: 0 (0%)
Number of left-side alignments: 7927 (67.16%)
Number of right-side alignments: 1683 (14.26%)
Complex overlaps: 0 (0%)
Over-overlaps: 7 (0.06%)
Partial alignments written to output: 11708 (99.19%)
====================
Running:
mixcr assemblePartial --report /hpc/pmc_vanboxtel/projects/TallFlow/3_Output/MIXCR4.3.2/Output/pt2283R-DX1BM-ALLBULK-iSPCD4/pt2283R-DX1BM-ALLBULK-iSPCD4_Receptor.assemblePartial.report.txt --json-report /hpc/pmc_vanboxtel/projects/TallFlow/3_Output/MIXCR4.3.2/Output/pt2283R-DX1BM-ALLBULK-iSPCD4/pt2283R-DX1BM-ALLBULK-iSPCD4_Receptor.assemblePartial.report.json /hpc/pmc_vanboxtel/projects/TallFlow/3_Output/MIXCR4.3.2/Output/pt2283R-DX1BM-ALLBULK-iSPCD4/pt2283R-DX1BM-ALLBULK-iSPCD4_Receptor.passembled.1.vdjca /hpc/pmc_vanboxtel/projects/TallFlow/3_Output/MIXCR4.3.2/Output/pt2283R-DX1BM-ALLBULK-iSPCD4/pt2283R-DX1BM-ALLBULK-iSPCD4_Receptor.passembled.2.vdjca
Building index: 0.2%
Searching for overlaps: 0.5%
============== AssemblePartial Report ==============
Analysis time: 987ms
Total alignments analysed: 11795
Number of output alignments: 11795 (100%)
Alignments already with CDR3 (no overlapping is performed): 87 (0.74%)
Successfully overlapped alignments: 0 (0%)
Left parts with too small N-region (failed to extract k-mer): 1602 (13.58%)
Extracted k-mer diversity: 33634
Dropped due to wildcard in k-mer: 0 (0%)
Dropped due to too short NRegion parts in overlap: 3 (0.03%)
Dropped overlaps with empty N region due to no complete NDN coverage: 0 (0%)
Number of left-side alignments: 7918 (67.13%)
Number of right-side alignments: 1674 (14.19%)
Complex overlaps: 0 (0%)
Over-overlaps: 8 (0.07%)
Partial alignments written to output: 11708 (99.26%)
====================
Running:
mixcr extend --report /hpc/pmc_vanboxtel/projects/TallFlow/3_Output/MIXCR4.3.2/Output/pt2283R-DX1BM-ALLBULK-iSPCD4/pt2283R-DX1BM-ALLBULK-iSPCD4_Receptor.extend.report.txt --json-report /hpc/pmc_vanboxtel/projects/TallFlow/3_Output/MIXCR4.3.2/Output/pt2283R-DX1BM-ALLBULK-iSPCD4/pt2283R-DX1BM-ALLBULK-iSPCD4_Receptor.extend.report.json /hpc/pmc_vanboxtel/projects/TallFlow/3_Output/MIXCR4.3.2/Output/pt2283R-DX1BM-ALLBULK-iSPCD4/pt2283R-DX1BM-ALLBULK-iSPCD4_Receptor.passembled.2.vdjca /hpc/pmc_vanboxtel/projects/TallFlow/3_Output/MIXCR4.3.2/Output/pt2283R-DX1BM-ALLBULK-iSPCD4/pt2283R-DX1BM-ALLBULK-iSPCD4_Receptor.extended.vdjca
Extending alignments: 0%
============== Extend Report ==============
Analysis time: 215ms
Extended alignments count: 3 (0.03%)
V extensions total: 2 (0.02%)
V extensions with merged targets: 0 (0%)
J extensions total: 1 (0.01%)
J extensions with merged targets: 0 (0%)
V+J extensions: 0 (0%)
Mean V extension length: 4.0
Mean J extension length: 17.0
====================
Running:
mixcr assemble --report /hpc/pmc_vanboxtel/projects/TallFlow/3_Output/MIXCR4.3.2/Output/pt2283R-DX1BM-ALLBULK-iSPCD4/pt2283R-DX1BM-ALLBULK-iSPCD4_Receptor.assemble.report.txt --json-report /hpc/pmc_vanboxtel/projects/TallFlow/3_Output/MIXCR4.3.2/Output/pt2283R-DX1BM-ALLBULK-iSPCD4/pt2283R-DX1BM-ALLBULK-iSPCD4_Receptor.assemble.report.json /hpc/pmc_vanboxtel/projects/TallFlow/3_Output/MIXCR4.3.2/Output/pt2283R-DX1BM-ALLBULK-iSPCD4/pt2283R-DX1BM-ALLBULK-iSPCD4_Receptor.extended.vdjca /hpc/pmc_vanboxtel/projects/TallFlow/3_Output/MIXCR4.3.2/Output/pt2283R-DX1BM-ALLBULK-iSPCD4/pt2283R-DX1BM-ALLBULK-iSPCD4_Receptor.clna
Initialization: progress unknown
Initialization: progress unknown
============== Assemble Report ==============
Analysis time: 356ms
Final clonotype count: 9
Reads used in clonotypes, percent of total: 94 (0.01%)
Average number of reads per clonotype: 10.44
Reads dropped due to the lack of a clone sequence, percent of total: 11709 (0.94%)
Reads dropped due to a too short clonal sequence, percent of total: 0 (0%)
Reads dropped due to low quality, percent of total: 0 (0%)
Reads dropped due to failed mapping, percent of total: 1 (0%)
Reads dropped with low quality clones, percent of total: 0 (0%)
Reads used in clonotypes before clustering, percent of total: 94 (0.01%)
Number of reads used as a core, percent of used: 92 (97.87%)
Mapped low quality reads, percent of used: 2 (2.13%)
Reads clustered in PCR error correction, percent of used: 0 (0%)
Reads pre-clustered due to the similar VJC-lists, percent of used: 0 (0%)
Clonotypes dropped as low quality: 0
Clonotypes eliminated by PCR error correction: 0
Clonotypes pre-clustered due to the similar VJC-lists: 0
Clones dropped in post filtering: 0 (0%)
Reads dropped in post filtering: 0.0 (0%)
Alignments filtered by tag prefix: 0 (0%)
TRA chains: 5 (55.56%)
TRA non-functional: 5 (100%)
TRB chains: 2 (22.22%)
TRB non-functional: 1 (50%)
TRG chains: 2 (22.22%)
TRG non-functional: 2 (100%)
====================
Running:
mixcr assembleContigs --report /hpc/pmc_vanboxtel/projects/TallFlow/3_Output/MIXCR4.3.2/Output/pt2283R-DX1BM-ALLBULK-iSPCD4/pt2283R-DX1BM-ALLBULK-iSPCD4_Receptor.assembleContigs.report.txt --json-report /hpc/pmc_vanboxtel/projects/TallFlow/3_Output/MIXCR4.3.2/Output/pt2283R-DX1BM-ALLBULK-iSPCD4/pt2283R-DX1BM-ALLBULK-iSPCD4_Receptor.assembleContigs.report.json /hpc/pmc_vanboxtel/projects/TallFlow/3_Output/MIXCR4.3.2/Output/pt2283R-DX1BM-ALLBULK-iSPCD4/pt2283R-DX1BM-ALLBULK-iSPCD4_Receptor.clna /hpc/pmc_vanboxtel/projects/TallFlow/3_Output/MIXCR4.3.2/Output/pt2283R-DX1BM-ALLBULK-iSPCD4/pt2283R-DX1BM-ALLBULK-iSPCD4_Receptor.contigs.clns
Assembling contigs: 0%
============== AssembleContigs Report ==============
Analysis time: 212ms
Initial clonotype count: 9
Final clonotype count: 9 (100%)
Canceled assemblies: 0 (0%)
Number of premature termination assembly events, percent of number of initial clonotypes: 0.0 (0%)
Longest contig length: 743
Clustered variants: 0 (0%)
Reads in clustered variants: 0.0 (0%)
Reads in divided (newly created) clones: 0.0 (0%)
Clones with ambiguous letters in splitting region: 0 (0%)
Reads in clones with ambiguous letters in splitting region: 0.0 (0%)
Average number of ambiguous letters per clone with ambiguous letters in splitting region: NaN
====================
Running:
mixcr exportClones /hpc/pmc_vanboxtel/projects/TallFlow/3_Output/MIXCR4.3.2/Output/pt2283R-DX1BM-ALLBULK-iSPCD4/pt2283R-DX1BM-ALLBULK-iSPCD4_Receptor.contigs.clns /hpc/pmc_vanboxtel/projects/TallFlow/3_Output/MIXCR4.3.2/Output/pt2283R-DX1BM-ALLBULK-iSPCD4/pt2283R-DX1BM-ALLBULK-iSPCD4_Receptor.clones.tsv
Exporting TRB
Exporting clones: 0%
WARNING: Filtered 2 of 9 clones (77.78%).
WARNING: Filtered 37.0 of 94.0 reads (60.64%).
Exporting TRAD
Exporting clones: 0%
WARNING: Filtered 5 of 9 clones (44.44%).
WARNING: Filtered 28.0 of 94.0 reads (70.21%).
Exporting TRG
Exporting clones: 0%
WARNING: Filtered 2 of 9 clones (77.78%).
WARNING: Filtered 29.0 of 94.0 reads (69.15%).
Analysis finished successfully.
IMPORTANT: MiXCR will use at most 4002MB of RAM,
           use -Xmx to change automatically set heap size (i.e. -Xmx50g to set heap size to 50 Gb)
IMPORTANT: MiXCR will use at most 3990MB of RAM,
           use -Xmx to change automatically set heap size (i.e. -Xmx50g to set heap size to 50 Gb)
IMPORTANT: MiXCR will use at most 3899MB of RAM,
           use -Xmx to change automatically set heap size (i.e. -Xmx50g to set heap size to 50 Gb)
