INFO	2023-05-03 17:14:56	SamToFastq	

********** NOTE: Picard's command line syntax is changing.
**********
********** For more information, please see:
********** https://github.com/broadinstitute/picard/wiki/Command-Line-Syntax-Transition-For-Users-(Pre-Transition)
**********
********** The command line looks like this in the new syntax:
**********
**********    SamToFastq -INPUT /hpc/pmc_vanboxtel/projects/TallFlow/3_Output/MIXCR4.3.2/input/bam/pt2322-DX1BM-TALL3_dedup.bam -OUTPUT_DIR /hpc/pmc_vanboxtel/projects/TallFlow/3_Output/MIXCR4.3.2/input/fastq -RG_TAG ID -OUTPUT_PER_RG true
**********


17:14:56.550 INFO  NativeLibraryLoader - Loading libgkl_compression.so from jar:file:/hpc/local/CentOS7/pmc_vanboxtel/bin/picard-2.24.1/picard.jar!/com/intel/gkl/native/libgkl_compression.so
[Wed May 03 17:14:56 CEST 2023] SamToFastq INPUT=/hpc/pmc_vanboxtel/projects/TallFlow/3_Output/MIXCR4.3.2/input/bam/pt2322-DX1BM-TALL3_dedup.bam OUTPUT_PER_RG=true RG_TAG=ID OUTPUT_DIR=/hpc/pmc_vanboxtel/projects/TallFlow/3_Output/MIXCR4.3.2/input/fastq    COMPRESS_OUTPUTS_PER_RG=false RE_REVERSE=true INTERLEAVE=false INCLUDE_NON_PF_READS=false CLIPPING_MIN_LENGTH=0 READ1_TRIM=0 READ2_TRIM=0 INCLUDE_NON_PRIMARY_ALIGNMENTS=false VERBOSITY=INFO QUIET=false VALIDATION_STRINGENCY=STRICT COMPRESSION_LEVEL=5 MAX_RECORDS_IN_RAM=500000 CREATE_INDEX=false CREATE_MD5_FILE=false GA4GH_CLIENT_SECRETS=client_secrets.json USE_JDK_DEFLATER=false USE_JDK_INFLATER=false
[Wed May 03 17:14:56 CEST 2023] Executing as rhagelaar@n0089.compute.hpc on Linux 3.10.0-1160.83.1.el7.x86_64 amd64; Java HotSpot(TM) 64-Bit Server VM 1.8.0_60-b27; Deflater: Intel; Inflater: Intel; Provider GCS is not available; Picard version: 2.24.1
INFO	2023-05-03 17:15:07	SamToFastq	Processed     1,000,000 records.  Elapsed time: 00:00:10s.  Time for last 1,000,000:   10s.  Last read position: 14:105,948,559
[Wed May 03 17:15:11 CEST 2023] picard.sam.SamToFastq done. Elapsed time: 0.25 minutes.
Runtime.totalMemory()=5778702336
To get help, see http://broadinstitute.github.io/picard/index.html#GettingHelp
Exception in thread "main" htsjdk.samtools.SAMFormatException: SAM validation error: ERROR::MATE_NOT_FOUND:Found 23738 unpaired mates
	at htsjdk.samtools.SAMUtils.processValidationError(SAMUtils.java:469)
	at picard.sam.SamToFastq.doWork(SamToFastq.java:225)
	at picard.cmdline.CommandLineProgram.instanceMain(CommandLineProgram.java:304)
	at picard.cmdline.PicardCommandLine.instanceMain(PicardCommandLine.java:103)
	at picard.cmdline.PicardCommandLine.main(PicardCommandLine.java:113)
/hpc/pmc_vanboxtel/projects/TallFlow/2_Code/MIXCR/
IMPORTANT: MiXCR will use at most 12000MB of RAM,
           use -Xmx to change automatically set heap size (i.e. -Xmx50g to set heap size to 50 Gb)
====================
Running:
mixcr align --report /hpc/pmc_vanboxtel/projects/TallFlow/3_Output/MIXCR4.3.2/Output/pt2322-DX1BM-TALL3/pt2322-DX1BM-TALL3_Receptor.align.report.txt --json-report /hpc/pmc_vanboxtel/projects/TallFlow/3_Output/MIXCR4.3.2/Output/pt2322-DX1BM-TALL3/pt2322-DX1BM-TALL3_Receptor.align.report.json --preset rnaseq-full-length --dna --species hsa /hpc/pmc_vanboxtel/projects/TallFlow/3_Output/MIXCR4.3.2/input/fastq/Merged/pt2322-DX1BM-TALL3_R1.fastq /hpc/pmc_vanboxtel/projects/TallFlow/3_Output/MIXCR4.3.2/input/fastq/Merged/pt2322-DX1BM-TALL3_R2.fastq /hpc/pmc_vanboxtel/projects/TallFlow/3_Output/MIXCR4.3.2/Output/pt2322-DX1BM-TALL3/pt2322-DX1BM-TALL3_Receptor.vdjca
Alignment: 0%
Alignment: 10.8%  ETA: 00:03:45
Alignment: 21.5%  ETA: 00:03:30
Alignment: 32.3%  ETA: 00:03:03
Alignment: 43.1%  ETA: 00:02:22
Alignment: 53.8%  ETA: 00:02:00
Alignment: 64.6%  ETA: 00:01:25
Alignment: 75.4%  ETA: 00:01:01
Alignment: 86.1%  ETA: 00:00:36
Alignment: 96.9%  ETA: 00:00:07
============== Align Report ==============
Analysis time: 4.41m
Total sequencing reads: 670685
Successfully aligned reads: 9102 (1.36%)
Alignment failed: no hits (not TCR/IG?): 541869 (80.79%)
Alignment failed: no CDR3 parts: 66841 (9.97%)
Alignment failed: low total score: 52873 (7.88%)
Overlapped: 55376 (8.26%)
Overlapped and aligned: 222 (0.03%)
Overlapped and not aligned: 55154 (8.22%)
Alignment-aided overlaps, percent of overlapped and aligned: 3 (1.35%)
No CDR3 parts alignments, percent of successfully aligned: 1422 (15.62%)
Partial aligned reads, percent of successfully aligned: 7661 (84.17%)
V gene chimeras: 161 (0.02%)
J gene chimeras: 54 (0.01%)
Paired-end alignment conflicts eliminated: 15 (0%)
Realigned with forced non-floating bound: 1230624 (183.49%)
Realigned with forced non-floating right bound in left read: 2187 (0.33%)
Realigned with forced non-floating left bound in right read: 2187 (0.33%)
TRA chains: 938 (10.31%)
TRA non-functional: 0 (0%)
TRB chains: 1072 (11.78%)
TRB non-functional: 1 (0.09%)
TRD chains: 42 (0.46%)
TRD non-functional: 3 (7.14%)
TRG chains: 57 (0.63%)
TRG non-functional: 0 (0%)
TRAD chains: 599 (6.58%)
TRAD non-functional: 0 (0%)
IGH chains: 3237 (35.56%)
IGH non-functional: 0 (0%)
IGK chains: 1173 (12.89%)
IGK non-functional: 0 (0%)
IGL chains: 1984 (21.8%)
IGL non-functional: 0 (0%)
Trimming report:
  R1 reads trimmed left: 760 (0.11%)
  R1 reads trimmed right: 2 (0%)
  Average R1 nucleotides trimmed left: 0.0022529205215563192
  Average R1 nucleotides trimmed right: 1.7892155035523384E-5
  R2 reads trimmed left: 222 (0.03%)
  R2 reads trimmed right: 6 (0%)
  Average R2 nucleotides trimmed left: 4.905432505572661E-4
  Average R2 nucleotides trimmed right: 2.4452611881881954E-4
====================
Running:
mixcr assemblePartial --report /hpc/pmc_vanboxtel/projects/TallFlow/3_Output/MIXCR4.3.2/Output/pt2322-DX1BM-TALL3/pt2322-DX1BM-TALL3_Receptor.assemblePartial.report.txt --json-report /hpc/pmc_vanboxtel/projects/TallFlow/3_Output/MIXCR4.3.2/Output/pt2322-DX1BM-TALL3/pt2322-DX1BM-TALL3_Receptor.assemblePartial.report.json /hpc/pmc_vanboxtel/projects/TallFlow/3_Output/MIXCR4.3.2/Output/pt2322-DX1BM-TALL3/pt2322-DX1BM-TALL3_Receptor.vdjca /hpc/pmc_vanboxtel/projects/TallFlow/3_Output/MIXCR4.3.2/Output/pt2322-DX1BM-TALL3/pt2322-DX1BM-TALL3_Receptor.passembled.1.vdjca
Building index: 0%
Searching for overlaps: 0%
============== AssemblePartial Report ==============
Analysis time: 1.06s
Total alignments analysed: 9102
Number of output alignments: 9099 (99.97%)
Alignments already with CDR3 (no overlapping is performed): 20 (0.22%)
Successfully overlapped alignments: 3 (0.03%)
Left parts with too small N-region (failed to extract k-mer): 1020 (11.21%)
Extracted k-mer diversity: 37875
Dropped due to wildcard in k-mer: 0 (0%)
Dropped due to too short NRegion parts in overlap: 2 (0.02%)
Dropped overlaps with empty N region due to no complete NDN coverage: 0 (0%)
Number of left-side alignments: 5687 (62.48%)
Number of right-side alignments: 1822 (20.02%)
Complex overlaps: 0 (0%)
Over-overlaps: 8 (0.09%)
Partial alignments written to output: 9076 (99.71%)
====================
Running:
mixcr assemblePartial --report /hpc/pmc_vanboxtel/projects/TallFlow/3_Output/MIXCR4.3.2/Output/pt2322-DX1BM-TALL3/pt2322-DX1BM-TALL3_Receptor.assemblePartial.report.txt --json-report /hpc/pmc_vanboxtel/projects/TallFlow/3_Output/MIXCR4.3.2/Output/pt2322-DX1BM-TALL3/pt2322-DX1BM-TALL3_Receptor.assemblePartial.report.json /hpc/pmc_vanboxtel/projects/TallFlow/3_Output/MIXCR4.3.2/Output/pt2322-DX1BM-TALL3/pt2322-DX1BM-TALL3_Receptor.passembled.1.vdjca /hpc/pmc_vanboxtel/projects/TallFlow/3_Output/MIXCR4.3.2/Output/pt2322-DX1BM-TALL3/pt2322-DX1BM-TALL3_Receptor.passembled.2.vdjca
Building index: 15.3%
Searching for overlaps: 0%
============== AssemblePartial Report ==============
Analysis time: 862ms
Total alignments analysed: 9099
Number of output alignments: 9099 (100%)
Alignments already with CDR3 (no overlapping is performed): 23 (0.25%)
Successfully overlapped alignments: 0 (0%)
Left parts with too small N-region (failed to extract k-mer): 1020 (11.21%)
Extracted k-mer diversity: 37871
Dropped due to wildcard in k-mer: 0 (0%)
Dropped due to too short NRegion parts in overlap: 0 (0%)
Dropped overlaps with empty N region due to no complete NDN coverage: 0 (0%)
Number of left-side alignments: 5684 (62.47%)
Number of right-side alignments: 1819 (19.99%)
Complex overlaps: 0 (0%)
Over-overlaps: 8 (0.09%)
Partial alignments written to output: 9076 (99.75%)
====================
Running:
mixcr extend --report /hpc/pmc_vanboxtel/projects/TallFlow/3_Output/MIXCR4.3.2/Output/pt2322-DX1BM-TALL3/pt2322-DX1BM-TALL3_Receptor.extend.report.txt --json-report /hpc/pmc_vanboxtel/projects/TallFlow/3_Output/MIXCR4.3.2/Output/pt2322-DX1BM-TALL3/pt2322-DX1BM-TALL3_Receptor.extend.report.json /hpc/pmc_vanboxtel/projects/TallFlow/3_Output/MIXCR4.3.2/Output/pt2322-DX1BM-TALL3/pt2322-DX1BM-TALL3_Receptor.passembled.2.vdjca /hpc/pmc_vanboxtel/projects/TallFlow/3_Output/MIXCR4.3.2/Output/pt2322-DX1BM-TALL3/pt2322-DX1BM-TALL3_Receptor.extended.vdjca
Extending alignments: 0%
============== Extend Report ==============
Analysis time: 297ms
Extended alignments count: 2 (0.02%)
V extensions total: 0 (0%)
V extensions with merged targets: 0 (0%)
J extensions total: 2 (0.02%)
J extensions with merged targets: 0 (0%)
V+J extensions: 0 (0%)
Mean V extension length: NaN
Mean J extension length: 2.0
====================
Running:
mixcr assemble --report /hpc/pmc_vanboxtel/projects/TallFlow/3_Output/MIXCR4.3.2/Output/pt2322-DX1BM-TALL3/pt2322-DX1BM-TALL3_Receptor.assemble.report.txt --json-report /hpc/pmc_vanboxtel/projects/TallFlow/3_Output/MIXCR4.3.2/Output/pt2322-DX1BM-TALL3/pt2322-DX1BM-TALL3_Receptor.assemble.report.json /hpc/pmc_vanboxtel/projects/TallFlow/3_Output/MIXCR4.3.2/Output/pt2322-DX1BM-TALL3/pt2322-DX1BM-TALL3_Receptor.extended.vdjca /hpc/pmc_vanboxtel/projects/TallFlow/3_Output/MIXCR4.3.2/Output/pt2322-DX1BM-TALL3/pt2322-DX1BM-TALL3_Receptor.clna
Initialization: progress unknown
Initialization: progress unknown
============== Assemble Report ==============
Analysis time: 427ms
Final clonotype count: 6
Reads used in clonotypes, percent of total: 25 (0%)
Average number of reads per clonotype: 4.17
Reads dropped due to the lack of a clone sequence, percent of total: 9076 (1.35%)
Reads dropped due to a too short clonal sequence, percent of total: 0 (0%)
Reads dropped due to low quality, percent of total: 0 (0%)
Reads dropped due to failed mapping, percent of total: 1 (0%)
Reads dropped with low quality clones, percent of total: 0 (0%)
Reads used in clonotypes before clustering, percent of total: 25 (0%)
Number of reads used as a core, percent of used: 25 (100%)
Mapped low quality reads, percent of used: 0 (0%)
Reads clustered in PCR error correction, percent of used: 0 (0%)
Reads pre-clustered due to the similar VJC-lists, percent of used: 0 (0%)
Clonotypes dropped as low quality: 0
Clonotypes eliminated by PCR error correction: 0
Clonotypes pre-clustered due to the similar VJC-lists: 0
Clones dropped in post filtering: 0 (0%)
Reads dropped in post filtering: 0.0 (0%)
Alignments filtered by tag prefix: 0 (0%)
TRB chains: 3 (50%)
TRB non-functional: 1 (33.33%)
TRD chains: 1 (16.67%)
TRD non-functional: 1 (100%)
TRG chains: 2 (33.33%)
TRG non-functional: 0 (0%)
====================
Running:
mixcr assembleContigs --report /hpc/pmc_vanboxtel/projects/TallFlow/3_Output/MIXCR4.3.2/Output/pt2322-DX1BM-TALL3/pt2322-DX1BM-TALL3_Receptor.assembleContigs.report.txt --json-report /hpc/pmc_vanboxtel/projects/TallFlow/3_Output/MIXCR4.3.2/Output/pt2322-DX1BM-TALL3/pt2322-DX1BM-TALL3_Receptor.assembleContigs.report.json /hpc/pmc_vanboxtel/projects/TallFlow/3_Output/MIXCR4.3.2/Output/pt2322-DX1BM-TALL3/pt2322-DX1BM-TALL3_Receptor.clna /hpc/pmc_vanboxtel/projects/TallFlow/3_Output/MIXCR4.3.2/Output/pt2322-DX1BM-TALL3/pt2322-DX1BM-TALL3_Receptor.contigs.clns
Assembling contigs: 0%
============== AssembleContigs Report ==============
Analysis time: 258ms
Initial clonotype count: 6
Final clonotype count: 6 (100%)
Canceled assemblies: 0 (0%)
Number of premature termination assembly events, percent of number of initial clonotypes: 0.0 (0%)
Longest contig length: 664
Clustered variants: 0 (0%)
Reads in clustered variants: 0.0 (0%)
Reads in divided (newly created) clones: 0.0 (0%)
Clones with ambiguous letters in splitting region: 0 (0%)
Reads in clones with ambiguous letters in splitting region: 0.0 (0%)
Average number of ambiguous letters per clone with ambiguous letters in splitting region: NaN
====================
Running:
mixcr exportClones /hpc/pmc_vanboxtel/projects/TallFlow/3_Output/MIXCR4.3.2/Output/pt2322-DX1BM-TALL3/pt2322-DX1BM-TALL3_Receptor.contigs.clns /hpc/pmc_vanboxtel/projects/TallFlow/3_Output/MIXCR4.3.2/Output/pt2322-DX1BM-TALL3/pt2322-DX1BM-TALL3_Receptor.clones.tsv
Exporting TRB
Exporting clones: 0%
WARNING: Filtered 3 of 6 clones (50%).
WARNING: Filtered 8.0 of 25.0 reads (68%).
Exporting TRAD
Exporting clones: 0%
WARNING: Filtered 1 of 6 clones (83.33%).
WARNING: Filtered 3.0 of 25.0 reads (88%).
Exporting TRG
Exporting clones: 0%
WARNING: Filtered 2 of 6 clones (66.67%).
WARNING: Filtered 14.0 of 25.0 reads (44%).
Analysis finished successfully.
IMPORTANT: MiXCR will use at most 12000MB of RAM,
           use -Xmx to change automatically set heap size (i.e. -Xmx50g to set heap size to 50 Gb)
IMPORTANT: MiXCR will use at most 12000MB of RAM,
           use -Xmx to change automatically set heap size (i.e. -Xmx50g to set heap size to 50 Gb)
IMPORTANT: MiXCR will use at most 12000MB of RAM,
           use -Xmx to change automatically set heap size (i.e. -Xmx50g to set heap size to 50 Gb)
