basename: missing operand
Try 'basename --help' for more information.
=== No License ===

To use MiXCR, please, provide a valid license.

If you already have a license, activate it by calling:
  mixcr activate-license

You can also activate the license via a special file, environment
variable or other means, please check the docs at
  https://github.com/milaboratory/mixcr/wiki/Using-license

Academic users can quickly get a license at
  https://licensing.milaboratories.com.

Commercial trial license may be requested at
  https://licensing.milaboratories.com
or by email to
  licensing@milaboratories.com.
=== No License ===

To use MiXCR, please, provide a valid license.

If you already have a license, activate it by calling:
  mixcr activate-license

You can also activate the license via a special file, environment
variable or other means, please check the docs at
  https://github.com/milaboratory/mixcr/wiki/Using-license

Academic users can quickly get a license at
  https://licensing.milaboratories.com.

Commercial trial license may be requested at
  https://licensing.milaboratories.com
or by email to
  licensing@milaboratories.com.
