INFO	2023-05-03 17:16:22	SamToFastq	

********** NOTE: Picard's command line syntax is changing.
**********
********** For more information, please see:
********** https://github.com/broadinstitute/picard/wiki/Command-Line-Syntax-Transition-For-Users-(Pre-Transition)
**********
********** The command line looks like this in the new syntax:
**********
**********    SamToFastq -INPUT /hpc/pmc_vanboxtel/projects/TallFlow/3_Output/MIXCR4.3.2/input/bam/pt2283D-DX1BM-ALLBULK-SPCD4_dedup.bam -OUTPUT_DIR /hpc/pmc_vanboxtel/projects/TallFlow/3_Output/MIXCR4.3.2/input/fastq -RG_TAG ID -OUTPUT_PER_RG true
**********


17:16:22.358 INFO  NativeLibraryLoader - Loading libgkl_compression.so from jar:file:/hpc/local/CentOS7/pmc_vanboxtel/bin/picard-2.24.1/picard.jar!/com/intel/gkl/native/libgkl_compression.so
[Wed May 03 17:16:22 CEST 2023] SamToFastq INPUT=/hpc/pmc_vanboxtel/projects/TallFlow/3_Output/MIXCR4.3.2/input/bam/pt2283D-DX1BM-ALLBULK-SPCD4_dedup.bam OUTPUT_PER_RG=true RG_TAG=ID OUTPUT_DIR=/hpc/pmc_vanboxtel/projects/TallFlow/3_Output/MIXCR4.3.2/input/fastq    COMPRESS_OUTPUTS_PER_RG=false RE_REVERSE=true INTERLEAVE=false INCLUDE_NON_PF_READS=false CLIPPING_MIN_LENGTH=0 READ1_TRIM=0 READ2_TRIM=0 INCLUDE_NON_PRIMARY_ALIGNMENTS=false VERBOSITY=INFO QUIET=false VALIDATION_STRINGENCY=STRICT COMPRESSION_LEVEL=5 MAX_RECORDS_IN_RAM=500000 CREATE_INDEX=false CREATE_MD5_FILE=false GA4GH_CLIENT_SECRETS=client_secrets.json USE_JDK_DEFLATER=false USE_JDK_INFLATER=false
[Wed May 03 17:16:22 CEST 2023] Executing as rhagelaar@n0114.compute.hpc on Linux 3.10.0-1160.81.1.el7.x86_64 amd64; Java HotSpot(TM) 64-Bit Server VM 1.8.0_60-b27; Deflater: Intel; Inflater: Intel; Provider GCS is not available; Picard version: 2.24.1
INFO	2023-05-03 17:16:31	SamToFastq	Processed     1,000,000 records.  Elapsed time: 00:00:08s.  Time for last 1,000,000:    8s.  Last read position: 7:38,939,825
INFO	2023-05-03 17:16:39	SamToFastq	Processed     2,000,000 records.  Elapsed time: 00:00:16s.  Time for last 1,000,000:    7s.  Last read position: 14:105,710,764
[Wed May 03 17:16:45 CEST 2023] picard.sam.SamToFastq done. Elapsed time: 0.38 minutes.
Runtime.totalMemory()=5858394112
To get help, see http://broadinstitute.github.io/picard/index.html#GettingHelp
Exception in thread "main" htsjdk.samtools.SAMFormatException: SAM validation error: ERROR::MATE_NOT_FOUND:Found 63610 unpaired mates
	at htsjdk.samtools.SAMUtils.processValidationError(SAMUtils.java:469)
	at picard.sam.SamToFastq.doWork(SamToFastq.java:225)
	at picard.cmdline.CommandLineProgram.instanceMain(CommandLineProgram.java:304)
	at picard.cmdline.PicardCommandLine.instanceMain(PicardCommandLine.java:103)
	at picard.cmdline.PicardCommandLine.main(PicardCommandLine.java:113)
/hpc/pmc_vanboxtel/projects/TallFlow/2_Code/MIXCR/
IMPORTANT: MiXCR will use at most 4673MB of RAM,
           use -Xmx to change automatically set heap size (i.e. -Xmx50g to set heap size to 50 Gb)
====================
Running:
mixcr align --report /hpc/pmc_vanboxtel/projects/TallFlow/3_Output/MIXCR4.3.2/Output/pt2283D-DX1BM-ALLBULK-SPCD4/pt2283D-DX1BM-ALLBULK-SPCD4_Receptor.align.report.txt --json-report /hpc/pmc_vanboxtel/projects/TallFlow/3_Output/MIXCR4.3.2/Output/pt2283D-DX1BM-ALLBULK-SPCD4/pt2283D-DX1BM-ALLBULK-SPCD4_Receptor.align.report.json --preset rnaseq-full-length --dna --species hsa /hpc/pmc_vanboxtel/projects/TallFlow/3_Output/MIXCR4.3.2/input/fastq/Merged/pt2283D-DX1BM-ALLBULK-SPCD4_R1.fastq /hpc/pmc_vanboxtel/projects/TallFlow/3_Output/MIXCR4.3.2/input/fastq/Merged/pt2283D-DX1BM-ALLBULK-SPCD4_R2.fastq /hpc/pmc_vanboxtel/projects/TallFlow/3_Output/MIXCR4.3.2/Output/pt2283D-DX1BM-ALLBULK-SPCD4/pt2283D-DX1BM-ALLBULK-SPCD4_Receptor.vdjca
Alignment: 0%
Alignment: 10.3%  ETA: 00:05:52
Alignment: 20.5%  ETA: 00:05:35
Alignment: 30.8%  ETA: 00:04:50
Alignment: 41%  ETA: 00:03:44
Alignment: 51.3%  ETA: 00:03:30
Alignment: 61.6%  ETA: 00:02:22
Alignment: 71.8%  ETA: 00:01:58
Alignment: 82.1%  ETA: 00:01:11
Alignment: 92.3%  ETA: 00:00:29
============== Align Report ==============
Analysis time: 6.87m
Total sequencing reads: 1290599
Successfully aligned reads: 15226 (1.18%)
Alignment failed: no hits (not TCR/IG?): 1046647 (81.1%)
Alignment failed: no CDR3 parts: 129067 (10%)
Alignment failed: low total score: 99659 (7.72%)
Overlapped: 135746 (10.52%)
Overlapped and aligned: 262 (0.02%)
Overlapped and not aligned: 135484 (10.5%)
Alignment-aided overlaps, percent of overlapped and aligned: 9 (3.44%)
No CDR3 parts alignments, percent of successfully aligned: 1988 (13.06%)
Partial aligned reads, percent of successfully aligned: 13185 (86.6%)
V gene chimeras: 232 (0.02%)
J gene chimeras: 101 (0.01%)
Paired-end alignment conflicts eliminated: 30 (0%)
Realigned with forced non-floating bound: 2309724 (178.97%)
Realigned with forced non-floating right bound in left read: 4996 (0.39%)
Realigned with forced non-floating left bound in right read: 4996 (0.39%)
TRA chains: 1871 (12.29%)
TRA non-functional: 2 (0.11%)
TRB chains: 1928 (12.66%)
TRB non-functional: 2 (0.1%)
TRD chains: 62 (0.41%)
TRD non-functional: 3 (4.84%)
TRG chains: 315 (2.07%)
TRG non-functional: 18 (5.71%)
TRAD chains: 1734 (11.39%)
TRAD non-functional: 0 (0%)
IGH chains: 4040 (26.53%)
IGH non-functional: 0 (0%)
IGK chains: 2629 (17.27%)
IGK non-functional: 0 (0%)
IGL chains: 2647 (17.38%)
IGL non-functional: 0 (0%)
Trimming report:
  R1 reads trimmed left: 2668 (0.21%)
  R1 reads trimmed right: 18 (0%)
  Average R1 nucleotides trimmed left: 0.0040779514008611505
  Average R1 nucleotides trimmed right: 1.3947012201311175E-5
  R2 reads trimmed left: 1005 (0.08%)
  R2 reads trimmed right: 0 (0%)
  Average R2 nucleotides trimmed left: 8.453439062016939E-4
  Average R2 nucleotides trimmed right: 0.0
====================
Running:
mixcr assemblePartial --report /hpc/pmc_vanboxtel/projects/TallFlow/3_Output/MIXCR4.3.2/Output/pt2283D-DX1BM-ALLBULK-SPCD4/pt2283D-DX1BM-ALLBULK-SPCD4_Receptor.assemblePartial.report.txt --json-report /hpc/pmc_vanboxtel/projects/TallFlow/3_Output/MIXCR4.3.2/Output/pt2283D-DX1BM-ALLBULK-SPCD4/pt2283D-DX1BM-ALLBULK-SPCD4_Receptor.assemblePartial.report.json /hpc/pmc_vanboxtel/projects/TallFlow/3_Output/MIXCR4.3.2/Output/pt2283D-DX1BM-ALLBULK-SPCD4/pt2283D-DX1BM-ALLBULK-SPCD4_Receptor.vdjca /hpc/pmc_vanboxtel/projects/TallFlow/3_Output/MIXCR4.3.2/Output/pt2283D-DX1BM-ALLBULK-SPCD4/pt2283D-DX1BM-ALLBULK-SPCD4_Receptor.passembled.1.vdjca
Building index: 0%
Searching for overlaps: 0%
Searching for overlaps: 79.4%  ETA: 00:00:00
============== AssemblePartial Report ==============
Analysis time: 1.55s
Total alignments analysed: 15226
Number of output alignments: 15221 (99.97%)
Alignments already with CDR3 (no overlapping is performed): 56 (0.37%)
Successfully overlapped alignments: 5 (0.03%)
Left parts with too small N-region (failed to extract k-mer): 1795 (11.79%)
Extracted k-mer diversity: 42689
Dropped due to wildcard in k-mer: 0 (0%)
Dropped due to too short NRegion parts in overlap: 5 (0.03%)
Dropped overlaps with empty N region due to no complete NDN coverage: 0 (0%)
Number of left-side alignments: 9488 (62.31%)
Number of right-side alignments: 3251 (21.35%)
Complex overlaps: 0 (0%)
Over-overlaps: 12 (0.08%)
Partial alignments written to output: 15160 (99.57%)
====================
Running:
mixcr assemblePartial --report /hpc/pmc_vanboxtel/projects/TallFlow/3_Output/MIXCR4.3.2/Output/pt2283D-DX1BM-ALLBULK-SPCD4/pt2283D-DX1BM-ALLBULK-SPCD4_Receptor.assemblePartial.report.txt --json-report /hpc/pmc_vanboxtel/projects/TallFlow/3_Output/MIXCR4.3.2/Output/pt2283D-DX1BM-ALLBULK-SPCD4/pt2283D-DX1BM-ALLBULK-SPCD4_Receptor.assemblePartial.report.json /hpc/pmc_vanboxtel/projects/TallFlow/3_Output/MIXCR4.3.2/Output/pt2283D-DX1BM-ALLBULK-SPCD4/pt2283D-DX1BM-ALLBULK-SPCD4_Receptor.passembled.1.vdjca /hpc/pmc_vanboxtel/projects/TallFlow/3_Output/MIXCR4.3.2/Output/pt2283D-DX1BM-ALLBULK-SPCD4/pt2283D-DX1BM-ALLBULK-SPCD4_Receptor.passembled.2.vdjca
Building index: 1.2%
Searching for overlaps: 0%
============== AssemblePartial Report ==============
Analysis time: 1.09s
Total alignments analysed: 15221
Number of output alignments: 15221 (100%)
Alignments already with CDR3 (no overlapping is performed): 61 (0.4%)
Successfully overlapped alignments: 0 (0%)
Left parts with too small N-region (failed to extract k-mer): 1795 (11.79%)
Extracted k-mer diversity: 42667
Dropped due to wildcard in k-mer: 0 (0%)
Dropped due to too short NRegion parts in overlap: 5 (0.03%)
Dropped overlaps with empty N region due to no complete NDN coverage: 0 (0%)
Number of left-side alignments: 9483 (62.3%)
Number of right-side alignments: 3246 (21.33%)
Complex overlaps: 0 (0%)
Over-overlaps: 12 (0.08%)
Partial alignments written to output: 15160 (99.6%)
====================
Running:
mixcr extend --report /hpc/pmc_vanboxtel/projects/TallFlow/3_Output/MIXCR4.3.2/Output/pt2283D-DX1BM-ALLBULK-SPCD4/pt2283D-DX1BM-ALLBULK-SPCD4_Receptor.extend.report.txt --json-report /hpc/pmc_vanboxtel/projects/TallFlow/3_Output/MIXCR4.3.2/Output/pt2283D-DX1BM-ALLBULK-SPCD4/pt2283D-DX1BM-ALLBULK-SPCD4_Receptor.extend.report.json /hpc/pmc_vanboxtel/projects/TallFlow/3_Output/MIXCR4.3.2/Output/pt2283D-DX1BM-ALLBULK-SPCD4/pt2283D-DX1BM-ALLBULK-SPCD4_Receptor.passembled.2.vdjca /hpc/pmc_vanboxtel/projects/TallFlow/3_Output/MIXCR4.3.2/Output/pt2283D-DX1BM-ALLBULK-SPCD4/pt2283D-DX1BM-ALLBULK-SPCD4_Receptor.extended.vdjca
Extending alignments: 0%
============== Extend Report ==============
Analysis time: 279ms
Extended alignments count: 3 (0.02%)
V extensions total: 0 (0%)
V extensions with merged targets: 0 (0%)
J extensions total: 3 (0.02%)
J extensions with merged targets: 0 (0%)
V+J extensions: 0 (0%)
Mean V extension length: NaN
Mean J extension length: 8.333333333333334
====================
Running:
mixcr assemble --report /hpc/pmc_vanboxtel/projects/TallFlow/3_Output/MIXCR4.3.2/Output/pt2283D-DX1BM-ALLBULK-SPCD4/pt2283D-DX1BM-ALLBULK-SPCD4_Receptor.assemble.report.txt --json-report /hpc/pmc_vanboxtel/projects/TallFlow/3_Output/MIXCR4.3.2/Output/pt2283D-DX1BM-ALLBULK-SPCD4/pt2283D-DX1BM-ALLBULK-SPCD4_Receptor.assemble.report.json /hpc/pmc_vanboxtel/projects/TallFlow/3_Output/MIXCR4.3.2/Output/pt2283D-DX1BM-ALLBULK-SPCD4/pt2283D-DX1BM-ALLBULK-SPCD4_Receptor.extended.vdjca /hpc/pmc_vanboxtel/projects/TallFlow/3_Output/MIXCR4.3.2/Output/pt2283D-DX1BM-ALLBULK-SPCD4/pt2283D-DX1BM-ALLBULK-SPCD4_Receptor.clna
Initialization: progress unknown
Initialization: progress unknown
============== Assemble Report ==============
Analysis time: 528ms
Final clonotype count: 10
Reads used in clonotypes, percent of total: 63 (0%)
Average number of reads per clonotype: 6.3
Reads dropped due to the lack of a clone sequence, percent of total: 15160 (1.17%)
Reads dropped due to a too short clonal sequence, percent of total: 0 (0%)
Reads dropped due to low quality, percent of total: 0 (0%)
Reads dropped due to failed mapping, percent of total: 3 (0%)
Reads dropped with low quality clones, percent of total: 0 (0%)
Reads used in clonotypes before clustering, percent of total: 63 (0%)
Number of reads used as a core, percent of used: 59 (93.65%)
Mapped low quality reads, percent of used: 4 (6.35%)
Reads clustered in PCR error correction, percent of used: 0 (0%)
Reads pre-clustered due to the similar VJC-lists, percent of used: 0 (0%)
Clonotypes dropped as low quality: 0
Clonotypes eliminated by PCR error correction: 0
Clonotypes pre-clustered due to the similar VJC-lists: 0
Clones dropped in post filtering: 0 (0%)
Reads dropped in post filtering: 0.0 (0%)
Alignments filtered by tag prefix: 0 (0%)
TRA chains: 2 (20%)
TRA non-functional: 1 (50%)
TRB chains: 3 (30%)
TRB non-functional: 1 (33.33%)
TRD chains: 1 (10%)
TRD non-functional: 1 (100%)
TRG chains: 4 (40%)
TRG non-functional: 2 (50%)
====================
Running:
mixcr assembleContigs --report /hpc/pmc_vanboxtel/projects/TallFlow/3_Output/MIXCR4.3.2/Output/pt2283D-DX1BM-ALLBULK-SPCD4/pt2283D-DX1BM-ALLBULK-SPCD4_Receptor.assembleContigs.report.txt --json-report /hpc/pmc_vanboxtel/projects/TallFlow/3_Output/MIXCR4.3.2/Output/pt2283D-DX1BM-ALLBULK-SPCD4/pt2283D-DX1BM-ALLBULK-SPCD4_Receptor.assembleContigs.report.json /hpc/pmc_vanboxtel/projects/TallFlow/3_Output/MIXCR4.3.2/Output/pt2283D-DX1BM-ALLBULK-SPCD4/pt2283D-DX1BM-ALLBULK-SPCD4_Receptor.clna /hpc/pmc_vanboxtel/projects/TallFlow/3_Output/MIXCR4.3.2/Output/pt2283D-DX1BM-ALLBULK-SPCD4/pt2283D-DX1BM-ALLBULK-SPCD4_Receptor.contigs.clns
Assembling contigs: 0%
============== AssembleContigs Report ==============
Analysis time: 232ms
Initial clonotype count: 10
Final clonotype count: 10 (100%)
Canceled assemblies: 0 (0%)
Number of premature termination assembly events, percent of number of initial clonotypes: 0.0 (0%)
Longest contig length: 780
Clustered variants: 0 (0%)
Reads in clustered variants: 0.0 (0%)
Reads in divided (newly created) clones: 0.0 (0%)
Clones with ambiguous letters in splitting region: 0 (0%)
Reads in clones with ambiguous letters in splitting region: 0.0 (0%)
Average number of ambiguous letters per clone with ambiguous letters in splitting region: NaN
====================
Running:
mixcr exportClones /hpc/pmc_vanboxtel/projects/TallFlow/3_Output/MIXCR4.3.2/Output/pt2283D-DX1BM-ALLBULK-SPCD4/pt2283D-DX1BM-ALLBULK-SPCD4_Receptor.contigs.clns /hpc/pmc_vanboxtel/projects/TallFlow/3_Output/MIXCR4.3.2/Output/pt2283D-DX1BM-ALLBULK-SPCD4/pt2283D-DX1BM-ALLBULK-SPCD4_Receptor.clones.tsv
Exporting TRB
Exporting clones: 0%
WARNING: Filtered 3 of 10 clones (70%).
WARNING: Filtered 21.0 of 63.0 reads (66.67%).
Exporting TRAD
Exporting clones: 0%
WARNING: Filtered 3 of 10 clones (70%).
WARNING: Filtered 7.0 of 63.0 reads (88.89%).
Exporting TRG
Exporting clones: 0%
WARNING: Filtered 4 of 10 clones (60%).
WARNING: Filtered 35.0 of 63.0 reads (44.44%).
Analysis finished successfully.
IMPORTANT: MiXCR will use at most 4509MB of RAM,
           use -Xmx to change automatically set heap size (i.e. -Xmx50g to set heap size to 50 Gb)
IMPORTANT: MiXCR will use at most 4418MB of RAM,
           use -Xmx to change automatically set heap size (i.e. -Xmx50g to set heap size to 50 Gb)
IMPORTANT: MiXCR will use at most 4430MB of RAM,
           use -Xmx to change automatically set heap size (i.e. -Xmx50g to set heap size to 50 Gb)
