INFO	2023-01-30 14:43:53	SamToFastq	

********** NOTE: Picard's command line syntax is changing.
**********
********** For more information, please see:
********** https://github.com/broadinstitute/picard/wiki/Command-Line-Syntax-Transition-For-Users-(Pre-Transition)
**********
********** The command line looks like this in the new syntax:
**********
**********    SamToFastq -INPUT /hpc/pmc_vanboxtel/projects/TallFlow/3_Output/MIXCR/pt2229-DX1BM-ALLBULK-DP/input/bam/pt2229-DX1BM-ALLBULK-DP_dedup.bam -OUTPUT_DIR /hpc/pmc_vanboxtel/projects/TallFlow/3_Output/MIXCR/pt2229-DX1BM-ALLBULK-DP/input/fastq -RG_TAG ID -OUTPUT_PER_RG true
**********


14:43:56.317 INFO  NativeLibraryLoader - Loading libgkl_compression.so from jar:file:/hpc/local/CentOS7/pmc_vanboxtel/bin/picard-2.24.1/picard.jar!/com/intel/gkl/native/libgkl_compression.so
[Mon Jan 30 14:43:56 CET 2023] SamToFastq INPUT=/hpc/pmc_vanboxtel/projects/TallFlow/3_Output/MIXCR/pt2229-DX1BM-ALLBULK-DP/input/bam/pt2229-DX1BM-ALLBULK-DP_dedup.bam OUTPUT_PER_RG=true RG_TAG=ID OUTPUT_DIR=/hpc/pmc_vanboxtel/projects/TallFlow/3_Output/MIXCR/pt2229-DX1BM-ALLBULK-DP/input/fastq    COMPRESS_OUTPUTS_PER_RG=false RE_REVERSE=true INTERLEAVE=false INCLUDE_NON_PF_READS=false CLIPPING_MIN_LENGTH=0 READ1_TRIM=0 READ2_TRIM=0 INCLUDE_NON_PRIMARY_ALIGNMENTS=false VERBOSITY=INFO QUIET=false VALIDATION_STRINGENCY=STRICT COMPRESSION_LEVEL=5 MAX_RECORDS_IN_RAM=500000 CREATE_INDEX=false CREATE_MD5_FILE=false GA4GH_CLIENT_SECRETS=client_secrets.json USE_JDK_DEFLATER=false USE_JDK_INFLATER=false
[Mon Jan 30 14:43:56 CET 2023] Executing as mroosmalen@n0104.compute.hpc on Linux 3.10.0-1160.81.1.el7.x86_64 amd64; Java HotSpot(TM) 64-Bit Server VM 1.8.0_60-b27; Deflater: Intel; Inflater: Intel; Provider GCS is not available; Picard version: 2.24.1
INFO	2023-01-30 14:44:10	SamToFastq	Processed     1,000,000 records.  Elapsed time: 00:00:11s.  Time for last 1,000,000:   11s.  Last read position: 7:142,019,693
INFO	2023-01-30 14:44:21	SamToFastq	Processed     2,000,000 records.  Elapsed time: 00:00:22s.  Time for last 1,000,000:   11s.  Last read position: 14:105,509,764
[Mon Jan 30 14:44:39 CET 2023] picard.sam.SamToFastq done. Elapsed time: 0.72 minutes.
Runtime.totalMemory()=5764022272
To get help, see http://broadinstitute.github.io/picard/index.html#GettingHelp
Exception in thread "main" htsjdk.samtools.SAMFormatException: SAM validation error: ERROR::MATE_NOT_FOUND:Found 53332 unpaired mates
	at htsjdk.samtools.SAMUtils.processValidationError(SAMUtils.java:469)
	at picard.sam.SamToFastq.doWork(SamToFastq.java:225)
	at picard.cmdline.CommandLineProgram.instanceMain(CommandLineProgram.java:304)
	at picard.cmdline.PicardCommandLine.instanceMain(PicardCommandLine.java:103)
	at picard.cmdline.PicardCommandLine.main(PicardCommandLine.java:113)
/hpc/pmc_vanboxtel/projects/TallFlow/2_Code/MIXCR/
=== No License ===

To use MiXCR, please, provide a valid license.

If you already have a license, activate it by calling:
  mixcr activate-license

You can also activate the license via a special file, environment
variable or other means, please check the docs at
  https://github.com/milaboratory/mixcr/wiki/Using-license

Academic users can quickly get a license at
  https://licensing.milaboratories.com.

Commercial trial license may be requested at
  https://licensing.milaboratories.com
or by email to
  licensing@milaboratories.com.
