INFO	2023-05-03 17:27:13	SamToFastq	

********** NOTE: Picard's command line syntax is changing.
**********
********** For more information, please see:
********** https://github.com/broadinstitute/picard/wiki/Command-Line-Syntax-Transition-For-Users-(Pre-Transition)
**********
********** The command line looks like this in the new syntax:
**********
**********    SamToFastq -INPUT /hpc/pmc_vanboxtel/projects/TallFlow/3_Output/MIXCR4.3.2/input/bam/pt2229-DX1BM-TALL8_dedup.bam -OUTPUT_DIR /hpc/pmc_vanboxtel/projects/TallFlow/3_Output/MIXCR4.3.2/input/fastq -RG_TAG ID -OUTPUT_PER_RG true
**********


17:27:13.295 INFO  NativeLibraryLoader - Loading libgkl_compression.so from jar:file:/hpc/local/CentOS7/pmc_vanboxtel/bin/picard-2.24.1/picard.jar!/com/intel/gkl/native/libgkl_compression.so
[Wed May 03 17:27:13 CEST 2023] SamToFastq INPUT=/hpc/pmc_vanboxtel/projects/TallFlow/3_Output/MIXCR4.3.2/input/bam/pt2229-DX1BM-TALL8_dedup.bam OUTPUT_PER_RG=true RG_TAG=ID OUTPUT_DIR=/hpc/pmc_vanboxtel/projects/TallFlow/3_Output/MIXCR4.3.2/input/fastq    COMPRESS_OUTPUTS_PER_RG=false RE_REVERSE=true INTERLEAVE=false INCLUDE_NON_PF_READS=false CLIPPING_MIN_LENGTH=0 READ1_TRIM=0 READ2_TRIM=0 INCLUDE_NON_PRIMARY_ALIGNMENTS=false VERBOSITY=INFO QUIET=false VALIDATION_STRINGENCY=STRICT COMPRESSION_LEVEL=5 MAX_RECORDS_IN_RAM=500000 CREATE_INDEX=false CREATE_MD5_FILE=false GA4GH_CLIENT_SECRETS=client_secrets.json USE_JDK_DEFLATER=false USE_JDK_INFLATER=false
[Wed May 03 17:27:13 CEST 2023] Executing as rhagelaar@n0106.compute.hpc on Linux 3.10.0-1160.81.1.el7.x86_64 amd64; Java HotSpot(TM) 64-Bit Server VM 1.8.0_60-b27; Deflater: Intel; Inflater: Intel; Provider GCS is not available; Picard version: 2.24.1
INFO	2023-05-03 17:27:21	SamToFastq	Processed     1,000,000 records.  Elapsed time: 00:00:08s.  Time for last 1,000,000:    8s.  Last read position: 14:106,484,680
[Wed May 03 17:27:24 CEST 2023] picard.sam.SamToFastq done. Elapsed time: 0.19 minutes.
Runtime.totalMemory()=3670540288
To get help, see http://broadinstitute.github.io/picard/index.html#GettingHelp
Exception in thread "main" htsjdk.samtools.SAMFormatException: SAM validation error: ERROR::MATE_NOT_FOUND:Found 29765 unpaired mates
	at htsjdk.samtools.SAMUtils.processValidationError(SAMUtils.java:469)
	at picard.sam.SamToFastq.doWork(SamToFastq.java:225)
	at picard.cmdline.CommandLineProgram.instanceMain(CommandLineProgram.java:304)
	at picard.cmdline.PicardCommandLine.instanceMain(PicardCommandLine.java:103)
	at picard.cmdline.PicardCommandLine.main(PicardCommandLine.java:113)
/hpc/pmc_vanboxtel/projects/TallFlow/2_Code/MIXCR/
IMPORTANT: MiXCR will use at most 12000MB of RAM,
           use -Xmx to change automatically set heap size (i.e. -Xmx50g to set heap size to 50 Gb)
====================
Running:
mixcr align --report /hpc/pmc_vanboxtel/projects/TallFlow/3_Output/MIXCR4.3.2/Output/pt2229-DX1BM-TALL8/pt2229-DX1BM-TALL8_Receptor.align.report.txt --json-report /hpc/pmc_vanboxtel/projects/TallFlow/3_Output/MIXCR4.3.2/Output/pt2229-DX1BM-TALL8/pt2229-DX1BM-TALL8_Receptor.align.report.json --preset rnaseq-full-length --dna --species hsa /hpc/pmc_vanboxtel/projects/TallFlow/3_Output/MIXCR4.3.2/input/fastq/Merged/pt2229-DX1BM-TALL8_R1.fastq /hpc/pmc_vanboxtel/projects/TallFlow/3_Output/MIXCR4.3.2/input/fastq/Merged/pt2229-DX1BM-TALL8_R2.fastq /hpc/pmc_vanboxtel/projects/TallFlow/3_Output/MIXCR4.3.2/Output/pt2229-DX1BM-TALL8/pt2229-DX1BM-TALL8_Receptor.vdjca
Alignment: 0%
Alignment: 10.4%  ETA: 00:02:37
Alignment: 20.9%  ETA: 00:02:25
Alignment: 31.3%  ETA: 00:02:07
Alignment: 41.7%  ETA: 00:01:40
Alignment: 52.1%  ETA: 00:01:22
Alignment: 62.6%  ETA: 00:01:05
Alignment: 73%  ETA: 00:00:46
Alignment: 83.4%  ETA: 00:00:28
Alignment: 93.9%  ETA: 00:00:11
============== Align Report ==============
Analysis time: 3.06m
Total sequencing reads: 577106
Successfully aligned reads: 10036 (1.74%)
Alignment failed: no hits (not TCR/IG?): 466063 (80.76%)
Alignment failed: no CDR3 parts: 57791 (10.01%)
Alignment failed: low total score: 43216 (7.49%)
Overlapped: 61352 (10.63%)
Overlapped and aligned: 319 (0.06%)
Overlapped and not aligned: 61033 (10.58%)
Alignment-aided overlaps, percent of overlapped and aligned: 4 (1.25%)
No CDR3 parts alignments, percent of successfully aligned: 1490 (14.85%)
Partial aligned reads, percent of successfully aligned: 8503 (84.72%)
V gene chimeras: 205 (0.04%)
J gene chimeras: 60 (0.01%)
Paired-end alignment conflicts eliminated: 22 (0%)
Realigned with forced non-floating bound: 1031516 (178.74%)
Realigned with forced non-floating right bound in left read: 2341 (0.41%)
Realigned with forced non-floating left bound in right read: 2341 (0.41%)
TRA chains: 1869 (18.62%)
TRA non-functional: 11 (0.59%)
TRB chains: 1703 (16.97%)
TRB non-functional: 1 (0.06%)
TRG chains: 10 (0.1%)
TRG non-functional: 2 (20%)
TRAD chains: 650 (6.48%)
TRAD non-functional: 0 (0%)
IGH chains: 4554 (45.38%)
IGH non-functional: 0 (0%)
IGK chains: 244 (2.43%)
IGK non-functional: 0 (0%)
IGL chains: 1006 (10.02%)
IGL non-functional: 0 (0%)
Trimming report:
  R1 reads trimmed left: 606 (0.11%)
  R1 reads trimmed right: 7 (0%)
  Average R1 nucleotides trimmed left: 0.0021365225799073306
  Average R1 nucleotides trimmed right: 8.4906412340194E-5
  R2 reads trimmed left: 184 (0.03%)
  R2 reads trimmed right: 3 (0%)
  Average R2 nucleotides trimmed left: 3.8121246356821796E-4
  Average R2 nucleotides trimmed right: 2.373913977674812E-4
====================
Running:
mixcr assemblePartial --report /hpc/pmc_vanboxtel/projects/TallFlow/3_Output/MIXCR4.3.2/Output/pt2229-DX1BM-TALL8/pt2229-DX1BM-TALL8_Receptor.assemblePartial.report.txt --json-report /hpc/pmc_vanboxtel/projects/TallFlow/3_Output/MIXCR4.3.2/Output/pt2229-DX1BM-TALL8/pt2229-DX1BM-TALL8_Receptor.assemblePartial.report.json /hpc/pmc_vanboxtel/projects/TallFlow/3_Output/MIXCR4.3.2/Output/pt2229-DX1BM-TALL8/pt2229-DX1BM-TALL8_Receptor.vdjca /hpc/pmc_vanboxtel/projects/TallFlow/3_Output/MIXCR4.3.2/Output/pt2229-DX1BM-TALL8/pt2229-DX1BM-TALL8_Receptor.passembled.1.vdjca
Building index: 0%
Searching for overlaps: 0%
============== AssemblePartial Report ==============
Analysis time: 827ms
Total alignments analysed: 10036
Number of output alignments: 10032 (99.96%)
Alignments already with CDR3 (no overlapping is performed): 49 (0.49%)
Successfully overlapped alignments: 4 (0.04%)
Left parts with too small N-region (failed to extract k-mer): 959 (9.56%)
Extracted k-mer diversity: 34419
Dropped due to wildcard in k-mer: 0 (0%)
Dropped due to too short NRegion parts in overlap: 4 (0.04%)
Dropped overlaps with empty N region due to no complete NDN coverage: 0 (0%)
Number of left-side alignments: 5713 (56.93%)
Number of right-side alignments: 2605 (25.96%)
Complex overlaps: 0 (0%)
Over-overlaps: 9 (0.09%)
Partial alignments written to output: 9979 (99.43%)
====================
Running:
mixcr assemblePartial --report /hpc/pmc_vanboxtel/projects/TallFlow/3_Output/MIXCR4.3.2/Output/pt2229-DX1BM-TALL8/pt2229-DX1BM-TALL8_Receptor.assemblePartial.report.txt --json-report /hpc/pmc_vanboxtel/projects/TallFlow/3_Output/MIXCR4.3.2/Output/pt2229-DX1BM-TALL8/pt2229-DX1BM-TALL8_Receptor.assemblePartial.report.json /hpc/pmc_vanboxtel/projects/TallFlow/3_Output/MIXCR4.3.2/Output/pt2229-DX1BM-TALL8/pt2229-DX1BM-TALL8_Receptor.passembled.1.vdjca /hpc/pmc_vanboxtel/projects/TallFlow/3_Output/MIXCR4.3.2/Output/pt2229-DX1BM-TALL8/pt2229-DX1BM-TALL8_Receptor.passembled.2.vdjca
Building index: 0%
Searching for overlaps: 0%
============== AssemblePartial Report ==============
Analysis time: 605ms
Total alignments analysed: 10032
Number of output alignments: 10032 (100%)
Alignments already with CDR3 (no overlapping is performed): 53 (0.53%)
Successfully overlapped alignments: 0 (0%)
Left parts with too small N-region (failed to extract k-mer): 959 (9.56%)
Extracted k-mer diversity: 34367
Dropped due to wildcard in k-mer: 0 (0%)
Dropped due to too short NRegion parts in overlap: 2 (0.02%)
Dropped overlaps with empty N region due to no complete NDN coverage: 0 (0%)
Number of left-side alignments: 5709 (56.91%)
Number of right-side alignments: 2600 (25.92%)
Complex overlaps: 0 (0%)
Over-overlaps: 9 (0.09%)
Partial alignments written to output: 9979 (99.47%)
====================
Running:
mixcr extend --report /hpc/pmc_vanboxtel/projects/TallFlow/3_Output/MIXCR4.3.2/Output/pt2229-DX1BM-TALL8/pt2229-DX1BM-TALL8_Receptor.extend.report.txt --json-report /hpc/pmc_vanboxtel/projects/TallFlow/3_Output/MIXCR4.3.2/Output/pt2229-DX1BM-TALL8/pt2229-DX1BM-TALL8_Receptor.extend.report.json /hpc/pmc_vanboxtel/projects/TallFlow/3_Output/MIXCR4.3.2/Output/pt2229-DX1BM-TALL8/pt2229-DX1BM-TALL8_Receptor.passembled.2.vdjca /hpc/pmc_vanboxtel/projects/TallFlow/3_Output/MIXCR4.3.2/Output/pt2229-DX1BM-TALL8/pt2229-DX1BM-TALL8_Receptor.extended.vdjca
Extending alignments: 0%
============== Extend Report ==============
Analysis time: 278ms
Extended alignments count: 6 (0.06%)
V extensions total: 0 (0%)
V extensions with merged targets: 0 (0%)
J extensions total: 6 (0.06%)
J extensions with merged targets: 0 (0%)
V+J extensions: 0 (0%)
Mean V extension length: NaN
Mean J extension length: 6.666666666666667
====================
Running:
mixcr assemble --report /hpc/pmc_vanboxtel/projects/TallFlow/3_Output/MIXCR4.3.2/Output/pt2229-DX1BM-TALL8/pt2229-DX1BM-TALL8_Receptor.assemble.report.txt --json-report /hpc/pmc_vanboxtel/projects/TallFlow/3_Output/MIXCR4.3.2/Output/pt2229-DX1BM-TALL8/pt2229-DX1BM-TALL8_Receptor.assemble.report.json /hpc/pmc_vanboxtel/projects/TallFlow/3_Output/MIXCR4.3.2/Output/pt2229-DX1BM-TALL8/pt2229-DX1BM-TALL8_Receptor.extended.vdjca /hpc/pmc_vanboxtel/projects/TallFlow/3_Output/MIXCR4.3.2/Output/pt2229-DX1BM-TALL8/pt2229-DX1BM-TALL8_Receptor.clna
Initialization: progress unknown
Initialization: progress unknown
============== Assemble Report ==============
Analysis time: 550ms
Final clonotype count: 4
Reads used in clonotypes, percent of total: 53 (0.01%)
Average number of reads per clonotype: 13.25
Reads dropped due to the lack of a clone sequence, percent of total: 9979 (1.73%)
Reads dropped due to a too short clonal sequence, percent of total: 0 (0%)
Reads dropped due to low quality, percent of total: 0 (0%)
Reads dropped due to failed mapping, percent of total: 4 (0%)
Reads dropped with low quality clones, percent of total: 0 (0%)
Reads used in clonotypes before clustering, percent of total: 53 (0.01%)
Number of reads used as a core, percent of used: 52 (98.11%)
Mapped low quality reads, percent of used: 1 (1.89%)
Reads clustered in PCR error correction, percent of used: 0 (0%)
Reads pre-clustered due to the similar VJC-lists, percent of used: 0 (0%)
Clonotypes dropped as low quality: 0
Clonotypes eliminated by PCR error correction: 0
Clonotypes pre-clustered due to the similar VJC-lists: 0
Clones dropped in post filtering: 0 (0%)
Reads dropped in post filtering: 0.0 (0%)
Alignments filtered by tag prefix: 0 (0%)
TRA chains: 3 (75%)
TRA non-functional: 1 (33.33%)
TRB chains: 1 (25%)
TRB non-functional: 0 (0%)
====================
Running:
mixcr assembleContigs --report /hpc/pmc_vanboxtel/projects/TallFlow/3_Output/MIXCR4.3.2/Output/pt2229-DX1BM-TALL8/pt2229-DX1BM-TALL8_Receptor.assembleContigs.report.txt --json-report /hpc/pmc_vanboxtel/projects/TallFlow/3_Output/MIXCR4.3.2/Output/pt2229-DX1BM-TALL8/pt2229-DX1BM-TALL8_Receptor.assembleContigs.report.json /hpc/pmc_vanboxtel/projects/TallFlow/3_Output/MIXCR4.3.2/Output/pt2229-DX1BM-TALL8/pt2229-DX1BM-TALL8_Receptor.clna /hpc/pmc_vanboxtel/projects/TallFlow/3_Output/MIXCR4.3.2/Output/pt2229-DX1BM-TALL8/pt2229-DX1BM-TALL8_Receptor.contigs.clns
Assembling contigs: 0%
============== AssembleContigs Report ==============
Analysis time: 329ms
Initial clonotype count: 4
Final clonotype count: 4 (100%)
Canceled assemblies: 0 (0%)
Number of premature termination assembly events, percent of number of initial clonotypes: 0.0 (0%)
Longest contig length: 815
Clustered variants: 0 (0%)
Reads in clustered variants: 0.0 (0%)
Reads in divided (newly created) clones: 0.0 (0%)
Clones with ambiguous letters in splitting region: 0 (0%)
Reads in clones with ambiguous letters in splitting region: 0.0 (0%)
Average number of ambiguous letters per clone with ambiguous letters in splitting region: NaN
====================
Running:
mixcr exportClones /hpc/pmc_vanboxtel/projects/TallFlow/3_Output/MIXCR4.3.2/Output/pt2229-DX1BM-TALL8/pt2229-DX1BM-TALL8_Receptor.contigs.clns /hpc/pmc_vanboxtel/projects/TallFlow/3_Output/MIXCR4.3.2/Output/pt2229-DX1BM-TALL8/pt2229-DX1BM-TALL8_Receptor.clones.tsv
Exporting TRB
Exporting clones: 0%
WARNING: Filtered 1 of 4 clones (75%).
WARNING: Filtered 10.0 of 53.0 reads (81.13%).
Exporting TRAD
Exporting clones: 0%
WARNING: Filtered 3 of 4 clones (25%).
WARNING: Filtered 43.0 of 53.0 reads (18.87%).
Analysis finished successfully.
IMPORTANT: MiXCR will use at most 7305MB of RAM,
           use -Xmx to change automatically set heap size (i.e. -Xmx50g to set heap size to 50 Gb)
IMPORTANT: MiXCR will use at most 7176MB of RAM,
           use -Xmx to change automatically set heap size (i.e. -Xmx50g to set heap size to 50 Gb)
IMPORTANT: MiXCR will use at most 7070MB of RAM,
           use -Xmx to change automatically set heap size (i.e. -Xmx50g to set heap size to 50 Gb)
