INFO	2023-05-03 17:23:03	SamToFastq	

********** NOTE: Picard's command line syntax is changing.
**********
********** For more information, please see:
********** https://github.com/broadinstitute/picard/wiki/Command-Line-Syntax-Transition-For-Users-(Pre-Transition)
**********
********** The command line looks like this in the new syntax:
**********
**********    SamToFastq -INPUT /hpc/pmc_vanboxtel/projects/TallFlow/3_Output/MIXCR4.3.2/input/bam/pt2229-DX1BM-TALL3_dedup.bam -OUTPUT_DIR /hpc/pmc_vanboxtel/projects/TallFlow/3_Output/MIXCR4.3.2/input/fastq -RG_TAG ID -OUTPUT_PER_RG true
**********


17:23:04.283 INFO  NativeLibraryLoader - Loading libgkl_compression.so from jar:file:/hpc/local/CentOS7/pmc_vanboxtel/bin/picard-2.24.1/picard.jar!/com/intel/gkl/native/libgkl_compression.so
[Wed May 03 17:23:04 CEST 2023] SamToFastq INPUT=/hpc/pmc_vanboxtel/projects/TallFlow/3_Output/MIXCR4.3.2/input/bam/pt2229-DX1BM-TALL3_dedup.bam OUTPUT_PER_RG=true RG_TAG=ID OUTPUT_DIR=/hpc/pmc_vanboxtel/projects/TallFlow/3_Output/MIXCR4.3.2/input/fastq    COMPRESS_OUTPUTS_PER_RG=false RE_REVERSE=true INTERLEAVE=false INCLUDE_NON_PF_READS=false CLIPPING_MIN_LENGTH=0 READ1_TRIM=0 READ2_TRIM=0 INCLUDE_NON_PRIMARY_ALIGNMENTS=false VERBOSITY=INFO QUIET=false VALIDATION_STRINGENCY=STRICT COMPRESSION_LEVEL=5 MAX_RECORDS_IN_RAM=500000 CREATE_INDEX=false CREATE_MD5_FILE=false GA4GH_CLIENT_SECRETS=client_secrets.json USE_JDK_DEFLATER=false USE_JDK_INFLATER=false
[Wed May 03 17:23:04 CEST 2023] Executing as rhagelaar@n0085.compute.hpc on Linux 3.10.0-1160.83.1.el7.x86_64 amd64; Java HotSpot(TM) 64-Bit Server VM 1.8.0_60-b27; Deflater: Intel; Inflater: Intel; Provider GCS is not available; Picard version: 2.24.1
INFO	2023-05-03 17:23:18	SamToFastq	Processed     1,000,000 records.  Elapsed time: 00:00:14s.  Time for last 1,000,000:   13s.  Last read position: 2:90,402,365
INFO	2023-05-03 17:23:31	SamToFastq	Processed     2,000,000 records.  Elapsed time: 00:00:26s.  Time for last 1,000,000:   12s.  Last read position: 22:23,461,141
[Wed May 03 17:23:31 CEST 2023] picard.sam.SamToFastq done. Elapsed time: 0.45 minutes.
Runtime.totalMemory()=5822742528
To get help, see http://broadinstitute.github.io/picard/index.html#GettingHelp
Exception in thread "main" htsjdk.samtools.SAMFormatException: SAM validation error: ERROR::MATE_NOT_FOUND:Found 46947 unpaired mates
	at htsjdk.samtools.SAMUtils.processValidationError(SAMUtils.java:469)
	at picard.sam.SamToFastq.doWork(SamToFastq.java:225)
	at picard.cmdline.CommandLineProgram.instanceMain(CommandLineProgram.java:304)
	at picard.cmdline.PicardCommandLine.instanceMain(PicardCommandLine.java:103)
	at picard.cmdline.PicardCommandLine.main(PicardCommandLine.java:113)
/hpc/pmc_vanboxtel/projects/TallFlow/2_Code/MIXCR/
IMPORTANT: MiXCR will use at most 12000MB of RAM,
           use -Xmx to change automatically set heap size (i.e. -Xmx50g to set heap size to 50 Gb)
====================
Running:
mixcr align --report /hpc/pmc_vanboxtel/projects/TallFlow/3_Output/MIXCR4.3.2/Output/pt2229-DX1BM-TALL3/pt2229-DX1BM-TALL3_Receptor.align.report.txt --json-report /hpc/pmc_vanboxtel/projects/TallFlow/3_Output/MIXCR4.3.2/Output/pt2229-DX1BM-TALL3/pt2229-DX1BM-TALL3_Receptor.align.report.json --preset rnaseq-full-length --dna --species hsa /hpc/pmc_vanboxtel/projects/TallFlow/3_Output/MIXCR4.3.2/input/fastq/Merged/pt2229-DX1BM-TALL3_R1.fastq /hpc/pmc_vanboxtel/projects/TallFlow/3_Output/MIXCR4.3.2/input/fastq/Merged/pt2229-DX1BM-TALL3_R2.fastq /hpc/pmc_vanboxtel/projects/TallFlow/3_Output/MIXCR4.3.2/Output/pt2229-DX1BM-TALL3/pt2229-DX1BM-TALL3_Receptor.vdjca
Alignment: 0%
Alignment: 10.9%  ETA: 00:05:06
Alignment: 21.7%  ETA: 00:04:17
Alignment: 32.6%  ETA: 00:03:44
Alignment: 43.5%  ETA: 00:02:46
Alignment: 54.3%  ETA: 00:02:31
Alignment: 65.2%  ETA: 00:01:42
Alignment: 76.1%  ETA: 00:01:19
Alignment: 86.9%  ETA: 00:00:41
Alignment: 97.8%  ETA: 00:00:06
============== Align Report ==============
Analysis time: 5.47m
Total sequencing reads: 886202
Successfully aligned reads: 6979 (0.79%)
Alignment failed: no hits (not TCR/IG?): 766006 (86.44%)
Alignment failed: no CDR3 parts: 61965 (6.99%)
Alignment failed: low total score: 51252 (5.78%)
Overlapped: 211241 (23.84%)
Overlapped and aligned: 159 (0.02%)
Overlapped and not aligned: 211082 (23.82%)
Alignment-aided overlaps, percent of overlapped and aligned: 4 (2.52%)
No CDR3 parts alignments, percent of successfully aligned: 1173 (16.81%)
Partial aligned reads, percent of successfully aligned: 5783 (82.86%)
V gene chimeras: 37 (0%)
J gene chimeras: 9 (0%)
Paired-end alignment conflicts eliminated: 10 (0%)
Realigned with forced non-floating bound: 1349930 (152.33%)
Realigned with forced non-floating right bound in left read: 1779 (0.2%)
Realigned with forced non-floating left bound in right read: 1779 (0.2%)
TRA chains: 182 (2.61%)
TRA non-functional: 1 (0.55%)
TRB chains: 1846 (26.45%)
TRB non-functional: 0 (0%)
TRG chains: 73 (1.05%)
TRG non-functional: 18 (24.66%)
TRAD chains: 135 (1.93%)
TRAD non-functional: 0 (0%)
IGH chains: 194 (2.78%)
IGH non-functional: 0 (0%)
IGK chains: 3260 (46.71%)
IGK non-functional: 0 (0%)
IGL chains: 1289 (18.47%)
IGL non-functional: 0 (0%)
Trimming report:
  R1 reads trimmed left: 973 (0.11%)
  R1 reads trimmed right: 11 (0%)
  Average R1 nucleotides trimmed left: 0.0021992728520134237
  Average R1 nucleotides trimmed right: 1.3428089758316951E-4
  R2 reads trimmed left: 302 (0.03%)
  R2 reads trimmed right: 8 (0%)
  Average R2 nucleotides trimmed left: 4.152552126941713E-4
  Average R2 nucleotides trimmed right: 5.788747937829073E-4
====================
Running:
mixcr assemblePartial --report /hpc/pmc_vanboxtel/projects/TallFlow/3_Output/MIXCR4.3.2/Output/pt2229-DX1BM-TALL3/pt2229-DX1BM-TALL3_Receptor.assemblePartial.report.txt --json-report /hpc/pmc_vanboxtel/projects/TallFlow/3_Output/MIXCR4.3.2/Output/pt2229-DX1BM-TALL3/pt2229-DX1BM-TALL3_Receptor.assemblePartial.report.json /hpc/pmc_vanboxtel/projects/TallFlow/3_Output/MIXCR4.3.2/Output/pt2229-DX1BM-TALL3/pt2229-DX1BM-TALL3_Receptor.vdjca /hpc/pmc_vanboxtel/projects/TallFlow/3_Output/MIXCR4.3.2/Output/pt2229-DX1BM-TALL3/pt2229-DX1BM-TALL3_Receptor.passembled.1.vdjca
Building index: 0.7%
Searching for overlaps: 0%
============== AssemblePartial Report ==============
Analysis time: 1.09s
Total alignments analysed: 6978
Number of output alignments: 6977 (99.99%)
Alignments already with CDR3 (no overlapping is performed): 28 (0.4%)
Successfully overlapped alignments: 1 (0.01%)
Left parts with too small N-region (failed to extract k-mer): 932 (13.36%)
Extracted k-mer diversity: 34898
Dropped due to wildcard in k-mer: 0 (0%)
Dropped due to too short NRegion parts in overlap: 0 (0%)
Dropped overlaps with empty N region due to no complete NDN coverage: 0 (0%)
Number of left-side alignments: 4847 (69.46%)
Number of right-side alignments: 770 (11.03%)
Complex overlaps: 0 (0%)
Over-overlaps: 10 (0.14%)
Partial alignments written to output: 6948 (99.57%)
====================
Running:
mixcr assemblePartial --report /hpc/pmc_vanboxtel/projects/TallFlow/3_Output/MIXCR4.3.2/Output/pt2229-DX1BM-TALL3/pt2229-DX1BM-TALL3_Receptor.assemblePartial.report.txt --json-report /hpc/pmc_vanboxtel/projects/TallFlow/3_Output/MIXCR4.3.2/Output/pt2229-DX1BM-TALL3/pt2229-DX1BM-TALL3_Receptor.assemblePartial.report.json /hpc/pmc_vanboxtel/projects/TallFlow/3_Output/MIXCR4.3.2/Output/pt2229-DX1BM-TALL3/pt2229-DX1BM-TALL3_Receptor.passembled.1.vdjca /hpc/pmc_vanboxtel/projects/TallFlow/3_Output/MIXCR4.3.2/Output/pt2229-DX1BM-TALL3/pt2229-DX1BM-TALL3_Receptor.passembled.2.vdjca
Building index: 0%
Searching for overlaps: 0%
============== AssemblePartial Report ==============
Analysis time: 666ms
Total alignments analysed: 6977
Number of output alignments: 6977 (100%)
Alignments already with CDR3 (no overlapping is performed): 29 (0.42%)
Successfully overlapped alignments: 0 (0%)
Left parts with too small N-region (failed to extract k-mer): 932 (13.36%)
Extracted k-mer diversity: 34861
Dropped due to wildcard in k-mer: 0 (0%)
Dropped due to too short NRegion parts in overlap: 0 (0%)
Dropped overlaps with empty N region due to no complete NDN coverage: 0 (0%)
Number of left-side alignments: 4846 (69.46%)
Number of right-side alignments: 769 (11.02%)
Complex overlaps: 0 (0%)
Over-overlaps: 10 (0.14%)
Partial alignments written to output: 6948 (99.58%)
====================
Running:
mixcr extend --report /hpc/pmc_vanboxtel/projects/TallFlow/3_Output/MIXCR4.3.2/Output/pt2229-DX1BM-TALL3/pt2229-DX1BM-TALL3_Receptor.extend.report.txt --json-report /hpc/pmc_vanboxtel/projects/TallFlow/3_Output/MIXCR4.3.2/Output/pt2229-DX1BM-TALL3/pt2229-DX1BM-TALL3_Receptor.extend.report.json /hpc/pmc_vanboxtel/projects/TallFlow/3_Output/MIXCR4.3.2/Output/pt2229-DX1BM-TALL3/pt2229-DX1BM-TALL3_Receptor.passembled.2.vdjca /hpc/pmc_vanboxtel/projects/TallFlow/3_Output/MIXCR4.3.2/Output/pt2229-DX1BM-TALL3/pt2229-DX1BM-TALL3_Receptor.extended.vdjca
Extending alignments: 0%
============== Extend Report ==============
Analysis time: 252ms
Extended alignments count: 5 (0.07%)
V extensions total: 1 (0.01%)
V extensions with merged targets: 0 (0%)
J extensions total: 4 (0.06%)
J extensions with merged targets: 0 (0%)
V+J extensions: 0 (0%)
Mean V extension length: 6.0
Mean J extension length: 6.0
====================
Running:
mixcr assemble --report /hpc/pmc_vanboxtel/projects/TallFlow/3_Output/MIXCR4.3.2/Output/pt2229-DX1BM-TALL3/pt2229-DX1BM-TALL3_Receptor.assemble.report.txt --json-report /hpc/pmc_vanboxtel/projects/TallFlow/3_Output/MIXCR4.3.2/Output/pt2229-DX1BM-TALL3/pt2229-DX1BM-TALL3_Receptor.assemble.report.json /hpc/pmc_vanboxtel/projects/TallFlow/3_Output/MIXCR4.3.2/Output/pt2229-DX1BM-TALL3/pt2229-DX1BM-TALL3_Receptor.extended.vdjca /hpc/pmc_vanboxtel/projects/TallFlow/3_Output/MIXCR4.3.2/Output/pt2229-DX1BM-TALL3/pt2229-DX1BM-TALL3_Receptor.clna
Initialization: progress unknown
Initialization: progress unknown
============== Assemble Report ==============
Analysis time: 443ms
Final clonotype count: 3
Reads used in clonotypes, percent of total: 29 (0%)
Average number of reads per clonotype: 9.67
Reads dropped due to the lack of a clone sequence, percent of total: 6948 (0.78%)
Reads dropped due to a too short clonal sequence, percent of total: 0 (0%)
Reads dropped due to low quality, percent of total: 0 (0%)
Reads dropped due to failed mapping, percent of total: 1 (0%)
Reads dropped with low quality clones, percent of total: 0 (0%)
Reads used in clonotypes before clustering, percent of total: 29 (0%)
Number of reads used as a core, percent of used: 28 (96.55%)
Mapped low quality reads, percent of used: 1 (3.45%)
Reads clustered in PCR error correction, percent of used: 0 (0%)
Reads pre-clustered due to the similar VJC-lists, percent of used: 0 (0%)
Clonotypes dropped as low quality: 0
Clonotypes eliminated by PCR error correction: 0
Clonotypes pre-clustered due to the similar VJC-lists: 0
Clones dropped in post filtering: 0 (0%)
Reads dropped in post filtering: 0.0 (0%)
Alignments filtered by tag prefix: 0 (0%)
TRA chains: 1 (33.33%)
TRA non-functional: 1 (100%)
TRB chains: 1 (33.33%)
TRB non-functional: 0 (0%)
TRG chains: 1 (33.33%)
TRG non-functional: 1 (100%)
====================
Running:
mixcr assembleContigs --report /hpc/pmc_vanboxtel/projects/TallFlow/3_Output/MIXCR4.3.2/Output/pt2229-DX1BM-TALL3/pt2229-DX1BM-TALL3_Receptor.assembleContigs.report.txt --json-report /hpc/pmc_vanboxtel/projects/TallFlow/3_Output/MIXCR4.3.2/Output/pt2229-DX1BM-TALL3/pt2229-DX1BM-TALL3_Receptor.assembleContigs.report.json /hpc/pmc_vanboxtel/projects/TallFlow/3_Output/MIXCR4.3.2/Output/pt2229-DX1BM-TALL3/pt2229-DX1BM-TALL3_Receptor.clna /hpc/pmc_vanboxtel/projects/TallFlow/3_Output/MIXCR4.3.2/Output/pt2229-DX1BM-TALL3/pt2229-DX1BM-TALL3_Receptor.contigs.clns
Assembling contigs: 0%
============== AssembleContigs Report ==============
Analysis time: 363ms
Initial clonotype count: 3
Final clonotype count: 3 (100%)
Canceled assemblies: 0 (0%)
Number of premature termination assembly events, percent of number of initial clonotypes: 0.0 (0%)
Longest contig length: 755
Clustered variants: 0 (0%)
Reads in clustered variants: 0.0 (0%)
Reads in divided (newly created) clones: 0.0 (0%)
Clones with ambiguous letters in splitting region: 0 (0%)
Reads in clones with ambiguous letters in splitting region: 0.0 (0%)
Average number of ambiguous letters per clone with ambiguous letters in splitting region: NaN
====================
Running:
mixcr exportClones /hpc/pmc_vanboxtel/projects/TallFlow/3_Output/MIXCR4.3.2/Output/pt2229-DX1BM-TALL3/pt2229-DX1BM-TALL3_Receptor.contigs.clns /hpc/pmc_vanboxtel/projects/TallFlow/3_Output/MIXCR4.3.2/Output/pt2229-DX1BM-TALL3/pt2229-DX1BM-TALL3_Receptor.clones.tsv
Exporting TRB
Exporting clones: 0%
WARNING: Filtered 1 of 3 clones (66.67%).
WARNING: Filtered 4.0 of 29.0 reads (86.21%).
Exporting TRAD
Exporting clones: 0%
WARNING: Filtered 1 of 3 clones (66.67%).
WARNING: Filtered 4.0 of 29.0 reads (86.21%).
Exporting TRG
Exporting clones: 0%
WARNING: Filtered 1 of 3 clones (66.67%).
WARNING: Filtered 21.0 of 29.0 reads (27.59%).
Analysis finished successfully.
IMPORTANT: MiXCR will use at most 12000MB of RAM,
           use -Xmx to change automatically set heap size (i.e. -Xmx50g to set heap size to 50 Gb)
IMPORTANT: MiXCR will use at most 12000MB of RAM,
           use -Xmx to change automatically set heap size (i.e. -Xmx50g to set heap size to 50 Gb)
IMPORTANT: MiXCR will use at most 12000MB of RAM,
           use -Xmx to change automatically set heap size (i.e. -Xmx50g to set heap size to 50 Gb)
